2024.03.27 13:46 B C:\PROJECT 2024\Project\css\.DS_Store --> ecommerce.nivor.my.id /var/www/smartcity.sija/Project/css .DS_Store
2024.03.27 13:46 B C:\PROJECT 2024\Project\css\ajax-loader.gif --> ecommerce.nivor.my.id /var/www/smartcity.sija/Project/css ajax-loader.gif
2024.03.27 13:46 B C:\PROJECT 2024\Project\css\animate.css --> ecommerce.nivor.my.id /var/www/smartcity.sija/Project/css animate.css
2024.03.27 13:46 B C:\PROJECT 2024\Project\css\aos.css --> ecommerce.nivor.my.id /var/www/smartcity.sija/Project/css aos.css
2024.03.27 13:46 B C:\PROJECT 2024\Project\css\bootstrap-datepicker.css --> ecommerce.nivor.my.id /var/www/smartcity.sija/Project/css bootstrap-datepicker.css
2024.03.27 13:46 B C:\PROJECT 2024\Project\css\bootstrap.min.css --> ecommerce.nivor.my.id /var/www/smartcity.sija/Project/css bootstrap.min.css
2024.03.27 13:46 B C:\PROJECT 2024\Project\css\flaticon.css --> ecommerce.nivor.my.id /var/www/smartcity.sija/Project/css flaticon.css
2024.03.27 13:46 B C:\PROJECT 2024\Project\css\icomoon.css --> ecommerce.nivor.my.id /var/www/smartcity.sija/Project/css icomoon.css
2024.03.27 13:46 B C:\PROJECT 2024\Project\css\ionicons.min.css --> ecommerce.nivor.my.id /var/www/smartcity.sija/Project/css ionicons.min.css
2024.03.27 13:46 B C:\PROJECT 2024\Project\css\jquery.timepicker.css --> ecommerce.nivor.my.id /var/www/smartcity.sija/Project/css jquery.timepicker.css
2024.03.27 13:46 B C:\PROJECT 2024\Project\css\magnific-popup.css --> ecommerce.nivor.my.id /var/www/smartcity.sija/Project/css magnific-popup.css
2024.03.27 13:46 B C:\PROJECT 2024\Project\css\open-iconic-bootstrap.min.css --> ecommerce.nivor.my.id /var/www/smartcity.sija/Project/css open-iconic-bootstrap.min.css
2024.03.27 13:46 B C:\PROJECT 2024\Project\css\owl.carousel.min.css --> ecommerce.nivor.my.id /var/www/smartcity.sija/Project/css owl.carousel.min.css
2024.03.27 13:46 B C:\PROJECT 2024\Project\css\owl.theme.default.min.css --> ecommerce.nivor.my.id /var/www/smartcity.sija/Project/css owl.theme.default.min.css
2024.03.27 13:46 B C:\PROJECT 2024\Project\css\style.css --> ecommerce.nivor.my.id /var/www/smartcity.sija/Project/css style.css
2024.03.27 16:25 B C:\PROJECT 2024\Project\css\.DS_Store --> ecommerce.nivor.my.id /var/www/smartcity.sija/Project/css .DS_Store
2024.03.27 16:25 B C:\PROJECT 2024\Project\css\style.css --> ecommerce.nivor.my.id /var/www/smartcity.sija/Project/css style.css
2024.03.27 16:40 B C:\Project\css\WS_FTP.LOG <-- Ipswitch /var/www/smartcity.sija/Project/css WS_FTP.LOG
2024.03.30 16:16 B C:\laragon\www\WEBSIOT\css\ajax-loader.gif --> ecommerce.nivor.my.id /home/caevan/wordpress/WEBSIOT/css ajax-loader.gif
2024.03.30 16:16 B C:\laragon\www\WEBSIOT\css\animate.css --> ecommerce.nivor.my.id /home/caevan/wordpress/WEBSIOT/css animate.css
2024.03.30 16:16 B C:\laragon\www\WEBSIOT\css\aos.css --> ecommerce.nivor.my.id /home/caevan/wordpress/WEBSIOT/css aos.css
2024.03.30 16:16 B C:\laragon\www\WEBSIOT\css\bootstrap-datepicker.css --> ecommerce.nivor.my.id /home/caevan/wordpress/WEBSIOT/css bootstrap-datepicker.css
2024.03.30 16:16 B C:\laragon\www\WEBSIOT\css\bootstrap.min.css --> ecommerce.nivor.my.id /home/caevan/wordpress/WEBSIOT/css bootstrap.min.css
2024.03.30 16:16 B C:\laragon\www\WEBSIOT\css\flaticon.css --> ecommerce.nivor.my.id /home/caevan/wordpress/WEBSIOT/css flaticon.css
2024.03.30 16:16 B C:\laragon\www\WEBSIOT\css\icomoon.css --> ecommerce.nivor.my.id /home/caevan/wordpress/WEBSIOT/css icomoon.css
2024.03.30 16:16 B C:\laragon\www\WEBSIOT\css\ionicons.min.css --> ecommerce.nivor.my.id /home/caevan/wordpress/WEBSIOT/css ionicons.min.css
2024.03.30 16:16 B C:\laragon\www\WEBSIOT\css\jquery.timepicker.css --> ecommerce.nivor.my.id /home/caevan/wordpress/WEBSIOT/css jquery.timepicker.css
2024.03.30 16:16 B C:\laragon\www\WEBSIOT\css\magnific-popup.css --> ecommerce.nivor.my.id /home/caevan/wordpress/WEBSIOT/css magnific-popup.css
2024.03.30 16:16 B C:\laragon\www\WEBSIOT\css\open-iconic-bootstrap.min.css --> ecommerce.nivor.my.id /home/caevan/wordpress/WEBSIOT/css open-iconic-bootstrap.min.css
2024.03.30 16:16 B C:\laragon\www\WEBSIOT\css\owl.carousel.min.css --> ecommerce.nivor.my.id /home/caevan/wordpress/WEBSIOT/css owl.carousel.min.css
2024.03.30 16:16 B C:\laragon\www\WEBSIOT\css\owl.theme.default.min.css --> ecommerce.nivor.my.id /home/caevan/wordpress/WEBSIOT/css owl.theme.default.min.css
2024.03.30 16:16 B C:\laragon\www\WEBSIOT\css\sb-admin-2.min.css --> ecommerce.nivor.my.id /home/caevan/wordpress/WEBSIOT/css sb-admin-2.min.css
2024.03.30 16:16 B C:\laragon\www\WEBSIOT\css\style.css --> ecommerce.nivor.my.id /home/caevan/wordpress/WEBSIOT/css style.css
2024.03.30 16:16 B C:\laragon\www\WEBSIOT\css\WS_FTP.LOG --> ecommerce.nivor.my.id /home/caevan/wordpress/WEBSIOT/css WS_FTP.LOG
2024.04.03 08:40 B C:\laragon\www\WEBSIOT\css\ajax-loader.gif --> ecommerce.nivor.my.id /var/www/smartcity.sija/WEBSIOT/css ajax-loader.gif
2024.04.03 08:40 B C:\laragon\www\WEBSIOT\css\animate.css --> ecommerce.nivor.my.id /var/www/smartcity.sija/WEBSIOT/css animate.css
2024.04.03 08:40 B C:\laragon\www\WEBSIOT\css\aos.css --> ecommerce.nivor.my.id /var/www/smartcity.sija/WEBSIOT/css aos.css
2024.04.03 08:40 B C:\laragon\www\WEBSIOT\css\bootstrap-datepicker.css --> ecommerce.nivor.my.id /var/www/smartcity.sija/WEBSIOT/css bootstrap-datepicker.css
2024.04.03 08:40 B C:\laragon\www\WEBSIOT\css\bootstrap.min.css --> ecommerce.nivor.my.id /var/www/smartcity.sija/WEBSIOT/css bootstrap.min.css
2024.04.03 08:40 B C:\laragon\www\WEBSIOT\css\flaticon.css --> ecommerce.nivor.my.id /var/www/smartcity.sija/WEBSIOT/css flaticon.css
2024.04.03 08:40 B C:\laragon\www\WEBSIOT\css\icomoon.css --> ecommerce.nivor.my.id /var/www/smartcity.sija/WEBSIOT/css icomoon.css
2024.04.03 08:40 B C:\laragon\www\WEBSIOT\css\ionicons.min.css --> ecommerce.nivor.my.id /var/www/smartcity.sija/WEBSIOT/css ionicons.min.css
2024.04.03 08:40 B C:\laragon\www\WEBSIOT\css\jquery.timepicker.css --> ecommerce.nivor.my.id /var/www/smartcity.sija/WEBSIOT/css jquery.timepicker.css
2024.04.03 08:40 B C:\laragon\www\WEBSIOT\css\magnific-popup.css --> ecommerce.nivor.my.id /var/www/smartcity.sija/WEBSIOT/css magnific-popup.css
2024.04.03 08:40 B C:\laragon\www\WEBSIOT\css\open-iconic-bootstrap.min.css --> ecommerce.nivor.my.id /var/www/smartcity.sija/WEBSIOT/css open-iconic-bootstrap.min.css
2024.04.03 08:40 B C:\laragon\www\WEBSIOT\css\owl.carousel.min.css --> ecommerce.nivor.my.id /var/www/smartcity.sija/WEBSIOT/css owl.carousel.min.css
2024.04.03 08:40 B C:\laragon\www\WEBSIOT\css\owl.theme.default.min.css --> ecommerce.nivor.my.id /var/www/smartcity.sija/WEBSIOT/css owl.theme.default.min.css
2024.04.03 08:40 B C:\laragon\www\WEBSIOT\css\sb-admin-2.min.css --> ecommerce.nivor.my.id /var/www/smartcity.sija/WEBSIOT/css sb-admin-2.min.css
2024.04.03 08:40 B C:\laragon\www\WEBSIOT\css\style.css --> ecommerce.nivor.my.id /var/www/smartcity.sija/WEBSIOT/css style.css
2024.04.03 08:40 B C:\laragon\www\WEBSIOT\css\style2.css --> ecommerce.nivor.my.id /var/www/smartcity.sija/WEBSIOT/css style2.css
2024.04.03 08:40 B C:\laragon\www\WEBSIOT\css\WS_FTP.LOG --> ecommerce.nivor.my.id /var/www/smartcity.sija/WEBSIOT/css WS_FTP.LOG
2024.04.03 09:09 B C:\laragon\www\WEBSIOT\css\ajax-loader.gif --> ecommerce.nivor.my.id /var/www/smartcity.sija/css ajax-loader.gif
2024.04.03 09:09 B C:\laragon\www\WEBSIOT\css\animate.css --> ecommerce.nivor.my.id /var/www/smartcity.sija/css animate.css
2024.04.03 09:09 B C:\laragon\www\WEBSIOT\css\aos.css --> ecommerce.nivor.my.id /var/www/smartcity.sija/css aos.css
2024.04.03 09:09 B C:\laragon\www\WEBSIOT\css\bootstrap-datepicker.css --> ecommerce.nivor.my.id /var/www/smartcity.sija/css bootstrap-datepicker.css
2024.04.03 09:09 B C:\laragon\www\WEBSIOT\css\bootstrap.min.css --> ecommerce.nivor.my.id /var/www/smartcity.sija/css bootstrap.min.css
2024.04.03 09:09 B C:\laragon\www\WEBSIOT\css\flaticon.css --> ecommerce.nivor.my.id /var/www/smartcity.sija/css flaticon.css
2024.04.03 09:09 B C:\laragon\www\WEBSIOT\css\icomoon.css --> ecommerce.nivor.my.id /var/www/smartcity.sija/css icomoon.css
2024.04.03 09:09 B C:\laragon\www\WEBSIOT\css\ionicons.min.css --> ecommerce.nivor.my.id /var/www/smartcity.sija/css ionicons.min.css
2024.04.03 09:09 B C:\laragon\www\WEBSIOT\css\jquery.timepicker.css --> ecommerce.nivor.my.id /var/www/smartcity.sija/css jquery.timepicker.css
2024.04.03 09:09 B C:\laragon\www\WEBSIOT\css\magnific-popup.css --> ecommerce.nivor.my.id /var/www/smartcity.sija/css magnific-popup.css
2024.04.03 09:09 B C:\laragon\www\WEBSIOT\css\open-iconic-bootstrap.min.css --> ecommerce.nivor.my.id /var/www/smartcity.sija/css open-iconic-bootstrap.min.css
2024.04.03 09:09 B C:\laragon\www\WEBSIOT\css\owl.carousel.min.css --> ecommerce.nivor.my.id /var/www/smartcity.sija/css owl.carousel.min.css
2024.04.03 09:09 B C:\laragon\www\WEBSIOT\css\owl.theme.default.min.css --> ecommerce.nivor.my.id /var/www/smartcity.sija/css owl.theme.default.min.css
2024.04.03 09:09 B C:\laragon\www\WEBSIOT\css\sb-admin-2.min.css --> ecommerce.nivor.my.id /var/www/smartcity.sija/css sb-admin-2.min.css
2024.04.03 09:09 B C:\laragon\www\WEBSIOT\css\style.css --> ecommerce.nivor.my.id /var/www/smartcity.sija/css style.css
2024.04.03 09:09 B C:\laragon\www\WEBSIOT\css\style2.css --> ecommerce.nivor.my.id /var/www/smartcity.sija/css style2.css
2024.04.03 09:09 B C:\laragon\www\WEBSIOT\css\WS_FTP.LOG --> ecommerce.nivor.my.id /var/www/smartcity.sija/css WS_FTP.LOG
2024.04.04 08:21 B C:\laragon\www\WEBSIOT\css\ajax-loader.gif --> ecommerce.nivor.my.id /var/www/smartcity.sija/css ajax-loader.gif
2024.04.04 08:21 B C:\laragon\www\WEBSIOT\css\animate.css --> ecommerce.nivor.my.id /var/www/smartcity.sija/css animate.css
2024.04.04 08:21 B C:\laragon\www\WEBSIOT\css\aos.css --> ecommerce.nivor.my.id /var/www/smartcity.sija/css aos.css
2024.04.04 08:21 B C:\laragon\www\WEBSIOT\css\bootstrap-datepicker.css --> ecommerce.nivor.my.id /var/www/smartcity.sija/css bootstrap-datepicker.css
2024.04.04 08:21 B C:\laragon\www\WEBSIOT\css\bootstrap.min.css --> ecommerce.nivor.my.id /var/www/smartcity.sija/css bootstrap.min.css
2024.04.04 08:21 B C:\laragon\www\WEBSIOT\css\flaticon.css --> ecommerce.nivor.my.id /var/www/smartcity.sija/css flaticon.css
2024.04.04 08:21 B C:\laragon\www\WEBSIOT\css\icomoon.css --> ecommerce.nivor.my.id /var/www/smartcity.sija/css icomoon.css
2024.04.04 08:21 B C:\laragon\www\WEBSIOT\css\ionicons.min.css --> ecommerce.nivor.my.id /var/www/smartcity.sija/css ionicons.min.css
2024.04.04 08:21 B C:\laragon\www\WEBSIOT\css\jquery.timepicker.css --> ecommerce.nivor.my.id /var/www/smartcity.sija/css jquery.timepicker.css
2024.04.04 08:21 B C:\laragon\www\WEBSIOT\css\magnific-popup.css --> ecommerce.nivor.my.id /var/www/smartcity.sija/css magnific-popup.css
2024.04.04 08:21 B C:\laragon\www\WEBSIOT\css\open-iconic-bootstrap.min.css --> ecommerce.nivor.my.id /var/www/smartcity.sija/css open-iconic-bootstrap.min.css
2024.04.04 08:21 B C:\laragon\www\WEBSIOT\css\owl.carousel.min.css --> ecommerce.nivor.my.id /var/www/smartcity.sija/css owl.carousel.min.css
2024.04.04 08:21 B C:\laragon\www\WEBSIOT\css\owl.theme.default.min.css --> ecommerce.nivor.my.id /var/www/smartcity.sija/css owl.theme.default.min.css
2024.04.04 08:21 B C:\laragon\www\WEBSIOT\css\sb-admin-2.min.css --> ecommerce.nivor.my.id /var/www/smartcity.sija/css sb-admin-2.min.css
2024.04.04 08:21 B C:\laragon\www\WEBSIOT\css\style.css --> ecommerce.nivor.my.id /var/www/smartcity.sija/css style.css
2024.04.04 08:21 B C:\laragon\www\WEBSIOT\css\style2.css --> ecommerce.nivor.my.id /var/www/smartcity.sija/css style2.css
2024.04.04 08:21 B C:\laragon\www\WEBSIOT\css\WS_FTP.LOG --> ecommerce.nivor.my.id /var/www/smartcity.sija/css WS_FTP.LOG
2024.04.04 11:55 B C:\laragon\www\WEBSIOT\css\ajax-loader.gif --> ecommerce.nivor.my.id /var/www/smartcity.sija/WEBSIOT/css ajax-loader.gif
2024.04.04 11:55 B C:\laragon\www\WEBSIOT\css\animate.css --> ecommerce.nivor.my.id /var/www/smartcity.sija/WEBSIOT/css animate.css
2024.04.04 11:55 B C:\laragon\www\WEBSIOT\css\aos.css --> ecommerce.nivor.my.id /var/www/smartcity.sija/WEBSIOT/css aos.css
2024.04.04 11:55 B C:\laragon\www\WEBSIOT\css\bootstrap-datepicker.css --> ecommerce.nivor.my.id /var/www/smartcity.sija/WEBSIOT/css bootstrap-datepicker.css
2024.04.04 11:55 B C:\laragon\www\WEBSIOT\css\bootstrap.min.css --> ecommerce.nivor.my.id /var/www/smartcity.sija/WEBSIOT/css bootstrap.min.css
2024.04.04 11:55 B C:\laragon\www\WEBSIOT\css\flaticon.css --> ecommerce.nivor.my.id /var/www/smartcity.sija/WEBSIOT/css flaticon.css
2024.04.04 11:55 B C:\laragon\www\WEBSIOT\css\icomoon.css --> ecommerce.nivor.my.id /var/www/smartcity.sija/WEBSIOT/css icomoon.css
2024.04.04 11:55 B C:\laragon\www\WEBSIOT\css\ionicons.min.css --> ecommerce.nivor.my.id /var/www/smartcity.sija/WEBSIOT/css ionicons.min.css
2024.04.04 11:55 B C:\laragon\www\WEBSIOT\css\jquery.timepicker.css --> ecommerce.nivor.my.id /var/www/smartcity.sija/WEBSIOT/css jquery.timepicker.css
2024.04.04 11:55 B C:\laragon\www\WEBSIOT\css\magnific-popup.css --> ecommerce.nivor.my.id /var/www/smartcity.sija/WEBSIOT/css magnific-popup.css
2024.04.04 11:55 B C:\laragon\www\WEBSIOT\css\open-iconic-bootstrap.min.css --> ecommerce.nivor.my.id /var/www/smartcity.sija/WEBSIOT/css open-iconic-bootstrap.min.css
2024.04.04 11:55 B C:\laragon\www\WEBSIOT\css\owl.carousel.min.css --> ecommerce.nivor.my.id /var/www/smartcity.sija/WEBSIOT/css owl.carousel.min.css
2024.04.04 11:55 B C:\laragon\www\WEBSIOT\css\owl.theme.default.min.css --> ecommerce.nivor.my.id /var/www/smartcity.sija/WEBSIOT/css owl.theme.default.min.css
2024.04.04 11:55 B C:\laragon\www\WEBSIOT\css\sb-admin-2.min.css --> ecommerce.nivor.my.id /var/www/smartcity.sija/WEBSIOT/css sb-admin-2.min.css
2024.04.04 11:55 B C:\laragon\www\WEBSIOT\css\style.css --> ecommerce.nivor.my.id /var/www/smartcity.sija/WEBSIOT/css style.css
2024.04.04 11:55 B C:\laragon\www\WEBSIOT\css\style2.css --> ecommerce.nivor.my.id /var/www/smartcity.sija/WEBSIOT/css style2.css
2024.04.04 11:55 B C:\laragon\www\WEBSIOT\css\WS_FTP.LOG --> ecommerce.nivor.my.id /var/www/smartcity.sija/WEBSIOT/css WS_FTP.LOG
2024.04.05 09:18 B C:\laragon\www\WEBSIOT\css\ajax-loader.gif --> ecommerce.nivor.my.id /var/www/smartcity.sija/WEBSIOT/css ajax-loader.gif
2024.04.05 09:18 B C:\laragon\www\WEBSIOT\css\animate.css --> ecommerce.nivor.my.id /var/www/smartcity.sija/WEBSIOT/css animate.css
2024.04.05 09:18 B C:\laragon\www\WEBSIOT\css\aos.css --> ecommerce.nivor.my.id /var/www/smartcity.sija/WEBSIOT/css aos.css
2024.04.05 09:18 B C:\laragon\www\WEBSIOT\css\bootstrap-datepicker.css --> ecommerce.nivor.my.id /var/www/smartcity.sija/WEBSIOT/css bootstrap-datepicker.css
2024.04.05 09:18 B C:\laragon\www\WEBSIOT\css\bootstrap.min.css --> ecommerce.nivor.my.id /var/www/smartcity.sija/WEBSIOT/css bootstrap.min.css
2024.04.05 09:18 B C:\laragon\www\WEBSIOT\css\flaticon.css --> ecommerce.nivor.my.id /var/www/smartcity.sija/WEBSIOT/css flaticon.css
2024.04.05 09:18 B C:\laragon\www\WEBSIOT\css\hero.php --> ecommerce.nivor.my.id /var/www/smartcity.sija/WEBSIOT/css hero.php
2024.04.05 09:18 B C:\laragon\www\WEBSIOT\css\icomoon.css --> ecommerce.nivor.my.id /var/www/smartcity.sija/WEBSIOT/css icomoon.css
2024.04.05 09:18 B C:\laragon\www\WEBSIOT\css\ionicons.min.css --> ecommerce.nivor.my.id /var/www/smartcity.sija/WEBSIOT/css ionicons.min.css
2024.04.05 09:18 B C:\laragon\www\WEBSIOT\css\jquery.timepicker.css --> ecommerce.nivor.my.id /var/www/smartcity.sija/WEBSIOT/css jquery.timepicker.css
2024.04.05 09:18 B C:\laragon\www\WEBSIOT\css\magnific-popup.css --> ecommerce.nivor.my.id /var/www/smartcity.sija/WEBSIOT/css magnific-popup.css
2024.04.05 09:18 B C:\laragon\www\WEBSIOT\css\open-iconic-bootstrap.min.css --> ecommerce.nivor.my.id /var/www/smartcity.sija/WEBSIOT/css open-iconic-bootstrap.min.css
2024.04.05 09:18 B C:\laragon\www\WEBSIOT\css\owl.carousel.min.css --> ecommerce.nivor.my.id /var/www/smartcity.sija/WEBSIOT/css owl.carousel.min.css
2024.04.05 09:18 B C:\laragon\www\WEBSIOT\css\owl.theme.default.min.css --> ecommerce.nivor.my.id /var/www/smartcity.sija/WEBSIOT/css owl.theme.default.min.css
2024.04.05 09:18 B C:\laragon\www\WEBSIOT\css\sb-admin-2.min.css --> ecommerce.nivor.my.id /var/www/smartcity.sija/WEBSIOT/css sb-admin-2.min.css
2024.04.05 09:18 B C:\laragon\www\WEBSIOT\css\style.css --> ecommerce.nivor.my.id /var/www/smartcity.sija/WEBSIOT/css style.css
2024.04.05 09:18 B C:\laragon\www\WEBSIOT\css\style2.css --> ecommerce.nivor.my.id /var/www/smartcity.sija/WEBSIOT/css style2.css
2024.04.05 09:18 B C:\laragon\www\WEBSIOT\css\WS_FTP.LOG --> ecommerce.nivor.my.id /var/www/smartcity.sija/WEBSIOT/css WS_FTP.LOG
2024.04.05 09:27 B C:\laragon\www\WEBSIOT\css\ajax-loader.gif --> ecommerce.nivor.my.id /var/www/smartcity.sija/css ajax-loader.gif
2024.04.05 09:27 B C:\laragon\www\WEBSIOT\css\animate.css --> ecommerce.nivor.my.id /var/www/smartcity.sija/css animate.css
2024.04.05 09:27 B C:\laragon\www\WEBSIOT\css\aos.css --> ecommerce.nivor.my.id /var/www/smartcity.sija/css aos.css
2024.04.05 09:27 B C:\laragon\www\WEBSIOT\css\bootstrap-datepicker.css --> ecommerce.nivor.my.id /var/www/smartcity.sija/css bootstrap-datepicker.css
2024.04.05 09:27 B C:\laragon\www\WEBSIOT\css\bootstrap.min.css --> ecommerce.nivor.my.id /var/www/smartcity.sija/css bootstrap.min.css
2024.04.05 09:27 B C:\laragon\www\WEBSIOT\css\flaticon.css --> ecommerce.nivor.my.id /var/www/smartcity.sija/css flaticon.css
2024.04.05 09:27 B C:\laragon\www\WEBSIOT\css\hero.php --> ecommerce.nivor.my.id /var/www/smartcity.sija/css hero.php
2024.04.05 09:27 B C:\laragon\www\WEBSIOT\css\icomoon.css --> ecommerce.nivor.my.id /var/www/smartcity.sija/css icomoon.css
2024.04.05 09:27 B C:\laragon\www\WEBSIOT\css\ionicons.min.css --> ecommerce.nivor.my.id /var/www/smartcity.sija/css ionicons.min.css
2024.04.05 09:27 B C:\laragon\www\WEBSIOT\css\jquery.timepicker.css --> ecommerce.nivor.my.id /var/www/smartcity.sija/css jquery.timepicker.css
2024.04.05 09:27 B C:\laragon\www\WEBSIOT\css\magnific-popup.css --> ecommerce.nivor.my.id /var/www/smartcity.sija/css magnific-popup.css
2024.04.05 09:27 B C:\laragon\www\WEBSIOT\css\open-iconic-bootstrap.min.css --> ecommerce.nivor.my.id /var/www/smartcity.sija/css open-iconic-bootstrap.min.css
2024.04.05 09:27 B C:\laragon\www\WEBSIOT\css\owl.carousel.min.css --> ecommerce.nivor.my.id /var/www/smartcity.sija/css owl.carousel.min.css
2024.04.05 09:27 B C:\laragon\www\WEBSIOT\css\owl.theme.default.min.css --> ecommerce.nivor.my.id /var/www/smartcity.sija/css owl.theme.default.min.css
2024.04.05 09:27 B C:\laragon\www\WEBSIOT\css\sb-admin-2.min.css --> ecommerce.nivor.my.id /var/www/smartcity.sija/css sb-admin-2.min.css
2024.04.05 09:27 B C:\laragon\www\WEBSIOT\css\style.css --> ecommerce.nivor.my.id /var/www/smartcity.sija/css style.css
2024.04.05 09:27 B C:\laragon\www\WEBSIOT\css\style2.css --> ecommerce.nivor.my.id /var/www/smartcity.sija/css style2.css
2024.04.05 09:27 B C:\laragon\www\WEBSIOT\css\WS_FTP.LOG --> ecommerce.nivor.my.id /var/www/smartcity.sija/css WS_FTP.LOG
2024.04.07 17:12 B C:\laragon\www\WEBSIOT\css\ajax-loader.gif --> ecommerce.nivor.my.id /var/www/smartcity.sija/css ajax-loader.gif
2024.04.07 17:12 B C:\laragon\www\WEBSIOT\css\animate.css --> ecommerce.nivor.my.id /var/www/smartcity.sija/css animate.css
2024.04.07 17:12 B C:\laragon\www\WEBSIOT\css\aos.css --> ecommerce.nivor.my.id /var/www/smartcity.sija/css aos.css
2024.04.07 17:12 B C:\laragon\www\WEBSIOT\css\bootstrap-datepicker.css --> ecommerce.nivor.my.id /var/www/smartcity.sija/css bootstrap-datepicker.css
2024.04.07 17:12 B C:\laragon\www\WEBSIOT\css\bootstrap.min.css --> ecommerce.nivor.my.id /var/www/smartcity.sija/css bootstrap.min.css
2024.04.07 17:12 B C:\laragon\www\WEBSIOT\css\flaticon.css --> ecommerce.nivor.my.id /var/www/smartcity.sija/css flaticon.css
2024.04.07 17:12 B C:\laragon\www\WEBSIOT\css\hero.php --> ecommerce.nivor.my.id /var/www/smartcity.sija/css hero.php
2024.04.07 17:12 B C:\laragon\www\WEBSIOT\css\icomoon.css --> ecommerce.nivor.my.id /var/www/smartcity.sija/css icomoon.css
2024.04.07 17:12 B C:\laragon\www\WEBSIOT\css\ionicons.min.css --> ecommerce.nivor.my.id /var/www/smartcity.sija/css ionicons.min.css
2024.04.07 17:12 B C:\laragon\www\WEBSIOT\css\jquery.timepicker.css --> ecommerce.nivor.my.id /var/www/smartcity.sija/css jquery.timepicker.css
2024.04.07 17:12 B C:\laragon\www\WEBSIOT\css\magnific-popup.css --> ecommerce.nivor.my.id /var/www/smartcity.sija/css magnific-popup.css
2024.04.07 17:12 B C:\laragon\www\WEBSIOT\css\open-iconic-bootstrap.min.css --> ecommerce.nivor.my.id /var/www/smartcity.sija/css open-iconic-bootstrap.min.css
2024.04.07 17:12 B C:\laragon\www\WEBSIOT\css\owl.carousel.min.css --> ecommerce.nivor.my.id /var/www/smartcity.sija/css owl.carousel.min.css
2024.04.07 17:12 B C:\laragon\www\WEBSIOT\css\owl.theme.default.min.css --> ecommerce.nivor.my.id /var/www/smartcity.sija/css owl.theme.default.min.css
2024.04.07 17:12 B C:\laragon\www\WEBSIOT\css\sb-admin-2.min.css --> ecommerce.nivor.my.id /var/www/smartcity.sija/css sb-admin-2.min.css
2024.04.07 17:12 B C:\laragon\www\WEBSIOT\css\style.css --> ecommerce.nivor.my.id /var/www/smartcity.sija/css style.css
2024.04.07 17:12 B C:\laragon\www\WEBSIOT\css\style2.css --> ecommerce.nivor.my.id /var/www/smartcity.sija/css style2.css
2024.04.07 17:12 B C:\laragon\www\WEBSIOT\css\WS_FTP.LOG --> ecommerce.nivor.my.id /var/www/smartcity.sija/css WS_FTP.LOG
2024.04.18 07:16 B C:\laragon\www\WEBSIOT\css\ajax-loader.gif --> ecommerce.nivor.my.id /var/www/smartcity.sija/css ajax-loader.gif
2024.04.18 07:16 B C:\laragon\www\WEBSIOT\css\animate.css --> ecommerce.nivor.my.id /var/www/smartcity.sija/css animate.css
2024.04.18 07:16 B C:\laragon\www\WEBSIOT\css\aos.css --> ecommerce.nivor.my.id /var/www/smartcity.sija/css aos.css
2024.04.18 07:16 B C:\laragon\www\WEBSIOT\css\bootstrap-datepicker.css --> ecommerce.nivor.my.id /var/www/smartcity.sija/css bootstrap-datepicker.css
2024.04.18 07:16 B C:\laragon\www\WEBSIOT\css\bootstrap.min.css --> ecommerce.nivor.my.id /var/www/smartcity.sija/css bootstrap.min.css
2024.04.18 07:16 B C:\laragon\www\WEBSIOT\css\flaticon.css --> ecommerce.nivor.my.id /var/www/smartcity.sija/css flaticon.css
2024.04.18 07:16 B C:\laragon\www\WEBSIOT\css\hero.php --> ecommerce.nivor.my.id /var/www/smartcity.sija/css hero.php
2024.04.18 07:16 B C:\laragon\www\WEBSIOT\css\icomoon.css --> ecommerce.nivor.my.id /var/www/smartcity.sija/css icomoon.css
2024.04.18 07:16 B C:\laragon\www\WEBSIOT\css\ionicons.min.css --> ecommerce.nivor.my.id /var/www/smartcity.sija/css ionicons.min.css
2024.04.18 07:16 B C:\laragon\www\WEBSIOT\css\jquery.timepicker.css --> ecommerce.nivor.my.id /var/www/smartcity.sija/css jquery.timepicker.css
2024.04.18 07:16 B C:\laragon\www\WEBSIOT\css\magnific-popup.css --> ecommerce.nivor.my.id /var/www/smartcity.sija/css magnific-popup.css
2024.04.18 07:16 B C:\laragon\www\WEBSIOT\css\open-iconic-bootstrap.min.css --> ecommerce.nivor.my.id /var/www/smartcity.sija/css open-iconic-bootstrap.min.css
2024.04.18 07:16 B C:\laragon\www\WEBSIOT\css\owl.carousel.min.css --> ecommerce.nivor.my.id /var/www/smartcity.sija/css owl.carousel.min.css
2024.04.18 07:16 B C:\laragon\www\WEBSIOT\css\owl.theme.default.min.css --> ecommerce.nivor.my.id /var/www/smartcity.sija/css owl.theme.default.min.css
2024.04.18 07:16 B C:\laragon\www\WEBSIOT\css\sb-admin-2.min.css --> ecommerce.nivor.my.id /var/www/smartcity.sija/css sb-admin-2.min.css
2024.04.18 07:16 B C:\laragon\www\WEBSIOT\css\style.css --> ecommerce.nivor.my.id /var/www/smartcity.sija/css style.css
2024.04.18 07:16 B C:\laragon\www\WEBSIOT\css\style2.css --> ecommerce.nivor.my.id /var/www/smartcity.sija/css style2.css
2024.04.18 07:16 B C:\laragon\www\WEBSIOT\css\WS_FTP.LOG --> ecommerce.nivor.my.id /var/www/smartcity.sija/css WS_FTP.LOG
2024.04.18 10:09 B C:\laragon\www\WEBSIOT admin\css\ajax-loader.gif --> ecommerce.nivor.my.id /var/www/smartcity.sija/WEBSIOT_ADMIN/css ajax-loader.gif
2024.04.18 10:09 B C:\laragon\www\WEBSIOT admin\css\animate.css --> ecommerce.nivor.my.id /var/www/smartcity.sija/WEBSIOT_ADMIN/css animate.css
2024.04.18 10:09 B C:\laragon\www\WEBSIOT admin\css\aos.css --> ecommerce.nivor.my.id /var/www/smartcity.sija/WEBSIOT_ADMIN/css aos.css
2024.04.18 10:09 B C:\laragon\www\WEBSIOT admin\css\bootstrap-datepicker.css --> ecommerce.nivor.my.id /var/www/smartcity.sija/WEBSIOT_ADMIN/css bootstrap-datepicker.css
2024.04.18 10:09 B C:\laragon\www\WEBSIOT admin\css\bootstrap.min.css --> ecommerce.nivor.my.id /var/www/smartcity.sija/WEBSIOT_ADMIN/css bootstrap.min.css
2024.04.18 10:09 B C:\laragon\www\WEBSIOT admin\css\flaticon.css --> ecommerce.nivor.my.id /var/www/smartcity.sija/WEBSIOT_ADMIN/css flaticon.css
2024.04.18 10:09 B C:\laragon\www\WEBSIOT admin\css\hero.php --> ecommerce.nivor.my.id /var/www/smartcity.sija/WEBSIOT_ADMIN/css hero.php
2024.04.18 10:09 B C:\laragon\www\WEBSIOT admin\css\icomoon.css --> ecommerce.nivor.my.id /var/www/smartcity.sija/WEBSIOT_ADMIN/css icomoon.css
2024.04.18 10:09 B C:\laragon\www\WEBSIOT admin\css\ionicons.min.css --> ecommerce.nivor.my.id /var/www/smartcity.sija/WEBSIOT_ADMIN/css ionicons.min.css
2024.04.18 10:09 B C:\laragon\www\WEBSIOT admin\css\jquery.timepicker.css --> ecommerce.nivor.my.id /var/www/smartcity.sija/WEBSIOT_ADMIN/css jquery.timepicker.css
2024.04.18 10:09 B C:\laragon\www\WEBSIOT admin\css\magnific-popup.css --> ecommerce.nivor.my.id /var/www/smartcity.sija/WEBSIOT_ADMIN/css magnific-popup.css
2024.04.18 10:09 B C:\laragon\www\WEBSIOT admin\css\open-iconic-bootstrap.min.css --> ecommerce.nivor.my.id /var/www/smartcity.sija/WEBSIOT_ADMIN/css open-iconic-bootstrap.min.css
2024.04.18 10:09 B C:\laragon\www\WEBSIOT admin\css\owl.carousel.min.css --> ecommerce.nivor.my.id /var/www/smartcity.sija/WEBSIOT_ADMIN/css owl.carousel.min.css
2024.04.18 10:09 B C:\laragon\www\WEBSIOT admin\css\owl.theme.default.min.css --> ecommerce.nivor.my.id /var/www/smartcity.sija/WEBSIOT_ADMIN/css owl.theme.default.min.css
2024.04.18 10:09 B C:\laragon\www\WEBSIOT admin\css\sb-admin-2.min.css --> ecommerce.nivor.my.id /var/www/smartcity.sija/WEBSIOT_ADMIN/css sb-admin-2.min.css
2024.04.18 10:09 B C:\laragon\www\WEBSIOT admin\css\style.css --> ecommerce.nivor.my.id /var/www/smartcity.sija/WEBSIOT_ADMIN/css style.css
2024.04.18 10:09 B C:\laragon\www\WEBSIOT admin\css\style2.css --> ecommerce.nivor.my.id /var/www/smartcity.sija/WEBSIOT_ADMIN/css style2.css
2024.04.18 10:09 B C:\laragon\www\WEBSIOT admin\css\WS_FTP.LOG --> ecommerce.nivor.my.id /var/www/smartcity.sija/WEBSIOT_ADMIN/css WS_FTP.LOG
2024.04.19 22:55 B C:\laragon\www\WEBSIOT admin\css\style.css --> ecommerce.nivor.my.id /var/www/smartcity.sija/WEBSIOT_ADMIN/css style.css
2024.05.17 13:12 B C:\laragon\www\WEBSIOT_ADMIN\css\WS_FTP.LOG <-- Caevan /var/www/smartcity.sija/WEBSIOT_ADMIN/css WS_FTP.LOG
