2024.03.27 13:47 B C:\PROJECT 2024\Project\scss\.DS_Store --> ecommerce.nivor.my.id /var/www/smartcity.sija/Project/scss .DS_Store
2024.03.27 13:47 B C:\PROJECT 2024\Project\scss\style.scss --> ecommerce.nivor.my.id /var/www/smartcity.sija/Project/scss style.scss
2024.03.27 16:26 B C:\PROJECT 2024\Project\scss\.DS_Store --> ecommerce.nivor.my.id /var/www/smartcity.sija/Project/scss .DS_Store
2024.03.27 16:43 B C:\Project\scss\WS_FTP.LOG <-- Ipswitch /var/www/smartcity.sija/Project/scss WS_FTP.LOG
2024.03.30 16:19 B C:\laragon\www\WEBSIOT\scss\style.scss --> ecommerce.nivor.my.id /home/caevan/wordpress/WEBSIOT/scss style.scss
2024.03.30 16:19 B C:\laragon\www\WEBSIOT\scss\WS_FTP.LOG --> ecommerce.nivor.my.id /home/caevan/wordpress/WEBSIOT/scss WS_FTP.LOG
2024.04.03 08:46 B C:\laragon\www\WEBSIOT\scss\style.scss --> ecommerce.nivor.my.id /var/www/smartcity.sija/WEBSIOT/scss style.scss
2024.04.03 08:46 B C:\laragon\www\WEBSIOT\scss\WS_FTP.LOG --> ecommerce.nivor.my.id /var/www/smartcity.sija/WEBSIOT/scss WS_FTP.LOG
2024.04.03 09:12 B C:\laragon\www\WEBSIOT\scss\style.scss --> ecommerce.nivor.my.id /var/www/smartcity.sija/scss style.scss
2024.04.03 09:12 B C:\laragon\www\WEBSIOT\scss\WS_FTP.LOG --> ecommerce.nivor.my.id /var/www/smartcity.sija/scss WS_FTP.LOG
2024.04.04 08:25 B C:\laragon\www\WEBSIOT\scss\style.scss --> ecommerce.nivor.my.id /var/www/smartcity.sija/scss style.scss
2024.04.04 08:25 B C:\laragon\www\WEBSIOT\scss\WS_FTP.LOG --> ecommerce.nivor.my.id /var/www/smartcity.sija/scss WS_FTP.LOG
2024.04.04 11:59 B C:\laragon\www\WEBSIOT\scss\style.scss --> ecommerce.nivor.my.id /var/www/smartcity.sija/WEBSIOT/scss style.scss
2024.04.04 11:59 B C:\laragon\www\WEBSIOT\scss\WS_FTP.LOG --> ecommerce.nivor.my.id /var/www/smartcity.sija/WEBSIOT/scss WS_FTP.LOG
2024.04.05 09:20 B C:\laragon\www\WEBSIOT\scss\style.scss --> ecommerce.nivor.my.id /var/www/smartcity.sija/WEBSIOT/scss style.scss
2024.04.05 09:20 B C:\laragon\www\WEBSIOT\scss\WS_FTP.LOG --> ecommerce.nivor.my.id /var/www/smartcity.sija/WEBSIOT/scss WS_FTP.LOG
2024.04.05 09:30 B C:\laragon\www\WEBSIOT\scss\style.scss --> ecommerce.nivor.my.id /var/www/smartcity.sija/scss style.scss
2024.04.05 09:30 B C:\laragon\www\WEBSIOT\scss\WS_FTP.LOG --> ecommerce.nivor.my.id /var/www/smartcity.sija/scss WS_FTP.LOG
2024.04.07 17:14 B C:\laragon\www\WEBSIOT\scss\style.scss --> ecommerce.nivor.my.id /var/www/smartcity.sija/scss style.scss
2024.04.07 17:14 B C:\laragon\www\WEBSIOT\scss\WS_FTP.LOG --> ecommerce.nivor.my.id /var/www/smartcity.sija/scss WS_FTP.LOG
2024.04.18 07:20 B C:\laragon\www\WEBSIOT\scss\style.scss --> ecommerce.nivor.my.id /var/www/smartcity.sija/scss style.scss
2024.04.18 07:20 B C:\laragon\www\WEBSIOT\scss\WS_FTP.LOG --> ecommerce.nivor.my.id /var/www/smartcity.sija/scss WS_FTP.LOG
2024.04.18 10:12 B C:\laragon\www\WEBSIOT admin\scss\style.scss --> ecommerce.nivor.my.id /var/www/smartcity.sija/WEBSIOT_ADMIN/scss style.scss
2024.05.17 13:13 B C:\laragon\www\WEBSIOT_ADMIN\scss\WS_FTP.LOG <-- Caevan /var/www/smartcity.sija/WEBSIOT_ADMIN/scss WS_FTP.LOG
