2024.03.27 13:47 B C:\PROJECT 2024\Project\js\.DS_Store --> ecommerce.nivor.my.id /var/www/smartcity.sija/Project/js .DS_Store
2024.03.27 13:47 B C:\PROJECT 2024\Project\js\aos.js --> ecommerce.nivor.my.id /var/www/smartcity.sija/Project/js aos.js
2024.03.27 13:47 B C:\PROJECT 2024\Project\js\bootstrap-datepicker.js --> ecommerce.nivor.my.id /var/www/smartcity.sija/Project/js bootstrap-datepicker.js
2024.03.27 13:47 B C:\PROJECT 2024\Project\js\bootstrap.min.js --> ecommerce.nivor.my.id /var/www/smartcity.sija/Project/js bootstrap.min.js
2024.03.27 13:47 B C:\PROJECT 2024\Project\js\google-map.js --> ecommerce.nivor.my.id /var/www/smartcity.sija/Project/js google-map.js
2024.03.27 13:47 B C:\PROJECT 2024\Project\js\jquery-3.2.1.min.js --> ecommerce.nivor.my.id /var/www/smartcity.sija/Project/js jquery-3.2.1.min.js
2024.03.27 13:47 B C:\PROJECT 2024\Project\js\jquery-migrate-3.0.1.min.js --> ecommerce.nivor.my.id /var/www/smartcity.sija/Project/js jquery-migrate-3.0.1.min.js
2024.03.27 13:47 B C:\PROJECT 2024\Project\js\jquery.animateNumber.min.js --> ecommerce.nivor.my.id /var/www/smartcity.sija/Project/js jquery.animateNumber.min.js
2024.03.27 13:47 B C:\PROJECT 2024\Project\js\jquery.easing.1.3.js --> ecommerce.nivor.my.id /var/www/smartcity.sija/Project/js jquery.easing.1.3.js
2024.03.27 13:47 B C:\PROJECT 2024\Project\js\jquery.magnific-popup.min.js --> ecommerce.nivor.my.id /var/www/smartcity.sija/Project/js jquery.magnific-popup.min.js
2024.03.27 13:47 B C:\PROJECT 2024\Project\js\jquery.min.js --> ecommerce.nivor.my.id /var/www/smartcity.sija/Project/js jquery.min.js
2024.03.27 13:47 B C:\PROJECT 2024\Project\js\jquery.stellar.min.js --> ecommerce.nivor.my.id /var/www/smartcity.sija/Project/js jquery.stellar.min.js
2024.03.27 13:47 B C:\PROJECT 2024\Project\js\jquery.waypoints.min.js --> ecommerce.nivor.my.id /var/www/smartcity.sija/Project/js jquery.waypoints.min.js
2024.03.27 13:47 B C:\PROJECT 2024\Project\js\main.js --> ecommerce.nivor.my.id /var/www/smartcity.sija/Project/js main.js
2024.03.27 13:47 B C:\PROJECT 2024\Project\js\owl.carousel.min.js --> ecommerce.nivor.my.id /var/www/smartcity.sija/Project/js owl.carousel.min.js
2024.03.27 13:47 B C:\PROJECT 2024\Project\js\popper.min.js --> ecommerce.nivor.my.id /var/www/smartcity.sija/Project/js popper.min.js
2024.03.27 13:47 B C:\PROJECT 2024\Project\js\scrollax.min.js --> ecommerce.nivor.my.id /var/www/smartcity.sija/Project/js scrollax.min.js
2024.03.27 16:26 B C:\PROJECT 2024\Project\js\.DS_Store --> ecommerce.nivor.my.id /var/www/smartcity.sija/Project/js .DS_Store
2024.03.27 16:26 B C:\PROJECT 2024\Project\js\google-map.js --> ecommerce.nivor.my.id /var/www/smartcity.sija/Project/js google-map.js
2024.03.27 16:42 B C:\Project\js\WS_FTP.LOG <-- Ipswitch /var/www/smartcity.sija/Project/js WS_FTP.LOG
2024.03.30 16:18 B C:\laragon\www\WEBSIOT\js\aos.js --> ecommerce.nivor.my.id /home/caevan/wordpress/WEBSIOT/js aos.js
2024.03.30 16:18 B C:\laragon\www\WEBSIOT\js\bootstrap-datepicker.js --> ecommerce.nivor.my.id /home/caevan/wordpress/WEBSIOT/js bootstrap-datepicker.js
2024.03.30 16:18 B C:\laragon\www\WEBSIOT\js\bootstrap.min.js --> ecommerce.nivor.my.id /home/caevan/wordpress/WEBSIOT/js bootstrap.min.js
2024.03.30 16:18 B C:\laragon\www\WEBSIOT\js\google-map.js --> ecommerce.nivor.my.id /home/caevan/wordpress/WEBSIOT/js google-map.js
2024.03.30 16:18 B C:\laragon\www\WEBSIOT\js\jquery-3.2.1.min.js --> ecommerce.nivor.my.id /home/caevan/wordpress/WEBSIOT/js jquery-3.2.1.min.js
2024.03.30 16:18 B C:\laragon\www\WEBSIOT\js\jquery-migrate-3.0.1.min.js --> ecommerce.nivor.my.id /home/caevan/wordpress/WEBSIOT/js jquery-migrate-3.0.1.min.js
2024.03.30 16:18 B C:\laragon\www\WEBSIOT\js\jquery.animateNumber.min.js --> ecommerce.nivor.my.id /home/caevan/wordpress/WEBSIOT/js jquery.animateNumber.min.js
2024.03.30 16:18 B C:\laragon\www\WEBSIOT\js\jquery.easing.1.3.js --> ecommerce.nivor.my.id /home/caevan/wordpress/WEBSIOT/js jquery.easing.1.3.js
2024.03.30 16:18 B C:\laragon\www\WEBSIOT\js\jquery.magnific-popup.min.js --> ecommerce.nivor.my.id /home/caevan/wordpress/WEBSIOT/js jquery.magnific-popup.min.js
2024.03.30 16:18 B C:\laragon\www\WEBSIOT\js\jquery.min.js --> ecommerce.nivor.my.id /home/caevan/wordpress/WEBSIOT/js jquery.min.js
2024.03.30 16:18 B C:\laragon\www\WEBSIOT\js\jquery.stellar.min.js --> ecommerce.nivor.my.id /home/caevan/wordpress/WEBSIOT/js jquery.stellar.min.js
2024.03.30 16:18 B C:\laragon\www\WEBSIOT\js\jquery.waypoints.min.js --> ecommerce.nivor.my.id /home/caevan/wordpress/WEBSIOT/js jquery.waypoints.min.js
2024.03.30 16:18 B C:\laragon\www\WEBSIOT\js\main.js --> ecommerce.nivor.my.id /home/caevan/wordpress/WEBSIOT/js main.js
2024.03.30 16:18 B C:\laragon\www\WEBSIOT\js\owl.carousel.min.js --> ecommerce.nivor.my.id /home/caevan/wordpress/WEBSIOT/js owl.carousel.min.js
2024.03.30 16:18 B C:\laragon\www\WEBSIOT\js\popper.min.js --> ecommerce.nivor.my.id /home/caevan/wordpress/WEBSIOT/js popper.min.js
2024.03.30 16:18 B C:\laragon\www\WEBSIOT\js\scrollax.min.js --> ecommerce.nivor.my.id /home/caevan/wordpress/WEBSIOT/js scrollax.min.js
2024.03.30 16:18 B C:\laragon\www\WEBSIOT\js\WS_FTP.LOG --> ecommerce.nivor.my.id /home/caevan/wordpress/WEBSIOT/js WS_FTP.LOG
2024.04.03 08:44 B C:\laragon\www\WEBSIOT\js\aos.js --> ecommerce.nivor.my.id /var/www/smartcity.sija/WEBSIOT/js aos.js
2024.04.03 08:44 B C:\laragon\www\WEBSIOT\js\bootstrap-datepicker.js --> ecommerce.nivor.my.id /var/www/smartcity.sija/WEBSIOT/js bootstrap-datepicker.js
2024.04.03 08:44 B C:\laragon\www\WEBSIOT\js\bootstrap.min.js --> ecommerce.nivor.my.id /var/www/smartcity.sija/WEBSIOT/js bootstrap.min.js
2024.04.03 08:44 B C:\laragon\www\WEBSIOT\js\google-map.js --> ecommerce.nivor.my.id /var/www/smartcity.sija/WEBSIOT/js google-map.js
2024.04.03 08:44 B C:\laragon\www\WEBSIOT\js\jquery-3.2.1.min.js --> ecommerce.nivor.my.id /var/www/smartcity.sija/WEBSIOT/js jquery-3.2.1.min.js
2024.04.03 08:44 B C:\laragon\www\WEBSIOT\js\jquery-migrate-3.0.1.min.js --> ecommerce.nivor.my.id /var/www/smartcity.sija/WEBSIOT/js jquery-migrate-3.0.1.min.js
2024.04.03 08:44 B C:\laragon\www\WEBSIOT\js\jquery.animateNumber.min.js --> ecommerce.nivor.my.id /var/www/smartcity.sija/WEBSIOT/js jquery.animateNumber.min.js
2024.04.03 08:44 B C:\laragon\www\WEBSIOT\js\jquery.easing.1.3.js --> ecommerce.nivor.my.id /var/www/smartcity.sija/WEBSIOT/js jquery.easing.1.3.js
2024.04.03 08:44 B C:\laragon\www\WEBSIOT\js\jquery.magnific-popup.min.js --> ecommerce.nivor.my.id /var/www/smartcity.sija/WEBSIOT/js jquery.magnific-popup.min.js
2024.04.03 08:44 B C:\laragon\www\WEBSIOT\js\jquery.min.js --> ecommerce.nivor.my.id /var/www/smartcity.sija/WEBSIOT/js jquery.min.js
2024.04.03 08:44 B C:\laragon\www\WEBSIOT\js\jquery.stellar.min.js --> ecommerce.nivor.my.id /var/www/smartcity.sija/WEBSIOT/js jquery.stellar.min.js
2024.04.03 08:44 B C:\laragon\www\WEBSIOT\js\jquery.waypoints.min.js --> ecommerce.nivor.my.id /var/www/smartcity.sija/WEBSIOT/js jquery.waypoints.min.js
2024.04.03 08:44 B C:\laragon\www\WEBSIOT\js\main.js --> ecommerce.nivor.my.id /var/www/smartcity.sija/WEBSIOT/js main.js
2024.04.03 08:44 B C:\laragon\www\WEBSIOT\js\main2.js --> ecommerce.nivor.my.id /var/www/smartcity.sija/WEBSIOT/js main2.js
2024.04.03 08:44 B C:\laragon\www\WEBSIOT\js\owl.carousel.min.js --> ecommerce.nivor.my.id /var/www/smartcity.sija/WEBSIOT/js owl.carousel.min.js
2024.04.03 08:44 B C:\laragon\www\WEBSIOT\js\popper.min.js --> ecommerce.nivor.my.id /var/www/smartcity.sija/WEBSIOT/js popper.min.js
2024.04.03 08:44 B C:\laragon\www\WEBSIOT\js\scrollax.min.js --> ecommerce.nivor.my.id /var/www/smartcity.sija/WEBSIOT/js scrollax.min.js
2024.04.03 08:44 B C:\laragon\www\WEBSIOT\js\WS_FTP.LOG --> ecommerce.nivor.my.id /var/www/smartcity.sija/WEBSIOT/js WS_FTP.LOG
2024.04.03 09:11 B C:\laragon\www\WEBSIOT\js\aos.js --> ecommerce.nivor.my.id /var/www/smartcity.sija/js aos.js
2024.04.03 09:11 B C:\laragon\www\WEBSIOT\js\bootstrap-datepicker.js --> ecommerce.nivor.my.id /var/www/smartcity.sija/js bootstrap-datepicker.js
2024.04.03 09:11 B C:\laragon\www\WEBSIOT\js\bootstrap.min.js --> ecommerce.nivor.my.id /var/www/smartcity.sija/js bootstrap.min.js
2024.04.03 09:11 B C:\laragon\www\WEBSIOT\js\google-map.js --> ecommerce.nivor.my.id /var/www/smartcity.sija/js google-map.js
2024.04.03 09:11 B C:\laragon\www\WEBSIOT\js\jquery-3.2.1.min.js --> ecommerce.nivor.my.id /var/www/smartcity.sija/js jquery-3.2.1.min.js
2024.04.03 09:11 B C:\laragon\www\WEBSIOT\js\jquery-migrate-3.0.1.min.js --> ecommerce.nivor.my.id /var/www/smartcity.sija/js jquery-migrate-3.0.1.min.js
2024.04.03 09:11 B C:\laragon\www\WEBSIOT\js\jquery.animateNumber.min.js --> ecommerce.nivor.my.id /var/www/smartcity.sija/js jquery.animateNumber.min.js
2024.04.03 09:11 B C:\laragon\www\WEBSIOT\js\jquery.easing.1.3.js --> ecommerce.nivor.my.id /var/www/smartcity.sija/js jquery.easing.1.3.js
2024.04.03 09:11 B C:\laragon\www\WEBSIOT\js\jquery.magnific-popup.min.js --> ecommerce.nivor.my.id /var/www/smartcity.sija/js jquery.magnific-popup.min.js
2024.04.03 09:11 B C:\laragon\www\WEBSIOT\js\jquery.min.js --> ecommerce.nivor.my.id /var/www/smartcity.sija/js jquery.min.js
2024.04.03 09:11 B C:\laragon\www\WEBSIOT\js\jquery.stellar.min.js --> ecommerce.nivor.my.id /var/www/smartcity.sija/js jquery.stellar.min.js
2024.04.03 09:11 B C:\laragon\www\WEBSIOT\js\jquery.waypoints.min.js --> ecommerce.nivor.my.id /var/www/smartcity.sija/js jquery.waypoints.min.js
2024.04.03 09:11 B C:\laragon\www\WEBSIOT\js\main.js --> ecommerce.nivor.my.id /var/www/smartcity.sija/js main.js
2024.04.03 09:11 B C:\laragon\www\WEBSIOT\js\main2.js --> ecommerce.nivor.my.id /var/www/smartcity.sija/js main2.js
2024.04.03 09:11 B C:\laragon\www\WEBSIOT\js\owl.carousel.min.js --> ecommerce.nivor.my.id /var/www/smartcity.sija/js owl.carousel.min.js
2024.04.03 09:11 B C:\laragon\www\WEBSIOT\js\popper.min.js --> ecommerce.nivor.my.id /var/www/smartcity.sija/js popper.min.js
2024.04.03 09:11 B C:\laragon\www\WEBSIOT\js\scrollax.min.js --> ecommerce.nivor.my.id /var/www/smartcity.sija/js scrollax.min.js
2024.04.03 09:11 B C:\laragon\www\WEBSIOT\js\WS_FTP.LOG --> ecommerce.nivor.my.id /var/www/smartcity.sija/js WS_FTP.LOG
2024.04.04 08:23 B C:\laragon\www\WEBSIOT\js\aos.js --> ecommerce.nivor.my.id /var/www/smartcity.sija/js aos.js
2024.04.04 08:23 B C:\laragon\www\WEBSIOT\js\bootstrap-datepicker.js --> ecommerce.nivor.my.id /var/www/smartcity.sija/js bootstrap-datepicker.js
2024.04.04 08:23 B C:\laragon\www\WEBSIOT\js\bootstrap.min.js --> ecommerce.nivor.my.id /var/www/smartcity.sija/js bootstrap.min.js
2024.04.04 08:23 B C:\laragon\www\WEBSIOT\js\google-map.js --> ecommerce.nivor.my.id /var/www/smartcity.sija/js google-map.js
2024.04.04 08:23 B C:\laragon\www\WEBSIOT\js\jquery-3.2.1.min.js --> ecommerce.nivor.my.id /var/www/smartcity.sija/js jquery-3.2.1.min.js
2024.04.04 08:23 B C:\laragon\www\WEBSIOT\js\jquery-migrate-3.0.1.min.js --> ecommerce.nivor.my.id /var/www/smartcity.sija/js jquery-migrate-3.0.1.min.js
2024.04.04 08:23 B C:\laragon\www\WEBSIOT\js\jquery.animateNumber.min.js --> ecommerce.nivor.my.id /var/www/smartcity.sija/js jquery.animateNumber.min.js
2024.04.04 08:23 B C:\laragon\www\WEBSIOT\js\jquery.easing.1.3.js --> ecommerce.nivor.my.id /var/www/smartcity.sija/js jquery.easing.1.3.js
2024.04.04 08:23 B C:\laragon\www\WEBSIOT\js\jquery.magnific-popup.min.js --> ecommerce.nivor.my.id /var/www/smartcity.sija/js jquery.magnific-popup.min.js
2024.04.04 08:24 B C:\laragon\www\WEBSIOT\js\jquery.min.js --> ecommerce.nivor.my.id /var/www/smartcity.sija/js jquery.min.js
2024.04.04 08:24 B C:\laragon\www\WEBSIOT\js\jquery.stellar.min.js --> ecommerce.nivor.my.id /var/www/smartcity.sija/js jquery.stellar.min.js
2024.04.04 08:24 B C:\laragon\www\WEBSIOT\js\jquery.waypoints.min.js --> ecommerce.nivor.my.id /var/www/smartcity.sija/js jquery.waypoints.min.js
2024.04.04 08:24 B C:\laragon\www\WEBSIOT\js\main.js --> ecommerce.nivor.my.id /var/www/smartcity.sija/js main.js
2024.04.04 08:24 B C:\laragon\www\WEBSIOT\js\main2.js --> ecommerce.nivor.my.id /var/www/smartcity.sija/js main2.js
2024.04.04 08:24 B C:\laragon\www\WEBSIOT\js\owl.carousel.min.js --> ecommerce.nivor.my.id /var/www/smartcity.sija/js owl.carousel.min.js
2024.04.04 08:24 B C:\laragon\www\WEBSIOT\js\popper.min.js --> ecommerce.nivor.my.id /var/www/smartcity.sija/js popper.min.js
2024.04.04 08:24 B C:\laragon\www\WEBSIOT\js\scrollax.min.js --> ecommerce.nivor.my.id /var/www/smartcity.sija/js scrollax.min.js
2024.04.04 08:24 B C:\laragon\www\WEBSIOT\js\WS_FTP.LOG --> ecommerce.nivor.my.id /var/www/smartcity.sija/js WS_FTP.LOG
2024.04.04 11:58 B C:\laragon\www\WEBSIOT\js\aos.js --> ecommerce.nivor.my.id /var/www/smartcity.sija/WEBSIOT/js aos.js
2024.04.04 11:58 B C:\laragon\www\WEBSIOT\js\bootstrap-datepicker.js --> ecommerce.nivor.my.id /var/www/smartcity.sija/WEBSIOT/js bootstrap-datepicker.js
2024.04.04 11:58 B C:\laragon\www\WEBSIOT\js\bootstrap.min.js --> ecommerce.nivor.my.id /var/www/smartcity.sija/WEBSIOT/js bootstrap.min.js
2024.04.04 11:58 B C:\laragon\www\WEBSIOT\js\google-map.js --> ecommerce.nivor.my.id /var/www/smartcity.sija/WEBSIOT/js google-map.js
2024.04.04 11:58 B C:\laragon\www\WEBSIOT\js\jquery-3.2.1.min.js --> ecommerce.nivor.my.id /var/www/smartcity.sija/WEBSIOT/js jquery-3.2.1.min.js
2024.04.04 11:58 B C:\laragon\www\WEBSIOT\js\jquery-migrate-3.0.1.min.js --> ecommerce.nivor.my.id /var/www/smartcity.sija/WEBSIOT/js jquery-migrate-3.0.1.min.js
2024.04.04 11:58 B C:\laragon\www\WEBSIOT\js\jquery.animateNumber.min.js --> ecommerce.nivor.my.id /var/www/smartcity.sija/WEBSIOT/js jquery.animateNumber.min.js
2024.04.04 11:58 B C:\laragon\www\WEBSIOT\js\jquery.easing.1.3.js --> ecommerce.nivor.my.id /var/www/smartcity.sija/WEBSIOT/js jquery.easing.1.3.js
2024.04.04 11:58 B C:\laragon\www\WEBSIOT\js\jquery.magnific-popup.min.js --> ecommerce.nivor.my.id /var/www/smartcity.sija/WEBSIOT/js jquery.magnific-popup.min.js
2024.04.04 11:58 B C:\laragon\www\WEBSIOT\js\jquery.min.js --> ecommerce.nivor.my.id /var/www/smartcity.sija/WEBSIOT/js jquery.min.js
2024.04.04 11:58 B C:\laragon\www\WEBSIOT\js\jquery.stellar.min.js --> ecommerce.nivor.my.id /var/www/smartcity.sija/WEBSIOT/js jquery.stellar.min.js
2024.04.04 11:58 B C:\laragon\www\WEBSIOT\js\jquery.waypoints.min.js --> ecommerce.nivor.my.id /var/www/smartcity.sija/WEBSIOT/js jquery.waypoints.min.js
2024.04.04 11:58 B C:\laragon\www\WEBSIOT\js\main.js --> ecommerce.nivor.my.id /var/www/smartcity.sija/WEBSIOT/js main.js
2024.04.04 11:58 B C:\laragon\www\WEBSIOT\js\main2.js --> ecommerce.nivor.my.id /var/www/smartcity.sija/WEBSIOT/js main2.js
2024.04.04 11:58 B C:\laragon\www\WEBSIOT\js\owl.carousel.min.js --> ecommerce.nivor.my.id /var/www/smartcity.sija/WEBSIOT/js owl.carousel.min.js
2024.04.04 11:58 B C:\laragon\www\WEBSIOT\js\popper.min.js --> ecommerce.nivor.my.id /var/www/smartcity.sija/WEBSIOT/js popper.min.js
2024.04.04 11:58 B C:\laragon\www\WEBSIOT\js\scrollax.min.js --> ecommerce.nivor.my.id /var/www/smartcity.sija/WEBSIOT/js scrollax.min.js
2024.04.04 11:58 B C:\laragon\www\WEBSIOT\js\WS_FTP.LOG --> ecommerce.nivor.my.id /var/www/smartcity.sija/WEBSIOT/js WS_FTP.LOG
2024.04.05 09:20 B C:\laragon\www\WEBSIOT\js\aos.js --> ecommerce.nivor.my.id /var/www/smartcity.sija/WEBSIOT/js aos.js
2024.04.05 09:20 B C:\laragon\www\WEBSIOT\js\bootstrap-datepicker.js --> ecommerce.nivor.my.id /var/www/smartcity.sija/WEBSIOT/js bootstrap-datepicker.js
2024.04.05 09:20 B C:\laragon\www\WEBSIOT\js\bootstrap.min.js --> ecommerce.nivor.my.id /var/www/smartcity.sija/WEBSIOT/js bootstrap.min.js
2024.04.05 09:20 B C:\laragon\www\WEBSIOT\js\google-map.js --> ecommerce.nivor.my.id /var/www/smartcity.sija/WEBSIOT/js google-map.js
2024.04.05 09:20 B C:\laragon\www\WEBSIOT\js\jquery-3.2.1.min.js --> ecommerce.nivor.my.id /var/www/smartcity.sija/WEBSIOT/js jquery-3.2.1.min.js
2024.04.05 09:20 B C:\laragon\www\WEBSIOT\js\jquery-migrate-3.0.1.min.js --> ecommerce.nivor.my.id /var/www/smartcity.sija/WEBSIOT/js jquery-migrate-3.0.1.min.js
2024.04.05 09:20 B C:\laragon\www\WEBSIOT\js\jquery.animateNumber.min.js --> ecommerce.nivor.my.id /var/www/smartcity.sija/WEBSIOT/js jquery.animateNumber.min.js
2024.04.05 09:20 B C:\laragon\www\WEBSIOT\js\jquery.easing.1.3.js --> ecommerce.nivor.my.id /var/www/smartcity.sija/WEBSIOT/js jquery.easing.1.3.js
2024.04.05 09:20 B C:\laragon\www\WEBSIOT\js\jquery.magnific-popup.min.js --> ecommerce.nivor.my.id /var/www/smartcity.sija/WEBSIOT/js jquery.magnific-popup.min.js
2024.04.05 09:20 B C:\laragon\www\WEBSIOT\js\jquery.min.js --> ecommerce.nivor.my.id /var/www/smartcity.sija/WEBSIOT/js jquery.min.js
2024.04.05 09:20 B C:\laragon\www\WEBSIOT\js\jquery.stellar.min.js --> ecommerce.nivor.my.id /var/www/smartcity.sija/WEBSIOT/js jquery.stellar.min.js
2024.04.05 09:20 B C:\laragon\www\WEBSIOT\js\jquery.waypoints.min.js --> ecommerce.nivor.my.id /var/www/smartcity.sija/WEBSIOT/js jquery.waypoints.min.js
2024.04.05 09:20 B C:\laragon\www\WEBSIOT\js\main.js --> ecommerce.nivor.my.id /var/www/smartcity.sija/WEBSIOT/js main.js
2024.04.05 09:20 B C:\laragon\www\WEBSIOT\js\main2.js --> ecommerce.nivor.my.id /var/www/smartcity.sija/WEBSIOT/js main2.js
2024.04.05 09:20 B C:\laragon\www\WEBSIOT\js\owl.carousel.min.js --> ecommerce.nivor.my.id /var/www/smartcity.sija/WEBSIOT/js owl.carousel.min.js
2024.04.05 09:20 B C:\laragon\www\WEBSIOT\js\popper.min.js --> ecommerce.nivor.my.id /var/www/smartcity.sija/WEBSIOT/js popper.min.js
2024.04.05 09:20 B C:\laragon\www\WEBSIOT\js\scrollax.min.js --> ecommerce.nivor.my.id /var/www/smartcity.sija/WEBSIOT/js scrollax.min.js
2024.04.05 09:20 B C:\laragon\www\WEBSIOT\js\WS_FTP.LOG --> ecommerce.nivor.my.id /var/www/smartcity.sija/WEBSIOT/js WS_FTP.LOG
2024.04.05 09:29 B C:\laragon\www\WEBSIOT\js\aos.js --> ecommerce.nivor.my.id /var/www/smartcity.sija/js aos.js
2024.04.05 09:29 B C:\laragon\www\WEBSIOT\js\bootstrap-datepicker.js --> ecommerce.nivor.my.id /var/www/smartcity.sija/js bootstrap-datepicker.js
2024.04.05 09:29 B C:\laragon\www\WEBSIOT\js\bootstrap.min.js --> ecommerce.nivor.my.id /var/www/smartcity.sija/js bootstrap.min.js
2024.04.05 09:29 B C:\laragon\www\WEBSIOT\js\google-map.js --> ecommerce.nivor.my.id /var/www/smartcity.sija/js google-map.js
2024.04.05 09:29 B C:\laragon\www\WEBSIOT\js\jquery-3.2.1.min.js --> ecommerce.nivor.my.id /var/www/smartcity.sija/js jquery-3.2.1.min.js
2024.04.05 09:29 B C:\laragon\www\WEBSIOT\js\jquery-migrate-3.0.1.min.js --> ecommerce.nivor.my.id /var/www/smartcity.sija/js jquery-migrate-3.0.1.min.js
2024.04.05 09:29 B C:\laragon\www\WEBSIOT\js\jquery.animateNumber.min.js --> ecommerce.nivor.my.id /var/www/smartcity.sija/js jquery.animateNumber.min.js
2024.04.05 09:29 B C:\laragon\www\WEBSIOT\js\jquery.easing.1.3.js --> ecommerce.nivor.my.id /var/www/smartcity.sija/js jquery.easing.1.3.js
2024.04.05 09:29 B C:\laragon\www\WEBSIOT\js\jquery.magnific-popup.min.js --> ecommerce.nivor.my.id /var/www/smartcity.sija/js jquery.magnific-popup.min.js
2024.04.05 09:29 B C:\laragon\www\WEBSIOT\js\jquery.min.js --> ecommerce.nivor.my.id /var/www/smartcity.sija/js jquery.min.js
2024.04.05 09:29 B C:\laragon\www\WEBSIOT\js\jquery.stellar.min.js --> ecommerce.nivor.my.id /var/www/smartcity.sija/js jquery.stellar.min.js
2024.04.05 09:29 B C:\laragon\www\WEBSIOT\js\jquery.waypoints.min.js --> ecommerce.nivor.my.id /var/www/smartcity.sija/js jquery.waypoints.min.js
2024.04.05 09:29 B C:\laragon\www\WEBSIOT\js\main.js --> ecommerce.nivor.my.id /var/www/smartcity.sija/js main.js
2024.04.05 09:29 B C:\laragon\www\WEBSIOT\js\main2.js --> ecommerce.nivor.my.id /var/www/smartcity.sija/js main2.js
2024.04.05 09:29 B C:\laragon\www\WEBSIOT\js\owl.carousel.min.js --> ecommerce.nivor.my.id /var/www/smartcity.sija/js owl.carousel.min.js
2024.04.05 09:29 B C:\laragon\www\WEBSIOT\js\popper.min.js --> ecommerce.nivor.my.id /var/www/smartcity.sija/js popper.min.js
2024.04.05 09:29 B C:\laragon\www\WEBSIOT\js\scrollax.min.js --> ecommerce.nivor.my.id /var/www/smartcity.sija/js scrollax.min.js
2024.04.05 09:29 B C:\laragon\www\WEBSIOT\js\WS_FTP.LOG --> ecommerce.nivor.my.id /var/www/smartcity.sija/js WS_FTP.LOG
2024.04.07 17:13 B C:\laragon\www\WEBSIOT\js\aos.js --> ecommerce.nivor.my.id /var/www/smartcity.sija/js aos.js
2024.04.07 17:13 B C:\laragon\www\WEBSIOT\js\bootstrap-datepicker.js --> ecommerce.nivor.my.id /var/www/smartcity.sija/js bootstrap-datepicker.js
2024.04.07 17:13 B C:\laragon\www\WEBSIOT\js\bootstrap.min.js --> ecommerce.nivor.my.id /var/www/smartcity.sija/js bootstrap.min.js
2024.04.07 17:13 B C:\laragon\www\WEBSIOT\js\google-map.js --> ecommerce.nivor.my.id /var/www/smartcity.sija/js google-map.js
2024.04.07 17:13 B C:\laragon\www\WEBSIOT\js\jquery-3.2.1.min.js --> ecommerce.nivor.my.id /var/www/smartcity.sija/js jquery-3.2.1.min.js
2024.04.07 17:13 B C:\laragon\www\WEBSIOT\js\jquery-migrate-3.0.1.min.js --> ecommerce.nivor.my.id /var/www/smartcity.sija/js jquery-migrate-3.0.1.min.js
2024.04.07 17:13 B C:\laragon\www\WEBSIOT\js\jquery.animateNumber.min.js --> ecommerce.nivor.my.id /var/www/smartcity.sija/js jquery.animateNumber.min.js
2024.04.07 17:13 B C:\laragon\www\WEBSIOT\js\jquery.easing.1.3.js --> ecommerce.nivor.my.id /var/www/smartcity.sija/js jquery.easing.1.3.js
2024.04.07 17:13 B C:\laragon\www\WEBSIOT\js\jquery.magnific-popup.min.js --> ecommerce.nivor.my.id /var/www/smartcity.sija/js jquery.magnific-popup.min.js
2024.04.07 17:13 B C:\laragon\www\WEBSIOT\js\jquery.min.js --> ecommerce.nivor.my.id /var/www/smartcity.sija/js jquery.min.js
2024.04.07 17:13 B C:\laragon\www\WEBSIOT\js\jquery.stellar.min.js --> ecommerce.nivor.my.id /var/www/smartcity.sija/js jquery.stellar.min.js
2024.04.07 17:13 B C:\laragon\www\WEBSIOT\js\jquery.waypoints.min.js --> ecommerce.nivor.my.id /var/www/smartcity.sija/js jquery.waypoints.min.js
2024.04.07 17:13 B C:\laragon\www\WEBSIOT\js\main.js --> ecommerce.nivor.my.id /var/www/smartcity.sija/js main.js
2024.04.07 17:13 B C:\laragon\www\WEBSIOT\js\main2.js --> ecommerce.nivor.my.id /var/www/smartcity.sija/js main2.js
2024.04.07 17:13 B C:\laragon\www\WEBSIOT\js\owl.carousel.min.js --> ecommerce.nivor.my.id /var/www/smartcity.sija/js owl.carousel.min.js
2024.04.07 17:13 B C:\laragon\www\WEBSIOT\js\popper.min.js --> ecommerce.nivor.my.id /var/www/smartcity.sija/js popper.min.js
2024.04.07 17:13 B C:\laragon\www\WEBSIOT\js\scrollax.min.js --> ecommerce.nivor.my.id /var/www/smartcity.sija/js scrollax.min.js
2024.04.07 17:13 B C:\laragon\www\WEBSIOT\js\WS_FTP.LOG --> ecommerce.nivor.my.id /var/www/smartcity.sija/js WS_FTP.LOG
2024.04.18 07:19 B C:\laragon\www\WEBSIOT\js\aos.js --> ecommerce.nivor.my.id /var/www/smartcity.sija/js aos.js
2024.04.18 07:19 B C:\laragon\www\WEBSIOT\js\bootstrap-datepicker.js --> ecommerce.nivor.my.id /var/www/smartcity.sija/js bootstrap-datepicker.js
2024.04.18 07:19 B C:\laragon\www\WEBSIOT\js\bootstrap.min.js --> ecommerce.nivor.my.id /var/www/smartcity.sija/js bootstrap.min.js
2024.04.18 07:19 B C:\laragon\www\WEBSIOT\js\google-map.js --> ecommerce.nivor.my.id /var/www/smartcity.sija/js google-map.js
2024.04.18 07:19 B C:\laragon\www\WEBSIOT\js\jquery-3.2.1.min.js --> ecommerce.nivor.my.id /var/www/smartcity.sija/js jquery-3.2.1.min.js
2024.04.18 07:19 B C:\laragon\www\WEBSIOT\js\jquery-migrate-3.0.1.min.js --> ecommerce.nivor.my.id /var/www/smartcity.sija/js jquery-migrate-3.0.1.min.js
2024.04.18 07:19 B C:\laragon\www\WEBSIOT\js\jquery.animateNumber.min.js --> ecommerce.nivor.my.id /var/www/smartcity.sija/js jquery.animateNumber.min.js
2024.04.18 07:19 B C:\laragon\www\WEBSIOT\js\jquery.easing.1.3.js --> ecommerce.nivor.my.id /var/www/smartcity.sija/js jquery.easing.1.3.js
2024.04.18 07:19 B C:\laragon\www\WEBSIOT\js\jquery.magnific-popup.min.js --> ecommerce.nivor.my.id /var/www/smartcity.sija/js jquery.magnific-popup.min.js
2024.04.18 07:19 B C:\laragon\www\WEBSIOT\js\jquery.min.js --> ecommerce.nivor.my.id /var/www/smartcity.sija/js jquery.min.js
2024.04.18 07:19 B C:\laragon\www\WEBSIOT\js\jquery.stellar.min.js --> ecommerce.nivor.my.id /var/www/smartcity.sija/js jquery.stellar.min.js
2024.04.18 07:19 B C:\laragon\www\WEBSIOT\js\jquery.waypoints.min.js --> ecommerce.nivor.my.id /var/www/smartcity.sija/js jquery.waypoints.min.js
2024.04.18 07:19 B C:\laragon\www\WEBSIOT\js\main.js --> ecommerce.nivor.my.id /var/www/smartcity.sija/js main.js
2024.04.18 07:19 B C:\laragon\www\WEBSIOT\js\main2.js --> ecommerce.nivor.my.id /var/www/smartcity.sija/js main2.js
2024.04.18 07:19 B C:\laragon\www\WEBSIOT\js\owl.carousel.min.js --> ecommerce.nivor.my.id /var/www/smartcity.sija/js owl.carousel.min.js
2024.04.18 07:19 B C:\laragon\www\WEBSIOT\js\popper.min.js --> ecommerce.nivor.my.id /var/www/smartcity.sija/js popper.min.js
2024.04.18 07:19 B C:\laragon\www\WEBSIOT\js\scrollax.min.js --> ecommerce.nivor.my.id /var/www/smartcity.sija/js scrollax.min.js
2024.04.18 07:19 B C:\laragon\www\WEBSIOT\js\WS_FTP.LOG --> ecommerce.nivor.my.id /var/www/smartcity.sija/js WS_FTP.LOG
2024.04.18 10:11 B C:\laragon\www\WEBSIOT admin\js\aos.js --> ecommerce.nivor.my.id /var/www/smartcity.sija/WEBSIOT_ADMIN/js aos.js
2024.04.18 10:11 B C:\laragon\www\WEBSIOT admin\js\bootstrap-datepicker.js --> ecommerce.nivor.my.id /var/www/smartcity.sija/WEBSIOT_ADMIN/js bootstrap-datepicker.js
2024.04.18 10:11 B C:\laragon\www\WEBSIOT admin\js\bootstrap.min.js --> ecommerce.nivor.my.id /var/www/smartcity.sija/WEBSIOT_ADMIN/js bootstrap.min.js
2024.04.18 10:11 B C:\laragon\www\WEBSIOT admin\js\google-map.js --> ecommerce.nivor.my.id /var/www/smartcity.sija/WEBSIOT_ADMIN/js google-map.js
2024.04.18 10:11 B C:\laragon\www\WEBSIOT admin\js\jquery-3.2.1.min.js --> ecommerce.nivor.my.id /var/www/smartcity.sija/WEBSIOT_ADMIN/js jquery-3.2.1.min.js
2024.04.18 10:11 B C:\laragon\www\WEBSIOT admin\js\jquery-migrate-3.0.1.min.js --> ecommerce.nivor.my.id /var/www/smartcity.sija/WEBSIOT_ADMIN/js jquery-migrate-3.0.1.min.js
2024.04.18 10:11 B C:\laragon\www\WEBSIOT admin\js\jquery.animateNumber.min.js --> ecommerce.nivor.my.id /var/www/smartcity.sija/WEBSIOT_ADMIN/js jquery.animateNumber.min.js
2024.04.18 10:11 B C:\laragon\www\WEBSIOT admin\js\jquery.easing.1.3.js --> ecommerce.nivor.my.id /var/www/smartcity.sija/WEBSIOT_ADMIN/js jquery.easing.1.3.js
2024.04.18 10:11 B C:\laragon\www\WEBSIOT admin\js\jquery.magnific-popup.min.js --> ecommerce.nivor.my.id /var/www/smartcity.sija/WEBSIOT_ADMIN/js jquery.magnific-popup.min.js
2024.04.18 10:11 B C:\laragon\www\WEBSIOT admin\js\jquery.min.js --> ecommerce.nivor.my.id /var/www/smartcity.sija/WEBSIOT_ADMIN/js jquery.min.js
2024.04.18 10:11 B C:\laragon\www\WEBSIOT admin\js\jquery.stellar.min.js --> ecommerce.nivor.my.id /var/www/smartcity.sija/WEBSIOT_ADMIN/js jquery.stellar.min.js
2024.04.18 10:11 B C:\laragon\www\WEBSIOT admin\js\jquery.waypoints.min.js --> ecommerce.nivor.my.id /var/www/smartcity.sija/WEBSIOT_ADMIN/js jquery.waypoints.min.js
2024.04.18 10:11 B C:\laragon\www\WEBSIOT admin\js\main.js --> ecommerce.nivor.my.id /var/www/smartcity.sija/WEBSIOT_ADMIN/js main.js
2024.04.18 10:11 B C:\laragon\www\WEBSIOT admin\js\main2.js --> ecommerce.nivor.my.id /var/www/smartcity.sija/WEBSIOT_ADMIN/js main2.js
2024.04.18 10:11 B C:\laragon\www\WEBSIOT admin\js\owl.carousel.min.js --> ecommerce.nivor.my.id /var/www/smartcity.sija/WEBSIOT_ADMIN/js owl.carousel.min.js
2024.04.18 10:11 B C:\laragon\www\WEBSIOT admin\js\popper.min.js --> ecommerce.nivor.my.id /var/www/smartcity.sija/WEBSIOT_ADMIN/js popper.min.js
2024.04.18 10:11 B C:\laragon\www\WEBSIOT admin\js\scrollax.min.js --> ecommerce.nivor.my.id /var/www/smartcity.sija/WEBSIOT_ADMIN/js scrollax.min.js
2024.05.17 13:12 B C:\laragon\www\WEBSIOT_ADMIN\js\WS_FTP.LOG <-- Caevan /var/www/smartcity.sija/WEBSIOT_ADMIN/js WS_FTP.LOG
