2024.03.27 16:43 B C:\Project\about.html <-- Ipswitch /var/www/smartcity.sija/Project about.html
2024.03.27 16:43 B C:\Project\https://smkn6malang.sch.id/ <-- Ipswitch /var/www/smartcity.sija/Project https://smkn6malang.sch.id/
2024.03.27 16:43 B C:\Project\blog.html <-- Ipswitch /var/www/smartcity.sija/Project blog.html
2024.03.27 16:43 B C:\Project\contact.html <-- Ipswitch /var/www/smartcity.sija/Project contact.html
2024.03.27 16:43 B C:\Project\index.html <-- Ipswitch /var/www/smartcity.sija/Project index.html
2024.03.27 16:43 B C:\Project\prepros-6.config <-- Ipswitch /var/www/smartcity.sija/Project prepros-6.config
2024.03.27 16:43 B C:\Project\project2.php <-- Ipswitch /var/www/smartcity.sija/Project project2.php
2024.03.27 16:43 B C:\Project\services.html <-- Ipswitch /var/www/smartcity.sija/Project services.html
2024.03.27 16:43 B C:\Project\smarthome.html <-- Ipswitch /var/www/smartcity.sija/Project smarthome.html
2024.03.27 16:43 B C:\Project\project2.php <-- Ipswitch /var/www/smartcity.sija/Project project2.php
2024.03.27 16:43 B C:\Project\work.html <-- Ipswitch /var/www/smartcity.sija/Project work.html
2024.03.30 16:19 B C:\laragon\www\WEBSIOT\about.html --> ecommerce.nivor.my.id /home/caevan/wordpress/WEBSIOT about.html
2024.03.30 16:19 B C:\laragon\www\WEBSIOT\https://smkn6malang.sch.id/ --> ecommerce.nivor.my.id /home/caevan/wordpress/WEBSIOT https://smkn6malang.sch.id/
2024.03.30 16:19 B C:\laragon\www\WEBSIOT\blog.html --> ecommerce.nivor.my.id /home/caevan/wordpress/WEBSIOT blog.html
2024.03.30 16:19 B C:\laragon\www\WEBSIOT\contact.html --> ecommerce.nivor.my.id /home/caevan/wordpress/WEBSIOT contact.html
2024.03.30 16:19 B C:\laragon\www\WEBSIOT\-password.html --> ecommerce.nivor.my.id /home/caevan/wordpress/WEBSIOT -password.html
2024.03.30 16:19 B C:\laragon\www\WEBSIOT\index.html --> ecommerce.nivor.my.id /home/caevan/wordpress/WEBSIOT index.html
2024.03.30 16:19 B C:\laragon\www\WEBSIOT\login.php --> ecommerce.nivor.my.id /home/caevan/wordpress/WEBSIOT login.php
2024.03.30 16:19 B C:\laragon\www\WEBSIOT\prepros-6.config --> ecommerce.nivor.my.id /home/caevan/wordpress/WEBSIOT prepros-6.config
2024.03.30 16:19 B C:\laragon\www\WEBSIOT\project2.php --> ecommerce.nivor.my.id /home/caevan/wordpress/WEBSIOT project2.php
2024.03.30 16:19 B C:\laragon\www\WEBSIOT\register.php --> ecommerce.nivor.my.id /home/caevan/wordpress/WEBSIOT register.php
2024.03.30 16:19 B C:\laragon\www\WEBSIOT\services.html --> ecommerce.nivor.my.id /home/caevan/wordpress/WEBSIOT services.html
2024.03.30 16:19 B C:\laragon\www\WEBSIOT\smarthome.html --> ecommerce.nivor.my.id /home/caevan/wordpress/WEBSIOT smarthome.html
2024.03.30 16:19 B C:\laragon\www\WEBSIOT\project2.php --> ecommerce.nivor.my.id /home/caevan/wordpress/WEBSIOT project2.php
2024.03.30 16:19 B C:\laragon\www\WEBSIOT\work.html --> ecommerce.nivor.my.id /home/caevan/wordpress/WEBSIOT work.html
2024.03.30 16:19 B C:\laragon\www\WEBSIOT\WS_FTP.LOG --> ecommerce.nivor.my.id /home/caevan/wordpress/WEBSIOT WS_FTP.LOG
2024.04.03 08:48 B C:\laragon\www\WEBSIOT\about.html --> ecommerce.nivor.my.id /var/www/smartcity.sija/WEBSIOT about.html
2024.04.03 08:48 B C:\laragon\www\WEBSIOT\about2.html --> ecommerce.nivor.my.id /var/www/smartcity.sija/WEBSIOT about2.html
2024.04.03 08:48 B C:\laragon\www\WEBSIOT\https://smkn6malang.sch.id/ --> ecommerce.nivor.my.id /var/www/smartcity.sija/WEBSIOT https://smkn6malang.sch.id/
2024.04.03 08:48 B C:\laragon\www\WEBSIOT\contact.html --> ecommerce.nivor.my.id /var/www/smartcity.sija/WEBSIOT contact.html
2024.04.03 08:48 B C:\laragon\www\WEBSIOT\contact2.html --> ecommerce.nivor.my.id /var/www/smartcity.sija/WEBSIOT contact2.html
2024.04.03 08:48 B C:\laragon\www\WEBSIOT\-password.html --> ecommerce.nivor.my.id /var/www/smartcity.sija/WEBSIOT -password.html
2024.04.03 08:48 B C:\laragon\www\WEBSIOT\home.php --> ecommerce.nivor.my.id /var/www/smartcity.sija/WEBSIOT home.php
2024.04.03 08:48 B C:\laragon\www\WEBSIOT\index.html --> ecommerce.nivor.my.id /var/www/smartcity.sija/WEBSIOT index.html
2024.04.03 08:48 B C:\laragon\www\WEBSIOT\index2.css --> ecommerce.nivor.my.id /var/www/smartcity.sija/WEBSIOT index2.css
2024.04.03 08:48 B C:\laragon\www\WEBSIOT\jquery.js --> ecommerce.nivor.my.id /var/www/smartcity.sija/WEBSIOT jquery.js
2024.04.03 08:48 B C:\laragon\www\WEBSIOT\koneksi.php --> ecommerce.nivor.my.id /var/www/smartcity.sija/WEBSIOT koneksi.php
2024.04.03 08:48 B C:\laragon\www\WEBSIOT\load.php --> ecommerce.nivor.my.id /var/www/smartcity.sija/WEBSIOT load.php
2024.04.03 08:48 B C:\laragon\www\WEBSIOT\loads.php --> ecommerce.nivor.my.id /var/www/smartcity.sija/WEBSIOT loads.php
2024.04.03 08:48 B C:\laragon\www\WEBSIOT\login.php --> ecommerce.nivor.my.id /var/www/smartcity.sija/WEBSIOT login.php
2024.04.03 08:48 B C:\laragon\www\WEBSIOT\postdemo.php --> ecommerce.nivor.my.id /var/www/smartcity.sija/WEBSIOT postdemo.php
2024.04.03 08:48 B C:\laragon\www\WEBSIOT\prepros-6.config --> ecommerce.nivor.my.id /var/www/smartcity.sija/WEBSIOT prepros-6.config
2024.04.03 08:48 B C:\laragon\www\WEBSIOT\project2.php --> ecommerce.nivor.my.id /var/www/smartcity.sija/WEBSIOT project2.php
2024.04.03 08:48 B C:\laragon\www\WEBSIOT\register.php --> ecommerce.nivor.my.id /var/www/smartcity.sija/WEBSIOT register.php
2024.04.03 08:48 B C:\laragon\www\WEBSIOT\services.html --> ecommerce.nivor.my.id /var/www/smartcity.sija/WEBSIOT services.html
2024.04.03 08:48 B C:\laragon\www\WEBSIOT\smartcity.html --> ecommerce.nivor.my.id /var/www/smartcity.sija/WEBSIOT smartcity.html
2024.04.03 08:48 B C:\laragon\www\WEBSIOT\smarthome.html --> ecommerce.nivor.my.id /var/www/smartcity.sija/WEBSIOT smarthome.html
2024.04.03 08:48 B C:\laragon\www\WEBSIOT\project2.php --> ecommerce.nivor.my.id /var/www/smartcity.sija/WEBSIOT project2.php
2024.04.03 08:48 B C:\laragon\www\WEBSIOT\work.html --> ecommerce.nivor.my.id /var/www/smartcity.sija/WEBSIOT work.html
2024.04.03 08:48 B C:\laragon\www\WEBSIOT\WS_FTP.LOG --> ecommerce.nivor.my.id /var/www/smartcity.sija/WEBSIOT WS_FTP.LOG
2024.04.03 09:07 B C:\laragon\www\WEBSIOT\project2.php --> ecommerce.nivor.my.id /var/www/smartcity.sija/WEBSIOT project2.php
2024.04.03 09:13 B C:\laragon\www\WEBSIOT\about.html --> ecommerce.nivor.my.id /var/www/smartcity.sija about.html
2024.04.03 09:13 B C:\laragon\www\WEBSIOT\about2.html --> ecommerce.nivor.my.id /var/www/smartcity.sija about2.html
2024.04.03 09:13 B C:\laragon\www\WEBSIOT\https://smkn6malang.sch.id/ --> ecommerce.nivor.my.id /var/www/smartcity.sija https://smkn6malang.sch.id/
2024.04.03 09:13 B C:\laragon\www\WEBSIOT\contact.html --> ecommerce.nivor.my.id /var/www/smartcity.sija contact.html
2024.04.03 09:13 B C:\laragon\www\WEBSIOT\contact2.html --> ecommerce.nivor.my.id /var/www/smartcity.sija contact2.html
2024.04.03 09:13 B C:\laragon\www\WEBSIOT\-password.html --> ecommerce.nivor.my.id /var/www/smartcity.sija -password.html
2024.04.03 09:13 B C:\laragon\www\WEBSIOT\home.php --> ecommerce.nivor.my.id /var/www/smartcity.sija home.php
2024.04.03 09:13 B C:\laragon\www\WEBSIOT\index.html --> ecommerce.nivor.my.id /var/www/smartcity.sija index.html
2024.04.03 09:13 B C:\laragon\www\WEBSIOT\index2.css --> ecommerce.nivor.my.id /var/www/smartcity.sija index2.css
2024.04.03 09:14 B C:\laragon\www\WEBSIOT\jquery.js --> ecommerce.nivor.my.id /var/www/smartcity.sija jquery.js
2024.04.03 09:14 B C:\laragon\www\WEBSIOT\koneksi.php --> ecommerce.nivor.my.id /var/www/smartcity.sija koneksi.php
2024.04.03 09:14 B C:\laragon\www\WEBSIOT\load.php --> ecommerce.nivor.my.id /var/www/smartcity.sija load.php
2024.04.03 09:14 B C:\laragon\www\WEBSIOT\loads.php --> ecommerce.nivor.my.id /var/www/smartcity.sija loads.php
2024.04.03 09:14 B C:\laragon\www\WEBSIOT\login.php --> ecommerce.nivor.my.id /var/www/smartcity.sija login.php
2024.04.03 09:14 B C:\laragon\www\WEBSIOT\postdemo.php --> ecommerce.nivor.my.id /var/www/smartcity.sija postdemo.php
2024.04.03 09:14 B C:\laragon\www\WEBSIOT\prepros-6.config --> ecommerce.nivor.my.id /var/www/smartcity.sija prepros-6.config
2024.04.03 09:14 B C:\laragon\www\WEBSIOT\project2.php --> ecommerce.nivor.my.id /var/www/smartcity.sija project2.php
2024.04.03 09:14 B C:\laragon\www\WEBSIOT\register.php --> ecommerce.nivor.my.id /var/www/smartcity.sija register.php
2024.04.03 09:14 B C:\laragon\www\WEBSIOT\services.html --> ecommerce.nivor.my.id /var/www/smartcity.sija services.html
2024.04.03 09:14 B C:\laragon\www\WEBSIOT\smartcity.html --> ecommerce.nivor.my.id /var/www/smartcity.sija smartcity.html
2024.04.03 09:14 B C:\laragon\www\WEBSIOT\smarthome.html --> ecommerce.nivor.my.id /var/www/smartcity.sija smarthome.html
2024.04.03 09:14 B C:\laragon\www\WEBSIOT\project2.php --> ecommerce.nivor.my.id /var/www/smartcity.sija project2.php
2024.04.03 09:14 B C:\laragon\www\WEBSIOT\work.html --> ecommerce.nivor.my.id /var/www/smartcity.sija work.html
2024.04.03 09:14 B C:\laragon\www\WEBSIOT\WS_FTP.LOG --> ecommerce.nivor.my.id /var/www/smartcity.sija WS_FTP.LOG
2024.04.04 08:28 B C:\laragon\www\WEBSIOT\about.html --> ecommerce.nivor.my.id /var/www/smartcity.sija about.html
2024.04.04 08:28 B C:\laragon\www\WEBSIOT\about2.html --> ecommerce.nivor.my.id /var/www/smartcity.sija about2.html
2024.04.04 08:28 B C:\laragon\www\WEBSIOT\https://smkn6malang.sch.id/ --> ecommerce.nivor.my.id /var/www/smartcity.sija https://smkn6malang.sch.id/
2024.04.04 08:28 B C:\laragon\www\WEBSIOT\contact.html --> ecommerce.nivor.my.id /var/www/smartcity.sija contact.html
2024.04.04 08:28 B C:\laragon\www\WEBSIOT\contact2.html --> ecommerce.nivor.my.id /var/www/smartcity.sija contact2.html
2024.04.04 08:28 B C:\laragon\www\WEBSIOT\-password.html --> ecommerce.nivor.my.id /var/www/smartcity.sija -password.html
2024.04.04 08:28 B C:\laragon\www\WEBSIOT\home.php --> ecommerce.nivor.my.id /var/www/smartcity.sija home.php
2024.04.04 08:28 B C:\laragon\www\WEBSIOT\index.html --> ecommerce.nivor.my.id /var/www/smartcity.sija index.html
2024.04.04 08:28 B C:\laragon\www\WEBSIOT\index2.css --> ecommerce.nivor.my.id /var/www/smartcity.sija index2.css
2024.04.04 08:28 B C:\laragon\www\WEBSIOT\index3.css --> ecommerce.nivor.my.id /var/www/smartcity.sija index3.css
2024.04.04 08:28 B C:\laragon\www\WEBSIOT\jquery.js --> ecommerce.nivor.my.id /var/www/smartcity.sija jquery.js
2024.04.04 08:28 B C:\laragon\www\WEBSIOT\koneksi.php --> ecommerce.nivor.my.id /var/www/smartcity.sija koneksi.php
2024.04.04 08:28 B C:\laragon\www\WEBSIOT\load.php --> ecommerce.nivor.my.id /var/www/smartcity.sija load.php
2024.04.04 08:28 B C:\laragon\www\WEBSIOT\loads.php --> ecommerce.nivor.my.id /var/www/smartcity.sija loads.php
2024.04.04 08:28 B C:\laragon\www\WEBSIOT\login.php --> ecommerce.nivor.my.id /var/www/smartcity.sija login.php
2024.04.04 08:28 B C:\laragon\www\WEBSIOT\postdemo.php --> ecommerce.nivor.my.id /var/www/smartcity.sija postdemo.php
2024.04.04 08:28 B C:\laragon\www\WEBSIOT\prepros-6.config --> ecommerce.nivor.my.id /var/www/smartcity.sija prepros-6.config
2024.04.04 08:28 B C:\laragon\www\WEBSIOT\project2.php --> ecommerce.nivor.my.id /var/www/smartcity.sija project2.php
2024.04.04 08:28 B C:\laragon\www\WEBSIOT\register.php --> ecommerce.nivor.my.id /var/www/smartcity.sija register.php
2024.04.04 08:28 B C:\laragon\www\WEBSIOT\services.html --> ecommerce.nivor.my.id /var/www/smartcity.sija services.html
2024.04.04 08:28 B C:\laragon\www\WEBSIOT\smartcity.html --> ecommerce.nivor.my.id /var/www/smartcity.sija smartcity.html
2024.04.04 08:28 B C:\laragon\www\WEBSIOT\smarthome.html --> ecommerce.nivor.my.id /var/www/smartcity.sija smarthome.html
2024.04.04 08:28 B C:\laragon\www\WEBSIOT\project2.php --> ecommerce.nivor.my.id /var/www/smartcity.sija project2.php
2024.04.04 08:28 B C:\laragon\www\WEBSIOT\work.html --> ecommerce.nivor.my.id /var/www/smartcity.sija work.html
2024.04.04 08:28 B C:\laragon\www\WEBSIOT\WS_FTP.LOG --> ecommerce.nivor.my.id /var/www/smartcity.sija WS_FTP.LOG
2024.04.04 12:01 B C:\laragon\www\WEBSIOT\about.html --> ecommerce.nivor.my.id /var/www/smartcity.sija/WEBSIOT about.html
2024.04.04 12:01 B C:\laragon\www\WEBSIOT\about2.html --> ecommerce.nivor.my.id /var/www/smartcity.sija/WEBSIOT about2.html
2024.04.04 12:02 B C:\laragon\www\WEBSIOT\https://smkn6malang.sch.id/ --> ecommerce.nivor.my.id /var/www/smartcity.sija/WEBSIOT https://smkn6malang.sch.id/
2024.04.04 12:02 B C:\laragon\www\WEBSIOT\contact.html --> ecommerce.nivor.my.id /var/www/smartcity.sija/WEBSIOT contact.html
2024.04.04 12:02 B C:\laragon\www\WEBSIOT\contact2.html --> ecommerce.nivor.my.id /var/www/smartcity.sija/WEBSIOT contact2.html
2024.04.04 12:02 B C:\laragon\www\WEBSIOT\dbconfig.php --> ecommerce.nivor.my.id /var/www/smartcity.sija/WEBSIOT dbconfig.php
2024.04.04 12:02 B C:\laragon\www\WEBSIOT\-password.html --> ecommerce.nivor.my.id /var/www/smartcity.sija/WEBSIOT -password.html
2024.04.04 12:02 B C:\laragon\www\WEBSIOT\home.php --> ecommerce.nivor.my.id /var/www/smartcity.sija/WEBSIOT home.php
2024.04.04 12:02 B C:\laragon\www\WEBSIOT\index.html --> ecommerce.nivor.my.id /var/www/smartcity.sija/WEBSIOT index.html
2024.04.04 12:02 B C:\laragon\www\WEBSIOT\index2.css --> ecommerce.nivor.my.id /var/www/smartcity.sija/WEBSIOT index2.css
2024.04.04 12:02 B C:\laragon\www\WEBSIOT\index3.css --> ecommerce.nivor.my.id /var/www/smartcity.sija/WEBSIOT index3.css
2024.04.04 12:02 B C:\laragon\www\WEBSIOT\jquery.js --> ecommerce.nivor.my.id /var/www/smartcity.sija/WEBSIOT jquery.js
2024.04.04 12:02 B C:\laragon\www\WEBSIOT\koneksi.php --> ecommerce.nivor.my.id /var/www/smartcity.sija/WEBSIOT koneksi.php
2024.04.04 12:02 B C:\laragon\www\WEBSIOT\load.php --> ecommerce.nivor.my.id /var/www/smartcity.sija/WEBSIOT load.php
2024.04.04 12:02 B C:\laragon\www\WEBSIOT\loads.php --> ecommerce.nivor.my.id /var/www/smartcity.sija/WEBSIOT loads.php
2024.04.04 12:02 B C:\laragon\www\WEBSIOT\login.php --> ecommerce.nivor.my.id /var/www/smartcity.sija/WEBSIOT login.php
2024.04.04 12:02 B C:\laragon\www\WEBSIOT\postdemo.php --> ecommerce.nivor.my.id /var/www/smartcity.sija/WEBSIOT postdemo.php
2024.04.04 12:02 B C:\laragon\www\WEBSIOT\prepros-6.config --> ecommerce.nivor.my.id /var/www/smartcity.sija/WEBSIOT prepros-6.config
2024.04.04 12:02 B C:\laragon\www\WEBSIOT\project2.php --> ecommerce.nivor.my.id /var/www/smartcity.sija/WEBSIOT project2.php
2024.04.04 12:02 B C:\laragon\www\WEBSIOT\register.php --> ecommerce.nivor.my.id /var/www/smartcity.sija/WEBSIOT register.php
2024.04.04 12:02 B C:\laragon\www\WEBSIOT\services.html --> ecommerce.nivor.my.id /var/www/smartcity.sija/WEBSIOT services.html
2024.04.04 12:02 B C:\laragon\www\WEBSIOT\smartcity.html --> ecommerce.nivor.my.id /var/www/smartcity.sija/WEBSIOT smartcity.html
2024.04.04 12:02 B C:\laragon\www\WEBSIOT\smarthome.html --> ecommerce.nivor.my.id /var/www/smartcity.sija/WEBSIOT smarthome.html
2024.04.04 12:02 B C:\laragon\www\WEBSIOT\project2.php --> ecommerce.nivor.my.id /var/www/smartcity.sija/WEBSIOT project2.php
2024.04.04 12:02 B C:\laragon\www\WEBSIOT\work.html --> ecommerce.nivor.my.id /var/www/smartcity.sija/WEBSIOT work.html
2024.04.04 12:02 B C:\laragon\www\WEBSIOT\WS_FTP.LOG --> ecommerce.nivor.my.id /var/www/smartcity.sija/WEBSIOT WS_FTP.LOG
2024.04.05 09:23 B C:\laragon\www\WEBSIOT\about.html --> ecommerce.nivor.my.id /var/www/smartcity.sija/WEBSIOT about.html
2024.04.05 09:23 B C:\laragon\www\WEBSIOT\about2.html --> ecommerce.nivor.my.id /var/www/smartcity.sija/WEBSIOT about2.html
2024.04.05 09:23 B C:\laragon\www\WEBSIOT\https://smkn6malang.sch.id/ --> ecommerce.nivor.my.id /var/www/smartcity.sija/WEBSIOT https://smkn6malang.sch.id/
2024.04.05 09:23 B C:\laragon\www\WEBSIOT\contact.html --> ecommerce.nivor.my.id /var/www/smartcity.sija/WEBSIOT contact.html
2024.04.05 09:23 B C:\laragon\www\WEBSIOT\contact2.html --> ecommerce.nivor.my.id /var/www/smartcity.sija/WEBSIOT contact2.html
2024.04.05 09:23 B C:\laragon\www\WEBSIOT\dbconfig.php --> ecommerce.nivor.my.id /var/www/smartcity.sija/WEBSIOT dbconfig.php
2024.04.05 09:23 B C:\laragon\www\WEBSIOT\forgot-password.html --> ecommerce.nivor.my.id /var/www/smartcity.sija/WEBSIOT forgot-password.html
2024.04.05 09:23 B C:\laragon\www\WEBSIOT\home.php --> ecommerce.nivor.my.id /var/www/smartcity.sija/WEBSIOT home.php
2024.04.05 09:23 B C:\laragon\www\WEBSIOT\index.html --> ecommerce.nivor.my.id /var/www/smartcity.sija/WEBSIOT index.html
2024.04.05 09:23 B C:\laragon\www\WEBSIOT\index2.css --> ecommerce.nivor.my.id /var/www/smartcity.sija/WEBSIOT index2.css
2024.04.05 09:23 B C:\laragon\www\WEBSIOT\jquery.js --> ecommerce.nivor.my.id /var/www/smartcity.sija/WEBSIOT jquery.js
2024.04.05 09:23 B C:\laragon\www\WEBSIOT\koneksi.php --> ecommerce.nivor.my.id /var/www/smartcity.sija/WEBSIOT koneksi.php
2024.04.05 09:23 B C:\laragon\www\WEBSIOT\load.php --> ecommerce.nivor.my.id /var/www/smartcity.sija/WEBSIOT load.php
2024.04.05 09:23 B C:\laragon\www\WEBSIOT\loads.php --> ecommerce.nivor.my.id /var/www/smartcity.sija/WEBSIOT loads.php
2024.04.05 09:23 B C:\laragon\www\WEBSIOT\login.php --> ecommerce.nivor.my.id /var/www/smartcity.sija/WEBSIOT login.php
2024.04.05 09:23 B C:\laragon\www\WEBSIOT\postdemo.php --> ecommerce.nivor.my.id /var/www/smartcity.sija/WEBSIOT postdemo.php
2024.04.05 09:23 B C:\laragon\www\WEBSIOT\prepros-6.config --> ecommerce.nivor.my.id /var/www/smartcity.sija/WEBSIOT prepros-6.config
2024.04.05 09:23 B C:\laragon\www\WEBSIOT\project2.php --> ecommerce.nivor.my.id /var/www/smartcity.sija/WEBSIOT project2.php
2024.04.05 09:23 B C:\laragon\www\WEBSIOT\register.php --> ecommerce.nivor.my.id /var/www/smartcity.sija/WEBSIOT register.php
2024.04.05 09:23 B C:\laragon\www\WEBSIOT\services.html --> ecommerce.nivor.my.id /var/www/smartcity.sija/WEBSIOT services.html
2024.04.05 09:23 B C:\laragon\www\WEBSIOT\smartcity.html --> ecommerce.nivor.my.id /var/www/smartcity.sija/WEBSIOT smartcity.html
2024.04.05 09:23 B C:\laragon\www\WEBSIOT\smarthome.html --> ecommerce.nivor.my.id /var/www/smartcity.sija/WEBSIOT smarthome.html
2024.04.05 09:23 B C:\laragon\www\WEBSIOT\suhu.php --> ecommerce.nivor.my.id /var/www/smartcity.sija/WEBSIOT suhu.php
2024.04.05 09:23 B C:\laragon\www\WEBSIOT\work.html --> ecommerce.nivor.my.id /var/www/smartcity.sija/WEBSIOT work.html
2024.04.05 09:23 B C:\laragon\www\WEBSIOT\WS_FTP.LOG --> ecommerce.nivor.my.id /var/www/smartcity.sija/WEBSIOT WS_FTP.LOG
2024.04.05 09:32 B C:\laragon\www\WEBSIOT\about.html --> ecommerce.nivor.my.id /var/www/smartcity.sija about.html
2024.04.05 09:32 B C:\laragon\www\WEBSIOT\about2.html --> ecommerce.nivor.my.id /var/www/smartcity.sija about2.html
2024.04.05 09:32 B C:\laragon\www\WEBSIOT\https://smkn6malang.sch.id/ --> ecommerce.nivor.my.id /var/www/smartcity.sija https://smkn6malang.sch.id/
2024.04.05 09:32 B C:\laragon\www\WEBSIOT\contact.html --> ecommerce.nivor.my.id /var/www/smartcity.sija contact.html
2024.04.05 09:32 B C:\laragon\www\WEBSIOT\contact2.html --> ecommerce.nivor.my.id /var/www/smartcity.sija contact2.html
2024.04.05 09:32 B C:\laragon\www\WEBSIOT\dbconfig.php --> ecommerce.nivor.my.id /var/www/smartcity.sija dbconfig.php
2024.04.05 09:32 B C:\laragon\www\WEBSIOT\forgot-password.html --> ecommerce.nivor.my.id /var/www/smartcity.sija forgot-password.html
2024.04.05 09:32 B C:\laragon\www\WEBSIOT\home.php --> ecommerce.nivor.my.id /var/www/smartcity.sija home.php
2024.04.05 09:32 B C:\laragon\www\WEBSIOT\index.html --> ecommerce.nivor.my.id /var/www/smartcity.sija index.html
2024.04.05 09:32 B C:\laragon\www\WEBSIOT\index2.css --> ecommerce.nivor.my.id /var/www/smartcity.sija index2.css
2024.04.05 09:32 B C:\laragon\www\WEBSIOT\jquery.js --> ecommerce.nivor.my.id /var/www/smartcity.sija jquery.js
2024.04.05 09:32 B C:\laragon\www\WEBSIOT\koneksi.php --> ecommerce.nivor.my.id /var/www/smartcity.sija koneksi.php
2024.04.05 09:32 B C:\laragon\www\WEBSIOT\load.php --> ecommerce.nivor.my.id /var/www/smartcity.sija load.php
2024.04.05 09:32 B C:\laragon\www\WEBSIOT\loads.php --> ecommerce.nivor.my.id /var/www/smartcity.sija loads.php
2024.04.05 09:32 B C:\laragon\www\WEBSIOT\login.php --> ecommerce.nivor.my.id /var/www/smartcity.sija login.php
2024.04.05 09:32 B C:\laragon\www\WEBSIOT\postdemo.php --> ecommerce.nivor.my.id /var/www/smartcity.sija postdemo.php
2024.04.05 09:32 B C:\laragon\www\WEBSIOT\prepros-6.config --> ecommerce.nivor.my.id /var/www/smartcity.sija prepros-6.config
2024.04.05 09:32 B C:\laragon\www\WEBSIOT\project2.php --> ecommerce.nivor.my.id /var/www/smartcity.sija project2.php
2024.04.05 09:32 B C:\laragon\www\WEBSIOT\register.php --> ecommerce.nivor.my.id /var/www/smartcity.sija register.php
2024.04.05 09:32 B C:\laragon\www\WEBSIOT\services.html --> ecommerce.nivor.my.id /var/www/smartcity.sija services.html
2024.04.05 09:32 B C:\laragon\www\WEBSIOT\smartcity.html --> ecommerce.nivor.my.id /var/www/smartcity.sija smartcity.html
2024.04.05 09:32 B C:\laragon\www\WEBSIOT\smarthome.html --> ecommerce.nivor.my.id /var/www/smartcity.sija smarthome.html
2024.04.05 09:32 B C:\laragon\www\WEBSIOT\suhu.php --> ecommerce.nivor.my.id /var/www/smartcity.sija suhu.php
2024.04.05 09:32 B C:\laragon\www\WEBSIOT\work.html --> ecommerce.nivor.my.id /var/www/smartcity.sija work.html
2024.04.05 09:32 B C:\laragon\www\WEBSIOT\WS_FTP.LOG --> ecommerce.nivor.my.id /var/www/smartcity.sija WS_FTP.LOG
2024.04.05 09:43 B C:\laragon\www\WEBSIOT\load.php --> ecommerce.nivor.my.id /var/www/smartcity.sija load.php
2024.04.05 09:43 B C:\laragon\www\WEBSIOT\project2.php --> ecommerce.nivor.my.id /var/www/smartcity.sija project2.php
2024.04.05 09:44 B C:\laragon\www\WEBSIOT\load.php --> ecommerce.nivor.my.id /var/www/smartcity.sija load.php
2024.04.05 09:44 B C:\laragon\www\WEBSIOT\project2.php --> ecommerce.nivor.my.id /var/www/smartcity.sija project2.php
2024.04.05 09:46 B C:\laragon\www\WEBSIOT\load.php --> ecommerce.nivor.my.id /var/www/smartcity.sija load.php
2024.04.05 09:46 B C:\laragon\www\WEBSIOT\project2.php --> ecommerce.nivor.my.id /var/www/smartcity.sija project2.php
2024.04.05 09:46 B C:\laragon\www\WEBSIOT\load.php --> ecommerce.nivor.my.id /var/www/smartcity.sija load.php
2024.04.05 09:46 B C:\laragon\www\WEBSIOT\project2.php --> ecommerce.nivor.my.id /var/www/smartcity.sija project2.php
2024.04.05 09:47 B C:\laragon\www\WEBSIOT\load.php --> ecommerce.nivor.my.id /var/www/smartcity.sija load.php
2024.04.05 09:47 B C:\laragon\www\WEBSIOT\project2.php --> ecommerce.nivor.my.id /var/www/smartcity.sija project2.php
2024.04.05 09:48 B C:\laragon\www\WEBSIOT\load.php --> ecommerce.nivor.my.id /var/www/smartcity.sija load.php
2024.04.05 09:48 B C:\laragon\www\WEBSIOT\project2.php --> ecommerce.nivor.my.id /var/www/smartcity.sija project2.php
2024.04.05 09:49 B C:\laragon\www\WEBSIOT\load.php --> ecommerce.nivor.my.id /var/www/smartcity.sija load.php
2024.04.05 09:49 B C:\laragon\www\WEBSIOT\project2.php --> ecommerce.nivor.my.id /var/www/smartcity.sija project2.php
2024.04.05 09:49 B C:\laragon\www\WEBSIOT\load.php --> ecommerce.nivor.my.id /var/www/smartcity.sija load.php
2024.04.05 09:49 B C:\laragon\www\WEBSIOT\project2.php --> ecommerce.nivor.my.id /var/www/smartcity.sija project2.php
2024.04.05 09:50 B C:\laragon\www\WEBSIOT\load.php --> ecommerce.nivor.my.id /var/www/smartcity.sija load.php
2024.04.05 09:50 B C:\laragon\www\WEBSIOT\project2.php --> ecommerce.nivor.my.id /var/www/smartcity.sija project2.php
2024.04.05 09:50 B C:\laragon\www\WEBSIOT\load.php --> ecommerce.nivor.my.id /var/www/smartcity.sija load.php
2024.04.05 09:50 B C:\laragon\www\WEBSIOT\project2.php --> ecommerce.nivor.my.id /var/www/smartcity.sija project2.php
2024.04.05 09:53 B C:\laragon\www\WEBSIOT\load.php --> ecommerce.nivor.my.id /var/www/smartcity.sija load.php
2024.04.05 09:53 B C:\laragon\www\WEBSIOT\project2.php --> ecommerce.nivor.my.id /var/www/smartcity.sija project2.php
2024.04.05 09:54 B C:\laragon\www\WEBSIOT\load.php --> ecommerce.nivor.my.id /var/www/smartcity.sija load.php
2024.04.05 09:54 B C:\laragon\www\WEBSIOT\project2.php --> ecommerce.nivor.my.id /var/www/smartcity.sija project2.php
2024.04.05 09:55 B C:\laragon\www\WEBSIOT\load.php --> ecommerce.nivor.my.id /var/www/smartcity.sija load.php
2024.04.05 09:55 B C:\laragon\www\WEBSIOT\project2.php --> ecommerce.nivor.my.id /var/www/smartcity.sija project2.php
2024.04.05 09:55 B C:\laragon\www\WEBSIOT\load.php --> ecommerce.nivor.my.id /var/www/smartcity.sija load.php
2024.04.05 09:55 B C:\laragon\www\WEBSIOT\project2.php --> ecommerce.nivor.my.id /var/www/smartcity.sija project2.php
2024.04.05 09:55 B C:\laragon\www\WEBSIOT\load.php --> ecommerce.nivor.my.id /var/www/smartcity.sija load.php
2024.04.05 09:55 B C:\laragon\www\WEBSIOT\project2.php --> ecommerce.nivor.my.id /var/www/smartcity.sija project2.php
2024.04.05 09:56 B C:\laragon\www\WEBSIOT\load.php --> ecommerce.nivor.my.id /var/www/smartcity.sija load.php
2024.04.05 09:56 B C:\laragon\www\WEBSIOT\project2.php --> ecommerce.nivor.my.id /var/www/smartcity.sija project2.php
2024.04.05 09:56 B C:\laragon\www\WEBSIOT\load.php --> ecommerce.nivor.my.id /var/www/smartcity.sija load.php
2024.04.05 09:56 B C:\laragon\www\WEBSIOT\project2.php --> ecommerce.nivor.my.id /var/www/smartcity.sija project2.php
2024.04.05 09:57 B C:\laragon\www\WEBSIOT\load.php --> ecommerce.nivor.my.id /var/www/smartcity.sija load.php
2024.04.05 09:57 B C:\laragon\www\WEBSIOT\project2.php --> ecommerce.nivor.my.id /var/www/smartcity.sija project2.php
2024.04.05 09:58 B C:\laragon\www\WEBSIOT\load.php --> ecommerce.nivor.my.id /var/www/smartcity.sija load.php
2024.04.05 09:58 B C:\laragon\www\WEBSIOT\project2.php --> ecommerce.nivor.my.id /var/www/smartcity.sija project2.php
2024.04.05 09:59 B C:\laragon\www\WEBSIOT\load.php --> ecommerce.nivor.my.id /var/www/smartcity.sija load.php
2024.04.05 09:59 B C:\laragon\www\WEBSIOT\project2.php --> ecommerce.nivor.my.id /var/www/smartcity.sija project2.php
2024.04.05 10:01 B C:\laragon\www\WEBSIOT\load.php --> ecommerce.nivor.my.id /var/www/smartcity.sija load.php
2024.04.05 10:01 B C:\laragon\www\WEBSIOT\project2.php --> ecommerce.nivor.my.id /var/www/smartcity.sija project2.php
2024.04.05 10:02 B C:\laragon\www\WEBSIOT\load.php --> ecommerce.nivor.my.id /var/www/smartcity.sija load.php
2024.04.05 10:02 B C:\laragon\www\WEBSIOT\project2.php --> ecommerce.nivor.my.id /var/www/smartcity.sija project2.php
2024.04.05 10:03 B C:\laragon\www\WEBSIOT\load.php --> ecommerce.nivor.my.id /var/www/smartcity.sija load.php
2024.04.05 10:03 B C:\laragon\www\WEBSIOT\project2.php --> ecommerce.nivor.my.id /var/www/smartcity.sija project2.php
2024.04.05 10:03 B C:\laragon\www\WEBSIOT\load.php --> ecommerce.nivor.my.id /var/www/smartcity.sija load.php
2024.04.05 10:03 B C:\laragon\www\WEBSIOT\project2.php --> ecommerce.nivor.my.id /var/www/smartcity.sija project2.php
2024.04.05 10:04 B C:\laragon\www\WEBSIOT\load.php --> ecommerce.nivor.my.id /var/www/smartcity.sija load.php
2024.04.05 10:04 B C:\laragon\www\WEBSIOT\project2.php --> ecommerce.nivor.my.id /var/www/smartcity.sija project2.php
2024.04.05 10:05 B C:\laragon\www\WEBSIOT\load.php --> ecommerce.nivor.my.id /var/www/smartcity.sija load.php
2024.04.05 10:05 B C:\laragon\www\WEBSIOT\project2.php --> ecommerce.nivor.my.id /var/www/smartcity.sija project2.php
2024.04.05 10:05 B C:\laragon\www\WEBSIOT\load.php --> ecommerce.nivor.my.id /var/www/smartcity.sija load.php
2024.04.05 10:05 B C:\laragon\www\WEBSIOT\project2.php --> ecommerce.nivor.my.id /var/www/smartcity.sija project2.php
2024.04.05 10:06 B C:\laragon\www\WEBSIOT\load.php --> ecommerce.nivor.my.id /var/www/smartcity.sija load.php
2024.04.05 10:06 B C:\laragon\www\WEBSIOT\project2.php --> ecommerce.nivor.my.id /var/www/smartcity.sija project2.php
2024.04.05 10:06 B C:\laragon\www\WEBSIOT\load.php --> ecommerce.nivor.my.id /var/www/smartcity.sija load.php
2024.04.05 10:06 B C:\laragon\www\WEBSIOT\project2.php --> ecommerce.nivor.my.id /var/www/smartcity.sija project2.php
2024.04.05 10:22 B C:\laragon\www\WEBSIOT\index.html --> ecommerce.nivor.my.id /var/www/smartcity.sija index.html
2024.04.07 17:15 B C:\laragon\www\WEBSIOT\about.html --> ecommerce.nivor.my.id /var/www/smartcity.sija about.html
2024.04.07 17:15 B C:\laragon\www\WEBSIOT\about2.html --> ecommerce.nivor.my.id /var/www/smartcity.sija about2.html
2024.04.07 17:15 B C:\laragon\www\WEBSIOT\https://smkn6malang.sch.id/ --> ecommerce.nivor.my.id /var/www/smartcity.sija https://smkn6malang.sch.id/
2024.04.07 17:15 B C:\laragon\www\WEBSIOT\contact.html --> ecommerce.nivor.my.id /var/www/smartcity.sija contact.html
2024.04.07 17:15 B C:\laragon\www\WEBSIOT\contact2.html --> ecommerce.nivor.my.id /var/www/smartcity.sija contact2.html
2024.04.07 17:15 B C:\laragon\www\WEBSIOT\dbconfig.php --> ecommerce.nivor.my.id /var/www/smartcity.sija dbconfig.php
2024.04.07 17:15 B C:\laragon\www\WEBSIOT\forgot-password.html --> ecommerce.nivor.my.id /var/www/smartcity.sija forgot-password.html
2024.04.07 17:15 B C:\laragon\www\WEBSIOT\home.php --> ecommerce.nivor.my.id /var/www/smartcity.sija home.php
2024.04.07 17:15 B C:\laragon\www\WEBSIOT\index.html --> ecommerce.nivor.my.id /var/www/smartcity.sija index.html
2024.04.07 17:15 B C:\laragon\www\WEBSIOT\index2.css --> ecommerce.nivor.my.id /var/www/smartcity.sija index2.css
2024.04.07 17:15 B C:\laragon\www\WEBSIOT\jquery.js --> ecommerce.nivor.my.id /var/www/smartcity.sija jquery.js
2024.04.07 17:15 B C:\laragon\www\WEBSIOT\koneksi.php --> ecommerce.nivor.my.id /var/www/smartcity.sija koneksi.php
2024.04.07 17:15 B C:\laragon\www\WEBSIOT\load.php --> ecommerce.nivor.my.id /var/www/smartcity.sija load.php
2024.04.07 17:15 B C:\laragon\www\WEBSIOT\loads.php --> ecommerce.nivor.my.id /var/www/smartcity.sija loads.php
2024.04.07 17:15 B C:\laragon\www\WEBSIOT\login.php --> ecommerce.nivor.my.id /var/www/smartcity.sija login.php
2024.04.07 17:15 B C:\laragon\www\WEBSIOT\postdemo.php --> ecommerce.nivor.my.id /var/www/smartcity.sija postdemo.php
2024.04.07 17:15 B C:\laragon\www\WEBSIOT\prepros-6.config --> ecommerce.nivor.my.id /var/www/smartcity.sija prepros-6.config
2024.04.07 17:15 B C:\laragon\www\WEBSIOT\project2.php --> ecommerce.nivor.my.id /var/www/smartcity.sija project2.php
2024.04.07 17:15 B C:\laragon\www\WEBSIOT\register.php --> ecommerce.nivor.my.id /var/www/smartcity.sija register.php
2024.04.07 17:15 B C:\laragon\www\WEBSIOT\services.html --> ecommerce.nivor.my.id /var/www/smartcity.sija services.html
2024.04.07 17:15 B C:\laragon\www\WEBSIOT\smartcity.html --> ecommerce.nivor.my.id /var/www/smartcity.sija smartcity.html
2024.04.07 17:15 B C:\laragon\www\WEBSIOT\smarthome.html --> ecommerce.nivor.my.id /var/www/smartcity.sija smarthome.html
2024.04.07 17:15 B C:\laragon\www\WEBSIOT\suhu.php --> ecommerce.nivor.my.id /var/www/smartcity.sija suhu.php
2024.04.07 17:15 B C:\laragon\www\WEBSIOT\WS_FTP.LOG --> ecommerce.nivor.my.id /var/www/smartcity.sija WS_FTP.LOG
2024.04.18 07:23 B C:\laragon\www\WEBSIOT\about.html --> ecommerce.nivor.my.id /var/www/smartcity.sija about.html
2024.04.18 07:23 B C:\laragon\www\WEBSIOT\about2.html --> ecommerce.nivor.my.id /var/www/smartcity.sija about2.html
2024.04.18 07:23 B C:\laragon\www\WEBSIOT\https://smkn6malang.sch.id/ --> ecommerce.nivor.my.id /var/www/smartcity.sija https://smkn6malang.sch.id/
2024.04.18 07:23 B C:\laragon\www\WEBSIOT\contact.html --> ecommerce.nivor.my.id /var/www/smartcity.sija contact.html
2024.04.18 07:23 B C:\laragon\www\WEBSIOT\contact2.html --> ecommerce.nivor.my.id /var/www/smartcity.sija contact2.html
2024.04.18 07:23 B C:\laragon\www\WEBSIOT\dbconfig.php --> ecommerce.nivor.my.id /var/www/smartcity.sija dbconfig.php
2024.04.18 07:23 B C:\laragon\www\WEBSIOT\forgot-password.html --> ecommerce.nivor.my.id /var/www/smartcity.sija forgot-password.html
2024.04.18 07:23 B C:\laragon\www\WEBSIOT\home.php --> ecommerce.nivor.my.id /var/www/smartcity.sija home.php
2024.04.18 07:23 B C:\laragon\www\WEBSIOT\index.html --> ecommerce.nivor.my.id /var/www/smartcity.sija index.html
2024.04.18 07:23 B C:\laragon\www\WEBSIOT\index2.css --> ecommerce.nivor.my.id /var/www/smartcity.sija index2.css
2024.04.18 07:23 B C:\laragon\www\WEBSIOT\jquery.js --> ecommerce.nivor.my.id /var/www/smartcity.sija jquery.js
2024.04.18 07:23 B C:\laragon\www\WEBSIOT\koneksi.php --> ecommerce.nivor.my.id /var/www/smartcity.sija koneksi.php
2024.04.18 07:23 B C:\laragon\www\WEBSIOT\load.php --> ecommerce.nivor.my.id /var/www/smartcity.sija load.php
2024.04.18 07:23 B C:\laragon\www\WEBSIOT\loads.php --> ecommerce.nivor.my.id /var/www/smartcity.sija loads.php
2024.04.18 07:23 B C:\laragon\www\WEBSIOT\login.php --> ecommerce.nivor.my.id /var/www/smartcity.sija login.php
2024.04.18 07:23 B C:\laragon\www\WEBSIOT\postdemo.php --> ecommerce.nivor.my.id /var/www/smartcity.sija postdemo.php
2024.04.18 07:23 B C:\laragon\www\WEBSIOT\prepros-6.config --> ecommerce.nivor.my.id /var/www/smartcity.sija prepros-6.config
2024.04.18 07:23 B C:\laragon\www\WEBSIOT\project2.php --> ecommerce.nivor.my.id /var/www/smartcity.sija project2.php
2024.04.18 07:23 B C:\laragon\www\WEBSIOT\register.php --> ecommerce.nivor.my.id /var/www/smartcity.sija register.php
2024.04.18 07:23 B C:\laragon\www\WEBSIOT\services.html --> ecommerce.nivor.my.id /var/www/smartcity.sija services.html
2024.04.18 07:23 B C:\laragon\www\WEBSIOT\smartcity.html --> ecommerce.nivor.my.id /var/www/smartcity.sija smartcity.html
2024.04.18 07:23 B C:\laragon\www\WEBSIOT\smarthome.html --> ecommerce.nivor.my.id /var/www/smartcity.sija smarthome.html
2024.04.18 07:23 B C:\laragon\www\WEBSIOT\suhu.php --> ecommerce.nivor.my.id /var/www/smartcity.sija suhu.php
2024.04.18 07:23 B C:\laragon\www\WEBSIOT\WS_FTP.LOG --> ecommerce.nivor.my.id /var/www/smartcity.sija WS_FTP.LOG
2024.05.17 13:13 B C:\laragon\www\WEBSIOT_ADMIN\WS_FTP.LOG <-- Caevan /var/www/smartcity.sija/WEBSIOT_ADMIN WS_FTP.LOG
