2024.02.09 22:13 B C:\laragon\www\eyetemp\icon\static\cloudy-day-1.svg --> saas.nivor.my.id /var/www/saas.nivor/eyetemp/icon/static cloudy-day-1.svg
2024.02.09 22:13 B C:\laragon\www\eyetemp\icon\static\cloudy-day-2.svg --> saas.nivor.my.id /var/www/saas.nivor/eyetemp/icon/static cloudy-day-2.svg
2024.02.09 22:13 B C:\laragon\www\eyetemp\icon\static\cloudy-day-3.svg --> saas.nivor.my.id /var/www/saas.nivor/eyetemp/icon/static cloudy-day-3.svg
2024.02.09 22:13 B C:\laragon\www\eyetemp\icon\static\cloudy-night-1.svg --> saas.nivor.my.id /var/www/saas.nivor/eyetemp/icon/static cloudy-night-1.svg
2024.02.09 22:13 B C:\laragon\www\eyetemp\icon\static\cloudy-night-2.svg --> saas.nivor.my.id /var/www/saas.nivor/eyetemp/icon/static cloudy-night-2.svg
2024.02.09 22:13 B C:\laragon\www\eyetemp\icon\static\cloudy-night-3.svg --> saas.nivor.my.id /var/www/saas.nivor/eyetemp/icon/static cloudy-night-3.svg
2024.02.09 22:13 B C:\laragon\www\eyetemp\icon\static\cloudy.svg --> saas.nivor.my.id /var/www/saas.nivor/eyetemp/icon/static cloudy.svg
2024.02.09 22:13 B C:\laragon\www\eyetemp\icon\static\day.svg --> saas.nivor.my.id /var/www/saas.nivor/eyetemp/icon/static day.svg
2024.02.09 22:13 B C:\laragon\www\eyetemp\icon\static\night.svg --> saas.nivor.my.id /var/www/saas.nivor/eyetemp/icon/static night.svg
2024.02.09 22:13 B C:\laragon\www\eyetemp\icon\static\rainy-1.svg --> saas.nivor.my.id /var/www/saas.nivor/eyetemp/icon/static rainy-1.svg
2024.02.09 22:13 B C:\laragon\www\eyetemp\icon\static\rainy-2.svg --> saas.nivor.my.id /var/www/saas.nivor/eyetemp/icon/static rainy-2.svg
2024.02.09 22:14 B C:\laragon\www\eyetemp\icon\static\rainy-3.svg --> saas.nivor.my.id /var/www/saas.nivor/eyetemp/icon/static rainy-3.svg
2024.02.09 22:14 B C:\laragon\www\eyetemp\icon\static\rainy-4.svg --> saas.nivor.my.id /var/www/saas.nivor/eyetemp/icon/static rainy-4.svg
2024.02.09 22:14 B C:\laragon\www\eyetemp\icon\static\rainy-5.svg --> saas.nivor.my.id /var/www/saas.nivor/eyetemp/icon/static rainy-5.svg
2024.02.09 22:14 B C:\laragon\www\eyetemp\icon\static\rainy-6.svg --> saas.nivor.my.id /var/www/saas.nivor/eyetemp/icon/static rainy-6.svg
2024.02.09 22:14 B C:\laragon\www\eyetemp\icon\static\rainy-7.svg --> saas.nivor.my.id /var/www/saas.nivor/eyetemp/icon/static rainy-7.svg
2024.02.09 22:14 B C:\laragon\www\eyetemp\icon\static\snowy-1.svg --> saas.nivor.my.id /var/www/saas.nivor/eyetemp/icon/static snowy-1.svg
2024.02.09 22:14 B C:\laragon\www\eyetemp\icon\static\snowy-2.svg --> saas.nivor.my.id /var/www/saas.nivor/eyetemp/icon/static snowy-2.svg
2024.02.09 22:14 B C:\laragon\www\eyetemp\icon\static\snowy-3.svg --> saas.nivor.my.id /var/www/saas.nivor/eyetemp/icon/static snowy-3.svg
2024.02.09 22:14 B C:\laragon\www\eyetemp\icon\static\snowy-4.svg --> saas.nivor.my.id /var/www/saas.nivor/eyetemp/icon/static snowy-4.svg
2024.02.09 22:14 B C:\laragon\www\eyetemp\icon\static\snowy-5.svg --> saas.nivor.my.id /var/www/saas.nivor/eyetemp/icon/static snowy-5.svg
2024.02.09 22:14 B C:\laragon\www\eyetemp\icon\static\snowy-6.svg --> saas.nivor.my.id /var/www/saas.nivor/eyetemp/icon/static snowy-6.svg
2024.02.09 22:14 B C:\laragon\www\eyetemp\icon\static\thunder.svg --> saas.nivor.my.id /var/www/saas.nivor/eyetemp/icon/static thunder.svg
2024.02.09 22:14 B C:\laragon\www\eyetemp\icon\static\weather-sprite.svg --> saas.nivor.my.id /var/www/saas.nivor/eyetemp/icon/static weather-sprite.svg
2024.02.09 22:14 B C:\laragon\www\eyetemp\icon\static\weather.svg --> saas.nivor.my.id /var/www/saas.nivor/eyetemp/icon/static weather.svg
2024.02.09 22:14 B C:\laragon\www\eyetemp\icon\static\weather_sagittarius.svg --> saas.nivor.my.id /var/www/saas.nivor/eyetemp/icon/static weather_sagittarius.svg
2024.02.09 22:14 B C:\laragon\www\eyetemp\icon\static\weather_sunset.svg --> saas.nivor.my.id /var/www/saas.nivor/eyetemp/icon/static weather_sunset.svg
2024.02.09 22:16 B C:\laragon\www\eyetemp\icon\static\cloudy-day-1.svg --> saas.nivor.my.id /var/www/saas.nivor/icon/static cloudy-day-1.svg
2024.02.09 22:16 B C:\laragon\www\eyetemp\icon\static\cloudy-day-2.svg --> saas.nivor.my.id /var/www/saas.nivor/icon/static cloudy-day-2.svg
2024.02.09 22:16 B C:\laragon\www\eyetemp\icon\static\cloudy-day-3.svg --> saas.nivor.my.id /var/www/saas.nivor/icon/static cloudy-day-3.svg
2024.02.09 22:16 B C:\laragon\www\eyetemp\icon\static\cloudy-night-1.svg --> saas.nivor.my.id /var/www/saas.nivor/icon/static cloudy-night-1.svg
2024.02.09 22:16 B C:\laragon\www\eyetemp\icon\static\cloudy-night-2.svg --> saas.nivor.my.id /var/www/saas.nivor/icon/static cloudy-night-2.svg
2024.02.09 22:16 B C:\laragon\www\eyetemp\icon\static\cloudy-night-3.svg --> saas.nivor.my.id /var/www/saas.nivor/icon/static cloudy-night-3.svg
2024.02.09 22:16 B C:\laragon\www\eyetemp\icon\static\cloudy.svg --> saas.nivor.my.id /var/www/saas.nivor/icon/static cloudy.svg
2024.02.09 22:16 B C:\laragon\www\eyetemp\icon\static\day.svg --> saas.nivor.my.id /var/www/saas.nivor/icon/static day.svg
2024.02.09 22:16 B C:\laragon\www\eyetemp\icon\static\night.svg --> saas.nivor.my.id /var/www/saas.nivor/icon/static night.svg
2024.02.09 22:16 B C:\laragon\www\eyetemp\icon\static\rainy-1.svg --> saas.nivor.my.id /var/www/saas.nivor/icon/static rainy-1.svg
2024.02.09 22:16 B C:\laragon\www\eyetemp\icon\static\rainy-2.svg --> saas.nivor.my.id /var/www/saas.nivor/icon/static rainy-2.svg
2024.02.09 22:16 B C:\laragon\www\eyetemp\icon\static\rainy-3.svg --> saas.nivor.my.id /var/www/saas.nivor/icon/static rainy-3.svg
2024.02.09 22:16 B C:\laragon\www\eyetemp\icon\static\rainy-4.svg --> saas.nivor.my.id /var/www/saas.nivor/icon/static rainy-4.svg
2024.02.09 22:16 B C:\laragon\www\eyetemp\icon\static\rainy-5.svg --> saas.nivor.my.id /var/www/saas.nivor/icon/static rainy-5.svg
2024.02.09 22:16 B C:\laragon\www\eyetemp\icon\static\rainy-6.svg --> saas.nivor.my.id /var/www/saas.nivor/icon/static rainy-6.svg
2024.02.09 22:16 B C:\laragon\www\eyetemp\icon\static\rainy-7.svg --> saas.nivor.my.id /var/www/saas.nivor/icon/static rainy-7.svg
2024.02.09 22:16 B C:\laragon\www\eyetemp\icon\static\snowy-1.svg --> saas.nivor.my.id /var/www/saas.nivor/icon/static snowy-1.svg
2024.02.09 22:16 B C:\laragon\www\eyetemp\icon\static\snowy-2.svg --> saas.nivor.my.id /var/www/saas.nivor/icon/static snowy-2.svg
2024.02.09 22:16 B C:\laragon\www\eyetemp\icon\static\snowy-3.svg --> saas.nivor.my.id /var/www/saas.nivor/icon/static snowy-3.svg
2024.02.09 22:16 B C:\laragon\www\eyetemp\icon\static\snowy-4.svg --> saas.nivor.my.id /var/www/saas.nivor/icon/static snowy-4.svg
2024.02.09 22:16 B C:\laragon\www\eyetemp\icon\static\snowy-5.svg --> saas.nivor.my.id /var/www/saas.nivor/icon/static snowy-5.svg
2024.02.09 22:16 B C:\laragon\www\eyetemp\icon\static\snowy-6.svg --> saas.nivor.my.id /var/www/saas.nivor/icon/static snowy-6.svg
2024.02.09 22:16 B C:\laragon\www\eyetemp\icon\static\thunder.svg --> saas.nivor.my.id /var/www/saas.nivor/icon/static thunder.svg
2024.02.09 22:16 B C:\laragon\www\eyetemp\icon\static\weather-sprite.svg --> saas.nivor.my.id /var/www/saas.nivor/icon/static weather-sprite.svg
2024.02.09 22:16 B C:\laragon\www\eyetemp\icon\static\weather.svg --> saas.nivor.my.id /var/www/saas.nivor/icon/static weather.svg
2024.02.09 22:16 B C:\laragon\www\eyetemp\icon\static\weather_sagittarius.svg --> saas.nivor.my.id /var/www/saas.nivor/icon/static weather_sagittarius.svg
2024.02.09 22:16 B C:\laragon\www\eyetemp\icon\static\weather_sunset.svg --> saas.nivor.my.id /var/www/saas.nivor/icon/static weather_sunset.svg
2024.02.09 22:16 B C:\laragon\www\eyetemp\icon\static\WS_FTP.LOG --> saas.nivor.my.id /var/www/saas.nivor/icon/static WS_FTP.LOG
2024.03.18 10:42 B C:\laragon\www\eyetemp\icon\static\cloudy-day-1.svg --> saas.nivor.my.id /var/www/siot.nivor/icon/static cloudy-day-1.svg
2024.03.18 10:42 B C:\laragon\www\eyetemp\icon\static\cloudy-day-2.svg --> saas.nivor.my.id /var/www/siot.nivor/icon/static cloudy-day-2.svg
2024.03.18 10:42 B C:\laragon\www\eyetemp\icon\static\cloudy-day-3.svg --> saas.nivor.my.id /var/www/siot.nivor/icon/static cloudy-day-3.svg
2024.03.18 10:42 B C:\laragon\www\eyetemp\icon\static\cloudy-night-1.svg --> saas.nivor.my.id /var/www/siot.nivor/icon/static cloudy-night-1.svg
2024.03.18 10:42 B C:\laragon\www\eyetemp\icon\static\cloudy-night-2.svg --> saas.nivor.my.id /var/www/siot.nivor/icon/static cloudy-night-2.svg
2024.03.18 10:42 B C:\laragon\www\eyetemp\icon\static\cloudy-night-3.svg --> saas.nivor.my.id /var/www/siot.nivor/icon/static cloudy-night-3.svg
2024.03.18 10:42 B C:\laragon\www\eyetemp\icon\static\cloudy.svg --> saas.nivor.my.id /var/www/siot.nivor/icon/static cloudy.svg
2024.03.18 10:42 B C:\laragon\www\eyetemp\icon\static\day.svg --> saas.nivor.my.id /var/www/siot.nivor/icon/static day.svg
2024.03.18 10:42 B C:\laragon\www\eyetemp\icon\static\night.svg --> saas.nivor.my.id /var/www/siot.nivor/icon/static night.svg
2024.03.18 10:42 B C:\laragon\www\eyetemp\icon\static\rainy-1.svg --> saas.nivor.my.id /var/www/siot.nivor/icon/static rainy-1.svg
2024.03.18 10:42 B C:\laragon\www\eyetemp\icon\static\rainy-2.svg --> saas.nivor.my.id /var/www/siot.nivor/icon/static rainy-2.svg
2024.03.18 10:42 B C:\laragon\www\eyetemp\icon\static\rainy-3.svg --> saas.nivor.my.id /var/www/siot.nivor/icon/static rainy-3.svg
2024.03.18 10:42 B C:\laragon\www\eyetemp\icon\static\rainy-4.svg --> saas.nivor.my.id /var/www/siot.nivor/icon/static rainy-4.svg
2024.03.18 10:42 B C:\laragon\www\eyetemp\icon\static\rainy-5.svg --> saas.nivor.my.id /var/www/siot.nivor/icon/static rainy-5.svg
2024.03.18 10:42 B C:\laragon\www\eyetemp\icon\static\rainy-6.svg --> saas.nivor.my.id /var/www/siot.nivor/icon/static rainy-6.svg
2024.03.18 10:42 B C:\laragon\www\eyetemp\icon\static\rainy-7.svg --> saas.nivor.my.id /var/www/siot.nivor/icon/static rainy-7.svg
2024.03.18 10:42 B C:\laragon\www\eyetemp\icon\static\snowy-1.svg --> saas.nivor.my.id /var/www/siot.nivor/icon/static snowy-1.svg
2024.03.18 10:42 B C:\laragon\www\eyetemp\icon\static\snowy-2.svg --> saas.nivor.my.id /var/www/siot.nivor/icon/static snowy-2.svg
2024.03.18 10:42 B C:\laragon\www\eyetemp\icon\static\snowy-3.svg --> saas.nivor.my.id /var/www/siot.nivor/icon/static snowy-3.svg
2024.03.18 10:42 B C:\laragon\www\eyetemp\icon\static\snowy-4.svg --> saas.nivor.my.id /var/www/siot.nivor/icon/static snowy-4.svg
2024.03.18 10:42 B C:\laragon\www\eyetemp\icon\static\snowy-5.svg --> saas.nivor.my.id /var/www/siot.nivor/icon/static snowy-5.svg
2024.03.18 10:42 B C:\laragon\www\eyetemp\icon\static\snowy-6.svg --> saas.nivor.my.id /var/www/siot.nivor/icon/static snowy-6.svg
2024.03.18 10:42 B C:\laragon\www\eyetemp\icon\static\thunder.svg --> saas.nivor.my.id /var/www/siot.nivor/icon/static thunder.svg
2024.03.18 10:42 B C:\laragon\www\eyetemp\icon\static\weather-sprite.svg --> saas.nivor.my.id /var/www/siot.nivor/icon/static weather-sprite.svg
2024.03.18 10:42 B C:\laragon\www\eyetemp\icon\static\weather.svg --> saas.nivor.my.id /var/www/siot.nivor/icon/static weather.svg
2024.03.18 10:42 B C:\laragon\www\eyetemp\icon\static\weather_sagittarius.svg --> saas.nivor.my.id /var/www/siot.nivor/icon/static weather_sagittarius.svg
2024.03.18 10:42 B C:\laragon\www\eyetemp\icon\static\weather_sunset.svg --> saas.nivor.my.id /var/www/siot.nivor/icon/static weather_sunset.svg
2024.04.03 07:31 B C:\siot.nivor\siot.nivor\icon\static\WS_FTP.LOG <-- Ipswitch /var/www/siot.nivor/icon/static WS_FTP.LOG
2024.04.03 08:42 B C:\laragon\www\WEBSIOT\icon\static\cloudy-day-1.svg --> ecommerce.nivor.my.id /var/www/smartcity.sija/WEBSIOT/icon/static cloudy-day-1.svg
2024.04.03 08:42 B C:\laragon\www\WEBSIOT\icon\static\cloudy-day-2.svg --> ecommerce.nivor.my.id /var/www/smartcity.sija/WEBSIOT/icon/static cloudy-day-2.svg
2024.04.03 08:42 B C:\laragon\www\WEBSIOT\icon\static\cloudy-day-3.svg --> ecommerce.nivor.my.id /var/www/smartcity.sija/WEBSIOT/icon/static cloudy-day-3.svg
2024.04.03 08:42 B C:\laragon\www\WEBSIOT\icon\static\cloudy-night-1.svg --> ecommerce.nivor.my.id /var/www/smartcity.sija/WEBSIOT/icon/static cloudy-night-1.svg
2024.04.03 08:42 B C:\laragon\www\WEBSIOT\icon\static\cloudy-night-2.svg --> ecommerce.nivor.my.id /var/www/smartcity.sija/WEBSIOT/icon/static cloudy-night-2.svg
2024.04.03 08:42 B C:\laragon\www\WEBSIOT\icon\static\cloudy-night-3.svg --> ecommerce.nivor.my.id /var/www/smartcity.sija/WEBSIOT/icon/static cloudy-night-3.svg
2024.04.03 08:42 B C:\laragon\www\WEBSIOT\icon\static\cloudy.svg --> ecommerce.nivor.my.id /var/www/smartcity.sija/WEBSIOT/icon/static cloudy.svg
2024.04.03 08:42 B C:\laragon\www\WEBSIOT\icon\static\day.svg --> ecommerce.nivor.my.id /var/www/smartcity.sija/WEBSIOT/icon/static day.svg
2024.04.03 08:42 B C:\laragon\www\WEBSIOT\icon\static\night.svg --> ecommerce.nivor.my.id /var/www/smartcity.sija/WEBSIOT/icon/static night.svg
2024.04.03 08:42 B C:\laragon\www\WEBSIOT\icon\static\rainy-1.svg --> ecommerce.nivor.my.id /var/www/smartcity.sija/WEBSIOT/icon/static rainy-1.svg
2024.04.03 08:42 B C:\laragon\www\WEBSIOT\icon\static\rainy-2.svg --> ecommerce.nivor.my.id /var/www/smartcity.sija/WEBSIOT/icon/static rainy-2.svg
2024.04.03 08:42 B C:\laragon\www\WEBSIOT\icon\static\rainy-3.svg --> ecommerce.nivor.my.id /var/www/smartcity.sija/WEBSIOT/icon/static rainy-3.svg
2024.04.03 08:42 B C:\laragon\www\WEBSIOT\icon\static\rainy-4.svg --> ecommerce.nivor.my.id /var/www/smartcity.sija/WEBSIOT/icon/static rainy-4.svg
2024.04.03 08:42 B C:\laragon\www\WEBSIOT\icon\static\rainy-5.svg --> ecommerce.nivor.my.id /var/www/smartcity.sija/WEBSIOT/icon/static rainy-5.svg
2024.04.03 08:42 B C:\laragon\www\WEBSIOT\icon\static\rainy-6.svg --> ecommerce.nivor.my.id /var/www/smartcity.sija/WEBSIOT/icon/static rainy-6.svg
2024.04.03 08:42 B C:\laragon\www\WEBSIOT\icon\static\rainy-7.svg --> ecommerce.nivor.my.id /var/www/smartcity.sija/WEBSIOT/icon/static rainy-7.svg
2024.04.03 08:42 B C:\laragon\www\WEBSIOT\icon\static\snowy-1.svg --> ecommerce.nivor.my.id /var/www/smartcity.sija/WEBSIOT/icon/static snowy-1.svg
2024.04.03 08:42 B C:\laragon\www\WEBSIOT\icon\static\snowy-2.svg --> ecommerce.nivor.my.id /var/www/smartcity.sija/WEBSIOT/icon/static snowy-2.svg
2024.04.03 08:43 B C:\laragon\www\WEBSIOT\icon\static\snowy-3.svg --> ecommerce.nivor.my.id /var/www/smartcity.sija/WEBSIOT/icon/static snowy-3.svg
2024.04.03 08:43 B C:\laragon\www\WEBSIOT\icon\static\snowy-4.svg --> ecommerce.nivor.my.id /var/www/smartcity.sija/WEBSIOT/icon/static snowy-4.svg
2024.04.03 08:43 B C:\laragon\www\WEBSIOT\icon\static\snowy-5.svg --> ecommerce.nivor.my.id /var/www/smartcity.sija/WEBSIOT/icon/static snowy-5.svg
2024.04.03 08:43 B C:\laragon\www\WEBSIOT\icon\static\snowy-6.svg --> ecommerce.nivor.my.id /var/www/smartcity.sija/WEBSIOT/icon/static snowy-6.svg
2024.04.03 08:43 B C:\laragon\www\WEBSIOT\icon\static\thunder.svg --> ecommerce.nivor.my.id /var/www/smartcity.sija/WEBSIOT/icon/static thunder.svg
2024.04.03 08:43 B C:\laragon\www\WEBSIOT\icon\static\weather-sprite.svg --> ecommerce.nivor.my.id /var/www/smartcity.sija/WEBSIOT/icon/static weather-sprite.svg
2024.04.03 08:43 B C:\laragon\www\WEBSIOT\icon\static\weather.svg --> ecommerce.nivor.my.id /var/www/smartcity.sija/WEBSIOT/icon/static weather.svg
2024.04.03 08:43 B C:\laragon\www\WEBSIOT\icon\static\weather_sagittarius.svg --> ecommerce.nivor.my.id /var/www/smartcity.sija/WEBSIOT/icon/static weather_sagittarius.svg
2024.04.03 08:43 B C:\laragon\www\WEBSIOT\icon\static\weather_sunset.svg --> ecommerce.nivor.my.id /var/www/smartcity.sija/WEBSIOT/icon/static weather_sunset.svg
2024.04.03 08:43 B C:\laragon\www\WEBSIOT\icon\static\WS_FTP.LOG --> ecommerce.nivor.my.id /var/www/smartcity.sija/WEBSIOT/icon/static WS_FTP.LOG
2024.04.03 09:10 B C:\laragon\www\WEBSIOT\icon\static\cloudy-day-1.svg --> ecommerce.nivor.my.id /var/www/smartcity.sija/icon/static cloudy-day-1.svg
2024.04.03 09:10 B C:\laragon\www\WEBSIOT\icon\static\cloudy-day-2.svg --> ecommerce.nivor.my.id /var/www/smartcity.sija/icon/static cloudy-day-2.svg
2024.04.03 09:10 B C:\laragon\www\WEBSIOT\icon\static\cloudy-day-3.svg --> ecommerce.nivor.my.id /var/www/smartcity.sija/icon/static cloudy-day-3.svg
2024.04.03 09:10 B C:\laragon\www\WEBSIOT\icon\static\cloudy-night-1.svg --> ecommerce.nivor.my.id /var/www/smartcity.sija/icon/static cloudy-night-1.svg
2024.04.03 09:10 B C:\laragon\www\WEBSIOT\icon\static\cloudy-night-2.svg --> ecommerce.nivor.my.id /var/www/smartcity.sija/icon/static cloudy-night-2.svg
2024.04.03 09:10 B C:\laragon\www\WEBSIOT\icon\static\cloudy-night-3.svg --> ecommerce.nivor.my.id /var/www/smartcity.sija/icon/static cloudy-night-3.svg
2024.04.03 09:10 B C:\laragon\www\WEBSIOT\icon\static\cloudy.svg --> ecommerce.nivor.my.id /var/www/smartcity.sija/icon/static cloudy.svg
2024.04.03 09:10 B C:\laragon\www\WEBSIOT\icon\static\day.svg --> ecommerce.nivor.my.id /var/www/smartcity.sija/icon/static day.svg
2024.04.03 09:10 B C:\laragon\www\WEBSIOT\icon\static\night.svg --> ecommerce.nivor.my.id /var/www/smartcity.sija/icon/static night.svg
2024.04.03 09:10 B C:\laragon\www\WEBSIOT\icon\static\rainy-1.svg --> ecommerce.nivor.my.id /var/www/smartcity.sija/icon/static rainy-1.svg
2024.04.03 09:10 B C:\laragon\www\WEBSIOT\icon\static\rainy-2.svg --> ecommerce.nivor.my.id /var/www/smartcity.sija/icon/static rainy-2.svg
2024.04.03 09:10 B C:\laragon\www\WEBSIOT\icon\static\rainy-3.svg --> ecommerce.nivor.my.id /var/www/smartcity.sija/icon/static rainy-3.svg
2024.04.03 09:10 B C:\laragon\www\WEBSIOT\icon\static\rainy-4.svg --> ecommerce.nivor.my.id /var/www/smartcity.sija/icon/static rainy-4.svg
2024.04.03 09:10 B C:\laragon\www\WEBSIOT\icon\static\rainy-5.svg --> ecommerce.nivor.my.id /var/www/smartcity.sija/icon/static rainy-5.svg
2024.04.03 09:10 B C:\laragon\www\WEBSIOT\icon\static\rainy-6.svg --> ecommerce.nivor.my.id /var/www/smartcity.sija/icon/static rainy-6.svg
2024.04.03 09:10 B C:\laragon\www\WEBSIOT\icon\static\rainy-7.svg --> ecommerce.nivor.my.id /var/www/smartcity.sija/icon/static rainy-7.svg
2024.04.03 09:10 B C:\laragon\www\WEBSIOT\icon\static\snowy-1.svg --> ecommerce.nivor.my.id /var/www/smartcity.sija/icon/static snowy-1.svg
2024.04.03 09:10 B C:\laragon\www\WEBSIOT\icon\static\snowy-2.svg --> ecommerce.nivor.my.id /var/www/smartcity.sija/icon/static snowy-2.svg
2024.04.03 09:10 B C:\laragon\www\WEBSIOT\icon\static\snowy-3.svg --> ecommerce.nivor.my.id /var/www/smartcity.sija/icon/static snowy-3.svg
2024.04.03 09:10 B C:\laragon\www\WEBSIOT\icon\static\snowy-4.svg --> ecommerce.nivor.my.id /var/www/smartcity.sija/icon/static snowy-4.svg
2024.04.03 09:10 B C:\laragon\www\WEBSIOT\icon\static\snowy-5.svg --> ecommerce.nivor.my.id /var/www/smartcity.sija/icon/static snowy-5.svg
2024.04.03 09:10 B C:\laragon\www\WEBSIOT\icon\static\snowy-6.svg --> ecommerce.nivor.my.id /var/www/smartcity.sija/icon/static snowy-6.svg
2024.04.03 09:10 B C:\laragon\www\WEBSIOT\icon\static\thunder.svg --> ecommerce.nivor.my.id /var/www/smartcity.sija/icon/static thunder.svg
2024.04.03 09:10 B C:\laragon\www\WEBSIOT\icon\static\weather-sprite.svg --> ecommerce.nivor.my.id /var/www/smartcity.sija/icon/static weather-sprite.svg
2024.04.03 09:10 B C:\laragon\www\WEBSIOT\icon\static\weather.svg --> ecommerce.nivor.my.id /var/www/smartcity.sija/icon/static weather.svg
2024.04.03 09:10 B C:\laragon\www\WEBSIOT\icon\static\weather_sagittarius.svg --> ecommerce.nivor.my.id /var/www/smartcity.sija/icon/static weather_sagittarius.svg
2024.04.03 09:10 B C:\laragon\www\WEBSIOT\icon\static\weather_sunset.svg --> ecommerce.nivor.my.id /var/www/smartcity.sija/icon/static weather_sunset.svg
2024.04.03 09:10 B C:\laragon\www\WEBSIOT\icon\static\WS_FTP.LOG --> ecommerce.nivor.my.id /var/www/smartcity.sija/icon/static WS_FTP.LOG
2024.04.04 08:22 B C:\laragon\www\WEBSIOT\icon\static\cloudy-day-1.svg --> ecommerce.nivor.my.id /var/www/smartcity.sija/icon/static cloudy-day-1.svg
2024.04.04 08:22 B C:\laragon\www\WEBSIOT\icon\static\cloudy-day-2.svg --> ecommerce.nivor.my.id /var/www/smartcity.sija/icon/static cloudy-day-2.svg
2024.04.04 08:22 B C:\laragon\www\WEBSIOT\icon\static\cloudy-day-3.svg --> ecommerce.nivor.my.id /var/www/smartcity.sija/icon/static cloudy-day-3.svg
2024.04.04 08:22 B C:\laragon\www\WEBSIOT\icon\static\cloudy-night-1.svg --> ecommerce.nivor.my.id /var/www/smartcity.sija/icon/static cloudy-night-1.svg
2024.04.04 08:22 B C:\laragon\www\WEBSIOT\icon\static\cloudy-night-2.svg --> ecommerce.nivor.my.id /var/www/smartcity.sija/icon/static cloudy-night-2.svg
2024.04.04 08:22 B C:\laragon\www\WEBSIOT\icon\static\cloudy-night-3.svg --> ecommerce.nivor.my.id /var/www/smartcity.sija/icon/static cloudy-night-3.svg
2024.04.04 08:22 B C:\laragon\www\WEBSIOT\icon\static\cloudy.svg --> ecommerce.nivor.my.id /var/www/smartcity.sija/icon/static cloudy.svg
2024.04.04 08:22 B C:\laragon\www\WEBSIOT\icon\static\day.svg --> ecommerce.nivor.my.id /var/www/smartcity.sija/icon/static day.svg
2024.04.04 08:22 B C:\laragon\www\WEBSIOT\icon\static\night.svg --> ecommerce.nivor.my.id /var/www/smartcity.sija/icon/static night.svg
2024.04.04 08:22 B C:\laragon\www\WEBSIOT\icon\static\rainy-1.svg --> ecommerce.nivor.my.id /var/www/smartcity.sija/icon/static rainy-1.svg
2024.04.04 08:22 B C:\laragon\www\WEBSIOT\icon\static\rainy-2.svg --> ecommerce.nivor.my.id /var/www/smartcity.sija/icon/static rainy-2.svg
2024.04.04 08:22 B C:\laragon\www\WEBSIOT\icon\static\rainy-3.svg --> ecommerce.nivor.my.id /var/www/smartcity.sija/icon/static rainy-3.svg
2024.04.04 08:22 B C:\laragon\www\WEBSIOT\icon\static\rainy-4.svg --> ecommerce.nivor.my.id /var/www/smartcity.sija/icon/static rainy-4.svg
2024.04.04 08:22 B C:\laragon\www\WEBSIOT\icon\static\rainy-5.svg --> ecommerce.nivor.my.id /var/www/smartcity.sija/icon/static rainy-5.svg
2024.04.04 08:22 B C:\laragon\www\WEBSIOT\icon\static\rainy-6.svg --> ecommerce.nivor.my.id /var/www/smartcity.sija/icon/static rainy-6.svg
2024.04.04 08:22 B C:\laragon\www\WEBSIOT\icon\static\rainy-7.svg --> ecommerce.nivor.my.id /var/www/smartcity.sija/icon/static rainy-7.svg
2024.04.04 08:22 B C:\laragon\www\WEBSIOT\icon\static\snowy-1.svg --> ecommerce.nivor.my.id /var/www/smartcity.sija/icon/static snowy-1.svg
2024.04.04 08:22 B C:\laragon\www\WEBSIOT\icon\static\snowy-2.svg --> ecommerce.nivor.my.id /var/www/smartcity.sija/icon/static snowy-2.svg
2024.04.04 08:22 B C:\laragon\www\WEBSIOT\icon\static\snowy-3.svg --> ecommerce.nivor.my.id /var/www/smartcity.sija/icon/static snowy-3.svg
2024.04.04 08:22 B C:\laragon\www\WEBSIOT\icon\static\snowy-4.svg --> ecommerce.nivor.my.id /var/www/smartcity.sija/icon/static snowy-4.svg
2024.04.04 08:22 B C:\laragon\www\WEBSIOT\icon\static\snowy-5.svg --> ecommerce.nivor.my.id /var/www/smartcity.sija/icon/static snowy-5.svg
2024.04.04 08:22 B C:\laragon\www\WEBSIOT\icon\static\snowy-6.svg --> ecommerce.nivor.my.id /var/www/smartcity.sija/icon/static snowy-6.svg
2024.04.04 08:22 B C:\laragon\www\WEBSIOT\icon\static\thunder.svg --> ecommerce.nivor.my.id /var/www/smartcity.sija/icon/static thunder.svg
2024.04.04 08:22 B C:\laragon\www\WEBSIOT\icon\static\weather-sprite.svg --> ecommerce.nivor.my.id /var/www/smartcity.sija/icon/static weather-sprite.svg
2024.04.04 08:22 B C:\laragon\www\WEBSIOT\icon\static\weather.svg --> ecommerce.nivor.my.id /var/www/smartcity.sija/icon/static weather.svg
2024.04.04 08:22 B C:\laragon\www\WEBSIOT\icon\static\weather_sagittarius.svg --> ecommerce.nivor.my.id /var/www/smartcity.sija/icon/static weather_sagittarius.svg
2024.04.04 08:22 B C:\laragon\www\WEBSIOT\icon\static\weather_sunset.svg --> ecommerce.nivor.my.id /var/www/smartcity.sija/icon/static weather_sunset.svg
2024.04.04 08:22 B C:\laragon\www\WEBSIOT\icon\static\WS_FTP.LOG --> ecommerce.nivor.my.id /var/www/smartcity.sija/icon/static WS_FTP.LOG
2024.04.04 11:56 B C:\laragon\www\WEBSIOT\icon\static\cloudy-day-1.svg --> ecommerce.nivor.my.id /var/www/smartcity.sija/WEBSIOT/icon/static cloudy-day-1.svg
2024.04.04 11:56 B C:\laragon\www\WEBSIOT\icon\static\cloudy-day-2.svg --> ecommerce.nivor.my.id /var/www/smartcity.sija/WEBSIOT/icon/static cloudy-day-2.svg
2024.04.04 11:56 B C:\laragon\www\WEBSIOT\icon\static\cloudy-day-3.svg --> ecommerce.nivor.my.id /var/www/smartcity.sija/WEBSIOT/icon/static cloudy-day-3.svg
2024.04.04 11:56 B C:\laragon\www\WEBSIOT\icon\static\cloudy-night-1.svg --> ecommerce.nivor.my.id /var/www/smartcity.sija/WEBSIOT/icon/static cloudy-night-1.svg
2024.04.04 11:56 B C:\laragon\www\WEBSIOT\icon\static\cloudy-night-2.svg --> ecommerce.nivor.my.id /var/www/smartcity.sija/WEBSIOT/icon/static cloudy-night-2.svg
2024.04.04 11:56 B C:\laragon\www\WEBSIOT\icon\static\cloudy-night-3.svg --> ecommerce.nivor.my.id /var/www/smartcity.sija/WEBSIOT/icon/static cloudy-night-3.svg
2024.04.04 11:56 B C:\laragon\www\WEBSIOT\icon\static\cloudy.svg --> ecommerce.nivor.my.id /var/www/smartcity.sija/WEBSIOT/icon/static cloudy.svg
2024.04.04 11:56 B C:\laragon\www\WEBSIOT\icon\static\day.svg --> ecommerce.nivor.my.id /var/www/smartcity.sija/WEBSIOT/icon/static day.svg
2024.04.04 11:56 B C:\laragon\www\WEBSIOT\icon\static\night.svg --> ecommerce.nivor.my.id /var/www/smartcity.sija/WEBSIOT/icon/static night.svg
2024.04.04 11:56 B C:\laragon\www\WEBSIOT\icon\static\rainy-1.svg --> ecommerce.nivor.my.id /var/www/smartcity.sija/WEBSIOT/icon/static rainy-1.svg
2024.04.04 11:56 B C:\laragon\www\WEBSIOT\icon\static\rainy-2.svg --> ecommerce.nivor.my.id /var/www/smartcity.sija/WEBSIOT/icon/static rainy-2.svg
2024.04.04 11:56 B C:\laragon\www\WEBSIOT\icon\static\rainy-3.svg --> ecommerce.nivor.my.id /var/www/smartcity.sija/WEBSIOT/icon/static rainy-3.svg
2024.04.04 11:56 B C:\laragon\www\WEBSIOT\icon\static\rainy-4.svg --> ecommerce.nivor.my.id /var/www/smartcity.sija/WEBSIOT/icon/static rainy-4.svg
2024.04.04 11:56 B C:\laragon\www\WEBSIOT\icon\static\rainy-5.svg --> ecommerce.nivor.my.id /var/www/smartcity.sija/WEBSIOT/icon/static rainy-5.svg
2024.04.04 11:56 B C:\laragon\www\WEBSIOT\icon\static\rainy-6.svg --> ecommerce.nivor.my.id /var/www/smartcity.sija/WEBSIOT/icon/static rainy-6.svg
2024.04.04 11:56 B C:\laragon\www\WEBSIOT\icon\static\rainy-7.svg --> ecommerce.nivor.my.id /var/www/smartcity.sija/WEBSIOT/icon/static rainy-7.svg
2024.04.04 11:56 B C:\laragon\www\WEBSIOT\icon\static\snowy-1.svg --> ecommerce.nivor.my.id /var/www/smartcity.sija/WEBSIOT/icon/static snowy-1.svg
2024.04.04 11:56 B C:\laragon\www\WEBSIOT\icon\static\snowy-2.svg --> ecommerce.nivor.my.id /var/www/smartcity.sija/WEBSIOT/icon/static snowy-2.svg
2024.04.04 11:56 B C:\laragon\www\WEBSIOT\icon\static\snowy-3.svg --> ecommerce.nivor.my.id /var/www/smartcity.sija/WEBSIOT/icon/static snowy-3.svg
2024.04.04 11:56 B C:\laragon\www\WEBSIOT\icon\static\snowy-4.svg --> ecommerce.nivor.my.id /var/www/smartcity.sija/WEBSIOT/icon/static snowy-4.svg
2024.04.04 11:56 B C:\laragon\www\WEBSIOT\icon\static\snowy-5.svg --> ecommerce.nivor.my.id /var/www/smartcity.sija/WEBSIOT/icon/static snowy-5.svg
2024.04.04 11:56 B C:\laragon\www\WEBSIOT\icon\static\snowy-6.svg --> ecommerce.nivor.my.id /var/www/smartcity.sija/WEBSIOT/icon/static snowy-6.svg
2024.04.04 11:56 B C:\laragon\www\WEBSIOT\icon\static\thunder.svg --> ecommerce.nivor.my.id /var/www/smartcity.sija/WEBSIOT/icon/static thunder.svg
2024.04.04 11:56 B C:\laragon\www\WEBSIOT\icon\static\weather-sprite.svg --> ecommerce.nivor.my.id /var/www/smartcity.sija/WEBSIOT/icon/static weather-sprite.svg
2024.04.04 11:56 B C:\laragon\www\WEBSIOT\icon\static\weather.svg --> ecommerce.nivor.my.id /var/www/smartcity.sija/WEBSIOT/icon/static weather.svg
2024.04.04 11:56 B C:\laragon\www\WEBSIOT\icon\static\weather_sagittarius.svg --> ecommerce.nivor.my.id /var/www/smartcity.sija/WEBSIOT/icon/static weather_sagittarius.svg
2024.04.04 11:56 B C:\laragon\www\WEBSIOT\icon\static\weather_sunset.svg --> ecommerce.nivor.my.id /var/www/smartcity.sija/WEBSIOT/icon/static weather_sunset.svg
2024.04.04 11:56 B C:\laragon\www\WEBSIOT\icon\static\WS_FTP.LOG --> ecommerce.nivor.my.id /var/www/smartcity.sija/WEBSIOT/icon/static WS_FTP.LOG
2024.04.05 09:18 B C:\laragon\www\WEBSIOT\icon\static\cloudy-day-1.svg --> ecommerce.nivor.my.id /var/www/smartcity.sija/WEBSIOT/icon/static cloudy-day-1.svg
2024.04.05 09:18 B C:\laragon\www\WEBSIOT\icon\static\cloudy-day-2.svg --> ecommerce.nivor.my.id /var/www/smartcity.sija/WEBSIOT/icon/static cloudy-day-2.svg
2024.04.05 09:18 B C:\laragon\www\WEBSIOT\icon\static\cloudy-day-3.svg --> ecommerce.nivor.my.id /var/www/smartcity.sija/WEBSIOT/icon/static cloudy-day-3.svg
2024.04.05 09:18 B C:\laragon\www\WEBSIOT\icon\static\cloudy-night-1.svg --> ecommerce.nivor.my.id /var/www/smartcity.sija/WEBSIOT/icon/static cloudy-night-1.svg
2024.04.05 09:19 B C:\laragon\www\WEBSIOT\icon\static\cloudy-night-2.svg --> ecommerce.nivor.my.id /var/www/smartcity.sija/WEBSIOT/icon/static cloudy-night-2.svg
2024.04.05 09:19 B C:\laragon\www\WEBSIOT\icon\static\cloudy-night-3.svg --> ecommerce.nivor.my.id /var/www/smartcity.sija/WEBSIOT/icon/static cloudy-night-3.svg
2024.04.05 09:19 B C:\laragon\www\WEBSIOT\icon\static\cloudy.svg --> ecommerce.nivor.my.id /var/www/smartcity.sija/WEBSIOT/icon/static cloudy.svg
2024.04.05 09:19 B C:\laragon\www\WEBSIOT\icon\static\day.svg --> ecommerce.nivor.my.id /var/www/smartcity.sija/WEBSIOT/icon/static day.svg
2024.04.05 09:19 B C:\laragon\www\WEBSIOT\icon\static\night.svg --> ecommerce.nivor.my.id /var/www/smartcity.sija/WEBSIOT/icon/static night.svg
2024.04.05 09:19 B C:\laragon\www\WEBSIOT\icon\static\rainy-1.svg --> ecommerce.nivor.my.id /var/www/smartcity.sija/WEBSIOT/icon/static rainy-1.svg
2024.04.05 09:19 B C:\laragon\www\WEBSIOT\icon\static\rainy-2.svg --> ecommerce.nivor.my.id /var/www/smartcity.sija/WEBSIOT/icon/static rainy-2.svg
2024.04.05 09:19 B C:\laragon\www\WEBSIOT\icon\static\rainy-3.svg --> ecommerce.nivor.my.id /var/www/smartcity.sija/WEBSIOT/icon/static rainy-3.svg
2024.04.05 09:19 B C:\laragon\www\WEBSIOT\icon\static\rainy-4.svg --> ecommerce.nivor.my.id /var/www/smartcity.sija/WEBSIOT/icon/static rainy-4.svg
2024.04.05 09:19 B C:\laragon\www\WEBSIOT\icon\static\rainy-5.svg --> ecommerce.nivor.my.id /var/www/smartcity.sija/WEBSIOT/icon/static rainy-5.svg
2024.04.05 09:19 B C:\laragon\www\WEBSIOT\icon\static\rainy-6.svg --> ecommerce.nivor.my.id /var/www/smartcity.sija/WEBSIOT/icon/static rainy-6.svg
2024.04.05 09:19 B C:\laragon\www\WEBSIOT\icon\static\rainy-7.svg --> ecommerce.nivor.my.id /var/www/smartcity.sija/WEBSIOT/icon/static rainy-7.svg
2024.04.05 09:19 B C:\laragon\www\WEBSIOT\icon\static\snowy-1.svg --> ecommerce.nivor.my.id /var/www/smartcity.sija/WEBSIOT/icon/static snowy-1.svg
2024.04.05 09:19 B C:\laragon\www\WEBSIOT\icon\static\snowy-2.svg --> ecommerce.nivor.my.id /var/www/smartcity.sija/WEBSIOT/icon/static snowy-2.svg
2024.04.05 09:19 B C:\laragon\www\WEBSIOT\icon\static\snowy-3.svg --> ecommerce.nivor.my.id /var/www/smartcity.sija/WEBSIOT/icon/static snowy-3.svg
2024.04.05 09:19 B C:\laragon\www\WEBSIOT\icon\static\snowy-4.svg --> ecommerce.nivor.my.id /var/www/smartcity.sija/WEBSIOT/icon/static snowy-4.svg
2024.04.05 09:19 B C:\laragon\www\WEBSIOT\icon\static\snowy-5.svg --> ecommerce.nivor.my.id /var/www/smartcity.sija/WEBSIOT/icon/static snowy-5.svg
2024.04.05 09:19 B C:\laragon\www\WEBSIOT\icon\static\snowy-6.svg --> ecommerce.nivor.my.id /var/www/smartcity.sija/WEBSIOT/icon/static snowy-6.svg
2024.04.05 09:19 B C:\laragon\www\WEBSIOT\icon\static\thunder.svg --> ecommerce.nivor.my.id /var/www/smartcity.sija/WEBSIOT/icon/static thunder.svg
2024.04.05 09:19 B C:\laragon\www\WEBSIOT\icon\static\weather-sprite.svg --> ecommerce.nivor.my.id /var/www/smartcity.sija/WEBSIOT/icon/static weather-sprite.svg
2024.04.05 09:19 B C:\laragon\www\WEBSIOT\icon\static\weather.svg --> ecommerce.nivor.my.id /var/www/smartcity.sija/WEBSIOT/icon/static weather.svg
2024.04.05 09:19 B C:\laragon\www\WEBSIOT\icon\static\weather_sagittarius.svg --> ecommerce.nivor.my.id /var/www/smartcity.sija/WEBSIOT/icon/static weather_sagittarius.svg
2024.04.05 09:19 B C:\laragon\www\WEBSIOT\icon\static\weather_sunset.svg --> ecommerce.nivor.my.id /var/www/smartcity.sija/WEBSIOT/icon/static weather_sunset.svg
2024.04.05 09:19 B C:\laragon\www\WEBSIOT\icon\static\WS_FTP.LOG --> ecommerce.nivor.my.id /var/www/smartcity.sija/WEBSIOT/icon/static WS_FTP.LOG
2024.04.05 09:27 B C:\laragon\www\WEBSIOT\icon\static\cloudy-day-1.svg --> ecommerce.nivor.my.id /var/www/smartcity.sija/icon/static cloudy-day-1.svg
2024.04.05 09:27 B C:\laragon\www\WEBSIOT\icon\static\cloudy-day-2.svg --> ecommerce.nivor.my.id /var/www/smartcity.sija/icon/static cloudy-day-2.svg
2024.04.05 09:27 B C:\laragon\www\WEBSIOT\icon\static\cloudy-day-3.svg --> ecommerce.nivor.my.id /var/www/smartcity.sija/icon/static cloudy-day-3.svg
2024.04.05 09:27 B C:\laragon\www\WEBSIOT\icon\static\cloudy-night-1.svg --> ecommerce.nivor.my.id /var/www/smartcity.sija/icon/static cloudy-night-1.svg
2024.04.05 09:27 B C:\laragon\www\WEBSIOT\icon\static\cloudy-night-2.svg --> ecommerce.nivor.my.id /var/www/smartcity.sija/icon/static cloudy-night-2.svg
2024.04.05 09:27 B C:\laragon\www\WEBSIOT\icon\static\cloudy-night-3.svg --> ecommerce.nivor.my.id /var/www/smartcity.sija/icon/static cloudy-night-3.svg
2024.04.05 09:27 B C:\laragon\www\WEBSIOT\icon\static\cloudy.svg --> ecommerce.nivor.my.id /var/www/smartcity.sija/icon/static cloudy.svg
2024.04.05 09:27 B C:\laragon\www\WEBSIOT\icon\static\day.svg --> ecommerce.nivor.my.id /var/www/smartcity.sija/icon/static day.svg
2024.04.05 09:27 B C:\laragon\www\WEBSIOT\icon\static\night.svg --> ecommerce.nivor.my.id /var/www/smartcity.sija/icon/static night.svg
2024.04.05 09:27 B C:\laragon\www\WEBSIOT\icon\static\rainy-1.svg --> ecommerce.nivor.my.id /var/www/smartcity.sija/icon/static rainy-1.svg
2024.04.05 09:27 B C:\laragon\www\WEBSIOT\icon\static\rainy-2.svg --> ecommerce.nivor.my.id /var/www/smartcity.sija/icon/static rainy-2.svg
2024.04.05 09:27 B C:\laragon\www\WEBSIOT\icon\static\rainy-3.svg --> ecommerce.nivor.my.id /var/www/smartcity.sija/icon/static rainy-3.svg
2024.04.05 09:27 B C:\laragon\www\WEBSIOT\icon\static\rainy-4.svg --> ecommerce.nivor.my.id /var/www/smartcity.sija/icon/static rainy-4.svg
2024.04.05 09:27 B C:\laragon\www\WEBSIOT\icon\static\rainy-5.svg --> ecommerce.nivor.my.id /var/www/smartcity.sija/icon/static rainy-5.svg
2024.04.05 09:27 B C:\laragon\www\WEBSIOT\icon\static\rainy-6.svg --> ecommerce.nivor.my.id /var/www/smartcity.sija/icon/static rainy-6.svg
2024.04.05 09:27 B C:\laragon\www\WEBSIOT\icon\static\rainy-7.svg --> ecommerce.nivor.my.id /var/www/smartcity.sija/icon/static rainy-7.svg
2024.04.05 09:27 B C:\laragon\www\WEBSIOT\icon\static\snowy-1.svg --> ecommerce.nivor.my.id /var/www/smartcity.sija/icon/static snowy-1.svg
2024.04.05 09:28 B C:\laragon\www\WEBSIOT\icon\static\snowy-2.svg --> ecommerce.nivor.my.id /var/www/smartcity.sija/icon/static snowy-2.svg
2024.04.05 09:28 B C:\laragon\www\WEBSIOT\icon\static\snowy-3.svg --> ecommerce.nivor.my.id /var/www/smartcity.sija/icon/static snowy-3.svg
2024.04.05 09:28 B C:\laragon\www\WEBSIOT\icon\static\snowy-4.svg --> ecommerce.nivor.my.id /var/www/smartcity.sija/icon/static snowy-4.svg
2024.04.05 09:28 B C:\laragon\www\WEBSIOT\icon\static\snowy-5.svg --> ecommerce.nivor.my.id /var/www/smartcity.sija/icon/static snowy-5.svg
2024.04.05 09:28 B C:\laragon\www\WEBSIOT\icon\static\snowy-6.svg --> ecommerce.nivor.my.id /var/www/smartcity.sija/icon/static snowy-6.svg
2024.04.05 09:28 B C:\laragon\www\WEBSIOT\icon\static\thunder.svg --> ecommerce.nivor.my.id /var/www/smartcity.sija/icon/static thunder.svg
2024.04.05 09:28 B C:\laragon\www\WEBSIOT\icon\static\weather-sprite.svg --> ecommerce.nivor.my.id /var/www/smartcity.sija/icon/static weather-sprite.svg
2024.04.05 09:28 B C:\laragon\www\WEBSIOT\icon\static\weather.svg --> ecommerce.nivor.my.id /var/www/smartcity.sija/icon/static weather.svg
2024.04.05 09:28 B C:\laragon\www\WEBSIOT\icon\static\weather_sagittarius.svg --> ecommerce.nivor.my.id /var/www/smartcity.sija/icon/static weather_sagittarius.svg
2024.04.05 09:28 B C:\laragon\www\WEBSIOT\icon\static\weather_sunset.svg --> ecommerce.nivor.my.id /var/www/smartcity.sija/icon/static weather_sunset.svg
2024.04.05 09:28 B C:\laragon\www\WEBSIOT\icon\static\WS_FTP.LOG --> ecommerce.nivor.my.id /var/www/smartcity.sija/icon/static WS_FTP.LOG
2024.04.07 17:12 B C:\laragon\www\WEBSIOT\icon\static\cloudy-day-1.svg --> ecommerce.nivor.my.id /var/www/smartcity.sija/icon/static cloudy-day-1.svg
2024.04.07 17:12 B C:\laragon\www\WEBSIOT\icon\static\cloudy-day-2.svg --> ecommerce.nivor.my.id /var/www/smartcity.sija/icon/static cloudy-day-2.svg
2024.04.07 17:12 B C:\laragon\www\WEBSIOT\icon\static\cloudy-day-3.svg --> ecommerce.nivor.my.id /var/www/smartcity.sija/icon/static cloudy-day-3.svg
2024.04.07 17:12 B C:\laragon\www\WEBSIOT\icon\static\cloudy-night-1.svg --> ecommerce.nivor.my.id /var/www/smartcity.sija/icon/static cloudy-night-1.svg
2024.04.07 17:12 B C:\laragon\www\WEBSIOT\icon\static\cloudy-night-2.svg --> ecommerce.nivor.my.id /var/www/smartcity.sija/icon/static cloudy-night-2.svg
2024.04.07 17:12 B C:\laragon\www\WEBSIOT\icon\static\cloudy-night-3.svg --> ecommerce.nivor.my.id /var/www/smartcity.sija/icon/static cloudy-night-3.svg
2024.04.07 17:12 B C:\laragon\www\WEBSIOT\icon\static\cloudy.svg --> ecommerce.nivor.my.id /var/www/smartcity.sija/icon/static cloudy.svg
2024.04.07 17:12 B C:\laragon\www\WEBSIOT\icon\static\day.svg --> ecommerce.nivor.my.id /var/www/smartcity.sija/icon/static day.svg
2024.04.07 17:12 B C:\laragon\www\WEBSIOT\icon\static\night.svg --> ecommerce.nivor.my.id /var/www/smartcity.sija/icon/static night.svg
2024.04.07 17:12 B C:\laragon\www\WEBSIOT\icon\static\rainy-1.svg --> ecommerce.nivor.my.id /var/www/smartcity.sija/icon/static rainy-1.svg
2024.04.07 17:12 B C:\laragon\www\WEBSIOT\icon\static\rainy-2.svg --> ecommerce.nivor.my.id /var/www/smartcity.sija/icon/static rainy-2.svg
2024.04.07 17:12 B C:\laragon\www\WEBSIOT\icon\static\rainy-3.svg --> ecommerce.nivor.my.id /var/www/smartcity.sija/icon/static rainy-3.svg
2024.04.07 17:12 B C:\laragon\www\WEBSIOT\icon\static\rainy-4.svg --> ecommerce.nivor.my.id /var/www/smartcity.sija/icon/static rainy-4.svg
2024.04.07 17:12 B C:\laragon\www\WEBSIOT\icon\static\rainy-5.svg --> ecommerce.nivor.my.id /var/www/smartcity.sija/icon/static rainy-5.svg
2024.04.07 17:12 B C:\laragon\www\WEBSIOT\icon\static\rainy-6.svg --> ecommerce.nivor.my.id /var/www/smartcity.sija/icon/static rainy-6.svg
2024.04.07 17:12 B C:\laragon\www\WEBSIOT\icon\static\rainy-7.svg --> ecommerce.nivor.my.id /var/www/smartcity.sija/icon/static rainy-7.svg
2024.04.07 17:12 B C:\laragon\www\WEBSIOT\icon\static\snowy-1.svg --> ecommerce.nivor.my.id /var/www/smartcity.sija/icon/static snowy-1.svg
2024.04.07 17:12 B C:\laragon\www\WEBSIOT\icon\static\snowy-2.svg --> ecommerce.nivor.my.id /var/www/smartcity.sija/icon/static snowy-2.svg
2024.04.07 17:12 B C:\laragon\www\WEBSIOT\icon\static\snowy-3.svg --> ecommerce.nivor.my.id /var/www/smartcity.sija/icon/static snowy-3.svg
2024.04.07 17:12 B C:\laragon\www\WEBSIOT\icon\static\snowy-4.svg --> ecommerce.nivor.my.id /var/www/smartcity.sija/icon/static snowy-4.svg
2024.04.07 17:12 B C:\laragon\www\WEBSIOT\icon\static\snowy-5.svg --> ecommerce.nivor.my.id /var/www/smartcity.sija/icon/static snowy-5.svg
2024.04.07 17:12 B C:\laragon\www\WEBSIOT\icon\static\snowy-6.svg --> ecommerce.nivor.my.id /var/www/smartcity.sija/icon/static snowy-6.svg
2024.04.07 17:12 B C:\laragon\www\WEBSIOT\icon\static\thunder.svg --> ecommerce.nivor.my.id /var/www/smartcity.sija/icon/static thunder.svg
2024.04.07 17:12 B C:\laragon\www\WEBSIOT\icon\static\weather-sprite.svg --> ecommerce.nivor.my.id /var/www/smartcity.sija/icon/static weather-sprite.svg
2024.04.07 17:12 B C:\laragon\www\WEBSIOT\icon\static\weather.svg --> ecommerce.nivor.my.id /var/www/smartcity.sija/icon/static weather.svg
2024.04.07 17:12 B C:\laragon\www\WEBSIOT\icon\static\weather_sagittarius.svg --> ecommerce.nivor.my.id /var/www/smartcity.sija/icon/static weather_sagittarius.svg
2024.04.07 17:12 B C:\laragon\www\WEBSIOT\icon\static\weather_sunset.svg --> ecommerce.nivor.my.id /var/www/smartcity.sija/icon/static weather_sunset.svg
2024.04.07 17:12 B C:\laragon\www\WEBSIOT\icon\static\WS_FTP.LOG --> ecommerce.nivor.my.id /var/www/smartcity.sija/icon/static WS_FTP.LOG
2024.04.18 07:17 B C:\laragon\www\WEBSIOT\icon\static\cloudy-day-1.svg --> ecommerce.nivor.my.id /var/www/smartcity.sija/icon/static cloudy-day-1.svg
2024.04.18 07:17 B C:\laragon\www\WEBSIOT\icon\static\cloudy-day-2.svg --> ecommerce.nivor.my.id /var/www/smartcity.sija/icon/static cloudy-day-2.svg
2024.04.18 07:17 B C:\laragon\www\WEBSIOT\icon\static\cloudy-day-3.svg --> ecommerce.nivor.my.id /var/www/smartcity.sija/icon/static cloudy-day-3.svg
2024.04.18 07:17 B C:\laragon\www\WEBSIOT\icon\static\cloudy-night-1.svg --> ecommerce.nivor.my.id /var/www/smartcity.sija/icon/static cloudy-night-1.svg
2024.04.18 07:17 B C:\laragon\www\WEBSIOT\icon\static\cloudy-night-2.svg --> ecommerce.nivor.my.id /var/www/smartcity.sija/icon/static cloudy-night-2.svg
2024.04.18 07:17 B C:\laragon\www\WEBSIOT\icon\static\cloudy-night-3.svg --> ecommerce.nivor.my.id /var/www/smartcity.sija/icon/static cloudy-night-3.svg
2024.04.18 07:17 B C:\laragon\www\WEBSIOT\icon\static\cloudy.svg --> ecommerce.nivor.my.id /var/www/smartcity.sija/icon/static cloudy.svg
2024.04.18 07:17 B C:\laragon\www\WEBSIOT\icon\static\day.svg --> ecommerce.nivor.my.id /var/www/smartcity.sija/icon/static day.svg
2024.04.18 07:17 B C:\laragon\www\WEBSIOT\icon\static\night.svg --> ecommerce.nivor.my.id /var/www/smartcity.sija/icon/static night.svg
2024.04.18 07:17 B C:\laragon\www\WEBSIOT\icon\static\rainy-1.svg --> ecommerce.nivor.my.id /var/www/smartcity.sija/icon/static rainy-1.svg
2024.04.18 07:17 B C:\laragon\www\WEBSIOT\icon\static\rainy-2.svg --> ecommerce.nivor.my.id /var/www/smartcity.sija/icon/static rainy-2.svg
2024.04.18 07:17 B C:\laragon\www\WEBSIOT\icon\static\rainy-3.svg --> ecommerce.nivor.my.id /var/www/smartcity.sija/icon/static rainy-3.svg
2024.04.18 07:17 B C:\laragon\www\WEBSIOT\icon\static\rainy-4.svg --> ecommerce.nivor.my.id /var/www/smartcity.sija/icon/static rainy-4.svg
2024.04.18 07:17 B C:\laragon\www\WEBSIOT\icon\static\rainy-5.svg --> ecommerce.nivor.my.id /var/www/smartcity.sija/icon/static rainy-5.svg
2024.04.18 07:17 B C:\laragon\www\WEBSIOT\icon\static\rainy-6.svg --> ecommerce.nivor.my.id /var/www/smartcity.sija/icon/static rainy-6.svg
2024.04.18 07:17 B C:\laragon\www\WEBSIOT\icon\static\rainy-7.svg --> ecommerce.nivor.my.id /var/www/smartcity.sija/icon/static rainy-7.svg
2024.04.18 07:17 B C:\laragon\www\WEBSIOT\icon\static\snowy-1.svg --> ecommerce.nivor.my.id /var/www/smartcity.sija/icon/static snowy-1.svg
2024.04.18 07:17 B C:\laragon\www\WEBSIOT\icon\static\snowy-2.svg --> ecommerce.nivor.my.id /var/www/smartcity.sija/icon/static snowy-2.svg
2024.04.18 07:17 B C:\laragon\www\WEBSIOT\icon\static\snowy-3.svg --> ecommerce.nivor.my.id /var/www/smartcity.sija/icon/static snowy-3.svg
2024.04.18 07:17 B C:\laragon\www\WEBSIOT\icon\static\snowy-4.svg --> ecommerce.nivor.my.id /var/www/smartcity.sija/icon/static snowy-4.svg
2024.04.18 07:17 B C:\laragon\www\WEBSIOT\icon\static\snowy-5.svg --> ecommerce.nivor.my.id /var/www/smartcity.sija/icon/static snowy-5.svg
2024.04.18 07:17 B C:\laragon\www\WEBSIOT\icon\static\snowy-6.svg --> ecommerce.nivor.my.id /var/www/smartcity.sija/icon/static snowy-6.svg
2024.04.18 07:17 B C:\laragon\www\WEBSIOT\icon\static\thunder.svg --> ecommerce.nivor.my.id /var/www/smartcity.sija/icon/static thunder.svg
2024.04.18 07:17 B C:\laragon\www\WEBSIOT\icon\static\weather-sprite.svg --> ecommerce.nivor.my.id /var/www/smartcity.sija/icon/static weather-sprite.svg
2024.04.18 07:17 B C:\laragon\www\WEBSIOT\icon\static\weather.svg --> ecommerce.nivor.my.id /var/www/smartcity.sija/icon/static weather.svg
2024.04.18 07:18 B C:\laragon\www\WEBSIOT\icon\static\weather_sagittarius.svg --> ecommerce.nivor.my.id /var/www/smartcity.sija/icon/static weather_sagittarius.svg
2024.04.18 07:18 B C:\laragon\www\WEBSIOT\icon\static\weather_sunset.svg --> ecommerce.nivor.my.id /var/www/smartcity.sija/icon/static weather_sunset.svg
2024.04.18 07:18 B C:\laragon\www\WEBSIOT\icon\static\WS_FTP.LOG --> ecommerce.nivor.my.id /var/www/smartcity.sija/icon/static WS_FTP.LOG
2024.04.18 10:10 B C:\laragon\www\WEBSIOT admin\icon\static\cloudy-day-1.svg --> ecommerce.nivor.my.id /var/www/smartcity.sija/WEBSIOT_ADMIN/icon/static cloudy-day-1.svg
2024.04.18 10:10 B C:\laragon\www\WEBSIOT admin\icon\static\cloudy-day-2.svg --> ecommerce.nivor.my.id /var/www/smartcity.sija/WEBSIOT_ADMIN/icon/static cloudy-day-2.svg
2024.04.18 10:10 B C:\laragon\www\WEBSIOT admin\icon\static\cloudy-day-3.svg --> ecommerce.nivor.my.id /var/www/smartcity.sija/WEBSIOT_ADMIN/icon/static cloudy-day-3.svg
2024.04.18 10:10 B C:\laragon\www\WEBSIOT admin\icon\static\cloudy-night-1.svg --> ecommerce.nivor.my.id /var/www/smartcity.sija/WEBSIOT_ADMIN/icon/static cloudy-night-1.svg
2024.04.18 10:10 B C:\laragon\www\WEBSIOT admin\icon\static\cloudy-night-2.svg --> ecommerce.nivor.my.id /var/www/smartcity.sija/WEBSIOT_ADMIN/icon/static cloudy-night-2.svg
2024.04.18 10:10 B C:\laragon\www\WEBSIOT admin\icon\static\cloudy-night-3.svg --> ecommerce.nivor.my.id /var/www/smartcity.sija/WEBSIOT_ADMIN/icon/static cloudy-night-3.svg
2024.04.18 10:10 B C:\laragon\www\WEBSIOT admin\icon\static\cloudy.svg --> ecommerce.nivor.my.id /var/www/smartcity.sija/WEBSIOT_ADMIN/icon/static cloudy.svg
2024.04.18 10:10 B C:\laragon\www\WEBSIOT admin\icon\static\day.svg --> ecommerce.nivor.my.id /var/www/smartcity.sija/WEBSIOT_ADMIN/icon/static day.svg
2024.04.18 10:10 B C:\laragon\www\WEBSIOT admin\icon\static\night.svg --> ecommerce.nivor.my.id /var/www/smartcity.sija/WEBSIOT_ADMIN/icon/static night.svg
2024.04.18 10:10 B C:\laragon\www\WEBSIOT admin\icon\static\rainy-1.svg --> ecommerce.nivor.my.id /var/www/smartcity.sija/WEBSIOT_ADMIN/icon/static rainy-1.svg
2024.04.18 10:10 B C:\laragon\www\WEBSIOT admin\icon\static\rainy-2.svg --> ecommerce.nivor.my.id /var/www/smartcity.sija/WEBSIOT_ADMIN/icon/static rainy-2.svg
2024.04.18 10:10 B C:\laragon\www\WEBSIOT admin\icon\static\rainy-3.svg --> ecommerce.nivor.my.id /var/www/smartcity.sija/WEBSIOT_ADMIN/icon/static rainy-3.svg
2024.04.18 10:10 B C:\laragon\www\WEBSIOT admin\icon\static\rainy-4.svg --> ecommerce.nivor.my.id /var/www/smartcity.sija/WEBSIOT_ADMIN/icon/static rainy-4.svg
2024.04.18 10:10 B C:\laragon\www\WEBSIOT admin\icon\static\rainy-5.svg --> ecommerce.nivor.my.id /var/www/smartcity.sija/WEBSIOT_ADMIN/icon/static rainy-5.svg
2024.04.18 10:10 B C:\laragon\www\WEBSIOT admin\icon\static\rainy-6.svg --> ecommerce.nivor.my.id /var/www/smartcity.sija/WEBSIOT_ADMIN/icon/static rainy-6.svg
2024.04.18 10:10 B C:\laragon\www\WEBSIOT admin\icon\static\rainy-7.svg --> ecommerce.nivor.my.id /var/www/smartcity.sija/WEBSIOT_ADMIN/icon/static rainy-7.svg
2024.04.18 10:10 B C:\laragon\www\WEBSIOT admin\icon\static\snowy-1.svg --> ecommerce.nivor.my.id /var/www/smartcity.sija/WEBSIOT_ADMIN/icon/static snowy-1.svg
2024.04.18 10:10 B C:\laragon\www\WEBSIOT admin\icon\static\snowy-2.svg --> ecommerce.nivor.my.id /var/www/smartcity.sija/WEBSIOT_ADMIN/icon/static snowy-2.svg
2024.04.18 10:10 B C:\laragon\www\WEBSIOT admin\icon\static\snowy-3.svg --> ecommerce.nivor.my.id /var/www/smartcity.sija/WEBSIOT_ADMIN/icon/static snowy-3.svg
2024.04.18 10:10 B C:\laragon\www\WEBSIOT admin\icon\static\snowy-4.svg --> ecommerce.nivor.my.id /var/www/smartcity.sija/WEBSIOT_ADMIN/icon/static snowy-4.svg
2024.04.18 10:10 B C:\laragon\www\WEBSIOT admin\icon\static\snowy-5.svg --> ecommerce.nivor.my.id /var/www/smartcity.sija/WEBSIOT_ADMIN/icon/static snowy-5.svg
2024.04.18 10:10 B C:\laragon\www\WEBSIOT admin\icon\static\snowy-6.svg --> ecommerce.nivor.my.id /var/www/smartcity.sija/WEBSIOT_ADMIN/icon/static snowy-6.svg
2024.04.18 10:10 B C:\laragon\www\WEBSIOT admin\icon\static\thunder.svg --> ecommerce.nivor.my.id /var/www/smartcity.sija/WEBSIOT_ADMIN/icon/static thunder.svg
2024.04.18 10:10 B C:\laragon\www\WEBSIOT admin\icon\static\weather-sprite.svg --> ecommerce.nivor.my.id /var/www/smartcity.sija/WEBSIOT_ADMIN/icon/static weather-sprite.svg
2024.04.18 10:10 B C:\laragon\www\WEBSIOT admin\icon\static\weather.svg --> ecommerce.nivor.my.id /var/www/smartcity.sija/WEBSIOT_ADMIN/icon/static weather.svg
2024.04.18 10:10 B C:\laragon\www\WEBSIOT admin\icon\static\weather_sagittarius.svg --> ecommerce.nivor.my.id /var/www/smartcity.sija/WEBSIOT_ADMIN/icon/static weather_sagittarius.svg
2024.04.18 10:10 B C:\laragon\www\WEBSIOT admin\icon\static\weather_sunset.svg --> ecommerce.nivor.my.id /var/www/smartcity.sija/WEBSIOT_ADMIN/icon/static weather_sunset.svg
2024.05.17 13:12 B C:\laragon\www\WEBSIOT_ADMIN\icon\static\WS_FTP.LOG <-- Caevan /var/www/smartcity.sija/WEBSIOT_ADMIN/icon/static WS_FTP.LOG
