2024.02.09 23:52 B C:\laragon\www\eyetemp\Koneksi\install.php --> saas.nivor.my.id /var/www/saas.nivor install.php
2024.02.09 23:52 B C:\laragon\www\eyetemp\Koneksi\koneksi.php --> saas.nivor.my.id /var/www/saas.nivor koneksi.php
2024.02.09 23:52 B C:\laragon\www\eyetemp\Koneksi\postdemo.php --> saas.nivor.my.id /var/www/saas.nivor postdemo.php
2024.02.09 23:52 B C:\laragon\www\eyetemp\Koneksi\view.php --> saas.nivor.my.id /var/www/saas.nivor view.php
2024.02.10 00:32 B C:\laragon\www\eyetemp\Koneksi\koneksi.php --> saas.nivor.my.id /var/www/saas.daniswara koneksi.php
2024.02.10 00:32 B C:\laragon\www\eyetemp\Koneksi\koneksi.php --> saas.nivor.my.id /var/www/saas.daniswara koneksi.php
2024.02.10 00:32 B C:\laragon\www\eyetemp\Koneksi\postdemo.php --> saas.nivor.my.id /var/www/saas.daniswara postdemo.php
2024.02.10 00:32 B C:\laragon\www\eyetemp\Koneksi\view.php --> saas.nivor.my.id /var/www/saas.daniswara view.php
2024.03.18 10:43 B C:\laragon\www\eyetemp\Koneksi\install.php --> saas.nivor.my.id /var/www/siot.nivor/Koneksi install.php
2024.03.18 10:43 B C:\laragon\www\eyetemp\Koneksi\view.php --> saas.nivor.my.id /var/www/siot.nivor/Koneksi view.php
2024.04.03 07:31 B C:\siot.nivor\siot.nivor\Koneksi\WS_FTP.LOG <-- Ipswitch /var/www/siot.nivor/Koneksi WS_FTP.LOG
2024.04.03 08:44 B C:\laragon\www\WEBSIOT\Koneksi\install.php --> ecommerce.nivor.my.id /var/www/smartcity.sija/WEBSIOT/Koneksi install.php
2024.04.03 08:44 B C:\laragon\www\WEBSIOT\Koneksi\view.php --> ecommerce.nivor.my.id /var/www/smartcity.sija/WEBSIOT/Koneksi view.php
2024.04.03 08:44 B C:\laragon\www\WEBSIOT\Koneksi\WS_FTP.LOG --> ecommerce.nivor.my.id /var/www/smartcity.sija/WEBSIOT/Koneksi WS_FTP.LOG
2024.04.03 09:11 B C:\laragon\www\WEBSIOT\Koneksi\install.php --> ecommerce.nivor.my.id /var/www/smartcity.sija/Koneksi install.php
2024.04.03 09:11 B C:\laragon\www\WEBSIOT\Koneksi\view.php --> ecommerce.nivor.my.id /var/www/smartcity.sija/Koneksi view.php
2024.04.03 09:11 B C:\laragon\www\WEBSIOT\Koneksi\WS_FTP.LOG --> ecommerce.nivor.my.id /var/www/smartcity.sija/Koneksi WS_FTP.LOG
2024.04.04 08:24 B C:\laragon\www\WEBSIOT\Koneksi\install.php --> ecommerce.nivor.my.id /var/www/smartcity.sija/Koneksi install.php
2024.04.04 08:24 B C:\laragon\www\WEBSIOT\Koneksi\view.php --> ecommerce.nivor.my.id /var/www/smartcity.sija/Koneksi view.php
2024.04.04 08:24 B C:\laragon\www\WEBSIOT\Koneksi\WS_FTP.LOG --> ecommerce.nivor.my.id /var/www/smartcity.sija/Koneksi WS_FTP.LOG
2024.04.04 11:58 B C:\laragon\www\WEBSIOT\Koneksi\install.php --> ecommerce.nivor.my.id /var/www/smartcity.sija/WEBSIOT/Koneksi install.php
2024.04.04 11:58 B C:\laragon\www\WEBSIOT\Koneksi\view.php --> ecommerce.nivor.my.id /var/www/smartcity.sija/WEBSIOT/Koneksi view.php
2024.04.04 11:58 B C:\laragon\www\WEBSIOT\Koneksi\WS_FTP.LOG --> ecommerce.nivor.my.id /var/www/smartcity.sija/WEBSIOT/Koneksi WS_FTP.LOG
2024.04.05 09:20 B C:\laragon\www\WEBSIOT\Koneksi\install.php --> ecommerce.nivor.my.id /var/www/smartcity.sija/WEBSIOT/Koneksi install.php
2024.04.05 09:20 B C:\laragon\www\WEBSIOT\Koneksi\view.php --> ecommerce.nivor.my.id /var/www/smartcity.sija/WEBSIOT/Koneksi view.php
2024.04.05 09:20 B C:\laragon\www\WEBSIOT\Koneksi\WS_FTP.LOG --> ecommerce.nivor.my.id /var/www/smartcity.sija/WEBSIOT/Koneksi WS_FTP.LOG
2024.04.05 09:29 B C:\laragon\www\WEBSIOT\Koneksi\install.php --> ecommerce.nivor.my.id /var/www/smartcity.sija/Koneksi install.php
2024.04.05 09:29 B C:\laragon\www\WEBSIOT\Koneksi\view.php --> ecommerce.nivor.my.id /var/www/smartcity.sija/Koneksi view.php
2024.04.05 09:29 B C:\laragon\www\WEBSIOT\Koneksi\WS_FTP.LOG --> ecommerce.nivor.my.id /var/www/smartcity.sija/Koneksi WS_FTP.LOG
2024.04.07 17:13 B C:\laragon\www\WEBSIOT\Koneksi\install.php --> ecommerce.nivor.my.id /var/www/smartcity.sija/Koneksi install.php
2024.04.07 17:13 B C:\laragon\www\WEBSIOT\Koneksi\view.php --> ecommerce.nivor.my.id /var/www/smartcity.sija/Koneksi view.php
2024.04.07 17:13 B C:\laragon\www\WEBSIOT\Koneksi\WS_FTP.LOG --> ecommerce.nivor.my.id /var/www/smartcity.sija/Koneksi WS_FTP.LOG
2024.04.18 07:19 B C:\laragon\www\WEBSIOT\Koneksi\install.php --> ecommerce.nivor.my.id /var/www/smartcity.sija/Koneksi install.php
2024.04.18 07:19 B C:\laragon\www\WEBSIOT\Koneksi\view.php --> ecommerce.nivor.my.id /var/www/smartcity.sija/Koneksi view.php
2024.04.18 07:19 B C:\laragon\www\WEBSIOT\Koneksi\WS_FTP.LOG --> ecommerce.nivor.my.id /var/www/smartcity.sija/Koneksi WS_FTP.LOG
2024.04.18 10:11 B C:\laragon\www\WEBSIOT admin\Koneksi\install.php --> ecommerce.nivor.my.id /var/www/smartcity.sija/WEBSIOT_ADMIN/Koneksi install.php
2024.04.18 10:11 B C:\laragon\www\WEBSIOT admin\Koneksi\view.php --> ecommerce.nivor.my.id /var/www/smartcity.sija/WEBSIOT_ADMIN/Koneksi view.php
2024.05.17 13:12 B C:\laragon\www\WEBSIOT_ADMIN\Koneksi\WS_FTP.LOG <-- Caevan /var/www/smartcity.sija/WEBSIOT_ADMIN/Koneksi WS_FTP.LOG
