2024.02.09 22:13 B C:\laragon\www\eyetemp\icon\animated\cloudy-day-1.svg --> saas.nivor.my.id /var/www/saas.nivor/eyetemp/icon/animated cloudy-day-1.svg
2024.02.09 22:13 B C:\laragon\www\eyetemp\icon\animated\cloudy-day-2.svg --> saas.nivor.my.id /var/www/saas.nivor/eyetemp/icon/animated cloudy-day-2.svg
2024.02.09 22:13 B C:\laragon\www\eyetemp\icon\animated\cloudy-day-3.svg --> saas.nivor.my.id /var/www/saas.nivor/eyetemp/icon/animated cloudy-day-3.svg
2024.02.09 22:13 B C:\laragon\www\eyetemp\icon\animated\cloudy-night-1.svg --> saas.nivor.my.id /var/www/saas.nivor/eyetemp/icon/animated cloudy-night-1.svg
2024.02.09 22:13 B C:\laragon\www\eyetemp\icon\animated\cloudy-night-2.svg --> saas.nivor.my.id /var/www/saas.nivor/eyetemp/icon/animated cloudy-night-2.svg
2024.02.09 22:13 B C:\laragon\www\eyetemp\icon\animated\cloudy-night-3.svg --> saas.nivor.my.id /var/www/saas.nivor/eyetemp/icon/animated cloudy-night-3.svg
2024.02.09 22:13 B C:\laragon\www\eyetemp\icon\animated\cloudy.svg --> saas.nivor.my.id /var/www/saas.nivor/eyetemp/icon/animated cloudy.svg
2024.02.09 22:13 B C:\laragon\www\eyetemp\icon\animated\day.svg --> saas.nivor.my.id /var/www/saas.nivor/eyetemp/icon/animated day.svg
2024.02.09 22:13 B C:\laragon\www\eyetemp\icon\animated\night.svg --> saas.nivor.my.id /var/www/saas.nivor/eyetemp/icon/animated night.svg
2024.02.09 22:13 B C:\laragon\www\eyetemp\icon\animated\rainy-1.svg --> saas.nivor.my.id /var/www/saas.nivor/eyetemp/icon/animated rainy-1.svg
2024.02.09 22:13 B C:\laragon\www\eyetemp\icon\animated\rainy-2.svg --> saas.nivor.my.id /var/www/saas.nivor/eyetemp/icon/animated rainy-2.svg
2024.02.09 22:13 B C:\laragon\www\eyetemp\icon\animated\rainy-3.svg --> saas.nivor.my.id /var/www/saas.nivor/eyetemp/icon/animated rainy-3.svg
2024.02.09 22:13 B C:\laragon\www\eyetemp\icon\animated\rainy-4.svg --> saas.nivor.my.id /var/www/saas.nivor/eyetemp/icon/animated rainy-4.svg
2024.02.09 22:13 B C:\laragon\www\eyetemp\icon\animated\rainy-5.svg --> saas.nivor.my.id /var/www/saas.nivor/eyetemp/icon/animated rainy-5.svg
2024.02.09 22:13 B C:\laragon\www\eyetemp\icon\animated\rainy-6.svg --> saas.nivor.my.id /var/www/saas.nivor/eyetemp/icon/animated rainy-6.svg
2024.02.09 22:13 B C:\laragon\www\eyetemp\icon\animated\rainy-7.svg --> saas.nivor.my.id /var/www/saas.nivor/eyetemp/icon/animated rainy-7.svg
2024.02.09 22:13 B C:\laragon\www\eyetemp\icon\animated\snowy-1.svg --> saas.nivor.my.id /var/www/saas.nivor/eyetemp/icon/animated snowy-1.svg
2024.02.09 22:13 B C:\laragon\www\eyetemp\icon\animated\snowy-2.svg --> saas.nivor.my.id /var/www/saas.nivor/eyetemp/icon/animated snowy-2.svg
2024.02.09 22:13 B C:\laragon\www\eyetemp\icon\animated\snowy-3.svg --> saas.nivor.my.id /var/www/saas.nivor/eyetemp/icon/animated snowy-3.svg
2024.02.09 22:13 B C:\laragon\www\eyetemp\icon\animated\snowy-4.svg --> saas.nivor.my.id /var/www/saas.nivor/eyetemp/icon/animated snowy-4.svg
2024.02.09 22:13 B C:\laragon\www\eyetemp\icon\animated\snowy-5.svg --> saas.nivor.my.id /var/www/saas.nivor/eyetemp/icon/animated snowy-5.svg
2024.02.09 22:13 B C:\laragon\www\eyetemp\icon\animated\snowy-6.svg --> saas.nivor.my.id /var/www/saas.nivor/eyetemp/icon/animated snowy-6.svg
2024.02.09 22:13 B C:\laragon\www\eyetemp\icon\animated\thunder.svg --> saas.nivor.my.id /var/www/saas.nivor/eyetemp/icon/animated thunder.svg
2024.02.09 22:13 B C:\laragon\www\eyetemp\icon\animated\weather-sprite.svg --> saas.nivor.my.id /var/www/saas.nivor/eyetemp/icon/animated weather-sprite.svg
2024.02.09 22:13 B C:\laragon\www\eyetemp\icon\animated\weather.svg --> saas.nivor.my.id /var/www/saas.nivor/eyetemp/icon/animated weather.svg
2024.02.09 22:13 B C:\laragon\www\eyetemp\icon\animated\weather_sagittarius.svg --> saas.nivor.my.id /var/www/saas.nivor/eyetemp/icon/animated weather_sagittarius.svg
2024.02.09 22:13 B C:\laragon\www\eyetemp\icon\animated\weather_sunset.svg --> saas.nivor.my.id /var/www/saas.nivor/eyetemp/icon/animated weather_sunset.svg
2024.02.09 22:16 B C:\laragon\www\eyetemp\icon\animated\cloudy-day-1.svg --> saas.nivor.my.id /var/www/saas.nivor/icon/animated cloudy-day-1.svg
2024.02.09 22:16 B C:\laragon\www\eyetemp\icon\animated\cloudy-day-2.svg --> saas.nivor.my.id /var/www/saas.nivor/icon/animated cloudy-day-2.svg
2024.02.09 22:16 B C:\laragon\www\eyetemp\icon\animated\cloudy-day-3.svg --> saas.nivor.my.id /var/www/saas.nivor/icon/animated cloudy-day-3.svg
2024.02.09 22:16 B C:\laragon\www\eyetemp\icon\animated\cloudy-night-1.svg --> saas.nivor.my.id /var/www/saas.nivor/icon/animated cloudy-night-1.svg
2024.02.09 22:16 B C:\laragon\www\eyetemp\icon\animated\cloudy-night-2.svg --> saas.nivor.my.id /var/www/saas.nivor/icon/animated cloudy-night-2.svg
2024.02.09 22:16 B C:\laragon\www\eyetemp\icon\animated\cloudy-night-3.svg --> saas.nivor.my.id /var/www/saas.nivor/icon/animated cloudy-night-3.svg
2024.02.09 22:16 B C:\laragon\www\eyetemp\icon\animated\cloudy.svg --> saas.nivor.my.id /var/www/saas.nivor/icon/animated cloudy.svg
2024.02.09 22:16 B C:\laragon\www\eyetemp\icon\animated\day.svg --> saas.nivor.my.id /var/www/saas.nivor/icon/animated day.svg
2024.02.09 22:16 B C:\laragon\www\eyetemp\icon\animated\night.svg --> saas.nivor.my.id /var/www/saas.nivor/icon/animated night.svg
2024.02.09 22:16 B C:\laragon\www\eyetemp\icon\animated\rainy-1.svg --> saas.nivor.my.id /var/www/saas.nivor/icon/animated rainy-1.svg
2024.02.09 22:16 B C:\laragon\www\eyetemp\icon\animated\rainy-2.svg --> saas.nivor.my.id /var/www/saas.nivor/icon/animated rainy-2.svg
2024.02.09 22:16 B C:\laragon\www\eyetemp\icon\animated\rainy-3.svg --> saas.nivor.my.id /var/www/saas.nivor/icon/animated rainy-3.svg
2024.02.09 22:16 B C:\laragon\www\eyetemp\icon\animated\rainy-4.svg --> saas.nivor.my.id /var/www/saas.nivor/icon/animated rainy-4.svg
2024.02.09 22:16 B C:\laragon\www\eyetemp\icon\animated\rainy-5.svg --> saas.nivor.my.id /var/www/saas.nivor/icon/animated rainy-5.svg
2024.02.09 22:16 B C:\laragon\www\eyetemp\icon\animated\rainy-6.svg --> saas.nivor.my.id /var/www/saas.nivor/icon/animated rainy-6.svg
2024.02.09 22:16 B C:\laragon\www\eyetemp\icon\animated\rainy-7.svg --> saas.nivor.my.id /var/www/saas.nivor/icon/animated rainy-7.svg
2024.02.09 22:16 B C:\laragon\www\eyetemp\icon\animated\snowy-1.svg --> saas.nivor.my.id /var/www/saas.nivor/icon/animated snowy-1.svg
2024.02.09 22:16 B C:\laragon\www\eyetemp\icon\animated\snowy-2.svg --> saas.nivor.my.id /var/www/saas.nivor/icon/animated snowy-2.svg
2024.02.09 22:16 B C:\laragon\www\eyetemp\icon\animated\snowy-3.svg --> saas.nivor.my.id /var/www/saas.nivor/icon/animated snowy-3.svg
2024.02.09 22:16 B C:\laragon\www\eyetemp\icon\animated\snowy-4.svg --> saas.nivor.my.id /var/www/saas.nivor/icon/animated snowy-4.svg
2024.02.09 22:16 B C:\laragon\www\eyetemp\icon\animated\snowy-5.svg --> saas.nivor.my.id /var/www/saas.nivor/icon/animated snowy-5.svg
2024.02.09 22:16 B C:\laragon\www\eyetemp\icon\animated\snowy-6.svg --> saas.nivor.my.id /var/www/saas.nivor/icon/animated snowy-6.svg
2024.02.09 22:16 B C:\laragon\www\eyetemp\icon\animated\thunder.svg --> saas.nivor.my.id /var/www/saas.nivor/icon/animated thunder.svg
2024.02.09 22:16 B C:\laragon\www\eyetemp\icon\animated\weather-sprite.svg --> saas.nivor.my.id /var/www/saas.nivor/icon/animated weather-sprite.svg
2024.02.09 22:16 B C:\laragon\www\eyetemp\icon\animated\weather.svg --> saas.nivor.my.id /var/www/saas.nivor/icon/animated weather.svg
2024.02.09 22:16 B C:\laragon\www\eyetemp\icon\animated\weather_sagittarius.svg --> saas.nivor.my.id /var/www/saas.nivor/icon/animated weather_sagittarius.svg
2024.02.09 22:16 B C:\laragon\www\eyetemp\icon\animated\weather_sunset.svg --> saas.nivor.my.id /var/www/saas.nivor/icon/animated weather_sunset.svg
2024.02.09 22:16 B C:\laragon\www\eyetemp\icon\animated\WS_FTP.LOG --> saas.nivor.my.id /var/www/saas.nivor/icon/animated WS_FTP.LOG
2024.03.18 10:42 B C:\laragon\www\eyetemp\icon\animated\cloudy-day-1.svg --> saas.nivor.my.id /var/www/siot.nivor/icon/animated cloudy-day-1.svg
2024.03.18 10:42 B C:\laragon\www\eyetemp\icon\animated\cloudy-day-2.svg --> saas.nivor.my.id /var/www/siot.nivor/icon/animated cloudy-day-2.svg
2024.03.18 10:42 B C:\laragon\www\eyetemp\icon\animated\cloudy-day-3.svg --> saas.nivor.my.id /var/www/siot.nivor/icon/animated cloudy-day-3.svg
2024.03.18 10:42 B C:\laragon\www\eyetemp\icon\animated\cloudy-night-1.svg --> saas.nivor.my.id /var/www/siot.nivor/icon/animated cloudy-night-1.svg
2024.03.18 10:42 B C:\laragon\www\eyetemp\icon\animated\cloudy-night-2.svg --> saas.nivor.my.id /var/www/siot.nivor/icon/animated cloudy-night-2.svg
2024.03.18 10:42 B C:\laragon\www\eyetemp\icon\animated\cloudy-night-3.svg --> saas.nivor.my.id /var/www/siot.nivor/icon/animated cloudy-night-3.svg
2024.03.18 10:42 B C:\laragon\www\eyetemp\icon\animated\cloudy.svg --> saas.nivor.my.id /var/www/siot.nivor/icon/animated cloudy.svg
2024.03.18 10:42 B C:\laragon\www\eyetemp\icon\animated\day.svg --> saas.nivor.my.id /var/www/siot.nivor/icon/animated day.svg
2024.03.18 10:42 B C:\laragon\www\eyetemp\icon\animated\night.svg --> saas.nivor.my.id /var/www/siot.nivor/icon/animated night.svg
2024.03.18 10:42 B C:\laragon\www\eyetemp\icon\animated\rainy-1.svg --> saas.nivor.my.id /var/www/siot.nivor/icon/animated rainy-1.svg
2024.03.18 10:42 B C:\laragon\www\eyetemp\icon\animated\rainy-2.svg --> saas.nivor.my.id /var/www/siot.nivor/icon/animated rainy-2.svg
2024.03.18 10:42 B C:\laragon\www\eyetemp\icon\animated\rainy-3.svg --> saas.nivor.my.id /var/www/siot.nivor/icon/animated rainy-3.svg
2024.03.18 10:42 B C:\laragon\www\eyetemp\icon\animated\rainy-4.svg --> saas.nivor.my.id /var/www/siot.nivor/icon/animated rainy-4.svg
2024.03.18 10:42 B C:\laragon\www\eyetemp\icon\animated\rainy-5.svg --> saas.nivor.my.id /var/www/siot.nivor/icon/animated rainy-5.svg
2024.03.18 10:42 B C:\laragon\www\eyetemp\icon\animated\rainy-6.svg --> saas.nivor.my.id /var/www/siot.nivor/icon/animated rainy-6.svg
2024.03.18 10:42 B C:\laragon\www\eyetemp\icon\animated\rainy-7.svg --> saas.nivor.my.id /var/www/siot.nivor/icon/animated rainy-7.svg
2024.03.18 10:42 B C:\laragon\www\eyetemp\icon\animated\snowy-1.svg --> saas.nivor.my.id /var/www/siot.nivor/icon/animated snowy-1.svg
2024.03.18 10:42 B C:\laragon\www\eyetemp\icon\animated\snowy-2.svg --> saas.nivor.my.id /var/www/siot.nivor/icon/animated snowy-2.svg
2024.03.18 10:42 B C:\laragon\www\eyetemp\icon\animated\snowy-3.svg --> saas.nivor.my.id /var/www/siot.nivor/icon/animated snowy-3.svg
2024.03.18 10:42 B C:\laragon\www\eyetemp\icon\animated\snowy-4.svg --> saas.nivor.my.id /var/www/siot.nivor/icon/animated snowy-4.svg
2024.03.18 10:42 B C:\laragon\www\eyetemp\icon\animated\snowy-5.svg --> saas.nivor.my.id /var/www/siot.nivor/icon/animated snowy-5.svg
2024.03.18 10:42 B C:\laragon\www\eyetemp\icon\animated\snowy-6.svg --> saas.nivor.my.id /var/www/siot.nivor/icon/animated snowy-6.svg
2024.03.18 10:42 B C:\laragon\www\eyetemp\icon\animated\thunder.svg --> saas.nivor.my.id /var/www/siot.nivor/icon/animated thunder.svg
2024.03.18 10:42 B C:\laragon\www\eyetemp\icon\animated\weather-sprite.svg --> saas.nivor.my.id /var/www/siot.nivor/icon/animated weather-sprite.svg
2024.03.18 10:42 B C:\laragon\www\eyetemp\icon\animated\weather.svg --> saas.nivor.my.id /var/www/siot.nivor/icon/animated weather.svg
2024.03.18 10:42 B C:\laragon\www\eyetemp\icon\animated\weather_sagittarius.svg --> saas.nivor.my.id /var/www/siot.nivor/icon/animated weather_sagittarius.svg
2024.03.18 10:42 B C:\laragon\www\eyetemp\icon\animated\weather_sunset.svg --> saas.nivor.my.id /var/www/siot.nivor/icon/animated weather_sunset.svg
2024.04.03 07:31 B C:\siot.nivor\siot.nivor\icon\animated\WS_FTP.LOG <-- Ipswitch /var/www/siot.nivor/icon/animated WS_FTP.LOG
2024.04.03 08:42 B C:\laragon\www\WEBSIOT\icon\animated\cloudy-day-1.svg --> ecommerce.nivor.my.id /var/www/smartcity.sija/WEBSIOT/icon/animated cloudy-day-1.svg
2024.04.03 08:42 B C:\laragon\www\WEBSIOT\icon\animated\cloudy-day-2.svg --> ecommerce.nivor.my.id /var/www/smartcity.sija/WEBSIOT/icon/animated cloudy-day-2.svg
2024.04.03 08:42 B C:\laragon\www\WEBSIOT\icon\animated\cloudy-day-3.svg --> ecommerce.nivor.my.id /var/www/smartcity.sija/WEBSIOT/icon/animated cloudy-day-3.svg
2024.04.03 08:42 B C:\laragon\www\WEBSIOT\icon\animated\cloudy-night-1.svg --> ecommerce.nivor.my.id /var/www/smartcity.sija/WEBSIOT/icon/animated cloudy-night-1.svg
2024.04.03 08:42 B C:\laragon\www\WEBSIOT\icon\animated\cloudy-night-2.svg --> ecommerce.nivor.my.id /var/www/smartcity.sija/WEBSIOT/icon/animated cloudy-night-2.svg
2024.04.03 08:42 B C:\laragon\www\WEBSIOT\icon\animated\cloudy-night-3.svg --> ecommerce.nivor.my.id /var/www/smartcity.sija/WEBSIOT/icon/animated cloudy-night-3.svg
2024.04.03 08:42 B C:\laragon\www\WEBSIOT\icon\animated\cloudy.svg --> ecommerce.nivor.my.id /var/www/smartcity.sija/WEBSIOT/icon/animated cloudy.svg
2024.04.03 08:42 B C:\laragon\www\WEBSIOT\icon\animated\day.svg --> ecommerce.nivor.my.id /var/www/smartcity.sija/WEBSIOT/icon/animated day.svg
2024.04.03 08:42 B C:\laragon\www\WEBSIOT\icon\animated\night.svg --> ecommerce.nivor.my.id /var/www/smartcity.sija/WEBSIOT/icon/animated night.svg
2024.04.03 08:42 B C:\laragon\www\WEBSIOT\icon\animated\rainy-1.svg --> ecommerce.nivor.my.id /var/www/smartcity.sija/WEBSIOT/icon/animated rainy-1.svg
2024.04.03 08:42 B C:\laragon\www\WEBSIOT\icon\animated\rainy-2.svg --> ecommerce.nivor.my.id /var/www/smartcity.sija/WEBSIOT/icon/animated rainy-2.svg
2024.04.03 08:42 B C:\laragon\www\WEBSIOT\icon\animated\rainy-3.svg --> ecommerce.nivor.my.id /var/www/smartcity.sija/WEBSIOT/icon/animated rainy-3.svg
2024.04.03 08:42 B C:\laragon\www\WEBSIOT\icon\animated\rainy-4.svg --> ecommerce.nivor.my.id /var/www/smartcity.sija/WEBSIOT/icon/animated rainy-4.svg
2024.04.03 08:42 B C:\laragon\www\WEBSIOT\icon\animated\rainy-5.svg --> ecommerce.nivor.my.id /var/www/smartcity.sija/WEBSIOT/icon/animated rainy-5.svg
2024.04.03 08:42 B C:\laragon\www\WEBSIOT\icon\animated\rainy-6.svg --> ecommerce.nivor.my.id /var/www/smartcity.sija/WEBSIOT/icon/animated rainy-6.svg
2024.04.03 08:42 B C:\laragon\www\WEBSIOT\icon\animated\rainy-7.svg --> ecommerce.nivor.my.id /var/www/smartcity.sija/WEBSIOT/icon/animated rainy-7.svg
2024.04.03 08:42 B C:\laragon\www\WEBSIOT\icon\animated\snowy-1.svg --> ecommerce.nivor.my.id /var/www/smartcity.sija/WEBSIOT/icon/animated snowy-1.svg
2024.04.03 08:42 B C:\laragon\www\WEBSIOT\icon\animated\snowy-2.svg --> ecommerce.nivor.my.id /var/www/smartcity.sija/WEBSIOT/icon/animated snowy-2.svg
2024.04.03 08:42 B C:\laragon\www\WEBSIOT\icon\animated\snowy-3.svg --> ecommerce.nivor.my.id /var/www/smartcity.sija/WEBSIOT/icon/animated snowy-3.svg
2024.04.03 08:42 B C:\laragon\www\WEBSIOT\icon\animated\snowy-4.svg --> ecommerce.nivor.my.id /var/www/smartcity.sija/WEBSIOT/icon/animated snowy-4.svg
2024.04.03 08:42 B C:\laragon\www\WEBSIOT\icon\animated\snowy-5.svg --> ecommerce.nivor.my.id /var/www/smartcity.sija/WEBSIOT/icon/animated snowy-5.svg
2024.04.03 08:42 B C:\laragon\www\WEBSIOT\icon\animated\snowy-6.svg --> ecommerce.nivor.my.id /var/www/smartcity.sija/WEBSIOT/icon/animated snowy-6.svg
2024.04.03 08:42 B C:\laragon\www\WEBSIOT\icon\animated\thunder.svg --> ecommerce.nivor.my.id /var/www/smartcity.sija/WEBSIOT/icon/animated thunder.svg
2024.04.03 08:42 B C:\laragon\www\WEBSIOT\icon\animated\weather-sprite.svg --> ecommerce.nivor.my.id /var/www/smartcity.sija/WEBSIOT/icon/animated weather-sprite.svg
2024.04.03 08:42 B C:\laragon\www\WEBSIOT\icon\animated\weather.svg --> ecommerce.nivor.my.id /var/www/smartcity.sija/WEBSIOT/icon/animated weather.svg
2024.04.03 08:42 B C:\laragon\www\WEBSIOT\icon\animated\weather_sagittarius.svg --> ecommerce.nivor.my.id /var/www/smartcity.sija/WEBSIOT/icon/animated weather_sagittarius.svg
2024.04.03 08:42 B C:\laragon\www\WEBSIOT\icon\animated\weather_sunset.svg --> ecommerce.nivor.my.id /var/www/smartcity.sija/WEBSIOT/icon/animated weather_sunset.svg
2024.04.03 08:42 B C:\laragon\www\WEBSIOT\icon\animated\WS_FTP.LOG --> ecommerce.nivor.my.id /var/www/smartcity.sija/WEBSIOT/icon/animated WS_FTP.LOG
2024.04.03 09:10 B C:\laragon\www\WEBSIOT\icon\animated\cloudy-day-1.svg --> ecommerce.nivor.my.id /var/www/smartcity.sija/icon/animated cloudy-day-1.svg
2024.04.03 09:10 B C:\laragon\www\WEBSIOT\icon\animated\cloudy-day-2.svg --> ecommerce.nivor.my.id /var/www/smartcity.sija/icon/animated cloudy-day-2.svg
2024.04.03 09:10 B C:\laragon\www\WEBSIOT\icon\animated\cloudy-day-3.svg --> ecommerce.nivor.my.id /var/www/smartcity.sija/icon/animated cloudy-day-3.svg
2024.04.03 09:10 B C:\laragon\www\WEBSIOT\icon\animated\cloudy-night-1.svg --> ecommerce.nivor.my.id /var/www/smartcity.sija/icon/animated cloudy-night-1.svg
2024.04.03 09:10 B C:\laragon\www\WEBSIOT\icon\animated\cloudy-night-2.svg --> ecommerce.nivor.my.id /var/www/smartcity.sija/icon/animated cloudy-night-2.svg
2024.04.03 09:10 B C:\laragon\www\WEBSIOT\icon\animated\cloudy-night-3.svg --> ecommerce.nivor.my.id /var/www/smartcity.sija/icon/animated cloudy-night-3.svg
2024.04.03 09:10 B C:\laragon\www\WEBSIOT\icon\animated\cloudy.svg --> ecommerce.nivor.my.id /var/www/smartcity.sija/icon/animated cloudy.svg
2024.04.03 09:10 B C:\laragon\www\WEBSIOT\icon\animated\day.svg --> ecommerce.nivor.my.id /var/www/smartcity.sija/icon/animated day.svg
2024.04.03 09:10 B C:\laragon\www\WEBSIOT\icon\animated\night.svg --> ecommerce.nivor.my.id /var/www/smartcity.sija/icon/animated night.svg
2024.04.03 09:10 B C:\laragon\www\WEBSIOT\icon\animated\rainy-1.svg --> ecommerce.nivor.my.id /var/www/smartcity.sija/icon/animated rainy-1.svg
2024.04.03 09:10 B C:\laragon\www\WEBSIOT\icon\animated\rainy-2.svg --> ecommerce.nivor.my.id /var/www/smartcity.sija/icon/animated rainy-2.svg
2024.04.03 09:10 B C:\laragon\www\WEBSIOT\icon\animated\rainy-3.svg --> ecommerce.nivor.my.id /var/www/smartcity.sija/icon/animated rainy-3.svg
2024.04.03 09:10 B C:\laragon\www\WEBSIOT\icon\animated\rainy-4.svg --> ecommerce.nivor.my.id /var/www/smartcity.sija/icon/animated rainy-4.svg
2024.04.03 09:10 B C:\laragon\www\WEBSIOT\icon\animated\rainy-5.svg --> ecommerce.nivor.my.id /var/www/smartcity.sija/icon/animated rainy-5.svg
2024.04.03 09:10 B C:\laragon\www\WEBSIOT\icon\animated\rainy-6.svg --> ecommerce.nivor.my.id /var/www/smartcity.sija/icon/animated rainy-6.svg
2024.04.03 09:10 B C:\laragon\www\WEBSIOT\icon\animated\rainy-7.svg --> ecommerce.nivor.my.id /var/www/smartcity.sija/icon/animated rainy-7.svg
2024.04.03 09:10 B C:\laragon\www\WEBSIOT\icon\animated\snowy-1.svg --> ecommerce.nivor.my.id /var/www/smartcity.sija/icon/animated snowy-1.svg
2024.04.03 09:10 B C:\laragon\www\WEBSIOT\icon\animated\snowy-2.svg --> ecommerce.nivor.my.id /var/www/smartcity.sija/icon/animated snowy-2.svg
2024.04.03 09:10 B C:\laragon\www\WEBSIOT\icon\animated\snowy-3.svg --> ecommerce.nivor.my.id /var/www/smartcity.sija/icon/animated snowy-3.svg
2024.04.03 09:10 B C:\laragon\www\WEBSIOT\icon\animated\snowy-4.svg --> ecommerce.nivor.my.id /var/www/smartcity.sija/icon/animated snowy-4.svg
2024.04.03 09:10 B C:\laragon\www\WEBSIOT\icon\animated\snowy-5.svg --> ecommerce.nivor.my.id /var/www/smartcity.sija/icon/animated snowy-5.svg
2024.04.03 09:10 B C:\laragon\www\WEBSIOT\icon\animated\snowy-6.svg --> ecommerce.nivor.my.id /var/www/smartcity.sija/icon/animated snowy-6.svg
2024.04.03 09:10 B C:\laragon\www\WEBSIOT\icon\animated\thunder.svg --> ecommerce.nivor.my.id /var/www/smartcity.sija/icon/animated thunder.svg
2024.04.03 09:10 B C:\laragon\www\WEBSIOT\icon\animated\weather-sprite.svg --> ecommerce.nivor.my.id /var/www/smartcity.sija/icon/animated weather-sprite.svg
2024.04.03 09:10 B C:\laragon\www\WEBSIOT\icon\animated\weather.svg --> ecommerce.nivor.my.id /var/www/smartcity.sija/icon/animated weather.svg
2024.04.03 09:10 B C:\laragon\www\WEBSIOT\icon\animated\weather_sagittarius.svg --> ecommerce.nivor.my.id /var/www/smartcity.sija/icon/animated weather_sagittarius.svg
2024.04.03 09:10 B C:\laragon\www\WEBSIOT\icon\animated\weather_sunset.svg --> ecommerce.nivor.my.id /var/www/smartcity.sija/icon/animated weather_sunset.svg
2024.04.03 09:10 B C:\laragon\www\WEBSIOT\icon\animated\WS_FTP.LOG --> ecommerce.nivor.my.id /var/www/smartcity.sija/icon/animated WS_FTP.LOG
2024.04.04 08:22 B C:\laragon\www\WEBSIOT\icon\animated\cloudy-day-1.svg --> ecommerce.nivor.my.id /var/www/smartcity.sija/icon/animated cloudy-day-1.svg
2024.04.04 08:22 B C:\laragon\www\WEBSIOT\icon\animated\cloudy-day-2.svg --> ecommerce.nivor.my.id /var/www/smartcity.sija/icon/animated cloudy-day-2.svg
2024.04.04 08:22 B C:\laragon\www\WEBSIOT\icon\animated\cloudy-day-3.svg --> ecommerce.nivor.my.id /var/www/smartcity.sija/icon/animated cloudy-day-3.svg
2024.04.04 08:22 B C:\laragon\www\WEBSIOT\icon\animated\cloudy-night-1.svg --> ecommerce.nivor.my.id /var/www/smartcity.sija/icon/animated cloudy-night-1.svg
2024.04.04 08:22 B C:\laragon\www\WEBSIOT\icon\animated\cloudy-night-2.svg --> ecommerce.nivor.my.id /var/www/smartcity.sija/icon/animated cloudy-night-2.svg
2024.04.04 08:22 B C:\laragon\www\WEBSIOT\icon\animated\cloudy-night-3.svg --> ecommerce.nivor.my.id /var/www/smartcity.sija/icon/animated cloudy-night-3.svg
2024.04.04 08:22 B C:\laragon\www\WEBSIOT\icon\animated\cloudy.svg --> ecommerce.nivor.my.id /var/www/smartcity.sija/icon/animated cloudy.svg
2024.04.04 08:22 B C:\laragon\www\WEBSIOT\icon\animated\day.svg --> ecommerce.nivor.my.id /var/www/smartcity.sija/icon/animated day.svg
2024.04.04 08:22 B C:\laragon\www\WEBSIOT\icon\animated\night.svg --> ecommerce.nivor.my.id /var/www/smartcity.sija/icon/animated night.svg
2024.04.04 08:22 B C:\laragon\www\WEBSIOT\icon\animated\rainy-1.svg --> ecommerce.nivor.my.id /var/www/smartcity.sija/icon/animated rainy-1.svg
2024.04.04 08:22 B C:\laragon\www\WEBSIOT\icon\animated\rainy-2.svg --> ecommerce.nivor.my.id /var/www/smartcity.sija/icon/animated rainy-2.svg
2024.04.04 08:22 B C:\laragon\www\WEBSIOT\icon\animated\rainy-3.svg --> ecommerce.nivor.my.id /var/www/smartcity.sija/icon/animated rainy-3.svg
2024.04.04 08:22 B C:\laragon\www\WEBSIOT\icon\animated\rainy-4.svg --> ecommerce.nivor.my.id /var/www/smartcity.sija/icon/animated rainy-4.svg
2024.04.04 08:22 B C:\laragon\www\WEBSIOT\icon\animated\rainy-5.svg --> ecommerce.nivor.my.id /var/www/smartcity.sija/icon/animated rainy-5.svg
2024.04.04 08:22 B C:\laragon\www\WEBSIOT\icon\animated\rainy-6.svg --> ecommerce.nivor.my.id /var/www/smartcity.sija/icon/animated rainy-6.svg
2024.04.04 08:22 B C:\laragon\www\WEBSIOT\icon\animated\rainy-7.svg --> ecommerce.nivor.my.id /var/www/smartcity.sija/icon/animated rainy-7.svg
2024.04.04 08:22 B C:\laragon\www\WEBSIOT\icon\animated\snowy-1.svg --> ecommerce.nivor.my.id /var/www/smartcity.sija/icon/animated snowy-1.svg
2024.04.04 08:22 B C:\laragon\www\WEBSIOT\icon\animated\snowy-2.svg --> ecommerce.nivor.my.id /var/www/smartcity.sija/icon/animated snowy-2.svg
2024.04.04 08:22 B C:\laragon\www\WEBSIOT\icon\animated\snowy-3.svg --> ecommerce.nivor.my.id /var/www/smartcity.sija/icon/animated snowy-3.svg
2024.04.04 08:22 B C:\laragon\www\WEBSIOT\icon\animated\snowy-4.svg --> ecommerce.nivor.my.id /var/www/smartcity.sija/icon/animated snowy-4.svg
2024.04.04 08:22 B C:\laragon\www\WEBSIOT\icon\animated\snowy-5.svg --> ecommerce.nivor.my.id /var/www/smartcity.sija/icon/animated snowy-5.svg
2024.04.04 08:22 B C:\laragon\www\WEBSIOT\icon\animated\snowy-6.svg --> ecommerce.nivor.my.id /var/www/smartcity.sija/icon/animated snowy-6.svg
2024.04.04 08:22 B C:\laragon\www\WEBSIOT\icon\animated\thunder.svg --> ecommerce.nivor.my.id /var/www/smartcity.sija/icon/animated thunder.svg
2024.04.04 08:22 B C:\laragon\www\WEBSIOT\icon\animated\weather-sprite.svg --> ecommerce.nivor.my.id /var/www/smartcity.sija/icon/animated weather-sprite.svg
2024.04.04 08:22 B C:\laragon\www\WEBSIOT\icon\animated\weather.svg --> ecommerce.nivor.my.id /var/www/smartcity.sija/icon/animated weather.svg
2024.04.04 08:22 B C:\laragon\www\WEBSIOT\icon\animated\weather_sagittarius.svg --> ecommerce.nivor.my.id /var/www/smartcity.sija/icon/animated weather_sagittarius.svg
2024.04.04 08:22 B C:\laragon\www\WEBSIOT\icon\animated\weather_sunset.svg --> ecommerce.nivor.my.id /var/www/smartcity.sija/icon/animated weather_sunset.svg
2024.04.04 08:22 B C:\laragon\www\WEBSIOT\icon\animated\WS_FTP.LOG --> ecommerce.nivor.my.id /var/www/smartcity.sija/icon/animated WS_FTP.LOG
2024.04.04 11:56 B C:\laragon\www\WEBSIOT\icon\animated\cloudy-day-1.svg --> ecommerce.nivor.my.id /var/www/smartcity.sija/WEBSIOT/icon/animated cloudy-day-1.svg
2024.04.04 11:56 B C:\laragon\www\WEBSIOT\icon\animated\cloudy-day-2.svg --> ecommerce.nivor.my.id /var/www/smartcity.sija/WEBSIOT/icon/animated cloudy-day-2.svg
2024.04.04 11:56 B C:\laragon\www\WEBSIOT\icon\animated\cloudy-day-3.svg --> ecommerce.nivor.my.id /var/www/smartcity.sija/WEBSIOT/icon/animated cloudy-day-3.svg
2024.04.04 11:56 B C:\laragon\www\WEBSIOT\icon\animated\cloudy-night-1.svg --> ecommerce.nivor.my.id /var/www/smartcity.sija/WEBSIOT/icon/animated cloudy-night-1.svg
2024.04.04 11:56 B C:\laragon\www\WEBSIOT\icon\animated\cloudy-night-2.svg --> ecommerce.nivor.my.id /var/www/smartcity.sija/WEBSIOT/icon/animated cloudy-night-2.svg
2024.04.04 11:56 B C:\laragon\www\WEBSIOT\icon\animated\cloudy-night-3.svg --> ecommerce.nivor.my.id /var/www/smartcity.sija/WEBSIOT/icon/animated cloudy-night-3.svg
2024.04.04 11:56 B C:\laragon\www\WEBSIOT\icon\animated\cloudy.svg --> ecommerce.nivor.my.id /var/www/smartcity.sija/WEBSIOT/icon/animated cloudy.svg
2024.04.04 11:56 B C:\laragon\www\WEBSIOT\icon\animated\day.svg --> ecommerce.nivor.my.id /var/www/smartcity.sija/WEBSIOT/icon/animated day.svg
2024.04.04 11:56 B C:\laragon\www\WEBSIOT\icon\animated\night.svg --> ecommerce.nivor.my.id /var/www/smartcity.sija/WEBSIOT/icon/animated night.svg
2024.04.04 11:56 B C:\laragon\www\WEBSIOT\icon\animated\rainy-1.svg --> ecommerce.nivor.my.id /var/www/smartcity.sija/WEBSIOT/icon/animated rainy-1.svg
2024.04.04 11:56 B C:\laragon\www\WEBSIOT\icon\animated\rainy-2.svg --> ecommerce.nivor.my.id /var/www/smartcity.sija/WEBSIOT/icon/animated rainy-2.svg
2024.04.04 11:56 B C:\laragon\www\WEBSIOT\icon\animated\rainy-3.svg --> ecommerce.nivor.my.id /var/www/smartcity.sija/WEBSIOT/icon/animated rainy-3.svg
2024.04.04 11:56 B C:\laragon\www\WEBSIOT\icon\animated\rainy-4.svg --> ecommerce.nivor.my.id /var/www/smartcity.sija/WEBSIOT/icon/animated rainy-4.svg
2024.04.04 11:56 B C:\laragon\www\WEBSIOT\icon\animated\rainy-5.svg --> ecommerce.nivor.my.id /var/www/smartcity.sija/WEBSIOT/icon/animated rainy-5.svg
2024.04.04 11:56 B C:\laragon\www\WEBSIOT\icon\animated\rainy-6.svg --> ecommerce.nivor.my.id /var/www/smartcity.sija/WEBSIOT/icon/animated rainy-6.svg
2024.04.04 11:56 B C:\laragon\www\WEBSIOT\icon\animated\rainy-7.svg --> ecommerce.nivor.my.id /var/www/smartcity.sija/WEBSIOT/icon/animated rainy-7.svg
2024.04.04 11:56 B C:\laragon\www\WEBSIOT\icon\animated\snowy-1.svg --> ecommerce.nivor.my.id /var/www/smartcity.sija/WEBSIOT/icon/animated snowy-1.svg
2024.04.04 11:56 B C:\laragon\www\WEBSIOT\icon\animated\snowy-2.svg --> ecommerce.nivor.my.id /var/www/smartcity.sija/WEBSIOT/icon/animated snowy-2.svg
2024.04.04 11:56 B C:\laragon\www\WEBSIOT\icon\animated\snowy-3.svg --> ecommerce.nivor.my.id /var/www/smartcity.sija/WEBSIOT/icon/animated snowy-3.svg
2024.04.04 11:56 B C:\laragon\www\WEBSIOT\icon\animated\snowy-4.svg --> ecommerce.nivor.my.id /var/www/smartcity.sija/WEBSIOT/icon/animated snowy-4.svg
2024.04.04 11:56 B C:\laragon\www\WEBSIOT\icon\animated\snowy-5.svg --> ecommerce.nivor.my.id /var/www/smartcity.sija/WEBSIOT/icon/animated snowy-5.svg
2024.04.04 11:56 B C:\laragon\www\WEBSIOT\icon\animated\snowy-6.svg --> ecommerce.nivor.my.id /var/www/smartcity.sija/WEBSIOT/icon/animated snowy-6.svg
2024.04.04 11:56 B C:\laragon\www\WEBSIOT\icon\animated\thunder.svg --> ecommerce.nivor.my.id /var/www/smartcity.sija/WEBSIOT/icon/animated thunder.svg
2024.04.04 11:56 B C:\laragon\www\WEBSIOT\icon\animated\weather-sprite.svg --> ecommerce.nivor.my.id /var/www/smartcity.sija/WEBSIOT/icon/animated weather-sprite.svg
2024.04.04 11:56 B C:\laragon\www\WEBSIOT\icon\animated\weather.svg --> ecommerce.nivor.my.id /var/www/smartcity.sija/WEBSIOT/icon/animated weather.svg
2024.04.04 11:56 B C:\laragon\www\WEBSIOT\icon\animated\weather_sagittarius.svg --> ecommerce.nivor.my.id /var/www/smartcity.sija/WEBSIOT/icon/animated weather_sagittarius.svg
2024.04.04 11:56 B C:\laragon\www\WEBSIOT\icon\animated\weather_sunset.svg --> ecommerce.nivor.my.id /var/www/smartcity.sija/WEBSIOT/icon/animated weather_sunset.svg
2024.04.04 11:56 B C:\laragon\www\WEBSIOT\icon\animated\WS_FTP.LOG --> ecommerce.nivor.my.id /var/www/smartcity.sija/WEBSIOT/icon/animated WS_FTP.LOG
2024.04.05 09:18 B C:\laragon\www\WEBSIOT\icon\animated\cloudy-day-1.svg --> ecommerce.nivor.my.id /var/www/smartcity.sija/WEBSIOT/icon/animated cloudy-day-1.svg
2024.04.05 09:18 B C:\laragon\www\WEBSIOT\icon\animated\cloudy-day-2.svg --> ecommerce.nivor.my.id /var/www/smartcity.sija/WEBSIOT/icon/animated cloudy-day-2.svg
2024.04.05 09:18 B C:\laragon\www\WEBSIOT\icon\animated\cloudy-day-3.svg --> ecommerce.nivor.my.id /var/www/smartcity.sija/WEBSIOT/icon/animated cloudy-day-3.svg
2024.04.05 09:18 B C:\laragon\www\WEBSIOT\icon\animated\cloudy-night-1.svg --> ecommerce.nivor.my.id /var/www/smartcity.sija/WEBSIOT/icon/animated cloudy-night-1.svg
2024.04.05 09:18 B C:\laragon\www\WEBSIOT\icon\animated\cloudy-night-2.svg --> ecommerce.nivor.my.id /var/www/smartcity.sija/WEBSIOT/icon/animated cloudy-night-2.svg
2024.04.05 09:18 B C:\laragon\www\WEBSIOT\icon\animated\cloudy-night-3.svg --> ecommerce.nivor.my.id /var/www/smartcity.sija/WEBSIOT/icon/animated cloudy-night-3.svg
2024.04.05 09:18 B C:\laragon\www\WEBSIOT\icon\animated\cloudy.svg --> ecommerce.nivor.my.id /var/www/smartcity.sija/WEBSIOT/icon/animated cloudy.svg
2024.04.05 09:18 B C:\laragon\www\WEBSIOT\icon\animated\day.svg --> ecommerce.nivor.my.id /var/www/smartcity.sija/WEBSIOT/icon/animated day.svg
2024.04.05 09:18 B C:\laragon\www\WEBSIOT\icon\animated\night.svg --> ecommerce.nivor.my.id /var/www/smartcity.sija/WEBSIOT/icon/animated night.svg
2024.04.05 09:18 B C:\laragon\www\WEBSIOT\icon\animated\rainy-1.svg --> ecommerce.nivor.my.id /var/www/smartcity.sija/WEBSIOT/icon/animated rainy-1.svg
2024.04.05 09:18 B C:\laragon\www\WEBSIOT\icon\animated\rainy-2.svg --> ecommerce.nivor.my.id /var/www/smartcity.sija/WEBSIOT/icon/animated rainy-2.svg
2024.04.05 09:18 B C:\laragon\www\WEBSIOT\icon\animated\rainy-3.svg --> ecommerce.nivor.my.id /var/www/smartcity.sija/WEBSIOT/icon/animated rainy-3.svg
2024.04.05 09:18 B C:\laragon\www\WEBSIOT\icon\animated\rainy-4.svg --> ecommerce.nivor.my.id /var/www/smartcity.sija/WEBSIOT/icon/animated rainy-4.svg
2024.04.05 09:18 B C:\laragon\www\WEBSIOT\icon\animated\rainy-5.svg --> ecommerce.nivor.my.id /var/www/smartcity.sija/WEBSIOT/icon/animated rainy-5.svg
2024.04.05 09:18 B C:\laragon\www\WEBSIOT\icon\animated\rainy-6.svg --> ecommerce.nivor.my.id /var/www/smartcity.sija/WEBSIOT/icon/animated rainy-6.svg
2024.04.05 09:18 B C:\laragon\www\WEBSIOT\icon\animated\rainy-7.svg --> ecommerce.nivor.my.id /var/www/smartcity.sija/WEBSIOT/icon/animated rainy-7.svg
2024.04.05 09:18 B C:\laragon\www\WEBSIOT\icon\animated\snowy-1.svg --> ecommerce.nivor.my.id /var/www/smartcity.sija/WEBSIOT/icon/animated snowy-1.svg
2024.04.05 09:18 B C:\laragon\www\WEBSIOT\icon\animated\snowy-2.svg --> ecommerce.nivor.my.id /var/www/smartcity.sija/WEBSIOT/icon/animated snowy-2.svg
2024.04.05 09:18 B C:\laragon\www\WEBSIOT\icon\animated\snowy-3.svg --> ecommerce.nivor.my.id /var/www/smartcity.sija/WEBSIOT/icon/animated snowy-3.svg
2024.04.05 09:18 B C:\laragon\www\WEBSIOT\icon\animated\snowy-4.svg --> ecommerce.nivor.my.id /var/www/smartcity.sija/WEBSIOT/icon/animated snowy-4.svg
2024.04.05 09:18 B C:\laragon\www\WEBSIOT\icon\animated\snowy-5.svg --> ecommerce.nivor.my.id /var/www/smartcity.sija/WEBSIOT/icon/animated snowy-5.svg
2024.04.05 09:18 B C:\laragon\www\WEBSIOT\icon\animated\snowy-6.svg --> ecommerce.nivor.my.id /var/www/smartcity.sija/WEBSIOT/icon/animated snowy-6.svg
2024.04.05 09:18 B C:\laragon\www\WEBSIOT\icon\animated\thunder.svg --> ecommerce.nivor.my.id /var/www/smartcity.sija/WEBSIOT/icon/animated thunder.svg
2024.04.05 09:18 B C:\laragon\www\WEBSIOT\icon\animated\weather-sprite.svg --> ecommerce.nivor.my.id /var/www/smartcity.sija/WEBSIOT/icon/animated weather-sprite.svg
2024.04.05 09:18 B C:\laragon\www\WEBSIOT\icon\animated\weather.svg --> ecommerce.nivor.my.id /var/www/smartcity.sija/WEBSIOT/icon/animated weather.svg
2024.04.05 09:18 B C:\laragon\www\WEBSIOT\icon\animated\weather_sagittarius.svg --> ecommerce.nivor.my.id /var/www/smartcity.sija/WEBSIOT/icon/animated weather_sagittarius.svg
2024.04.05 09:18 B C:\laragon\www\WEBSIOT\icon\animated\weather_sunset.svg --> ecommerce.nivor.my.id /var/www/smartcity.sija/WEBSIOT/icon/animated weather_sunset.svg
2024.04.05 09:18 B C:\laragon\www\WEBSIOT\icon\animated\WS_FTP.LOG --> ecommerce.nivor.my.id /var/www/smartcity.sija/WEBSIOT/icon/animated WS_FTP.LOG
2024.04.05 09:27 B C:\laragon\www\WEBSIOT\icon\animated\cloudy-day-1.svg --> ecommerce.nivor.my.id /var/www/smartcity.sija/icon/animated cloudy-day-1.svg
2024.04.05 09:27 B C:\laragon\www\WEBSIOT\icon\animated\cloudy-day-2.svg --> ecommerce.nivor.my.id /var/www/smartcity.sija/icon/animated cloudy-day-2.svg
2024.04.05 09:27 B C:\laragon\www\WEBSIOT\icon\animated\cloudy-day-3.svg --> ecommerce.nivor.my.id /var/www/smartcity.sija/icon/animated cloudy-day-3.svg
2024.04.05 09:27 B C:\laragon\www\WEBSIOT\icon\animated\cloudy-night-1.svg --> ecommerce.nivor.my.id /var/www/smartcity.sija/icon/animated cloudy-night-1.svg
2024.04.05 09:27 B C:\laragon\www\WEBSIOT\icon\animated\cloudy-night-2.svg --> ecommerce.nivor.my.id /var/www/smartcity.sija/icon/animated cloudy-night-2.svg
2024.04.05 09:27 B C:\laragon\www\WEBSIOT\icon\animated\cloudy-night-3.svg --> ecommerce.nivor.my.id /var/www/smartcity.sija/icon/animated cloudy-night-3.svg
2024.04.05 09:27 B C:\laragon\www\WEBSIOT\icon\animated\cloudy.svg --> ecommerce.nivor.my.id /var/www/smartcity.sija/icon/animated cloudy.svg
2024.04.05 09:27 B C:\laragon\www\WEBSIOT\icon\animated\day.svg --> ecommerce.nivor.my.id /var/www/smartcity.sija/icon/animated day.svg
2024.04.05 09:27 B C:\laragon\www\WEBSIOT\icon\animated\night.svg --> ecommerce.nivor.my.id /var/www/smartcity.sija/icon/animated night.svg
2024.04.05 09:27 B C:\laragon\www\WEBSIOT\icon\animated\rainy-1.svg --> ecommerce.nivor.my.id /var/www/smartcity.sija/icon/animated rainy-1.svg
2024.04.05 09:27 B C:\laragon\www\WEBSIOT\icon\animated\rainy-2.svg --> ecommerce.nivor.my.id /var/www/smartcity.sija/icon/animated rainy-2.svg
2024.04.05 09:27 B C:\laragon\www\WEBSIOT\icon\animated\rainy-3.svg --> ecommerce.nivor.my.id /var/www/smartcity.sija/icon/animated rainy-3.svg
2024.04.05 09:27 B C:\laragon\www\WEBSIOT\icon\animated\rainy-4.svg --> ecommerce.nivor.my.id /var/www/smartcity.sija/icon/animated rainy-4.svg
2024.04.05 09:27 B C:\laragon\www\WEBSIOT\icon\animated\rainy-5.svg --> ecommerce.nivor.my.id /var/www/smartcity.sija/icon/animated rainy-5.svg
2024.04.05 09:27 B C:\laragon\www\WEBSIOT\icon\animated\rainy-6.svg --> ecommerce.nivor.my.id /var/www/smartcity.sija/icon/animated rainy-6.svg
2024.04.05 09:27 B C:\laragon\www\WEBSIOT\icon\animated\rainy-7.svg --> ecommerce.nivor.my.id /var/www/smartcity.sija/icon/animated rainy-7.svg
2024.04.05 09:27 B C:\laragon\www\WEBSIOT\icon\animated\snowy-1.svg --> ecommerce.nivor.my.id /var/www/smartcity.sija/icon/animated snowy-1.svg
2024.04.05 09:27 B C:\laragon\www\WEBSIOT\icon\animated\snowy-2.svg --> ecommerce.nivor.my.id /var/www/smartcity.sija/icon/animated snowy-2.svg
2024.04.05 09:27 B C:\laragon\www\WEBSIOT\icon\animated\snowy-3.svg --> ecommerce.nivor.my.id /var/www/smartcity.sija/icon/animated snowy-3.svg
2024.04.05 09:27 B C:\laragon\www\WEBSIOT\icon\animated\snowy-4.svg --> ecommerce.nivor.my.id /var/www/smartcity.sija/icon/animated snowy-4.svg
2024.04.05 09:27 B C:\laragon\www\WEBSIOT\icon\animated\snowy-5.svg --> ecommerce.nivor.my.id /var/www/smartcity.sija/icon/animated snowy-5.svg
2024.04.05 09:27 B C:\laragon\www\WEBSIOT\icon\animated\snowy-6.svg --> ecommerce.nivor.my.id /var/www/smartcity.sija/icon/animated snowy-6.svg
2024.04.05 09:27 B C:\laragon\www\WEBSIOT\icon\animated\thunder.svg --> ecommerce.nivor.my.id /var/www/smartcity.sija/icon/animated thunder.svg
2024.04.05 09:27 B C:\laragon\www\WEBSIOT\icon\animated\weather-sprite.svg --> ecommerce.nivor.my.id /var/www/smartcity.sija/icon/animated weather-sprite.svg
2024.04.05 09:27 B C:\laragon\www\WEBSIOT\icon\animated\weather.svg --> ecommerce.nivor.my.id /var/www/smartcity.sija/icon/animated weather.svg
2024.04.05 09:27 B C:\laragon\www\WEBSIOT\icon\animated\weather_sagittarius.svg --> ecommerce.nivor.my.id /var/www/smartcity.sija/icon/animated weather_sagittarius.svg
2024.04.05 09:27 B C:\laragon\www\WEBSIOT\icon\animated\weather_sunset.svg --> ecommerce.nivor.my.id /var/www/smartcity.sija/icon/animated weather_sunset.svg
2024.04.05 09:27 B C:\laragon\www\WEBSIOT\icon\animated\WS_FTP.LOG --> ecommerce.nivor.my.id /var/www/smartcity.sija/icon/animated WS_FTP.LOG
2024.04.07 17:12 B C:\laragon\www\WEBSIOT\icon\animated\cloudy-day-1.svg --> ecommerce.nivor.my.id /var/www/smartcity.sija/icon/animated cloudy-day-1.svg
2024.04.07 17:12 B C:\laragon\www\WEBSIOT\icon\animated\cloudy-day-2.svg --> ecommerce.nivor.my.id /var/www/smartcity.sija/icon/animated cloudy-day-2.svg
2024.04.07 17:12 B C:\laragon\www\WEBSIOT\icon\animated\cloudy-day-3.svg --> ecommerce.nivor.my.id /var/www/smartcity.sija/icon/animated cloudy-day-3.svg
2024.04.07 17:12 B C:\laragon\www\WEBSIOT\icon\animated\cloudy-night-1.svg --> ecommerce.nivor.my.id /var/www/smartcity.sija/icon/animated cloudy-night-1.svg
2024.04.07 17:12 B C:\laragon\www\WEBSIOT\icon\animated\cloudy-night-2.svg --> ecommerce.nivor.my.id /var/www/smartcity.sija/icon/animated cloudy-night-2.svg
2024.04.07 17:12 B C:\laragon\www\WEBSIOT\icon\animated\cloudy-night-3.svg --> ecommerce.nivor.my.id /var/www/smartcity.sija/icon/animated cloudy-night-3.svg
2024.04.07 17:12 B C:\laragon\www\WEBSIOT\icon\animated\cloudy.svg --> ecommerce.nivor.my.id /var/www/smartcity.sija/icon/animated cloudy.svg
2024.04.07 17:12 B C:\laragon\www\WEBSIOT\icon\animated\day.svg --> ecommerce.nivor.my.id /var/www/smartcity.sija/icon/animated day.svg
2024.04.07 17:12 B C:\laragon\www\WEBSIOT\icon\animated\night.svg --> ecommerce.nivor.my.id /var/www/smartcity.sija/icon/animated night.svg
2024.04.07 17:12 B C:\laragon\www\WEBSIOT\icon\animated\rainy-1.svg --> ecommerce.nivor.my.id /var/www/smartcity.sija/icon/animated rainy-1.svg
2024.04.07 17:12 B C:\laragon\www\WEBSIOT\icon\animated\rainy-2.svg --> ecommerce.nivor.my.id /var/www/smartcity.sija/icon/animated rainy-2.svg
2024.04.07 17:12 B C:\laragon\www\WEBSIOT\icon\animated\rainy-3.svg --> ecommerce.nivor.my.id /var/www/smartcity.sija/icon/animated rainy-3.svg
2024.04.07 17:12 B C:\laragon\www\WEBSIOT\icon\animated\rainy-4.svg --> ecommerce.nivor.my.id /var/www/smartcity.sija/icon/animated rainy-4.svg
2024.04.07 17:12 B C:\laragon\www\WEBSIOT\icon\animated\rainy-5.svg --> ecommerce.nivor.my.id /var/www/smartcity.sija/icon/animated rainy-5.svg
2024.04.07 17:12 B C:\laragon\www\WEBSIOT\icon\animated\rainy-6.svg --> ecommerce.nivor.my.id /var/www/smartcity.sija/icon/animated rainy-6.svg
2024.04.07 17:12 B C:\laragon\www\WEBSIOT\icon\animated\rainy-7.svg --> ecommerce.nivor.my.id /var/www/smartcity.sija/icon/animated rainy-7.svg
2024.04.07 17:12 B C:\laragon\www\WEBSIOT\icon\animated\snowy-1.svg --> ecommerce.nivor.my.id /var/www/smartcity.sija/icon/animated snowy-1.svg
2024.04.07 17:12 B C:\laragon\www\WEBSIOT\icon\animated\snowy-2.svg --> ecommerce.nivor.my.id /var/www/smartcity.sija/icon/animated snowy-2.svg
2024.04.07 17:12 B C:\laragon\www\WEBSIOT\icon\animated\snowy-3.svg --> ecommerce.nivor.my.id /var/www/smartcity.sija/icon/animated snowy-3.svg
2024.04.07 17:12 B C:\laragon\www\WEBSIOT\icon\animated\snowy-4.svg --> ecommerce.nivor.my.id /var/www/smartcity.sija/icon/animated snowy-4.svg
2024.04.07 17:12 B C:\laragon\www\WEBSIOT\icon\animated\snowy-5.svg --> ecommerce.nivor.my.id /var/www/smartcity.sija/icon/animated snowy-5.svg
2024.04.07 17:12 B C:\laragon\www\WEBSIOT\icon\animated\snowy-6.svg --> ecommerce.nivor.my.id /var/www/smartcity.sija/icon/animated snowy-6.svg
2024.04.07 17:12 B C:\laragon\www\WEBSIOT\icon\animated\thunder.svg --> ecommerce.nivor.my.id /var/www/smartcity.sija/icon/animated thunder.svg
2024.04.07 17:12 B C:\laragon\www\WEBSIOT\icon\animated\weather-sprite.svg --> ecommerce.nivor.my.id /var/www/smartcity.sija/icon/animated weather-sprite.svg
2024.04.07 17:12 B C:\laragon\www\WEBSIOT\icon\animated\weather.svg --> ecommerce.nivor.my.id /var/www/smartcity.sija/icon/animated weather.svg
2024.04.07 17:12 B C:\laragon\www\WEBSIOT\icon\animated\weather_sagittarius.svg --> ecommerce.nivor.my.id /var/www/smartcity.sija/icon/animated weather_sagittarius.svg
2024.04.07 17:12 B C:\laragon\www\WEBSIOT\icon\animated\weather_sunset.svg --> ecommerce.nivor.my.id /var/www/smartcity.sija/icon/animated weather_sunset.svg
2024.04.07 17:12 B C:\laragon\www\WEBSIOT\icon\animated\WS_FTP.LOG --> ecommerce.nivor.my.id /var/www/smartcity.sija/icon/animated WS_FTP.LOG
2024.04.18 07:17 B C:\laragon\www\WEBSIOT\icon\animated\cloudy-day-1.svg --> ecommerce.nivor.my.id /var/www/smartcity.sija/icon/animated cloudy-day-1.svg
2024.04.18 07:17 B C:\laragon\www\WEBSIOT\icon\animated\cloudy-day-2.svg --> ecommerce.nivor.my.id /var/www/smartcity.sija/icon/animated cloudy-day-2.svg
2024.04.18 07:17 B C:\laragon\www\WEBSIOT\icon\animated\cloudy-day-3.svg --> ecommerce.nivor.my.id /var/www/smartcity.sija/icon/animated cloudy-day-3.svg
2024.04.18 07:17 B C:\laragon\www\WEBSIOT\icon\animated\cloudy-night-1.svg --> ecommerce.nivor.my.id /var/www/smartcity.sija/icon/animated cloudy-night-1.svg
2024.04.18 07:17 B C:\laragon\www\WEBSIOT\icon\animated\cloudy-night-2.svg --> ecommerce.nivor.my.id /var/www/smartcity.sija/icon/animated cloudy-night-2.svg
2024.04.18 07:17 B C:\laragon\www\WEBSIOT\icon\animated\cloudy-night-3.svg --> ecommerce.nivor.my.id /var/www/smartcity.sija/icon/animated cloudy-night-3.svg
2024.04.18 07:17 B C:\laragon\www\WEBSIOT\icon\animated\cloudy.svg --> ecommerce.nivor.my.id /var/www/smartcity.sija/icon/animated cloudy.svg
2024.04.18 07:17 B C:\laragon\www\WEBSIOT\icon\animated\day.svg --> ecommerce.nivor.my.id /var/www/smartcity.sija/icon/animated day.svg
2024.04.18 07:17 B C:\laragon\www\WEBSIOT\icon\animated\night.svg --> ecommerce.nivor.my.id /var/www/smartcity.sija/icon/animated night.svg
2024.04.18 07:17 B C:\laragon\www\WEBSIOT\icon\animated\rainy-1.svg --> ecommerce.nivor.my.id /var/www/smartcity.sija/icon/animated rainy-1.svg
2024.04.18 07:17 B C:\laragon\www\WEBSIOT\icon\animated\rainy-2.svg --> ecommerce.nivor.my.id /var/www/smartcity.sija/icon/animated rainy-2.svg
2024.04.18 07:17 B C:\laragon\www\WEBSIOT\icon\animated\rainy-3.svg --> ecommerce.nivor.my.id /var/www/smartcity.sija/icon/animated rainy-3.svg
2024.04.18 07:17 B C:\laragon\www\WEBSIOT\icon\animated\rainy-4.svg --> ecommerce.nivor.my.id /var/www/smartcity.sija/icon/animated rainy-4.svg
2024.04.18 07:17 B C:\laragon\www\WEBSIOT\icon\animated\rainy-5.svg --> ecommerce.nivor.my.id /var/www/smartcity.sija/icon/animated rainy-5.svg
2024.04.18 07:17 B C:\laragon\www\WEBSIOT\icon\animated\rainy-6.svg --> ecommerce.nivor.my.id /var/www/smartcity.sija/icon/animated rainy-6.svg
2024.04.18 07:17 B C:\laragon\www\WEBSIOT\icon\animated\rainy-7.svg --> ecommerce.nivor.my.id /var/www/smartcity.sija/icon/animated rainy-7.svg
2024.04.18 07:17 B C:\laragon\www\WEBSIOT\icon\animated\snowy-1.svg --> ecommerce.nivor.my.id /var/www/smartcity.sija/icon/animated snowy-1.svg
2024.04.18 07:17 B C:\laragon\www\WEBSIOT\icon\animated\snowy-2.svg --> ecommerce.nivor.my.id /var/www/smartcity.sija/icon/animated snowy-2.svg
2024.04.18 07:17 B C:\laragon\www\WEBSIOT\icon\animated\snowy-3.svg --> ecommerce.nivor.my.id /var/www/smartcity.sija/icon/animated snowy-3.svg
2024.04.18 07:17 B C:\laragon\www\WEBSIOT\icon\animated\snowy-4.svg --> ecommerce.nivor.my.id /var/www/smartcity.sija/icon/animated snowy-4.svg
2024.04.18 07:17 B C:\laragon\www\WEBSIOT\icon\animated\snowy-5.svg --> ecommerce.nivor.my.id /var/www/smartcity.sija/icon/animated snowy-5.svg
2024.04.18 07:17 B C:\laragon\www\WEBSIOT\icon\animated\snowy-6.svg --> ecommerce.nivor.my.id /var/www/smartcity.sija/icon/animated snowy-6.svg
2024.04.18 07:17 B C:\laragon\www\WEBSIOT\icon\animated\thunder.svg --> ecommerce.nivor.my.id /var/www/smartcity.sija/icon/animated thunder.svg
2024.04.18 07:17 B C:\laragon\www\WEBSIOT\icon\animated\weather-sprite.svg --> ecommerce.nivor.my.id /var/www/smartcity.sija/icon/animated weather-sprite.svg
2024.04.18 07:17 B C:\laragon\www\WEBSIOT\icon\animated\weather.svg --> ecommerce.nivor.my.id /var/www/smartcity.sija/icon/animated weather.svg
2024.04.18 07:17 B C:\laragon\www\WEBSIOT\icon\animated\weather_sagittarius.svg --> ecommerce.nivor.my.id /var/www/smartcity.sija/icon/animated weather_sagittarius.svg
2024.04.18 07:17 B C:\laragon\www\WEBSIOT\icon\animated\weather_sunset.svg --> ecommerce.nivor.my.id /var/www/smartcity.sija/icon/animated weather_sunset.svg
2024.04.18 07:17 B C:\laragon\www\WEBSIOT\icon\animated\WS_FTP.LOG --> ecommerce.nivor.my.id /var/www/smartcity.sija/icon/animated WS_FTP.LOG
2024.04.18 10:10 B C:\laragon\www\WEBSIOT admin\icon\animated\cloudy-day-1.svg --> ecommerce.nivor.my.id /var/www/smartcity.sija/WEBSIOT_ADMIN/icon/animated cloudy-day-1.svg
2024.04.18 10:10 B C:\laragon\www\WEBSIOT admin\icon\animated\cloudy-day-2.svg --> ecommerce.nivor.my.id /var/www/smartcity.sija/WEBSIOT_ADMIN/icon/animated cloudy-day-2.svg
2024.04.18 10:10 B C:\laragon\www\WEBSIOT admin\icon\animated\cloudy-day-3.svg --> ecommerce.nivor.my.id /var/www/smartcity.sija/WEBSIOT_ADMIN/icon/animated cloudy-day-3.svg
2024.04.18 10:10 B C:\laragon\www\WEBSIOT admin\icon\animated\cloudy-night-1.svg --> ecommerce.nivor.my.id /var/www/smartcity.sija/WEBSIOT_ADMIN/icon/animated cloudy-night-1.svg
2024.04.18 10:10 B C:\laragon\www\WEBSIOT admin\icon\animated\cloudy-night-2.svg --> ecommerce.nivor.my.id /var/www/smartcity.sija/WEBSIOT_ADMIN/icon/animated cloudy-night-2.svg
2024.04.18 10:10 B C:\laragon\www\WEBSIOT admin\icon\animated\cloudy-night-3.svg --> ecommerce.nivor.my.id /var/www/smartcity.sija/WEBSIOT_ADMIN/icon/animated cloudy-night-3.svg
2024.04.18 10:10 B C:\laragon\www\WEBSIOT admin\icon\animated\cloudy.svg --> ecommerce.nivor.my.id /var/www/smartcity.sija/WEBSIOT_ADMIN/icon/animated cloudy.svg
2024.04.18 10:10 B C:\laragon\www\WEBSIOT admin\icon\animated\day.svg --> ecommerce.nivor.my.id /var/www/smartcity.sija/WEBSIOT_ADMIN/icon/animated day.svg
2024.04.18 10:10 B C:\laragon\www\WEBSIOT admin\icon\animated\night.svg --> ecommerce.nivor.my.id /var/www/smartcity.sija/WEBSIOT_ADMIN/icon/animated night.svg
2024.04.18 10:10 B C:\laragon\www\WEBSIOT admin\icon\animated\rainy-1.svg --> ecommerce.nivor.my.id /var/www/smartcity.sija/WEBSIOT_ADMIN/icon/animated rainy-1.svg
2024.04.18 10:10 B C:\laragon\www\WEBSIOT admin\icon\animated\rainy-2.svg --> ecommerce.nivor.my.id /var/www/smartcity.sija/WEBSIOT_ADMIN/icon/animated rainy-2.svg
2024.04.18 10:10 B C:\laragon\www\WEBSIOT admin\icon\animated\rainy-3.svg --> ecommerce.nivor.my.id /var/www/smartcity.sija/WEBSIOT_ADMIN/icon/animated rainy-3.svg
2024.04.18 10:10 B C:\laragon\www\WEBSIOT admin\icon\animated\rainy-4.svg --> ecommerce.nivor.my.id /var/www/smartcity.sija/WEBSIOT_ADMIN/icon/animated rainy-4.svg
2024.04.18 10:10 B C:\laragon\www\WEBSIOT admin\icon\animated\rainy-5.svg --> ecommerce.nivor.my.id /var/www/smartcity.sija/WEBSIOT_ADMIN/icon/animated rainy-5.svg
2024.04.18 10:10 B C:\laragon\www\WEBSIOT admin\icon\animated\rainy-6.svg --> ecommerce.nivor.my.id /var/www/smartcity.sija/WEBSIOT_ADMIN/icon/animated rainy-6.svg
2024.04.18 10:10 B C:\laragon\www\WEBSIOT admin\icon\animated\rainy-7.svg --> ecommerce.nivor.my.id /var/www/smartcity.sija/WEBSIOT_ADMIN/icon/animated rainy-7.svg
2024.04.18 10:10 B C:\laragon\www\WEBSIOT admin\icon\animated\snowy-1.svg --> ecommerce.nivor.my.id /var/www/smartcity.sija/WEBSIOT_ADMIN/icon/animated snowy-1.svg
2024.04.18 10:10 B C:\laragon\www\WEBSIOT admin\icon\animated\snowy-2.svg --> ecommerce.nivor.my.id /var/www/smartcity.sija/WEBSIOT_ADMIN/icon/animated snowy-2.svg
2024.04.18 10:10 B C:\laragon\www\WEBSIOT admin\icon\animated\snowy-3.svg --> ecommerce.nivor.my.id /var/www/smartcity.sija/WEBSIOT_ADMIN/icon/animated snowy-3.svg
2024.04.18 10:10 B C:\laragon\www\WEBSIOT admin\icon\animated\snowy-4.svg --> ecommerce.nivor.my.id /var/www/smartcity.sija/WEBSIOT_ADMIN/icon/animated snowy-4.svg
2024.04.18 10:10 B C:\laragon\www\WEBSIOT admin\icon\animated\snowy-5.svg --> ecommerce.nivor.my.id /var/www/smartcity.sija/WEBSIOT_ADMIN/icon/animated snowy-5.svg
2024.04.18 10:10 B C:\laragon\www\WEBSIOT admin\icon\animated\snowy-6.svg --> ecommerce.nivor.my.id /var/www/smartcity.sija/WEBSIOT_ADMIN/icon/animated snowy-6.svg
2024.04.18 10:10 B C:\laragon\www\WEBSIOT admin\icon\animated\thunder.svg --> ecommerce.nivor.my.id /var/www/smartcity.sija/WEBSIOT_ADMIN/icon/animated thunder.svg
2024.04.18 10:10 B C:\laragon\www\WEBSIOT admin\icon\animated\weather-sprite.svg --> ecommerce.nivor.my.id /var/www/smartcity.sija/WEBSIOT_ADMIN/icon/animated weather-sprite.svg
2024.04.18 10:10 B C:\laragon\www\WEBSIOT admin\icon\animated\weather.svg --> ecommerce.nivor.my.id /var/www/smartcity.sija/WEBSIOT_ADMIN/icon/animated weather.svg
2024.04.18 10:10 B C:\laragon\www\WEBSIOT admin\icon\animated\weather_sagittarius.svg --> ecommerce.nivor.my.id /var/www/smartcity.sija/WEBSIOT_ADMIN/icon/animated weather_sagittarius.svg
2024.04.18 10:10 B C:\laragon\www\WEBSIOT admin\icon\animated\weather_sunset.svg --> ecommerce.nivor.my.id /var/www/smartcity.sija/WEBSIOT_ADMIN/icon/animated weather_sunset.svg
2024.05.17 13:12 B C:\laragon\www\WEBSIOT_ADMIN\icon\animated\WS_FTP.LOG <-- Caevan /var/www/smartcity.sija/WEBSIOT_ADMIN/icon/animated WS_FTP.LOG
