2024.03.27 13:46 B C:\PROJECT 2024\Project\css\css\.DS_Store --> ecommerce.nivor.my.id /var/www/smartcity.sija/Project/css/css .DS_Store
2024.03.27 13:46 B C:\PROJECT 2024\Project\css\css\bootstrap-reboot.css --> ecommerce.nivor.my.id /var/www/smartcity.sija/Project/css/css bootstrap-reboot.css
2024.03.27 16:25 B C:\PROJECT 2024\Project\css\css\.DS_Store --> ecommerce.nivor.my.id /var/www/smartcity.sija/Project/css/css .DS_Store
2024.03.27 16:40 B C:\Project\css\css\WS_FTP.LOG <-- Ipswitch /var/www/smartcity.sija/Project/css/css WS_FTP.LOG
2024.03.30 16:16 B C:\laragon\www\WEBSIOT\css\css\bootstrap-reboot.css --> ecommerce.nivor.my.id /home/caevan/wordpress/WEBSIOT/css/css bootstrap-reboot.css
2024.03.30 16:16 B C:\laragon\www\WEBSIOT\css\css\WS_FTP.LOG --> ecommerce.nivor.my.id /home/caevan/wordpress/WEBSIOT/css/css WS_FTP.LOG
2024.04.03 08:40 B C:\laragon\www\WEBSIOT\css\css\bootstrap-reboot.css --> ecommerce.nivor.my.id /var/www/smartcity.sija/WEBSIOT/css/css bootstrap-reboot.css
2024.04.03 08:40 B C:\laragon\www\WEBSIOT\css\css\WS_FTP.LOG --> ecommerce.nivor.my.id /var/www/smartcity.sija/WEBSIOT/css/css WS_FTP.LOG
2024.04.03 09:09 B C:\laragon\www\WEBSIOT\css\css\bootstrap-reboot.css --> ecommerce.nivor.my.id /var/www/smartcity.sija/css/css bootstrap-reboot.css
2024.04.03 09:09 B C:\laragon\www\WEBSIOT\css\css\WS_FTP.LOG --> ecommerce.nivor.my.id /var/www/smartcity.sija/css/css WS_FTP.LOG
2024.04.04 08:21 B C:\laragon\www\WEBSIOT\css\css\bootstrap-reboot.css --> ecommerce.nivor.my.id /var/www/smartcity.sija/css/css bootstrap-reboot.css
2024.04.04 08:21 B C:\laragon\www\WEBSIOT\css\css\WS_FTP.LOG --> ecommerce.nivor.my.id /var/www/smartcity.sija/css/css WS_FTP.LOG
2024.04.04 11:55 B C:\laragon\www\WEBSIOT\css\css\bootstrap-reboot.css --> ecommerce.nivor.my.id /var/www/smartcity.sija/WEBSIOT/css/css bootstrap-reboot.css
2024.04.04 11:55 B C:\laragon\www\WEBSIOT\css\css\WS_FTP.LOG --> ecommerce.nivor.my.id /var/www/smartcity.sija/WEBSIOT/css/css WS_FTP.LOG
2024.04.05 09:18 B C:\laragon\www\WEBSIOT\css\css\bootstrap-reboot.css --> ecommerce.nivor.my.id /var/www/smartcity.sija/WEBSIOT/css/css bootstrap-reboot.css
2024.04.05 09:18 B C:\laragon\www\WEBSIOT\css\css\WS_FTP.LOG --> ecommerce.nivor.my.id /var/www/smartcity.sija/WEBSIOT/css/css WS_FTP.LOG
2024.04.05 09:27 B C:\laragon\www\WEBSIOT\css\css\bootstrap-reboot.css --> ecommerce.nivor.my.id /var/www/smartcity.sija/css/css bootstrap-reboot.css
2024.04.05 09:27 B C:\laragon\www\WEBSIOT\css\css\WS_FTP.LOG --> ecommerce.nivor.my.id /var/www/smartcity.sija/css/css WS_FTP.LOG
2024.04.07 17:12 B C:\laragon\www\WEBSIOT\css\css\bootstrap-reboot.css --> ecommerce.nivor.my.id /var/www/smartcity.sija/css/css bootstrap-reboot.css
2024.04.07 17:12 B C:\laragon\www\WEBSIOT\css\css\WS_FTP.LOG --> ecommerce.nivor.my.id /var/www/smartcity.sija/css/css WS_FTP.LOG
2024.04.18 07:16 B C:\laragon\www\WEBSIOT\css\css\bootstrap-reboot.css --> ecommerce.nivor.my.id /var/www/smartcity.sija/css/css bootstrap-reboot.css
2024.04.18 07:16 B C:\laragon\www\WEBSIOT\css\css\WS_FTP.LOG --> ecommerce.nivor.my.id /var/www/smartcity.sija/css/css WS_FTP.LOG
2024.04.18 10:09 B C:\laragon\www\WEBSIOT admin\css\css\bootstrap-reboot.css --> ecommerce.nivor.my.id /var/www/smartcity.sija/WEBSIOT_ADMIN/css/css bootstrap-reboot.css
2024.04.18 10:09 B C:\laragon\www\WEBSIOT admin\css\css\WS_FTP.LOG --> ecommerce.nivor.my.id /var/www/smartcity.sija/WEBSIOT_ADMIN/css/css WS_FTP.LOG
2024.05.17 13:12 B C:\laragon\www\WEBSIOT_ADMIN\css\css\WS_FTP.LOG <-- Caevan /var/www/smartcity.sija/WEBSIOT_ADMIN/css/css WS_FTP.LOG
