2024.03.27 13:47 B C:\PROJECT 2024\Project\scss\bootstrap\mixins\_alert.scss --> ecommerce.nivor.my.id /var/www/smartcity.sija/Project/scss/bootstrap/mixins _alert.scss
2024.03.27 13:47 B C:\PROJECT 2024\Project\scss\bootstrap\mixins\_background-variant.scss --> ecommerce.nivor.my.id /var/www/smartcity.sija/Project/scss/bootstrap/mixins _background-variant.scss
2024.03.27 13:47 B C:\PROJECT 2024\Project\scss\bootstrap\mixins\_badge.scss --> ecommerce.nivor.my.id /var/www/smartcity.sija/Project/scss/bootstrap/mixins _badge.scss
2024.03.27 13:47 B C:\PROJECT 2024\Project\scss\bootstrap\mixins\_border-radius.scss --> ecommerce.nivor.my.id /var/www/smartcity.sija/Project/scss/bootstrap/mixins _border-radius.scss
2024.03.27 13:47 B C:\PROJECT 2024\Project\scss\bootstrap\mixins\_box-shadow.scss --> ecommerce.nivor.my.id /var/www/smartcity.sija/Project/scss/bootstrap/mixins _box-shadow.scss
2024.03.27 13:47 B C:\PROJECT 2024\Project\scss\bootstrap\mixins\_breakpoints.scss --> ecommerce.nivor.my.id /var/www/smartcity.sija/Project/scss/bootstrap/mixins _breakpoints.scss
2024.03.27 13:47 B C:\PROJECT 2024\Project\scss\bootstrap\mixins\_buttons.scss --> ecommerce.nivor.my.id /var/www/smartcity.sija/Project/scss/bootstrap/mixins _buttons.scss
2024.03.27 13:47 B C:\PROJECT 2024\Project\scss\bootstrap\mixins\_caret.scss --> ecommerce.nivor.my.id /var/www/smartcity.sija/Project/scss/bootstrap/mixins _caret.scss
2024.03.27 13:47 B C:\PROJECT 2024\Project\scss\bootstrap\mixins\_clearfix.scss --> ecommerce.nivor.my.id /var/www/smartcity.sija/Project/scss/bootstrap/mixins _clearfix.scss
2024.03.27 13:47 B C:\PROJECT 2024\Project\scss\bootstrap\mixins\_float.scss --> ecommerce.nivor.my.id /var/www/smartcity.sija/Project/scss/bootstrap/mixins _float.scss
2024.03.27 13:47 B C:\PROJECT 2024\Project\scss\bootstrap\mixins\_forms.scss --> ecommerce.nivor.my.id /var/www/smartcity.sija/Project/scss/bootstrap/mixins _forms.scss
2024.03.27 13:47 B C:\PROJECT 2024\Project\scss\bootstrap\mixins\_gradients.scss --> ecommerce.nivor.my.id /var/www/smartcity.sija/Project/scss/bootstrap/mixins _gradients.scss
2024.03.27 13:47 B C:\PROJECT 2024\Project\scss\bootstrap\mixins\_grid-framework.scss --> ecommerce.nivor.my.id /var/www/smartcity.sija/Project/scss/bootstrap/mixins _grid-framework.scss
2024.03.27 13:47 B C:\PROJECT 2024\Project\scss\bootstrap\mixins\_grid.scss --> ecommerce.nivor.my.id /var/www/smartcity.sija/Project/scss/bootstrap/mixins _grid.scss
2024.03.27 13:47 B C:\PROJECT 2024\Project\scss\bootstrap\mixins\_hover.scss --> ecommerce.nivor.my.id /var/www/smartcity.sija/Project/scss/bootstrap/mixins _hover.scss
2024.03.27 13:47 B C:\PROJECT 2024\Project\scss\bootstrap\mixins\_image.scss --> ecommerce.nivor.my.id /var/www/smartcity.sija/Project/scss/bootstrap/mixins _image.scss
2024.03.27 13:47 B C:\PROJECT 2024\Project\scss\bootstrap\mixins\_list-group.scss --> ecommerce.nivor.my.id /var/www/smartcity.sija/Project/scss/bootstrap/mixins _list-group.scss
2024.03.27 13:47 B C:\PROJECT 2024\Project\scss\bootstrap\mixins\_lists.scss --> ecommerce.nivor.my.id /var/www/smartcity.sija/Project/scss/bootstrap/mixins _lists.scss
2024.03.27 13:47 B C:\PROJECT 2024\Project\scss\bootstrap\mixins\_nav-divider.scss --> ecommerce.nivor.my.id /var/www/smartcity.sija/Project/scss/bootstrap/mixins _nav-divider.scss
2024.03.27 13:47 B C:\PROJECT 2024\Project\scss\bootstrap\mixins\_pagination.scss --> ecommerce.nivor.my.id /var/www/smartcity.sija/Project/scss/bootstrap/mixins _pagination.scss
2024.03.27 13:47 B C:\PROJECT 2024\Project\scss\bootstrap\mixins\_reset-text.scss --> ecommerce.nivor.my.id /var/www/smartcity.sija/Project/scss/bootstrap/mixins _reset-text.scss
2024.03.27 13:47 B C:\PROJECT 2024\Project\scss\bootstrap\mixins\_resize.scss --> ecommerce.nivor.my.id /var/www/smartcity.sija/Project/scss/bootstrap/mixins _resize.scss
2024.03.27 13:47 B C:\PROJECT 2024\Project\scss\bootstrap\mixins\_screen-reader.scss --> ecommerce.nivor.my.id /var/www/smartcity.sija/Project/scss/bootstrap/mixins _screen-reader.scss
2024.03.27 13:47 B C:\PROJECT 2024\Project\scss\bootstrap\mixins\_size.scss --> ecommerce.nivor.my.id /var/www/smartcity.sija/Project/scss/bootstrap/mixins _size.scss
2024.03.27 13:47 B C:\PROJECT 2024\Project\scss\bootstrap\mixins\_table-row.scss --> ecommerce.nivor.my.id /var/www/smartcity.sija/Project/scss/bootstrap/mixins _table-row.scss
2024.03.27 13:47 B C:\PROJECT 2024\Project\scss\bootstrap\mixins\_text-emphasis.scss --> ecommerce.nivor.my.id /var/www/smartcity.sija/Project/scss/bootstrap/mixins _text-emphasis.scss
2024.03.27 13:47 B C:\PROJECT 2024\Project\scss\bootstrap\mixins\_text-hide.scss --> ecommerce.nivor.my.id /var/www/smartcity.sija/Project/scss/bootstrap/mixins _text-hide.scss
2024.03.27 13:47 B C:\PROJECT 2024\Project\scss\bootstrap\mixins\_text-truncate.scss --> ecommerce.nivor.my.id /var/www/smartcity.sija/Project/scss/bootstrap/mixins _text-truncate.scss
2024.03.27 13:47 B C:\PROJECT 2024\Project\scss\bootstrap\mixins\_transition.scss --> ecommerce.nivor.my.id /var/www/smartcity.sija/Project/scss/bootstrap/mixins _transition.scss
2024.03.27 13:47 B C:\PROJECT 2024\Project\scss\bootstrap\mixins\_visibility.scss --> ecommerce.nivor.my.id /var/www/smartcity.sija/Project/scss/bootstrap/mixins _visibility.scss
2024.03.27 16:42 B C:\Project\scss\bootstrap\mixins\WS_FTP.LOG <-- Ipswitch /var/www/smartcity.sija/Project/scss/bootstrap/mixins WS_FTP.LOG
2024.03.30 16:19 B C:\laragon\www\WEBSIOT\scss\bootstrap\mixins\_alert.scss --> ecommerce.nivor.my.id /home/caevan/wordpress/WEBSIOT/scss/bootstrap/mixins _alert.scss
2024.03.30 16:19 B C:\laragon\www\WEBSIOT\scss\bootstrap\mixins\_background-variant.scss --> ecommerce.nivor.my.id /home/caevan/wordpress/WEBSIOT/scss/bootstrap/mixins _background-variant.scss
2024.03.30 16:19 B C:\laragon\www\WEBSIOT\scss\bootstrap\mixins\_badge.scss --> ecommerce.nivor.my.id /home/caevan/wordpress/WEBSIOT/scss/bootstrap/mixins _badge.scss
2024.03.30 16:19 B C:\laragon\www\WEBSIOT\scss\bootstrap\mixins\_border-radius.scss --> ecommerce.nivor.my.id /home/caevan/wordpress/WEBSIOT/scss/bootstrap/mixins _border-radius.scss
2024.03.30 16:19 B C:\laragon\www\WEBSIOT\scss\bootstrap\mixins\_box-shadow.scss --> ecommerce.nivor.my.id /home/caevan/wordpress/WEBSIOT/scss/bootstrap/mixins _box-shadow.scss
2024.03.30 16:19 B C:\laragon\www\WEBSIOT\scss\bootstrap\mixins\_breakpoints.scss --> ecommerce.nivor.my.id /home/caevan/wordpress/WEBSIOT/scss/bootstrap/mixins _breakpoints.scss
2024.03.30 16:19 B C:\laragon\www\WEBSIOT\scss\bootstrap\mixins\_buttons.scss --> ecommerce.nivor.my.id /home/caevan/wordpress/WEBSIOT/scss/bootstrap/mixins _buttons.scss
2024.03.30 16:19 B C:\laragon\www\WEBSIOT\scss\bootstrap\mixins\_caret.scss --> ecommerce.nivor.my.id /home/caevan/wordpress/WEBSIOT/scss/bootstrap/mixins _caret.scss
2024.03.30 16:19 B C:\laragon\www\WEBSIOT\scss\bootstrap\mixins\_clearfix.scss --> ecommerce.nivor.my.id /home/caevan/wordpress/WEBSIOT/scss/bootstrap/mixins _clearfix.scss
2024.03.30 16:19 B C:\laragon\www\WEBSIOT\scss\bootstrap\mixins\_float.scss --> ecommerce.nivor.my.id /home/caevan/wordpress/WEBSIOT/scss/bootstrap/mixins _float.scss
2024.03.30 16:19 B C:\laragon\www\WEBSIOT\scss\bootstrap\mixins\_forms.scss --> ecommerce.nivor.my.id /home/caevan/wordpress/WEBSIOT/scss/bootstrap/mixins _forms.scss
2024.03.30 16:19 B C:\laragon\www\WEBSIOT\scss\bootstrap\mixins\_gradients.scss --> ecommerce.nivor.my.id /home/caevan/wordpress/WEBSIOT/scss/bootstrap/mixins _gradients.scss
2024.03.30 16:19 B C:\laragon\www\WEBSIOT\scss\bootstrap\mixins\_grid-framework.scss --> ecommerce.nivor.my.id /home/caevan/wordpress/WEBSIOT/scss/bootstrap/mixins _grid-framework.scss
2024.03.30 16:19 B C:\laragon\www\WEBSIOT\scss\bootstrap\mixins\_grid.scss --> ecommerce.nivor.my.id /home/caevan/wordpress/WEBSIOT/scss/bootstrap/mixins _grid.scss
2024.03.30 16:19 B C:\laragon\www\WEBSIOT\scss\bootstrap\mixins\_hover.scss --> ecommerce.nivor.my.id /home/caevan/wordpress/WEBSIOT/scss/bootstrap/mixins _hover.scss
2024.03.30 16:19 B C:\laragon\www\WEBSIOT\scss\bootstrap\mixins\_image.scss --> ecommerce.nivor.my.id /home/caevan/wordpress/WEBSIOT/scss/bootstrap/mixins _image.scss
2024.03.30 16:19 B C:\laragon\www\WEBSIOT\scss\bootstrap\mixins\_list-group.scss --> ecommerce.nivor.my.id /home/caevan/wordpress/WEBSIOT/scss/bootstrap/mixins _list-group.scss
2024.03.30 16:19 B C:\laragon\www\WEBSIOT\scss\bootstrap\mixins\_lists.scss --> ecommerce.nivor.my.id /home/caevan/wordpress/WEBSIOT/scss/bootstrap/mixins _lists.scss
2024.03.30 16:19 B C:\laragon\www\WEBSIOT\scss\bootstrap\mixins\_nav-divider.scss --> ecommerce.nivor.my.id /home/caevan/wordpress/WEBSIOT/scss/bootstrap/mixins _nav-divider.scss
2024.03.30 16:19 B C:\laragon\www\WEBSIOT\scss\bootstrap\mixins\_pagination.scss --> ecommerce.nivor.my.id /home/caevan/wordpress/WEBSIOT/scss/bootstrap/mixins _pagination.scss
2024.03.30 16:19 B C:\laragon\www\WEBSIOT\scss\bootstrap\mixins\_reset-text.scss --> ecommerce.nivor.my.id /home/caevan/wordpress/WEBSIOT/scss/bootstrap/mixins _reset-text.scss
2024.03.30 16:19 B C:\laragon\www\WEBSIOT\scss\bootstrap\mixins\_resize.scss --> ecommerce.nivor.my.id /home/caevan/wordpress/WEBSIOT/scss/bootstrap/mixins _resize.scss
2024.03.30 16:19 B C:\laragon\www\WEBSIOT\scss\bootstrap\mixins\_screen-reader.scss --> ecommerce.nivor.my.id /home/caevan/wordpress/WEBSIOT/scss/bootstrap/mixins _screen-reader.scss
2024.03.30 16:19 B C:\laragon\www\WEBSIOT\scss\bootstrap\mixins\_size.scss --> ecommerce.nivor.my.id /home/caevan/wordpress/WEBSIOT/scss/bootstrap/mixins _size.scss
2024.03.30 16:19 B C:\laragon\www\WEBSIOT\scss\bootstrap\mixins\_table-row.scss --> ecommerce.nivor.my.id /home/caevan/wordpress/WEBSIOT/scss/bootstrap/mixins _table-row.scss
2024.03.30 16:19 B C:\laragon\www\WEBSIOT\scss\bootstrap\mixins\_text-emphasis.scss --> ecommerce.nivor.my.id /home/caevan/wordpress/WEBSIOT/scss/bootstrap/mixins _text-emphasis.scss
2024.03.30 16:19 B C:\laragon\www\WEBSIOT\scss\bootstrap\mixins\_text-hide.scss --> ecommerce.nivor.my.id /home/caevan/wordpress/WEBSIOT/scss/bootstrap/mixins _text-hide.scss
2024.03.30 16:19 B C:\laragon\www\WEBSIOT\scss\bootstrap\mixins\_text-truncate.scss --> ecommerce.nivor.my.id /home/caevan/wordpress/WEBSIOT/scss/bootstrap/mixins _text-truncate.scss
2024.03.30 16:19 B C:\laragon\www\WEBSIOT\scss\bootstrap\mixins\_transition.scss --> ecommerce.nivor.my.id /home/caevan/wordpress/WEBSIOT/scss/bootstrap/mixins _transition.scss
2024.03.30 16:19 B C:\laragon\www\WEBSIOT\scss\bootstrap\mixins\_visibility.scss --> ecommerce.nivor.my.id /home/caevan/wordpress/WEBSIOT/scss/bootstrap/mixins _visibility.scss
2024.03.30 16:19 B C:\laragon\www\WEBSIOT\scss\bootstrap\mixins\WS_FTP.LOG --> ecommerce.nivor.my.id /home/caevan/wordpress/WEBSIOT/scss/bootstrap/mixins WS_FTP.LOG
2024.04.03 08:45 B C:\laragon\www\WEBSIOT\scss\bootstrap\mixins\_alert.scss --> ecommerce.nivor.my.id /var/www/smartcity.sija/WEBSIOT/scss/bootstrap/mixins _alert.scss
2024.04.03 08:45 B C:\laragon\www\WEBSIOT\scss\bootstrap\mixins\_background-variant.scss --> ecommerce.nivor.my.id /var/www/smartcity.sija/WEBSIOT/scss/bootstrap/mixins _background-variant.scss
2024.04.03 08:45 B C:\laragon\www\WEBSIOT\scss\bootstrap\mixins\_badge.scss --> ecommerce.nivor.my.id /var/www/smartcity.sija/WEBSIOT/scss/bootstrap/mixins _badge.scss
2024.04.03 08:45 B C:\laragon\www\WEBSIOT\scss\bootstrap\mixins\_border-radius.scss --> ecommerce.nivor.my.id /var/www/smartcity.sija/WEBSIOT/scss/bootstrap/mixins _border-radius.scss
2024.04.03 08:45 B C:\laragon\www\WEBSIOT\scss\bootstrap\mixins\_box-shadow.scss --> ecommerce.nivor.my.id /var/www/smartcity.sija/WEBSIOT/scss/bootstrap/mixins _box-shadow.scss
2024.04.03 08:45 B C:\laragon\www\WEBSIOT\scss\bootstrap\mixins\_breakpoints.scss --> ecommerce.nivor.my.id /var/www/smartcity.sija/WEBSIOT/scss/bootstrap/mixins _breakpoints.scss
2024.04.03 08:45 B C:\laragon\www\WEBSIOT\scss\bootstrap\mixins\_buttons.scss --> ecommerce.nivor.my.id /var/www/smartcity.sija/WEBSIOT/scss/bootstrap/mixins _buttons.scss
2024.04.03 08:45 B C:\laragon\www\WEBSIOT\scss\bootstrap\mixins\_caret.scss --> ecommerce.nivor.my.id /var/www/smartcity.sija/WEBSIOT/scss/bootstrap/mixins _caret.scss
2024.04.03 08:45 B C:\laragon\www\WEBSIOT\scss\bootstrap\mixins\_clearfix.scss --> ecommerce.nivor.my.id /var/www/smartcity.sija/WEBSIOT/scss/bootstrap/mixins _clearfix.scss
2024.04.03 08:45 B C:\laragon\www\WEBSIOT\scss\bootstrap\mixins\_float.scss --> ecommerce.nivor.my.id /var/www/smartcity.sija/WEBSIOT/scss/bootstrap/mixins _float.scss
2024.04.03 08:45 B C:\laragon\www\WEBSIOT\scss\bootstrap\mixins\_forms.scss --> ecommerce.nivor.my.id /var/www/smartcity.sija/WEBSIOT/scss/bootstrap/mixins _forms.scss
2024.04.03 08:45 B C:\laragon\www\WEBSIOT\scss\bootstrap\mixins\_gradients.scss --> ecommerce.nivor.my.id /var/www/smartcity.sija/WEBSIOT/scss/bootstrap/mixins _gradients.scss
2024.04.03 08:45 B C:\laragon\www\WEBSIOT\scss\bootstrap\mixins\_grid-framework.scss --> ecommerce.nivor.my.id /var/www/smartcity.sija/WEBSIOT/scss/bootstrap/mixins _grid-framework.scss
2024.04.03 08:45 B C:\laragon\www\WEBSIOT\scss\bootstrap\mixins\_grid.scss --> ecommerce.nivor.my.id /var/www/smartcity.sija/WEBSIOT/scss/bootstrap/mixins _grid.scss
2024.04.03 08:45 B C:\laragon\www\WEBSIOT\scss\bootstrap\mixins\_hover.scss --> ecommerce.nivor.my.id /var/www/smartcity.sija/WEBSIOT/scss/bootstrap/mixins _hover.scss
2024.04.03 08:45 B C:\laragon\www\WEBSIOT\scss\bootstrap\mixins\_image.scss --> ecommerce.nivor.my.id /var/www/smartcity.sija/WEBSIOT/scss/bootstrap/mixins _image.scss
2024.04.03 08:45 B C:\laragon\www\WEBSIOT\scss\bootstrap\mixins\_list-group.scss --> ecommerce.nivor.my.id /var/www/smartcity.sija/WEBSIOT/scss/bootstrap/mixins _list-group.scss
2024.04.03 08:45 B C:\laragon\www\WEBSIOT\scss\bootstrap\mixins\_lists.scss --> ecommerce.nivor.my.id /var/www/smartcity.sija/WEBSIOT/scss/bootstrap/mixins _lists.scss
2024.04.03 08:45 B C:\laragon\www\WEBSIOT\scss\bootstrap\mixins\_nav-divider.scss --> ecommerce.nivor.my.id /var/www/smartcity.sija/WEBSIOT/scss/bootstrap/mixins _nav-divider.scss
2024.04.03 08:45 B C:\laragon\www\WEBSIOT\scss\bootstrap\mixins\_pagination.scss --> ecommerce.nivor.my.id /var/www/smartcity.sija/WEBSIOT/scss/bootstrap/mixins _pagination.scss
2024.04.03 08:45 B C:\laragon\www\WEBSIOT\scss\bootstrap\mixins\_reset-text.scss --> ecommerce.nivor.my.id /var/www/smartcity.sija/WEBSIOT/scss/bootstrap/mixins _reset-text.scss
2024.04.03 08:45 B C:\laragon\www\WEBSIOT\scss\bootstrap\mixins\_resize.scss --> ecommerce.nivor.my.id /var/www/smartcity.sija/WEBSIOT/scss/bootstrap/mixins _resize.scss
2024.04.03 08:45 B C:\laragon\www\WEBSIOT\scss\bootstrap\mixins\_screen-reader.scss --> ecommerce.nivor.my.id /var/www/smartcity.sija/WEBSIOT/scss/bootstrap/mixins _screen-reader.scss
2024.04.03 08:45 B C:\laragon\www\WEBSIOT\scss\bootstrap\mixins\_size.scss --> ecommerce.nivor.my.id /var/www/smartcity.sija/WEBSIOT/scss/bootstrap/mixins _size.scss
2024.04.03 08:45 B C:\laragon\www\WEBSIOT\scss\bootstrap\mixins\_table-row.scss --> ecommerce.nivor.my.id /var/www/smartcity.sija/WEBSIOT/scss/bootstrap/mixins _table-row.scss
2024.04.03 08:45 B C:\laragon\www\WEBSIOT\scss\bootstrap\mixins\_text-emphasis.scss --> ecommerce.nivor.my.id /var/www/smartcity.sija/WEBSIOT/scss/bootstrap/mixins _text-emphasis.scss
2024.04.03 08:45 B C:\laragon\www\WEBSIOT\scss\bootstrap\mixins\_text-hide.scss --> ecommerce.nivor.my.id /var/www/smartcity.sija/WEBSIOT/scss/bootstrap/mixins _text-hide.scss
2024.04.03 08:45 B C:\laragon\www\WEBSIOT\scss\bootstrap\mixins\_text-truncate.scss --> ecommerce.nivor.my.id /var/www/smartcity.sija/WEBSIOT/scss/bootstrap/mixins _text-truncate.scss
2024.04.03 08:45 B C:\laragon\www\WEBSIOT\scss\bootstrap\mixins\_transition.scss --> ecommerce.nivor.my.id /var/www/smartcity.sija/WEBSIOT/scss/bootstrap/mixins _transition.scss
2024.04.03 08:45 B C:\laragon\www\WEBSIOT\scss\bootstrap\mixins\_visibility.scss --> ecommerce.nivor.my.id /var/www/smartcity.sija/WEBSIOT/scss/bootstrap/mixins _visibility.scss
2024.04.03 08:45 B C:\laragon\www\WEBSIOT\scss\bootstrap\mixins\WS_FTP.LOG --> ecommerce.nivor.my.id /var/www/smartcity.sija/WEBSIOT/scss/bootstrap/mixins WS_FTP.LOG
2024.04.03 09:11 B C:\laragon\www\WEBSIOT\scss\bootstrap\mixins\_alert.scss --> ecommerce.nivor.my.id /var/www/smartcity.sija/scss/bootstrap/mixins _alert.scss
2024.04.03 09:11 B C:\laragon\www\WEBSIOT\scss\bootstrap\mixins\_background-variant.scss --> ecommerce.nivor.my.id /var/www/smartcity.sija/scss/bootstrap/mixins _background-variant.scss
2024.04.03 09:11 B C:\laragon\www\WEBSIOT\scss\bootstrap\mixins\_badge.scss --> ecommerce.nivor.my.id /var/www/smartcity.sija/scss/bootstrap/mixins _badge.scss
2024.04.03 09:11 B C:\laragon\www\WEBSIOT\scss\bootstrap\mixins\_border-radius.scss --> ecommerce.nivor.my.id /var/www/smartcity.sija/scss/bootstrap/mixins _border-radius.scss
2024.04.03 09:11 B C:\laragon\www\WEBSIOT\scss\bootstrap\mixins\_box-shadow.scss --> ecommerce.nivor.my.id /var/www/smartcity.sija/scss/bootstrap/mixins _box-shadow.scss
2024.04.03 09:11 B C:\laragon\www\WEBSIOT\scss\bootstrap\mixins\_breakpoints.scss --> ecommerce.nivor.my.id /var/www/smartcity.sija/scss/bootstrap/mixins _breakpoints.scss
2024.04.03 09:11 B C:\laragon\www\WEBSIOT\scss\bootstrap\mixins\_buttons.scss --> ecommerce.nivor.my.id /var/www/smartcity.sija/scss/bootstrap/mixins _buttons.scss
2024.04.03 09:11 B C:\laragon\www\WEBSIOT\scss\bootstrap\mixins\_caret.scss --> ecommerce.nivor.my.id /var/www/smartcity.sija/scss/bootstrap/mixins _caret.scss
2024.04.03 09:11 B C:\laragon\www\WEBSIOT\scss\bootstrap\mixins\_clearfix.scss --> ecommerce.nivor.my.id /var/www/smartcity.sija/scss/bootstrap/mixins _clearfix.scss
2024.04.03 09:11 B C:\laragon\www\WEBSIOT\scss\bootstrap\mixins\_float.scss --> ecommerce.nivor.my.id /var/www/smartcity.sija/scss/bootstrap/mixins _float.scss
2024.04.03 09:11 B C:\laragon\www\WEBSIOT\scss\bootstrap\mixins\_forms.scss --> ecommerce.nivor.my.id /var/www/smartcity.sija/scss/bootstrap/mixins _forms.scss
2024.04.03 09:11 B C:\laragon\www\WEBSIOT\scss\bootstrap\mixins\_gradients.scss --> ecommerce.nivor.my.id /var/www/smartcity.sija/scss/bootstrap/mixins _gradients.scss
2024.04.03 09:11 B C:\laragon\www\WEBSIOT\scss\bootstrap\mixins\_grid-framework.scss --> ecommerce.nivor.my.id /var/www/smartcity.sija/scss/bootstrap/mixins _grid-framework.scss
2024.04.03 09:11 B C:\laragon\www\WEBSIOT\scss\bootstrap\mixins\_grid.scss --> ecommerce.nivor.my.id /var/www/smartcity.sija/scss/bootstrap/mixins _grid.scss
2024.04.03 09:11 B C:\laragon\www\WEBSIOT\scss\bootstrap\mixins\_hover.scss --> ecommerce.nivor.my.id /var/www/smartcity.sija/scss/bootstrap/mixins _hover.scss
2024.04.03 09:11 B C:\laragon\www\WEBSIOT\scss\bootstrap\mixins\_image.scss --> ecommerce.nivor.my.id /var/www/smartcity.sija/scss/bootstrap/mixins _image.scss
2024.04.03 09:11 B C:\laragon\www\WEBSIOT\scss\bootstrap\mixins\_list-group.scss --> ecommerce.nivor.my.id /var/www/smartcity.sija/scss/bootstrap/mixins _list-group.scss
2024.04.03 09:11 B C:\laragon\www\WEBSIOT\scss\bootstrap\mixins\_lists.scss --> ecommerce.nivor.my.id /var/www/smartcity.sija/scss/bootstrap/mixins _lists.scss
2024.04.03 09:11 B C:\laragon\www\WEBSIOT\scss\bootstrap\mixins\_nav-divider.scss --> ecommerce.nivor.my.id /var/www/smartcity.sija/scss/bootstrap/mixins _nav-divider.scss
2024.04.03 09:11 B C:\laragon\www\WEBSIOT\scss\bootstrap\mixins\_pagination.scss --> ecommerce.nivor.my.id /var/www/smartcity.sija/scss/bootstrap/mixins _pagination.scss
2024.04.03 09:11 B C:\laragon\www\WEBSIOT\scss\bootstrap\mixins\_reset-text.scss --> ecommerce.nivor.my.id /var/www/smartcity.sija/scss/bootstrap/mixins _reset-text.scss
2024.04.03 09:11 B C:\laragon\www\WEBSIOT\scss\bootstrap\mixins\_resize.scss --> ecommerce.nivor.my.id /var/www/smartcity.sija/scss/bootstrap/mixins _resize.scss
2024.04.03 09:11 B C:\laragon\www\WEBSIOT\scss\bootstrap\mixins\_screen-reader.scss --> ecommerce.nivor.my.id /var/www/smartcity.sija/scss/bootstrap/mixins _screen-reader.scss
2024.04.03 09:11 B C:\laragon\www\WEBSIOT\scss\bootstrap\mixins\_size.scss --> ecommerce.nivor.my.id /var/www/smartcity.sija/scss/bootstrap/mixins _size.scss
2024.04.03 09:11 B C:\laragon\www\WEBSIOT\scss\bootstrap\mixins\_table-row.scss --> ecommerce.nivor.my.id /var/www/smartcity.sija/scss/bootstrap/mixins _table-row.scss
2024.04.03 09:11 B C:\laragon\www\WEBSIOT\scss\bootstrap\mixins\_text-emphasis.scss --> ecommerce.nivor.my.id /var/www/smartcity.sija/scss/bootstrap/mixins _text-emphasis.scss
2024.04.03 09:11 B C:\laragon\www\WEBSIOT\scss\bootstrap\mixins\_text-hide.scss --> ecommerce.nivor.my.id /var/www/smartcity.sija/scss/bootstrap/mixins _text-hide.scss
2024.04.03 09:11 B C:\laragon\www\WEBSIOT\scss\bootstrap\mixins\_text-truncate.scss --> ecommerce.nivor.my.id /var/www/smartcity.sija/scss/bootstrap/mixins _text-truncate.scss
2024.04.03 09:11 B C:\laragon\www\WEBSIOT\scss\bootstrap\mixins\_transition.scss --> ecommerce.nivor.my.id /var/www/smartcity.sija/scss/bootstrap/mixins _transition.scss
2024.04.03 09:11 B C:\laragon\www\WEBSIOT\scss\bootstrap\mixins\_visibility.scss --> ecommerce.nivor.my.id /var/www/smartcity.sija/scss/bootstrap/mixins _visibility.scss
2024.04.03 09:11 B C:\laragon\www\WEBSIOT\scss\bootstrap\mixins\WS_FTP.LOG --> ecommerce.nivor.my.id /var/www/smartcity.sija/scss/bootstrap/mixins WS_FTP.LOG
2024.04.04 08:24 B C:\laragon\www\WEBSIOT\scss\bootstrap\mixins\_alert.scss --> ecommerce.nivor.my.id /var/www/smartcity.sija/scss/bootstrap/mixins _alert.scss
2024.04.04 08:24 B C:\laragon\www\WEBSIOT\scss\bootstrap\mixins\_background-variant.scss --> ecommerce.nivor.my.id /var/www/smartcity.sija/scss/bootstrap/mixins _background-variant.scss
2024.04.04 08:24 B C:\laragon\www\WEBSIOT\scss\bootstrap\mixins\_badge.scss --> ecommerce.nivor.my.id /var/www/smartcity.sija/scss/bootstrap/mixins _badge.scss
2024.04.04 08:24 B C:\laragon\www\WEBSIOT\scss\bootstrap\mixins\_border-radius.scss --> ecommerce.nivor.my.id /var/www/smartcity.sija/scss/bootstrap/mixins _border-radius.scss
2024.04.04 08:24 B C:\laragon\www\WEBSIOT\scss\bootstrap\mixins\_box-shadow.scss --> ecommerce.nivor.my.id /var/www/smartcity.sija/scss/bootstrap/mixins _box-shadow.scss
2024.04.04 08:24 B C:\laragon\www\WEBSIOT\scss\bootstrap\mixins\_breakpoints.scss --> ecommerce.nivor.my.id /var/www/smartcity.sija/scss/bootstrap/mixins _breakpoints.scss
2024.04.04 08:24 B C:\laragon\www\WEBSIOT\scss\bootstrap\mixins\_buttons.scss --> ecommerce.nivor.my.id /var/www/smartcity.sija/scss/bootstrap/mixins _buttons.scss
2024.04.04 08:24 B C:\laragon\www\WEBSIOT\scss\bootstrap\mixins\_caret.scss --> ecommerce.nivor.my.id /var/www/smartcity.sija/scss/bootstrap/mixins _caret.scss
2024.04.04 08:24 B C:\laragon\www\WEBSIOT\scss\bootstrap\mixins\_clearfix.scss --> ecommerce.nivor.my.id /var/www/smartcity.sija/scss/bootstrap/mixins _clearfix.scss
2024.04.04 08:24 B C:\laragon\www\WEBSIOT\scss\bootstrap\mixins\_float.scss --> ecommerce.nivor.my.id /var/www/smartcity.sija/scss/bootstrap/mixins _float.scss
2024.04.04 08:24 B C:\laragon\www\WEBSIOT\scss\bootstrap\mixins\_forms.scss --> ecommerce.nivor.my.id /var/www/smartcity.sija/scss/bootstrap/mixins _forms.scss
2024.04.04 08:24 B C:\laragon\www\WEBSIOT\scss\bootstrap\mixins\_gradients.scss --> ecommerce.nivor.my.id /var/www/smartcity.sija/scss/bootstrap/mixins _gradients.scss
2024.04.04 08:24 B C:\laragon\www\WEBSIOT\scss\bootstrap\mixins\_grid-framework.scss --> ecommerce.nivor.my.id /var/www/smartcity.sija/scss/bootstrap/mixins _grid-framework.scss
2024.04.04 08:24 B C:\laragon\www\WEBSIOT\scss\bootstrap\mixins\_grid.scss --> ecommerce.nivor.my.id /var/www/smartcity.sija/scss/bootstrap/mixins _grid.scss
2024.04.04 08:24 B C:\laragon\www\WEBSIOT\scss\bootstrap\mixins\_hover.scss --> ecommerce.nivor.my.id /var/www/smartcity.sija/scss/bootstrap/mixins _hover.scss
2024.04.04 08:24 B C:\laragon\www\WEBSIOT\scss\bootstrap\mixins\_image.scss --> ecommerce.nivor.my.id /var/www/smartcity.sija/scss/bootstrap/mixins _image.scss
2024.04.04 08:24 B C:\laragon\www\WEBSIOT\scss\bootstrap\mixins\_list-group.scss --> ecommerce.nivor.my.id /var/www/smartcity.sija/scss/bootstrap/mixins _list-group.scss
2024.04.04 08:24 B C:\laragon\www\WEBSIOT\scss\bootstrap\mixins\_lists.scss --> ecommerce.nivor.my.id /var/www/smartcity.sija/scss/bootstrap/mixins _lists.scss
2024.04.04 08:24 B C:\laragon\www\WEBSIOT\scss\bootstrap\mixins\_nav-divider.scss --> ecommerce.nivor.my.id /var/www/smartcity.sija/scss/bootstrap/mixins _nav-divider.scss
2024.04.04 08:24 B C:\laragon\www\WEBSIOT\scss\bootstrap\mixins\_pagination.scss --> ecommerce.nivor.my.id /var/www/smartcity.sija/scss/bootstrap/mixins _pagination.scss
2024.04.04 08:24 B C:\laragon\www\WEBSIOT\scss\bootstrap\mixins\_reset-text.scss --> ecommerce.nivor.my.id /var/www/smartcity.sija/scss/bootstrap/mixins _reset-text.scss
2024.04.04 08:24 B C:\laragon\www\WEBSIOT\scss\bootstrap\mixins\_resize.scss --> ecommerce.nivor.my.id /var/www/smartcity.sija/scss/bootstrap/mixins _resize.scss
2024.04.04 08:24 B C:\laragon\www\WEBSIOT\scss\bootstrap\mixins\_screen-reader.scss --> ecommerce.nivor.my.id /var/www/smartcity.sija/scss/bootstrap/mixins _screen-reader.scss
2024.04.04 08:24 B C:\laragon\www\WEBSIOT\scss\bootstrap\mixins\_size.scss --> ecommerce.nivor.my.id /var/www/smartcity.sija/scss/bootstrap/mixins _size.scss
2024.04.04 08:24 B C:\laragon\www\WEBSIOT\scss\bootstrap\mixins\_table-row.scss --> ecommerce.nivor.my.id /var/www/smartcity.sija/scss/bootstrap/mixins _table-row.scss
2024.04.04 08:24 B C:\laragon\www\WEBSIOT\scss\bootstrap\mixins\_text-emphasis.scss --> ecommerce.nivor.my.id /var/www/smartcity.sija/scss/bootstrap/mixins _text-emphasis.scss
2024.04.04 08:24 B C:\laragon\www\WEBSIOT\scss\bootstrap\mixins\_text-hide.scss --> ecommerce.nivor.my.id /var/www/smartcity.sija/scss/bootstrap/mixins _text-hide.scss
2024.04.04 08:24 B C:\laragon\www\WEBSIOT\scss\bootstrap\mixins\_text-truncate.scss --> ecommerce.nivor.my.id /var/www/smartcity.sija/scss/bootstrap/mixins _text-truncate.scss
2024.04.04 08:24 B C:\laragon\www\WEBSIOT\scss\bootstrap\mixins\_transition.scss --> ecommerce.nivor.my.id /var/www/smartcity.sija/scss/bootstrap/mixins _transition.scss
2024.04.04 08:24 B C:\laragon\www\WEBSIOT\scss\bootstrap\mixins\_visibility.scss --> ecommerce.nivor.my.id /var/www/smartcity.sija/scss/bootstrap/mixins _visibility.scss
2024.04.04 08:24 B C:\laragon\www\WEBSIOT\scss\bootstrap\mixins\WS_FTP.LOG --> ecommerce.nivor.my.id /var/www/smartcity.sija/scss/bootstrap/mixins WS_FTP.LOG
2024.04.04 11:58 B C:\laragon\www\WEBSIOT\scss\bootstrap\mixins\_alert.scss --> ecommerce.nivor.my.id /var/www/smartcity.sija/WEBSIOT/scss/bootstrap/mixins _alert.scss
2024.04.04 11:58 B C:\laragon\www\WEBSIOT\scss\bootstrap\mixins\_background-variant.scss --> ecommerce.nivor.my.id /var/www/smartcity.sija/WEBSIOT/scss/bootstrap/mixins _background-variant.scss
2024.04.04 11:58 B C:\laragon\www\WEBSIOT\scss\bootstrap\mixins\_badge.scss --> ecommerce.nivor.my.id /var/www/smartcity.sija/WEBSIOT/scss/bootstrap/mixins _badge.scss
2024.04.04 11:58 B C:\laragon\www\WEBSIOT\scss\bootstrap\mixins\_border-radius.scss --> ecommerce.nivor.my.id /var/www/smartcity.sija/WEBSIOT/scss/bootstrap/mixins _border-radius.scss
2024.04.04 11:58 B C:\laragon\www\WEBSIOT\scss\bootstrap\mixins\_box-shadow.scss --> ecommerce.nivor.my.id /var/www/smartcity.sija/WEBSIOT/scss/bootstrap/mixins _box-shadow.scss
2024.04.04 11:58 B C:\laragon\www\WEBSIOT\scss\bootstrap\mixins\_breakpoints.scss --> ecommerce.nivor.my.id /var/www/smartcity.sija/WEBSIOT/scss/bootstrap/mixins _breakpoints.scss
2024.04.04 11:58 B C:\laragon\www\WEBSIOT\scss\bootstrap\mixins\_buttons.scss --> ecommerce.nivor.my.id /var/www/smartcity.sija/WEBSIOT/scss/bootstrap/mixins _buttons.scss
2024.04.04 11:58 B C:\laragon\www\WEBSIOT\scss\bootstrap\mixins\_caret.scss --> ecommerce.nivor.my.id /var/www/smartcity.sija/WEBSIOT/scss/bootstrap/mixins _caret.scss
2024.04.04 11:58 B C:\laragon\www\WEBSIOT\scss\bootstrap\mixins\_clearfix.scss --> ecommerce.nivor.my.id /var/www/smartcity.sija/WEBSIOT/scss/bootstrap/mixins _clearfix.scss
2024.04.04 11:58 B C:\laragon\www\WEBSIOT\scss\bootstrap\mixins\_float.scss --> ecommerce.nivor.my.id /var/www/smartcity.sija/WEBSIOT/scss/bootstrap/mixins _float.scss
2024.04.04 11:58 B C:\laragon\www\WEBSIOT\scss\bootstrap\mixins\_forms.scss --> ecommerce.nivor.my.id /var/www/smartcity.sija/WEBSIOT/scss/bootstrap/mixins _forms.scss
2024.04.04 11:58 B C:\laragon\www\WEBSIOT\scss\bootstrap\mixins\_gradients.scss --> ecommerce.nivor.my.id /var/www/smartcity.sija/WEBSIOT/scss/bootstrap/mixins _gradients.scss
2024.04.04 11:58 B C:\laragon\www\WEBSIOT\scss\bootstrap\mixins\_grid-framework.scss --> ecommerce.nivor.my.id /var/www/smartcity.sija/WEBSIOT/scss/bootstrap/mixins _grid-framework.scss
2024.04.04 11:58 B C:\laragon\www\WEBSIOT\scss\bootstrap\mixins\_grid.scss --> ecommerce.nivor.my.id /var/www/smartcity.sija/WEBSIOT/scss/bootstrap/mixins _grid.scss
2024.04.04 11:58 B C:\laragon\www\WEBSIOT\scss\bootstrap\mixins\_hover.scss --> ecommerce.nivor.my.id /var/www/smartcity.sija/WEBSIOT/scss/bootstrap/mixins _hover.scss
2024.04.04 11:58 B C:\laragon\www\WEBSIOT\scss\bootstrap\mixins\_image.scss --> ecommerce.nivor.my.id /var/www/smartcity.sija/WEBSIOT/scss/bootstrap/mixins _image.scss
2024.04.04 11:58 B C:\laragon\www\WEBSIOT\scss\bootstrap\mixins\_list-group.scss --> ecommerce.nivor.my.id /var/www/smartcity.sija/WEBSIOT/scss/bootstrap/mixins _list-group.scss
2024.04.04 11:58 B C:\laragon\www\WEBSIOT\scss\bootstrap\mixins\_lists.scss --> ecommerce.nivor.my.id /var/www/smartcity.sija/WEBSIOT/scss/bootstrap/mixins _lists.scss
2024.04.04 11:58 B C:\laragon\www\WEBSIOT\scss\bootstrap\mixins\_nav-divider.scss --> ecommerce.nivor.my.id /var/www/smartcity.sija/WEBSIOT/scss/bootstrap/mixins _nav-divider.scss
2024.04.04 11:58 B C:\laragon\www\WEBSIOT\scss\bootstrap\mixins\_pagination.scss --> ecommerce.nivor.my.id /var/www/smartcity.sija/WEBSIOT/scss/bootstrap/mixins _pagination.scss
2024.04.04 11:58 B C:\laragon\www\WEBSIOT\scss\bootstrap\mixins\_reset-text.scss --> ecommerce.nivor.my.id /var/www/smartcity.sija/WEBSIOT/scss/bootstrap/mixins _reset-text.scss
2024.04.04 11:58 B C:\laragon\www\WEBSIOT\scss\bootstrap\mixins\_resize.scss --> ecommerce.nivor.my.id /var/www/smartcity.sija/WEBSIOT/scss/bootstrap/mixins _resize.scss
2024.04.04 11:58 B C:\laragon\www\WEBSIOT\scss\bootstrap\mixins\_screen-reader.scss --> ecommerce.nivor.my.id /var/www/smartcity.sija/WEBSIOT/scss/bootstrap/mixins _screen-reader.scss
2024.04.04 11:58 B C:\laragon\www\WEBSIOT\scss\bootstrap\mixins\_size.scss --> ecommerce.nivor.my.id /var/www/smartcity.sija/WEBSIOT/scss/bootstrap/mixins _size.scss
2024.04.04 11:58 B C:\laragon\www\WEBSIOT\scss\bootstrap\mixins\_table-row.scss --> ecommerce.nivor.my.id /var/www/smartcity.sija/WEBSIOT/scss/bootstrap/mixins _table-row.scss
2024.04.04 11:58 B C:\laragon\www\WEBSIOT\scss\bootstrap\mixins\_text-emphasis.scss --> ecommerce.nivor.my.id /var/www/smartcity.sija/WEBSIOT/scss/bootstrap/mixins _text-emphasis.scss
2024.04.04 11:58 B C:\laragon\www\WEBSIOT\scss\bootstrap\mixins\_text-hide.scss --> ecommerce.nivor.my.id /var/www/smartcity.sija/WEBSIOT/scss/bootstrap/mixins _text-hide.scss
2024.04.04 11:58 B C:\laragon\www\WEBSIOT\scss\bootstrap\mixins\_text-truncate.scss --> ecommerce.nivor.my.id /var/www/smartcity.sija/WEBSIOT/scss/bootstrap/mixins _text-truncate.scss
2024.04.04 11:58 B C:\laragon\www\WEBSIOT\scss\bootstrap\mixins\_transition.scss --> ecommerce.nivor.my.id /var/www/smartcity.sija/WEBSIOT/scss/bootstrap/mixins _transition.scss
2024.04.04 11:58 B C:\laragon\www\WEBSIOT\scss\bootstrap\mixins\_visibility.scss --> ecommerce.nivor.my.id /var/www/smartcity.sija/WEBSIOT/scss/bootstrap/mixins _visibility.scss
2024.04.04 11:58 B C:\laragon\www\WEBSIOT\scss\bootstrap\mixins\WS_FTP.LOG --> ecommerce.nivor.my.id /var/www/smartcity.sija/WEBSIOT/scss/bootstrap/mixins WS_FTP.LOG
2024.04.05 09:20 B C:\laragon\www\WEBSIOT\scss\bootstrap\mixins\_alert.scss --> ecommerce.nivor.my.id /var/www/smartcity.sija/WEBSIOT/scss/bootstrap/mixins _alert.scss
2024.04.05 09:20 B C:\laragon\www\WEBSIOT\scss\bootstrap\mixins\_background-variant.scss --> ecommerce.nivor.my.id /var/www/smartcity.sija/WEBSIOT/scss/bootstrap/mixins _background-variant.scss
2024.04.05 09:20 B C:\laragon\www\WEBSIOT\scss\bootstrap\mixins\_badge.scss --> ecommerce.nivor.my.id /var/www/smartcity.sija/WEBSIOT/scss/bootstrap/mixins _badge.scss
2024.04.05 09:20 B C:\laragon\www\WEBSIOT\scss\bootstrap\mixins\_border-radius.scss --> ecommerce.nivor.my.id /var/www/smartcity.sija/WEBSIOT/scss/bootstrap/mixins _border-radius.scss
2024.04.05 09:20 B C:\laragon\www\WEBSIOT\scss\bootstrap\mixins\_box-shadow.scss --> ecommerce.nivor.my.id /var/www/smartcity.sija/WEBSIOT/scss/bootstrap/mixins _box-shadow.scss
2024.04.05 09:20 B C:\laragon\www\WEBSIOT\scss\bootstrap\mixins\_breakpoints.scss --> ecommerce.nivor.my.id /var/www/smartcity.sija/WEBSIOT/scss/bootstrap/mixins _breakpoints.scss
2024.04.05 09:20 B C:\laragon\www\WEBSIOT\scss\bootstrap\mixins\_buttons.scss --> ecommerce.nivor.my.id /var/www/smartcity.sija/WEBSIOT/scss/bootstrap/mixins _buttons.scss
2024.04.05 09:20 B C:\laragon\www\WEBSIOT\scss\bootstrap\mixins\_caret.scss --> ecommerce.nivor.my.id /var/www/smartcity.sija/WEBSIOT/scss/bootstrap/mixins _caret.scss
2024.04.05 09:20 B C:\laragon\www\WEBSIOT\scss\bootstrap\mixins\_clearfix.scss --> ecommerce.nivor.my.id /var/www/smartcity.sija/WEBSIOT/scss/bootstrap/mixins _clearfix.scss
2024.04.05 09:20 B C:\laragon\www\WEBSIOT\scss\bootstrap\mixins\_float.scss --> ecommerce.nivor.my.id /var/www/smartcity.sija/WEBSIOT/scss/bootstrap/mixins _float.scss
2024.04.05 09:20 B C:\laragon\www\WEBSIOT\scss\bootstrap\mixins\_forms.scss --> ecommerce.nivor.my.id /var/www/smartcity.sija/WEBSIOT/scss/bootstrap/mixins _forms.scss
2024.04.05 09:20 B C:\laragon\www\WEBSIOT\scss\bootstrap\mixins\_gradients.scss --> ecommerce.nivor.my.id /var/www/smartcity.sija/WEBSIOT/scss/bootstrap/mixins _gradients.scss
2024.04.05 09:20 B C:\laragon\www\WEBSIOT\scss\bootstrap\mixins\_grid-framework.scss --> ecommerce.nivor.my.id /var/www/smartcity.sija/WEBSIOT/scss/bootstrap/mixins _grid-framework.scss
2024.04.05 09:20 B C:\laragon\www\WEBSIOT\scss\bootstrap\mixins\_grid.scss --> ecommerce.nivor.my.id /var/www/smartcity.sija/WEBSIOT/scss/bootstrap/mixins _grid.scss
2024.04.05 09:20 B C:\laragon\www\WEBSIOT\scss\bootstrap\mixins\_hover.scss --> ecommerce.nivor.my.id /var/www/smartcity.sija/WEBSIOT/scss/bootstrap/mixins _hover.scss
2024.04.05 09:20 B C:\laragon\www\WEBSIOT\scss\bootstrap\mixins\_image.scss --> ecommerce.nivor.my.id /var/www/smartcity.sija/WEBSIOT/scss/bootstrap/mixins _image.scss
2024.04.05 09:20 B C:\laragon\www\WEBSIOT\scss\bootstrap\mixins\_list-group.scss --> ecommerce.nivor.my.id /var/www/smartcity.sija/WEBSIOT/scss/bootstrap/mixins _list-group.scss
2024.04.05 09:20 B C:\laragon\www\WEBSIOT\scss\bootstrap\mixins\_lists.scss --> ecommerce.nivor.my.id /var/www/smartcity.sija/WEBSIOT/scss/bootstrap/mixins _lists.scss
2024.04.05 09:20 B C:\laragon\www\WEBSIOT\scss\bootstrap\mixins\_nav-divider.scss --> ecommerce.nivor.my.id /var/www/smartcity.sija/WEBSIOT/scss/bootstrap/mixins _nav-divider.scss
2024.04.05 09:20 B C:\laragon\www\WEBSIOT\scss\bootstrap\mixins\_pagination.scss --> ecommerce.nivor.my.id /var/www/smartcity.sija/WEBSIOT/scss/bootstrap/mixins _pagination.scss
2024.04.05 09:20 B C:\laragon\www\WEBSIOT\scss\bootstrap\mixins\_reset-text.scss --> ecommerce.nivor.my.id /var/www/smartcity.sija/WEBSIOT/scss/bootstrap/mixins _reset-text.scss
2024.04.05 09:20 B C:\laragon\www\WEBSIOT\scss\bootstrap\mixins\_resize.scss --> ecommerce.nivor.my.id /var/www/smartcity.sija/WEBSIOT/scss/bootstrap/mixins _resize.scss
2024.04.05 09:20 B C:\laragon\www\WEBSIOT\scss\bootstrap\mixins\_screen-reader.scss --> ecommerce.nivor.my.id /var/www/smartcity.sija/WEBSIOT/scss/bootstrap/mixins _screen-reader.scss
2024.04.05 09:20 B C:\laragon\www\WEBSIOT\scss\bootstrap\mixins\_size.scss --> ecommerce.nivor.my.id /var/www/smartcity.sija/WEBSIOT/scss/bootstrap/mixins _size.scss
2024.04.05 09:20 B C:\laragon\www\WEBSIOT\scss\bootstrap\mixins\_table-row.scss --> ecommerce.nivor.my.id /var/www/smartcity.sija/WEBSIOT/scss/bootstrap/mixins _table-row.scss
2024.04.05 09:20 B C:\laragon\www\WEBSIOT\scss\bootstrap\mixins\_text-emphasis.scss --> ecommerce.nivor.my.id /var/www/smartcity.sija/WEBSIOT/scss/bootstrap/mixins _text-emphasis.scss
2024.04.05 09:20 B C:\laragon\www\WEBSIOT\scss\bootstrap\mixins\_text-hide.scss --> ecommerce.nivor.my.id /var/www/smartcity.sija/WEBSIOT/scss/bootstrap/mixins _text-hide.scss
2024.04.05 09:20 B C:\laragon\www\WEBSIOT\scss\bootstrap\mixins\_text-truncate.scss --> ecommerce.nivor.my.id /var/www/smartcity.sija/WEBSIOT/scss/bootstrap/mixins _text-truncate.scss
2024.04.05 09:20 B C:\laragon\www\WEBSIOT\scss\bootstrap\mixins\_transition.scss --> ecommerce.nivor.my.id /var/www/smartcity.sija/WEBSIOT/scss/bootstrap/mixins _transition.scss
2024.04.05 09:20 B C:\laragon\www\WEBSIOT\scss\bootstrap\mixins\_visibility.scss --> ecommerce.nivor.my.id /var/www/smartcity.sija/WEBSIOT/scss/bootstrap/mixins _visibility.scss
2024.04.05 09:20 B C:\laragon\www\WEBSIOT\scss\bootstrap\mixins\WS_FTP.LOG --> ecommerce.nivor.my.id /var/www/smartcity.sija/WEBSIOT/scss/bootstrap/mixins WS_FTP.LOG
2024.04.05 09:29 B C:\laragon\www\WEBSIOT\scss\bootstrap\mixins\_alert.scss --> ecommerce.nivor.my.id /var/www/smartcity.sija/scss/bootstrap/mixins _alert.scss
2024.04.05 09:29 B C:\laragon\www\WEBSIOT\scss\bootstrap\mixins\_background-variant.scss --> ecommerce.nivor.my.id /var/www/smartcity.sija/scss/bootstrap/mixins _background-variant.scss
2024.04.05 09:29 B C:\laragon\www\WEBSIOT\scss\bootstrap\mixins\_badge.scss --> ecommerce.nivor.my.id /var/www/smartcity.sija/scss/bootstrap/mixins _badge.scss
2024.04.05 09:29 B C:\laragon\www\WEBSIOT\scss\bootstrap\mixins\_border-radius.scss --> ecommerce.nivor.my.id /var/www/smartcity.sija/scss/bootstrap/mixins _border-radius.scss
2024.04.05 09:29 B C:\laragon\www\WEBSIOT\scss\bootstrap\mixins\_box-shadow.scss --> ecommerce.nivor.my.id /var/www/smartcity.sija/scss/bootstrap/mixins _box-shadow.scss
2024.04.05 09:29 B C:\laragon\www\WEBSIOT\scss\bootstrap\mixins\_breakpoints.scss --> ecommerce.nivor.my.id /var/www/smartcity.sija/scss/bootstrap/mixins _breakpoints.scss
2024.04.05 09:29 B C:\laragon\www\WEBSIOT\scss\bootstrap\mixins\_buttons.scss --> ecommerce.nivor.my.id /var/www/smartcity.sija/scss/bootstrap/mixins _buttons.scss
2024.04.05 09:29 B C:\laragon\www\WEBSIOT\scss\bootstrap\mixins\_caret.scss --> ecommerce.nivor.my.id /var/www/smartcity.sija/scss/bootstrap/mixins _caret.scss
2024.04.05 09:29 B C:\laragon\www\WEBSIOT\scss\bootstrap\mixins\_clearfix.scss --> ecommerce.nivor.my.id /var/www/smartcity.sija/scss/bootstrap/mixins _clearfix.scss
2024.04.05 09:29 B C:\laragon\www\WEBSIOT\scss\bootstrap\mixins\_float.scss --> ecommerce.nivor.my.id /var/www/smartcity.sija/scss/bootstrap/mixins _float.scss
2024.04.05 09:29 B C:\laragon\www\WEBSIOT\scss\bootstrap\mixins\_forms.scss --> ecommerce.nivor.my.id /var/www/smartcity.sija/scss/bootstrap/mixins _forms.scss
2024.04.05 09:29 B C:\laragon\www\WEBSIOT\scss\bootstrap\mixins\_gradients.scss --> ecommerce.nivor.my.id /var/www/smartcity.sija/scss/bootstrap/mixins _gradients.scss
2024.04.05 09:29 B C:\laragon\www\WEBSIOT\scss\bootstrap\mixins\_grid-framework.scss --> ecommerce.nivor.my.id /var/www/smartcity.sija/scss/bootstrap/mixins _grid-framework.scss
2024.04.05 09:29 B C:\laragon\www\WEBSIOT\scss\bootstrap\mixins\_grid.scss --> ecommerce.nivor.my.id /var/www/smartcity.sija/scss/bootstrap/mixins _grid.scss
2024.04.05 09:29 B C:\laragon\www\WEBSIOT\scss\bootstrap\mixins\_hover.scss --> ecommerce.nivor.my.id /var/www/smartcity.sija/scss/bootstrap/mixins _hover.scss
2024.04.05 09:29 B C:\laragon\www\WEBSIOT\scss\bootstrap\mixins\_image.scss --> ecommerce.nivor.my.id /var/www/smartcity.sija/scss/bootstrap/mixins _image.scss
2024.04.05 09:29 B C:\laragon\www\WEBSIOT\scss\bootstrap\mixins\_list-group.scss --> ecommerce.nivor.my.id /var/www/smartcity.sija/scss/bootstrap/mixins _list-group.scss
2024.04.05 09:29 B C:\laragon\www\WEBSIOT\scss\bootstrap\mixins\_lists.scss --> ecommerce.nivor.my.id /var/www/smartcity.sija/scss/bootstrap/mixins _lists.scss
2024.04.05 09:29 B C:\laragon\www\WEBSIOT\scss\bootstrap\mixins\_nav-divider.scss --> ecommerce.nivor.my.id /var/www/smartcity.sija/scss/bootstrap/mixins _nav-divider.scss
2024.04.05 09:29 B C:\laragon\www\WEBSIOT\scss\bootstrap\mixins\_pagination.scss --> ecommerce.nivor.my.id /var/www/smartcity.sija/scss/bootstrap/mixins _pagination.scss
2024.04.05 09:29 B C:\laragon\www\WEBSIOT\scss\bootstrap\mixins\_reset-text.scss --> ecommerce.nivor.my.id /var/www/smartcity.sija/scss/bootstrap/mixins _reset-text.scss
2024.04.05 09:29 B C:\laragon\www\WEBSIOT\scss\bootstrap\mixins\_resize.scss --> ecommerce.nivor.my.id /var/www/smartcity.sija/scss/bootstrap/mixins _resize.scss
2024.04.05 09:29 B C:\laragon\www\WEBSIOT\scss\bootstrap\mixins\_screen-reader.scss --> ecommerce.nivor.my.id /var/www/smartcity.sija/scss/bootstrap/mixins _screen-reader.scss
2024.04.05 09:29 B C:\laragon\www\WEBSIOT\scss\bootstrap\mixins\_size.scss --> ecommerce.nivor.my.id /var/www/smartcity.sija/scss/bootstrap/mixins _size.scss
2024.04.05 09:29 B C:\laragon\www\WEBSIOT\scss\bootstrap\mixins\_table-row.scss --> ecommerce.nivor.my.id /var/www/smartcity.sija/scss/bootstrap/mixins _table-row.scss
2024.04.05 09:29 B C:\laragon\www\WEBSIOT\scss\bootstrap\mixins\_text-emphasis.scss --> ecommerce.nivor.my.id /var/www/smartcity.sija/scss/bootstrap/mixins _text-emphasis.scss
2024.04.05 09:29 B C:\laragon\www\WEBSIOT\scss\bootstrap\mixins\_text-hide.scss --> ecommerce.nivor.my.id /var/www/smartcity.sija/scss/bootstrap/mixins _text-hide.scss
2024.04.05 09:29 B C:\laragon\www\WEBSIOT\scss\bootstrap\mixins\_text-truncate.scss --> ecommerce.nivor.my.id /var/www/smartcity.sija/scss/bootstrap/mixins _text-truncate.scss
2024.04.05 09:29 B C:\laragon\www\WEBSIOT\scss\bootstrap\mixins\_transition.scss --> ecommerce.nivor.my.id /var/www/smartcity.sija/scss/bootstrap/mixins _transition.scss
2024.04.05 09:29 B C:\laragon\www\WEBSIOT\scss\bootstrap\mixins\_visibility.scss --> ecommerce.nivor.my.id /var/www/smartcity.sija/scss/bootstrap/mixins _visibility.scss
2024.04.05 09:29 B C:\laragon\www\WEBSIOT\scss\bootstrap\mixins\WS_FTP.LOG --> ecommerce.nivor.my.id /var/www/smartcity.sija/scss/bootstrap/mixins WS_FTP.LOG
2024.04.07 17:13 B C:\laragon\www\WEBSIOT\scss\bootstrap\mixins\_alert.scss --> ecommerce.nivor.my.id /var/www/smartcity.sija/scss/bootstrap/mixins _alert.scss
2024.04.07 17:13 B C:\laragon\www\WEBSIOT\scss\bootstrap\mixins\_background-variant.scss --> ecommerce.nivor.my.id /var/www/smartcity.sija/scss/bootstrap/mixins _background-variant.scss
2024.04.07 17:13 B C:\laragon\www\WEBSIOT\scss\bootstrap\mixins\_badge.scss --> ecommerce.nivor.my.id /var/www/smartcity.sija/scss/bootstrap/mixins _badge.scss
2024.04.07 17:13 B C:\laragon\www\WEBSIOT\scss\bootstrap\mixins\_border-radius.scss --> ecommerce.nivor.my.id /var/www/smartcity.sija/scss/bootstrap/mixins _border-radius.scss
2024.04.07 17:13 B C:\laragon\www\WEBSIOT\scss\bootstrap\mixins\_box-shadow.scss --> ecommerce.nivor.my.id /var/www/smartcity.sija/scss/bootstrap/mixins _box-shadow.scss
2024.04.07 17:13 B C:\laragon\www\WEBSIOT\scss\bootstrap\mixins\_breakpoints.scss --> ecommerce.nivor.my.id /var/www/smartcity.sija/scss/bootstrap/mixins _breakpoints.scss
2024.04.07 17:13 B C:\laragon\www\WEBSIOT\scss\bootstrap\mixins\_buttons.scss --> ecommerce.nivor.my.id /var/www/smartcity.sija/scss/bootstrap/mixins _buttons.scss
2024.04.07 17:13 B C:\laragon\www\WEBSIOT\scss\bootstrap\mixins\_caret.scss --> ecommerce.nivor.my.id /var/www/smartcity.sija/scss/bootstrap/mixins _caret.scss
2024.04.07 17:13 B C:\laragon\www\WEBSIOT\scss\bootstrap\mixins\_clearfix.scss --> ecommerce.nivor.my.id /var/www/smartcity.sija/scss/bootstrap/mixins _clearfix.scss
2024.04.07 17:13 B C:\laragon\www\WEBSIOT\scss\bootstrap\mixins\_float.scss --> ecommerce.nivor.my.id /var/www/smartcity.sija/scss/bootstrap/mixins _float.scss
2024.04.07 17:13 B C:\laragon\www\WEBSIOT\scss\bootstrap\mixins\_forms.scss --> ecommerce.nivor.my.id /var/www/smartcity.sija/scss/bootstrap/mixins _forms.scss
2024.04.07 17:13 B C:\laragon\www\WEBSIOT\scss\bootstrap\mixins\_gradients.scss --> ecommerce.nivor.my.id /var/www/smartcity.sija/scss/bootstrap/mixins _gradients.scss
2024.04.07 17:13 B C:\laragon\www\WEBSIOT\scss\bootstrap\mixins\_grid-framework.scss --> ecommerce.nivor.my.id /var/www/smartcity.sija/scss/bootstrap/mixins _grid-framework.scss
2024.04.07 17:13 B C:\laragon\www\WEBSIOT\scss\bootstrap\mixins\_grid.scss --> ecommerce.nivor.my.id /var/www/smartcity.sija/scss/bootstrap/mixins _grid.scss
2024.04.07 17:13 B C:\laragon\www\WEBSIOT\scss\bootstrap\mixins\_hover.scss --> ecommerce.nivor.my.id /var/www/smartcity.sija/scss/bootstrap/mixins _hover.scss
2024.04.07 17:13 B C:\laragon\www\WEBSIOT\scss\bootstrap\mixins\_image.scss --> ecommerce.nivor.my.id /var/www/smartcity.sija/scss/bootstrap/mixins _image.scss
2024.04.07 17:13 B C:\laragon\www\WEBSIOT\scss\bootstrap\mixins\_list-group.scss --> ecommerce.nivor.my.id /var/www/smartcity.sija/scss/bootstrap/mixins _list-group.scss
2024.04.07 17:13 B C:\laragon\www\WEBSIOT\scss\bootstrap\mixins\_lists.scss --> ecommerce.nivor.my.id /var/www/smartcity.sija/scss/bootstrap/mixins _lists.scss
2024.04.07 17:13 B C:\laragon\www\WEBSIOT\scss\bootstrap\mixins\_nav-divider.scss --> ecommerce.nivor.my.id /var/www/smartcity.sija/scss/bootstrap/mixins _nav-divider.scss
2024.04.07 17:13 B C:\laragon\www\WEBSIOT\scss\bootstrap\mixins\_pagination.scss --> ecommerce.nivor.my.id /var/www/smartcity.sija/scss/bootstrap/mixins _pagination.scss
2024.04.07 17:14 B C:\laragon\www\WEBSIOT\scss\bootstrap\mixins\_reset-text.scss --> ecommerce.nivor.my.id /var/www/smartcity.sija/scss/bootstrap/mixins _reset-text.scss
2024.04.07 17:14 B C:\laragon\www\WEBSIOT\scss\bootstrap\mixins\_resize.scss --> ecommerce.nivor.my.id /var/www/smartcity.sija/scss/bootstrap/mixins _resize.scss
2024.04.07 17:14 B C:\laragon\www\WEBSIOT\scss\bootstrap\mixins\_screen-reader.scss --> ecommerce.nivor.my.id /var/www/smartcity.sija/scss/bootstrap/mixins _screen-reader.scss
2024.04.07 17:14 B C:\laragon\www\WEBSIOT\scss\bootstrap\mixins\_size.scss --> ecommerce.nivor.my.id /var/www/smartcity.sija/scss/bootstrap/mixins _size.scss
2024.04.07 17:14 B C:\laragon\www\WEBSIOT\scss\bootstrap\mixins\_table-row.scss --> ecommerce.nivor.my.id /var/www/smartcity.sija/scss/bootstrap/mixins _table-row.scss
2024.04.07 17:14 B C:\laragon\www\WEBSIOT\scss\bootstrap\mixins\_text-emphasis.scss --> ecommerce.nivor.my.id /var/www/smartcity.sija/scss/bootstrap/mixins _text-emphasis.scss
2024.04.07 17:14 B C:\laragon\www\WEBSIOT\scss\bootstrap\mixins\_text-hide.scss --> ecommerce.nivor.my.id /var/www/smartcity.sija/scss/bootstrap/mixins _text-hide.scss
2024.04.07 17:14 B C:\laragon\www\WEBSIOT\scss\bootstrap\mixins\_text-truncate.scss --> ecommerce.nivor.my.id /var/www/smartcity.sija/scss/bootstrap/mixins _text-truncate.scss
2024.04.07 17:14 B C:\laragon\www\WEBSIOT\scss\bootstrap\mixins\_transition.scss --> ecommerce.nivor.my.id /var/www/smartcity.sija/scss/bootstrap/mixins _transition.scss
2024.04.07 17:14 B C:\laragon\www\WEBSIOT\scss\bootstrap\mixins\_visibility.scss --> ecommerce.nivor.my.id /var/www/smartcity.sija/scss/bootstrap/mixins _visibility.scss
2024.04.07 17:14 B C:\laragon\www\WEBSIOT\scss\bootstrap\mixins\WS_FTP.LOG --> ecommerce.nivor.my.id /var/www/smartcity.sija/scss/bootstrap/mixins WS_FTP.LOG
2024.04.18 07:19 B C:\laragon\www\WEBSIOT\scss\bootstrap\mixins\_alert.scss --> ecommerce.nivor.my.id /var/www/smartcity.sija/scss/bootstrap/mixins _alert.scss
2024.04.18 07:19 B C:\laragon\www\WEBSIOT\scss\bootstrap\mixins\_background-variant.scss --> ecommerce.nivor.my.id /var/www/smartcity.sija/scss/bootstrap/mixins _background-variant.scss
2024.04.18 07:19 B C:\laragon\www\WEBSIOT\scss\bootstrap\mixins\_badge.scss --> ecommerce.nivor.my.id /var/www/smartcity.sija/scss/bootstrap/mixins _badge.scss
2024.04.18 07:19 B C:\laragon\www\WEBSIOT\scss\bootstrap\mixins\_border-radius.scss --> ecommerce.nivor.my.id /var/www/smartcity.sija/scss/bootstrap/mixins _border-radius.scss
2024.04.18 07:19 B C:\laragon\www\WEBSIOT\scss\bootstrap\mixins\_box-shadow.scss --> ecommerce.nivor.my.id /var/www/smartcity.sija/scss/bootstrap/mixins _box-shadow.scss
2024.04.18 07:19 B C:\laragon\www\WEBSIOT\scss\bootstrap\mixins\_breakpoints.scss --> ecommerce.nivor.my.id /var/www/smartcity.sija/scss/bootstrap/mixins _breakpoints.scss
2024.04.18 07:19 B C:\laragon\www\WEBSIOT\scss\bootstrap\mixins\_buttons.scss --> ecommerce.nivor.my.id /var/www/smartcity.sija/scss/bootstrap/mixins _buttons.scss
2024.04.18 07:19 B C:\laragon\www\WEBSIOT\scss\bootstrap\mixins\_caret.scss --> ecommerce.nivor.my.id /var/www/smartcity.sija/scss/bootstrap/mixins _caret.scss
2024.04.18 07:19 B C:\laragon\www\WEBSIOT\scss\bootstrap\mixins\_clearfix.scss --> ecommerce.nivor.my.id /var/www/smartcity.sija/scss/bootstrap/mixins _clearfix.scss
2024.04.18 07:19 B C:\laragon\www\WEBSIOT\scss\bootstrap\mixins\_float.scss --> ecommerce.nivor.my.id /var/www/smartcity.sija/scss/bootstrap/mixins _float.scss
2024.04.18 07:19 B C:\laragon\www\WEBSIOT\scss\bootstrap\mixins\_forms.scss --> ecommerce.nivor.my.id /var/www/smartcity.sija/scss/bootstrap/mixins _forms.scss
2024.04.18 07:19 B C:\laragon\www\WEBSIOT\scss\bootstrap\mixins\_gradients.scss --> ecommerce.nivor.my.id /var/www/smartcity.sija/scss/bootstrap/mixins _gradients.scss
2024.04.18 07:19 B C:\laragon\www\WEBSIOT\scss\bootstrap\mixins\_grid-framework.scss --> ecommerce.nivor.my.id /var/www/smartcity.sija/scss/bootstrap/mixins _grid-framework.scss
2024.04.18 07:19 B C:\laragon\www\WEBSIOT\scss\bootstrap\mixins\_grid.scss --> ecommerce.nivor.my.id /var/www/smartcity.sija/scss/bootstrap/mixins _grid.scss
2024.04.18 07:19 B C:\laragon\www\WEBSIOT\scss\bootstrap\mixins\_hover.scss --> ecommerce.nivor.my.id /var/www/smartcity.sija/scss/bootstrap/mixins _hover.scss
2024.04.18 07:19 B C:\laragon\www\WEBSIOT\scss\bootstrap\mixins\_image.scss --> ecommerce.nivor.my.id /var/www/smartcity.sija/scss/bootstrap/mixins _image.scss
2024.04.18 07:19 B C:\laragon\www\WEBSIOT\scss\bootstrap\mixins\_list-group.scss --> ecommerce.nivor.my.id /var/www/smartcity.sija/scss/bootstrap/mixins _list-group.scss
2024.04.18 07:19 B C:\laragon\www\WEBSIOT\scss\bootstrap\mixins\_lists.scss --> ecommerce.nivor.my.id /var/www/smartcity.sija/scss/bootstrap/mixins _lists.scss
2024.04.18 07:19 B C:\laragon\www\WEBSIOT\scss\bootstrap\mixins\_nav-divider.scss --> ecommerce.nivor.my.id /var/www/smartcity.sija/scss/bootstrap/mixins _nav-divider.scss
2024.04.18 07:19 B C:\laragon\www\WEBSIOT\scss\bootstrap\mixins\_pagination.scss --> ecommerce.nivor.my.id /var/www/smartcity.sija/scss/bootstrap/mixins _pagination.scss
2024.04.18 07:19 B C:\laragon\www\WEBSIOT\scss\bootstrap\mixins\_reset-text.scss --> ecommerce.nivor.my.id /var/www/smartcity.sija/scss/bootstrap/mixins _reset-text.scss
2024.04.18 07:19 B C:\laragon\www\WEBSIOT\scss\bootstrap\mixins\_resize.scss --> ecommerce.nivor.my.id /var/www/smartcity.sija/scss/bootstrap/mixins _resize.scss
2024.04.18 07:19 B C:\laragon\www\WEBSIOT\scss\bootstrap\mixins\_screen-reader.scss --> ecommerce.nivor.my.id /var/www/smartcity.sija/scss/bootstrap/mixins _screen-reader.scss
2024.04.18 07:19 B C:\laragon\www\WEBSIOT\scss\bootstrap\mixins\_size.scss --> ecommerce.nivor.my.id /var/www/smartcity.sija/scss/bootstrap/mixins _size.scss
2024.04.18 07:19 B C:\laragon\www\WEBSIOT\scss\bootstrap\mixins\_table-row.scss --> ecommerce.nivor.my.id /var/www/smartcity.sija/scss/bootstrap/mixins _table-row.scss
2024.04.18 07:19 B C:\laragon\www\WEBSIOT\scss\bootstrap\mixins\_text-emphasis.scss --> ecommerce.nivor.my.id /var/www/smartcity.sija/scss/bootstrap/mixins _text-emphasis.scss
2024.04.18 07:19 B C:\laragon\www\WEBSIOT\scss\bootstrap\mixins\_text-hide.scss --> ecommerce.nivor.my.id /var/www/smartcity.sija/scss/bootstrap/mixins _text-hide.scss
2024.04.18 07:19 B C:\laragon\www\WEBSIOT\scss\bootstrap\mixins\_text-truncate.scss --> ecommerce.nivor.my.id /var/www/smartcity.sija/scss/bootstrap/mixins _text-truncate.scss
2024.04.18 07:19 B C:\laragon\www\WEBSIOT\scss\bootstrap\mixins\_transition.scss --> ecommerce.nivor.my.id /var/www/smartcity.sija/scss/bootstrap/mixins _transition.scss
2024.04.18 07:19 B C:\laragon\www\WEBSIOT\scss\bootstrap\mixins\_visibility.scss --> ecommerce.nivor.my.id /var/www/smartcity.sija/scss/bootstrap/mixins _visibility.scss
2024.04.18 07:19 B C:\laragon\www\WEBSIOT\scss\bootstrap\mixins\WS_FTP.LOG --> ecommerce.nivor.my.id /var/www/smartcity.sija/scss/bootstrap/mixins WS_FTP.LOG
2024.04.18 10:11 B C:\laragon\www\WEBSIOT admin\scss\bootstrap\mixins\_alert.scss --> ecommerce.nivor.my.id /var/www/smartcity.sija/WEBSIOT_ADMIN/scss/bootstrap/mixins _alert.scss
2024.04.18 10:11 B C:\laragon\www\WEBSIOT admin\scss\bootstrap\mixins\_background-variant.scss --> ecommerce.nivor.my.id /var/www/smartcity.sija/WEBSIOT_ADMIN/scss/bootstrap/mixins _background-variant.scss
2024.04.18 10:11 B C:\laragon\www\WEBSIOT admin\scss\bootstrap\mixins\_badge.scss --> ecommerce.nivor.my.id /var/www/smartcity.sija/WEBSIOT_ADMIN/scss/bootstrap/mixins _badge.scss
2024.04.18 10:11 B C:\laragon\www\WEBSIOT admin\scss\bootstrap\mixins\_border-radius.scss --> ecommerce.nivor.my.id /var/www/smartcity.sija/WEBSIOT_ADMIN/scss/bootstrap/mixins _border-radius.scss
2024.04.18 10:11 B C:\laragon\www\WEBSIOT admin\scss\bootstrap\mixins\_box-shadow.scss --> ecommerce.nivor.my.id /var/www/smartcity.sija/WEBSIOT_ADMIN/scss/bootstrap/mixins _box-shadow.scss
2024.04.18 10:11 B C:\laragon\www\WEBSIOT admin\scss\bootstrap\mixins\_breakpoints.scss --> ecommerce.nivor.my.id /var/www/smartcity.sija/WEBSIOT_ADMIN/scss/bootstrap/mixins _breakpoints.scss
2024.04.18 10:11 B C:\laragon\www\WEBSIOT admin\scss\bootstrap\mixins\_buttons.scss --> ecommerce.nivor.my.id /var/www/smartcity.sija/WEBSIOT_ADMIN/scss/bootstrap/mixins _buttons.scss
2024.04.18 10:11 B C:\laragon\www\WEBSIOT admin\scss\bootstrap\mixins\_caret.scss --> ecommerce.nivor.my.id /var/www/smartcity.sija/WEBSIOT_ADMIN/scss/bootstrap/mixins _caret.scss
2024.04.18 10:11 B C:\laragon\www\WEBSIOT admin\scss\bootstrap\mixins\_clearfix.scss --> ecommerce.nivor.my.id /var/www/smartcity.sija/WEBSIOT_ADMIN/scss/bootstrap/mixins _clearfix.scss
2024.04.18 10:11 B C:\laragon\www\WEBSIOT admin\scss\bootstrap\mixins\_float.scss --> ecommerce.nivor.my.id /var/www/smartcity.sija/WEBSIOT_ADMIN/scss/bootstrap/mixins _float.scss
2024.04.18 10:11 B C:\laragon\www\WEBSIOT admin\scss\bootstrap\mixins\_forms.scss --> ecommerce.nivor.my.id /var/www/smartcity.sija/WEBSIOT_ADMIN/scss/bootstrap/mixins _forms.scss
2024.04.18 10:11 B C:\laragon\www\WEBSIOT admin\scss\bootstrap\mixins\_gradients.scss --> ecommerce.nivor.my.id /var/www/smartcity.sija/WEBSIOT_ADMIN/scss/bootstrap/mixins _gradients.scss
2024.04.18 10:11 B C:\laragon\www\WEBSIOT admin\scss\bootstrap\mixins\_grid-framework.scss --> ecommerce.nivor.my.id /var/www/smartcity.sija/WEBSIOT_ADMIN/scss/bootstrap/mixins _grid-framework.scss
2024.04.18 10:11 B C:\laragon\www\WEBSIOT admin\scss\bootstrap\mixins\_grid.scss --> ecommerce.nivor.my.id /var/www/smartcity.sija/WEBSIOT_ADMIN/scss/bootstrap/mixins _grid.scss
2024.04.18 10:11 B C:\laragon\www\WEBSIOT admin\scss\bootstrap\mixins\_hover.scss --> ecommerce.nivor.my.id /var/www/smartcity.sija/WEBSIOT_ADMIN/scss/bootstrap/mixins _hover.scss
2024.04.18 10:11 B C:\laragon\www\WEBSIOT admin\scss\bootstrap\mixins\_image.scss --> ecommerce.nivor.my.id /var/www/smartcity.sija/WEBSIOT_ADMIN/scss/bootstrap/mixins _image.scss
2024.04.18 10:11 B C:\laragon\www\WEBSIOT admin\scss\bootstrap\mixins\_list-group.scss --> ecommerce.nivor.my.id /var/www/smartcity.sija/WEBSIOT_ADMIN/scss/bootstrap/mixins _list-group.scss
2024.04.18 10:11 B C:\laragon\www\WEBSIOT admin\scss\bootstrap\mixins\_lists.scss --> ecommerce.nivor.my.id /var/www/smartcity.sija/WEBSIOT_ADMIN/scss/bootstrap/mixins _lists.scss
2024.04.18 10:11 B C:\laragon\www\WEBSIOT admin\scss\bootstrap\mixins\_nav-divider.scss --> ecommerce.nivor.my.id /var/www/smartcity.sija/WEBSIOT_ADMIN/scss/bootstrap/mixins _nav-divider.scss
2024.04.18 10:11 B C:\laragon\www\WEBSIOT admin\scss\bootstrap\mixins\_pagination.scss --> ecommerce.nivor.my.id /var/www/smartcity.sija/WEBSIOT_ADMIN/scss/bootstrap/mixins _pagination.scss
2024.04.18 10:11 B C:\laragon\www\WEBSIOT admin\scss\bootstrap\mixins\_reset-text.scss --> ecommerce.nivor.my.id /var/www/smartcity.sija/WEBSIOT_ADMIN/scss/bootstrap/mixins _reset-text.scss
2024.04.18 10:11 B C:\laragon\www\WEBSIOT admin\scss\bootstrap\mixins\_resize.scss --> ecommerce.nivor.my.id /var/www/smartcity.sija/WEBSIOT_ADMIN/scss/bootstrap/mixins _resize.scss
2024.04.18 10:11 B C:\laragon\www\WEBSIOT admin\scss\bootstrap\mixins\_screen-reader.scss --> ecommerce.nivor.my.id /var/www/smartcity.sija/WEBSIOT_ADMIN/scss/bootstrap/mixins _screen-reader.scss
2024.04.18 10:11 B C:\laragon\www\WEBSIOT admin\scss\bootstrap\mixins\_size.scss --> ecommerce.nivor.my.id /var/www/smartcity.sija/WEBSIOT_ADMIN/scss/bootstrap/mixins _size.scss
2024.04.18 10:11 B C:\laragon\www\WEBSIOT admin\scss\bootstrap\mixins\_table-row.scss --> ecommerce.nivor.my.id /var/www/smartcity.sija/WEBSIOT_ADMIN/scss/bootstrap/mixins _table-row.scss
2024.04.18 10:11 B C:\laragon\www\WEBSIOT admin\scss\bootstrap\mixins\_text-emphasis.scss --> ecommerce.nivor.my.id /var/www/smartcity.sija/WEBSIOT_ADMIN/scss/bootstrap/mixins _text-emphasis.scss
2024.04.18 10:11 B C:\laragon\www\WEBSIOT admin\scss\bootstrap\mixins\_text-hide.scss --> ecommerce.nivor.my.id /var/www/smartcity.sija/WEBSIOT_ADMIN/scss/bootstrap/mixins _text-hide.scss
2024.04.18 10:11 B C:\laragon\www\WEBSIOT admin\scss\bootstrap\mixins\_text-truncate.scss --> ecommerce.nivor.my.id /var/www/smartcity.sija/WEBSIOT_ADMIN/scss/bootstrap/mixins _text-truncate.scss
2024.04.18 10:11 B C:\laragon\www\WEBSIOT admin\scss\bootstrap\mixins\_transition.scss --> ecommerce.nivor.my.id /var/www/smartcity.sija/WEBSIOT_ADMIN/scss/bootstrap/mixins _transition.scss
2024.04.18 10:11 B C:\laragon\www\WEBSIOT admin\scss\bootstrap\mixins\_visibility.scss --> ecommerce.nivor.my.id /var/www/smartcity.sija/WEBSIOT_ADMIN/scss/bootstrap/mixins _visibility.scss
2024.05.17 13:13 B C:\laragon\www\WEBSIOT_ADMIN\scss\bootstrap\mixins\WS_FTP.LOG <-- Caevan /var/www/smartcity.sija/WEBSIOT_ADMIN/scss/bootstrap/mixins WS_FTP.LOG
