2024.02.09 22:14 B C:\laragon\www\eyetemp\icon\amcharts_weather_icons_1.0.0.zip --> saas.nivor.my.id /var/www/saas.nivor/eyetemp/icon amcharts_weather_icons_1.0.0.zip
2024.02.09 22:14 B C:\laragon\www\eyetemp\icon\LICENSE --> saas.nivor.my.id /var/www/saas.nivor/eyetemp/icon LICENSE
2024.02.09 22:14 B C:\laragon\www\eyetemp\icon\snowflake.mp4 --> saas.nivor.my.id /var/www/saas.nivor/eyetemp/icon snowflake.mp4
2024.02.09 22:14 B C:\laragon\www\eyetemp\icon\snowflake_019.svg --> saas.nivor.my.id /var/www/saas.nivor/eyetemp/icon snowflake_019.svg
2024.02.09 22:17 B C:\laragon\www\eyetemp\icon\amcharts_weather_icons_1.0.0.zip --> saas.nivor.my.id /var/www/saas.nivor/icon amcharts_weather_icons_1.0.0.zip
2024.02.09 22:17 B C:\laragon\www\eyetemp\icon\LICENSE --> saas.nivor.my.id /var/www/saas.nivor/icon LICENSE
2024.02.09 22:17 B C:\laragon\www\eyetemp\icon\snowflake.mp4 --> saas.nivor.my.id /var/www/saas.nivor/icon snowflake.mp4
2024.02.09 22:17 B C:\laragon\www\eyetemp\icon\snowflake_019.svg --> saas.nivor.my.id /var/www/saas.nivor/icon snowflake_019.svg
2024.02.09 22:17 B C:\laragon\www\eyetemp\icon\WS_FTP.LOG --> saas.nivor.my.id /var/www/saas.nivor/icon WS_FTP.LOG
2024.03.18 10:42 B C:\laragon\www\eyetemp\icon\amcharts_weather_icons_1.0.0.zip --> saas.nivor.my.id /var/www/siot.nivor/icon amcharts_weather_icons_1.0.0.zip
2024.03.18 10:42 B C:\laragon\www\eyetemp\icon\LICENSE --> saas.nivor.my.id /var/www/siot.nivor/icon LICENSE
2024.03.18 10:42 B C:\laragon\www\eyetemp\icon\snowflake.mp4 --> saas.nivor.my.id /var/www/siot.nivor/icon snowflake.mp4
2024.03.18 10:42 B C:\laragon\www\eyetemp\icon\snowflake_019.svg --> saas.nivor.my.id /var/www/siot.nivor/icon snowflake_019.svg
2024.04.03 07:31 B C:\siot.nivor\siot.nivor\icon\WS_FTP.LOG <-- Ipswitch /var/www/siot.nivor/icon WS_FTP.LOG
2024.04.03 08:43 B C:\laragon\www\WEBSIOT\icon\amcharts_weather_icons_1.0.0.zip --> ecommerce.nivor.my.id /var/www/smartcity.sija/WEBSIOT/icon amcharts_weather_icons_1.0.0.zip
2024.04.03 08:43 B C:\laragon\www\WEBSIOT\icon\LICENSE --> ecommerce.nivor.my.id /var/www/smartcity.sija/WEBSIOT/icon LICENSE
2024.04.03 08:43 B C:\laragon\www\WEBSIOT\icon\snowflake.mp4 --> ecommerce.nivor.my.id /var/www/smartcity.sija/WEBSIOT/icon snowflake.mp4
2024.04.03 08:43 B C:\laragon\www\WEBSIOT\icon\snowflake_019.svg --> ecommerce.nivor.my.id /var/www/smartcity.sija/WEBSIOT/icon snowflake_019.svg
2024.04.03 08:43 B C:\laragon\www\WEBSIOT\icon\WS_FTP.LOG --> ecommerce.nivor.my.id /var/www/smartcity.sija/WEBSIOT/icon WS_FTP.LOG
2024.04.03 09:10 B C:\laragon\www\WEBSIOT\icon\amcharts_weather_icons_1.0.0.zip --> ecommerce.nivor.my.id /var/www/smartcity.sija/icon amcharts_weather_icons_1.0.0.zip
2024.04.03 09:10 B C:\laragon\www\WEBSIOT\icon\LICENSE --> ecommerce.nivor.my.id /var/www/smartcity.sija/icon LICENSE
2024.04.03 09:10 B C:\laragon\www\WEBSIOT\icon\snowflake.mp4 --> ecommerce.nivor.my.id /var/www/smartcity.sija/icon snowflake.mp4
2024.04.03 09:10 B C:\laragon\www\WEBSIOT\icon\snowflake_019.svg --> ecommerce.nivor.my.id /var/www/smartcity.sija/icon snowflake_019.svg
2024.04.03 09:10 B C:\laragon\www\WEBSIOT\icon\WS_FTP.LOG --> ecommerce.nivor.my.id /var/www/smartcity.sija/icon WS_FTP.LOG
2024.04.04 08:22 B C:\laragon\www\WEBSIOT\icon\amcharts_weather_icons_1.0.0.zip --> ecommerce.nivor.my.id /var/www/smartcity.sija/icon amcharts_weather_icons_1.0.0.zip
2024.04.04 08:22 B C:\laragon\www\WEBSIOT\icon\LICENSE --> ecommerce.nivor.my.id /var/www/smartcity.sija/icon LICENSE
2024.04.04 08:22 B C:\laragon\www\WEBSIOT\icon\snowflake.mp4 --> ecommerce.nivor.my.id /var/www/smartcity.sija/icon snowflake.mp4
2024.04.04 08:22 B C:\laragon\www\WEBSIOT\icon\snowflake_019.svg --> ecommerce.nivor.my.id /var/www/smartcity.sija/icon snowflake_019.svg
2024.04.04 08:22 B C:\laragon\www\WEBSIOT\icon\WS_FTP.LOG --> ecommerce.nivor.my.id /var/www/smartcity.sija/icon WS_FTP.LOG
2024.04.04 11:56 B C:\laragon\www\WEBSIOT\icon\amcharts_weather_icons_1.0.0.zip --> ecommerce.nivor.my.id /var/www/smartcity.sija/WEBSIOT/icon amcharts_weather_icons_1.0.0.zip
2024.04.04 11:56 B C:\laragon\www\WEBSIOT\icon\LICENSE --> ecommerce.nivor.my.id /var/www/smartcity.sija/WEBSIOT/icon LICENSE
2024.04.04 11:57 B C:\laragon\www\WEBSIOT\icon\snowflake.mp4 --> ecommerce.nivor.my.id /var/www/smartcity.sija/WEBSIOT/icon snowflake.mp4
2024.04.04 11:57 B C:\laragon\www\WEBSIOT\icon\snowflake_019.svg --> ecommerce.nivor.my.id /var/www/smartcity.sija/WEBSIOT/icon snowflake_019.svg
2024.04.04 11:57 B C:\laragon\www\WEBSIOT\icon\WS_FTP.LOG --> ecommerce.nivor.my.id /var/www/smartcity.sija/WEBSIOT/icon WS_FTP.LOG
2024.04.05 09:19 B C:\laragon\www\WEBSIOT\icon\amcharts_weather_icons_1.0.0.zip --> ecommerce.nivor.my.id /var/www/smartcity.sija/WEBSIOT/icon amcharts_weather_icons_1.0.0.zip
2024.04.05 09:19 B C:\laragon\www\WEBSIOT\icon\LICENSE --> ecommerce.nivor.my.id /var/www/smartcity.sija/WEBSIOT/icon LICENSE
2024.04.05 09:19 B C:\laragon\www\WEBSIOT\icon\snowflake.mp4 --> ecommerce.nivor.my.id /var/www/smartcity.sija/WEBSIOT/icon snowflake.mp4
2024.04.05 09:19 B C:\laragon\www\WEBSIOT\icon\snowflake_019.svg --> ecommerce.nivor.my.id /var/www/smartcity.sija/WEBSIOT/icon snowflake_019.svg
2024.04.05 09:19 B C:\laragon\www\WEBSIOT\icon\WS_FTP.LOG --> ecommerce.nivor.my.id /var/www/smartcity.sija/WEBSIOT/icon WS_FTP.LOG
2024.04.05 09:28 B C:\laragon\www\WEBSIOT\icon\amcharts_weather_icons_1.0.0.zip --> ecommerce.nivor.my.id /var/www/smartcity.sija/icon amcharts_weather_icons_1.0.0.zip
2024.04.05 09:28 B C:\laragon\www\WEBSIOT\icon\LICENSE --> ecommerce.nivor.my.id /var/www/smartcity.sija/icon LICENSE
2024.04.05 09:28 B C:\laragon\www\WEBSIOT\icon\snowflake.mp4 --> ecommerce.nivor.my.id /var/www/smartcity.sija/icon snowflake.mp4
2024.04.05 09:28 B C:\laragon\www\WEBSIOT\icon\snowflake_019.svg --> ecommerce.nivor.my.id /var/www/smartcity.sija/icon snowflake_019.svg
2024.04.05 09:28 B C:\laragon\www\WEBSIOT\icon\WS_FTP.LOG --> ecommerce.nivor.my.id /var/www/smartcity.sija/icon WS_FTP.LOG
2024.04.07 17:12 B C:\laragon\www\WEBSIOT\icon\amcharts_weather_icons_1.0.0.zip --> ecommerce.nivor.my.id /var/www/smartcity.sija/icon amcharts_weather_icons_1.0.0.zip
2024.04.07 17:12 B C:\laragon\www\WEBSIOT\icon\LICENSE --> ecommerce.nivor.my.id /var/www/smartcity.sija/icon LICENSE
2024.04.07 17:12 B C:\laragon\www\WEBSIOT\icon\snowflake.mp4 --> ecommerce.nivor.my.id /var/www/smartcity.sija/icon snowflake.mp4
2024.04.07 17:12 B C:\laragon\www\WEBSIOT\icon\snowflake_019.svg --> ecommerce.nivor.my.id /var/www/smartcity.sija/icon snowflake_019.svg
2024.04.07 17:12 B C:\laragon\www\WEBSIOT\icon\WS_FTP.LOG --> ecommerce.nivor.my.id /var/www/smartcity.sija/icon WS_FTP.LOG
2024.04.18 07:18 B C:\laragon\www\WEBSIOT\icon\amcharts_weather_icons_1.0.0.zip --> ecommerce.nivor.my.id /var/www/smartcity.sija/icon amcharts_weather_icons_1.0.0.zip
2024.04.18 07:18 B C:\laragon\www\WEBSIOT\icon\LICENSE --> ecommerce.nivor.my.id /var/www/smartcity.sija/icon LICENSE
2024.04.18 07:18 B C:\laragon\www\WEBSIOT\icon\snowflake.mp4 --> ecommerce.nivor.my.id /var/www/smartcity.sija/icon snowflake.mp4
2024.04.18 07:18 B C:\laragon\www\WEBSIOT\icon\snowflake_019.svg --> ecommerce.nivor.my.id /var/www/smartcity.sija/icon snowflake_019.svg
2024.04.18 07:18 B C:\laragon\www\WEBSIOT\icon\WS_FTP.LOG --> ecommerce.nivor.my.id /var/www/smartcity.sija/icon WS_FTP.LOG
2024.04.18 10:10 B C:\laragon\www\WEBSIOT admin\icon\amcharts_weather_icons_1.0.0.zip --> ecommerce.nivor.my.id /var/www/smartcity.sija/WEBSIOT_ADMIN/icon amcharts_weather_icons_1.0.0.zip
2024.04.18 10:10 B C:\laragon\www\WEBSIOT admin\icon\LICENSE --> ecommerce.nivor.my.id /var/www/smartcity.sija/WEBSIOT_ADMIN/icon LICENSE
2024.04.18 10:10 B C:\laragon\www\WEBSIOT admin\icon\snowflake.mp4 --> ecommerce.nivor.my.id /var/www/smartcity.sija/WEBSIOT_ADMIN/icon snowflake.mp4
2024.04.18 10:10 B C:\laragon\www\WEBSIOT admin\icon\snowflake_019.svg --> ecommerce.nivor.my.id /var/www/smartcity.sija/WEBSIOT_ADMIN/icon snowflake_019.svg
2024.05.17 13:12 B C:\laragon\www\WEBSIOT_ADMIN\icon\WS_FTP.LOG <-- Caevan /var/www/smartcity.sija/WEBSIOT_ADMIN/icon WS_FTP.LOG
