2024.03.27 13:47 B C:\PROJECT 2024\Project\scss\bootstrap\utilities\_align.scss --> ecommerce.nivor.my.id /var/www/smartcity.sija/Project/scss/bootstrap/utilities _align.scss
2024.03.27 13:47 B C:\PROJECT 2024\Project\scss\bootstrap\utilities\_background.scss --> ecommerce.nivor.my.id /var/www/smartcity.sija/Project/scss/bootstrap/utilities _background.scss
2024.03.27 13:47 B C:\PROJECT 2024\Project\scss\bootstrap\utilities\_borders.scss --> ecommerce.nivor.my.id /var/www/smartcity.sija/Project/scss/bootstrap/utilities _borders.scss
2024.03.27 13:47 B C:\PROJECT 2024\Project\scss\bootstrap\utilities\_clearfix.scss --> ecommerce.nivor.my.id /var/www/smartcity.sija/Project/scss/bootstrap/utilities _clearfix.scss
2024.03.27 13:47 B C:\PROJECT 2024\Project\scss\bootstrap\utilities\_display.scss --> ecommerce.nivor.my.id /var/www/smartcity.sija/Project/scss/bootstrap/utilities _display.scss
2024.03.27 13:47 B C:\PROJECT 2024\Project\scss\bootstrap\utilities\_embed.scss --> ecommerce.nivor.my.id /var/www/smartcity.sija/Project/scss/bootstrap/utilities _embed.scss
2024.03.27 13:47 B C:\PROJECT 2024\Project\scss\bootstrap\utilities\_flex.scss --> ecommerce.nivor.my.id /var/www/smartcity.sija/Project/scss/bootstrap/utilities _flex.scss
2024.03.27 13:47 B C:\PROJECT 2024\Project\scss\bootstrap\utilities\_float.scss --> ecommerce.nivor.my.id /var/www/smartcity.sija/Project/scss/bootstrap/utilities _float.scss
2024.03.27 13:47 B C:\PROJECT 2024\Project\scss\bootstrap\utilities\_position.scss --> ecommerce.nivor.my.id /var/www/smartcity.sija/Project/scss/bootstrap/utilities _position.scss
2024.03.27 13:47 B C:\PROJECT 2024\Project\scss\bootstrap\utilities\_screenreaders.scss --> ecommerce.nivor.my.id /var/www/smartcity.sija/Project/scss/bootstrap/utilities _screenreaders.scss
2024.03.27 13:47 B C:\PROJECT 2024\Project\scss\bootstrap\utilities\_shadows.scss --> ecommerce.nivor.my.id /var/www/smartcity.sija/Project/scss/bootstrap/utilities _shadows.scss
2024.03.27 13:47 B C:\PROJECT 2024\Project\scss\bootstrap\utilities\_sizing.scss --> ecommerce.nivor.my.id /var/www/smartcity.sija/Project/scss/bootstrap/utilities _sizing.scss
2024.03.27 13:47 B C:\PROJECT 2024\Project\scss\bootstrap\utilities\_spacing.scss --> ecommerce.nivor.my.id /var/www/smartcity.sija/Project/scss/bootstrap/utilities _spacing.scss
2024.03.27 13:47 B C:\PROJECT 2024\Project\scss\bootstrap\utilities\_text.scss --> ecommerce.nivor.my.id /var/www/smartcity.sija/Project/scss/bootstrap/utilities _text.scss
2024.03.27 13:47 B C:\PROJECT 2024\Project\scss\bootstrap\utilities\_visibility.scss --> ecommerce.nivor.my.id /var/www/smartcity.sija/Project/scss/bootstrap/utilities _visibility.scss
2024.03.27 16:42 B C:\Project\scss\bootstrap\utilities\WS_FTP.LOG <-- Ipswitch /var/www/smartcity.sija/Project/scss/bootstrap/utilities WS_FTP.LOG
2024.03.30 16:19 B C:\laragon\www\WEBSIOT\scss\bootstrap\utilities\_align.scss --> ecommerce.nivor.my.id /home/caevan/wordpress/WEBSIOT/scss/bootstrap/utilities _align.scss
2024.03.30 16:19 B C:\laragon\www\WEBSIOT\scss\bootstrap\utilities\_background.scss --> ecommerce.nivor.my.id /home/caevan/wordpress/WEBSIOT/scss/bootstrap/utilities _background.scss
2024.03.30 16:19 B C:\laragon\www\WEBSIOT\scss\bootstrap\utilities\_borders.scss --> ecommerce.nivor.my.id /home/caevan/wordpress/WEBSIOT/scss/bootstrap/utilities _borders.scss
2024.03.30 16:19 B C:\laragon\www\WEBSIOT\scss\bootstrap\utilities\_clearfix.scss --> ecommerce.nivor.my.id /home/caevan/wordpress/WEBSIOT/scss/bootstrap/utilities _clearfix.scss
2024.03.30 16:19 B C:\laragon\www\WEBSIOT\scss\bootstrap\utilities\_display.scss --> ecommerce.nivor.my.id /home/caevan/wordpress/WEBSIOT/scss/bootstrap/utilities _display.scss
2024.03.30 16:19 B C:\laragon\www\WEBSIOT\scss\bootstrap\utilities\_embed.scss --> ecommerce.nivor.my.id /home/caevan/wordpress/WEBSIOT/scss/bootstrap/utilities _embed.scss
2024.03.30 16:19 B C:\laragon\www\WEBSIOT\scss\bootstrap\utilities\_flex.scss --> ecommerce.nivor.my.id /home/caevan/wordpress/WEBSIOT/scss/bootstrap/utilities _flex.scss
2024.03.30 16:19 B C:\laragon\www\WEBSIOT\scss\bootstrap\utilities\_float.scss --> ecommerce.nivor.my.id /home/caevan/wordpress/WEBSIOT/scss/bootstrap/utilities _float.scss
2024.03.30 16:19 B C:\laragon\www\WEBSIOT\scss\bootstrap\utilities\_position.scss --> ecommerce.nivor.my.id /home/caevan/wordpress/WEBSIOT/scss/bootstrap/utilities _position.scss
2024.03.30 16:19 B C:\laragon\www\WEBSIOT\scss\bootstrap\utilities\_screenreaders.scss --> ecommerce.nivor.my.id /home/caevan/wordpress/WEBSIOT/scss/bootstrap/utilities _screenreaders.scss
2024.03.30 16:19 B C:\laragon\www\WEBSIOT\scss\bootstrap\utilities\_shadows.scss --> ecommerce.nivor.my.id /home/caevan/wordpress/WEBSIOT/scss/bootstrap/utilities _shadows.scss
2024.03.30 16:19 B C:\laragon\www\WEBSIOT\scss\bootstrap\utilities\_sizing.scss --> ecommerce.nivor.my.id /home/caevan/wordpress/WEBSIOT/scss/bootstrap/utilities _sizing.scss
2024.03.30 16:19 B C:\laragon\www\WEBSIOT\scss\bootstrap\utilities\_spacing.scss --> ecommerce.nivor.my.id /home/caevan/wordpress/WEBSIOT/scss/bootstrap/utilities _spacing.scss
2024.03.30 16:19 B C:\laragon\www\WEBSIOT\scss\bootstrap\utilities\_text.scss --> ecommerce.nivor.my.id /home/caevan/wordpress/WEBSIOT/scss/bootstrap/utilities _text.scss
2024.03.30 16:19 B C:\laragon\www\WEBSIOT\scss\bootstrap\utilities\_visibility.scss --> ecommerce.nivor.my.id /home/caevan/wordpress/WEBSIOT/scss/bootstrap/utilities _visibility.scss
2024.03.30 16:19 B C:\laragon\www\WEBSIOT\scss\bootstrap\utilities\WS_FTP.LOG --> ecommerce.nivor.my.id /home/caevan/wordpress/WEBSIOT/scss/bootstrap/utilities WS_FTP.LOG
2024.04.03 08:45 B C:\laragon\www\WEBSIOT\scss\bootstrap\utilities\_align.scss --> ecommerce.nivor.my.id /var/www/smartcity.sija/WEBSIOT/scss/bootstrap/utilities _align.scss
2024.04.03 08:45 B C:\laragon\www\WEBSIOT\scss\bootstrap\utilities\_background.scss --> ecommerce.nivor.my.id /var/www/smartcity.sija/WEBSIOT/scss/bootstrap/utilities _background.scss
2024.04.03 08:45 B C:\laragon\www\WEBSIOT\scss\bootstrap\utilities\_borders.scss --> ecommerce.nivor.my.id /var/www/smartcity.sija/WEBSIOT/scss/bootstrap/utilities _borders.scss
2024.04.03 08:45 B C:\laragon\www\WEBSIOT\scss\bootstrap\utilities\_clearfix.scss --> ecommerce.nivor.my.id /var/www/smartcity.sija/WEBSIOT/scss/bootstrap/utilities _clearfix.scss
2024.04.03 08:45 B C:\laragon\www\WEBSIOT\scss\bootstrap\utilities\_display.scss --> ecommerce.nivor.my.id /var/www/smartcity.sija/WEBSIOT/scss/bootstrap/utilities _display.scss
2024.04.03 08:45 B C:\laragon\www\WEBSIOT\scss\bootstrap\utilities\_embed.scss --> ecommerce.nivor.my.id /var/www/smartcity.sija/WEBSIOT/scss/bootstrap/utilities _embed.scss
2024.04.03 08:45 B C:\laragon\www\WEBSIOT\scss\bootstrap\utilities\_flex.scss --> ecommerce.nivor.my.id /var/www/smartcity.sija/WEBSIOT/scss/bootstrap/utilities _flex.scss
2024.04.03 08:45 B C:\laragon\www\WEBSIOT\scss\bootstrap\utilities\_float.scss --> ecommerce.nivor.my.id /var/www/smartcity.sija/WEBSIOT/scss/bootstrap/utilities _float.scss
2024.04.03 08:45 B C:\laragon\www\WEBSIOT\scss\bootstrap\utilities\_position.scss --> ecommerce.nivor.my.id /var/www/smartcity.sija/WEBSIOT/scss/bootstrap/utilities _position.scss
2024.04.03 08:45 B C:\laragon\www\WEBSIOT\scss\bootstrap\utilities\_screenreaders.scss --> ecommerce.nivor.my.id /var/www/smartcity.sija/WEBSIOT/scss/bootstrap/utilities _screenreaders.scss
2024.04.03 08:45 B C:\laragon\www\WEBSIOT\scss\bootstrap\utilities\_shadows.scss --> ecommerce.nivor.my.id /var/www/smartcity.sija/WEBSIOT/scss/bootstrap/utilities _shadows.scss
2024.04.03 08:45 B C:\laragon\www\WEBSIOT\scss\bootstrap\utilities\_sizing.scss --> ecommerce.nivor.my.id /var/www/smartcity.sija/WEBSIOT/scss/bootstrap/utilities _sizing.scss
2024.04.03 08:45 B C:\laragon\www\WEBSIOT\scss\bootstrap\utilities\_spacing.scss --> ecommerce.nivor.my.id /var/www/smartcity.sija/WEBSIOT/scss/bootstrap/utilities _spacing.scss
2024.04.03 08:45 B C:\laragon\www\WEBSIOT\scss\bootstrap\utilities\_text.scss --> ecommerce.nivor.my.id /var/www/smartcity.sija/WEBSIOT/scss/bootstrap/utilities _text.scss
2024.04.03 08:45 B C:\laragon\www\WEBSIOT\scss\bootstrap\utilities\_visibility.scss --> ecommerce.nivor.my.id /var/www/smartcity.sija/WEBSIOT/scss/bootstrap/utilities _visibility.scss
2024.04.03 08:45 B C:\laragon\www\WEBSIOT\scss\bootstrap\utilities\WS_FTP.LOG --> ecommerce.nivor.my.id /var/www/smartcity.sija/WEBSIOT/scss/bootstrap/utilities WS_FTP.LOG
2024.04.03 09:11 B C:\laragon\www\WEBSIOT\scss\bootstrap\utilities\_align.scss --> ecommerce.nivor.my.id /var/www/smartcity.sija/scss/bootstrap/utilities _align.scss
2024.04.03 09:11 B C:\laragon\www\WEBSIOT\scss\bootstrap\utilities\_background.scss --> ecommerce.nivor.my.id /var/www/smartcity.sija/scss/bootstrap/utilities _background.scss
2024.04.03 09:11 B C:\laragon\www\WEBSIOT\scss\bootstrap\utilities\_borders.scss --> ecommerce.nivor.my.id /var/www/smartcity.sija/scss/bootstrap/utilities _borders.scss
2024.04.03 09:11 B C:\laragon\www\WEBSIOT\scss\bootstrap\utilities\_clearfix.scss --> ecommerce.nivor.my.id /var/www/smartcity.sija/scss/bootstrap/utilities _clearfix.scss
2024.04.03 09:11 B C:\laragon\www\WEBSIOT\scss\bootstrap\utilities\_display.scss --> ecommerce.nivor.my.id /var/www/smartcity.sija/scss/bootstrap/utilities _display.scss
2024.04.03 09:11 B C:\laragon\www\WEBSIOT\scss\bootstrap\utilities\_embed.scss --> ecommerce.nivor.my.id /var/www/smartcity.sija/scss/bootstrap/utilities _embed.scss
2024.04.03 09:11 B C:\laragon\www\WEBSIOT\scss\bootstrap\utilities\_flex.scss --> ecommerce.nivor.my.id /var/www/smartcity.sija/scss/bootstrap/utilities _flex.scss
2024.04.03 09:11 B C:\laragon\www\WEBSIOT\scss\bootstrap\utilities\_float.scss --> ecommerce.nivor.my.id /var/www/smartcity.sija/scss/bootstrap/utilities _float.scss
2024.04.03 09:11 B C:\laragon\www\WEBSIOT\scss\bootstrap\utilities\_position.scss --> ecommerce.nivor.my.id /var/www/smartcity.sija/scss/bootstrap/utilities _position.scss
2024.04.03 09:11 B C:\laragon\www\WEBSIOT\scss\bootstrap\utilities\_screenreaders.scss --> ecommerce.nivor.my.id /var/www/smartcity.sija/scss/bootstrap/utilities _screenreaders.scss
2024.04.03 09:11 B C:\laragon\www\WEBSIOT\scss\bootstrap\utilities\_shadows.scss --> ecommerce.nivor.my.id /var/www/smartcity.sija/scss/bootstrap/utilities _shadows.scss
2024.04.03 09:11 B C:\laragon\www\WEBSIOT\scss\bootstrap\utilities\_sizing.scss --> ecommerce.nivor.my.id /var/www/smartcity.sija/scss/bootstrap/utilities _sizing.scss
2024.04.03 09:11 B C:\laragon\www\WEBSIOT\scss\bootstrap\utilities\_spacing.scss --> ecommerce.nivor.my.id /var/www/smartcity.sija/scss/bootstrap/utilities _spacing.scss
2024.04.03 09:11 B C:\laragon\www\WEBSIOT\scss\bootstrap\utilities\_text.scss --> ecommerce.nivor.my.id /var/www/smartcity.sija/scss/bootstrap/utilities _text.scss
2024.04.03 09:11 B C:\laragon\www\WEBSIOT\scss\bootstrap\utilities\_visibility.scss --> ecommerce.nivor.my.id /var/www/smartcity.sija/scss/bootstrap/utilities _visibility.scss
2024.04.03 09:11 B C:\laragon\www\WEBSIOT\scss\bootstrap\utilities\WS_FTP.LOG --> ecommerce.nivor.my.id /var/www/smartcity.sija/scss/bootstrap/utilities WS_FTP.LOG
2024.04.04 08:24 B C:\laragon\www\WEBSIOT\scss\bootstrap\utilities\_align.scss --> ecommerce.nivor.my.id /var/www/smartcity.sija/scss/bootstrap/utilities _align.scss
2024.04.04 08:24 B C:\laragon\www\WEBSIOT\scss\bootstrap\utilities\_background.scss --> ecommerce.nivor.my.id /var/www/smartcity.sija/scss/bootstrap/utilities _background.scss
2024.04.04 08:24 B C:\laragon\www\WEBSIOT\scss\bootstrap\utilities\_borders.scss --> ecommerce.nivor.my.id /var/www/smartcity.sija/scss/bootstrap/utilities _borders.scss
2024.04.04 08:24 B C:\laragon\www\WEBSIOT\scss\bootstrap\utilities\_clearfix.scss --> ecommerce.nivor.my.id /var/www/smartcity.sija/scss/bootstrap/utilities _clearfix.scss
2024.04.04 08:24 B C:\laragon\www\WEBSIOT\scss\bootstrap\utilities\_display.scss --> ecommerce.nivor.my.id /var/www/smartcity.sija/scss/bootstrap/utilities _display.scss
2024.04.04 08:24 B C:\laragon\www\WEBSIOT\scss\bootstrap\utilities\_embed.scss --> ecommerce.nivor.my.id /var/www/smartcity.sija/scss/bootstrap/utilities _embed.scss
2024.04.04 08:24 B C:\laragon\www\WEBSIOT\scss\bootstrap\utilities\_flex.scss --> ecommerce.nivor.my.id /var/www/smartcity.sija/scss/bootstrap/utilities _flex.scss
2024.04.04 08:24 B C:\laragon\www\WEBSIOT\scss\bootstrap\utilities\_float.scss --> ecommerce.nivor.my.id /var/www/smartcity.sija/scss/bootstrap/utilities _float.scss
2024.04.04 08:24 B C:\laragon\www\WEBSIOT\scss\bootstrap\utilities\_position.scss --> ecommerce.nivor.my.id /var/www/smartcity.sija/scss/bootstrap/utilities _position.scss
2024.04.04 08:24 B C:\laragon\www\WEBSIOT\scss\bootstrap\utilities\_screenreaders.scss --> ecommerce.nivor.my.id /var/www/smartcity.sija/scss/bootstrap/utilities _screenreaders.scss
2024.04.04 08:24 B C:\laragon\www\WEBSIOT\scss\bootstrap\utilities\_shadows.scss --> ecommerce.nivor.my.id /var/www/smartcity.sija/scss/bootstrap/utilities _shadows.scss
2024.04.04 08:24 B C:\laragon\www\WEBSIOT\scss\bootstrap\utilities\_sizing.scss --> ecommerce.nivor.my.id /var/www/smartcity.sija/scss/bootstrap/utilities _sizing.scss
2024.04.04 08:24 B C:\laragon\www\WEBSIOT\scss\bootstrap\utilities\_spacing.scss --> ecommerce.nivor.my.id /var/www/smartcity.sija/scss/bootstrap/utilities _spacing.scss
2024.04.04 08:24 B C:\laragon\www\WEBSIOT\scss\bootstrap\utilities\_text.scss --> ecommerce.nivor.my.id /var/www/smartcity.sija/scss/bootstrap/utilities _text.scss
2024.04.04 08:24 B C:\laragon\www\WEBSIOT\scss\bootstrap\utilities\_visibility.scss --> ecommerce.nivor.my.id /var/www/smartcity.sija/scss/bootstrap/utilities _visibility.scss
2024.04.04 08:24 B C:\laragon\www\WEBSIOT\scss\bootstrap\utilities\WS_FTP.LOG --> ecommerce.nivor.my.id /var/www/smartcity.sija/scss/bootstrap/utilities WS_FTP.LOG
2024.04.04 11:58 B C:\laragon\www\WEBSIOT\scss\bootstrap\utilities\_align.scss --> ecommerce.nivor.my.id /var/www/smartcity.sija/WEBSIOT/scss/bootstrap/utilities _align.scss
2024.04.04 11:58 B C:\laragon\www\WEBSIOT\scss\bootstrap\utilities\_background.scss --> ecommerce.nivor.my.id /var/www/smartcity.sija/WEBSIOT/scss/bootstrap/utilities _background.scss
2024.04.04 11:58 B C:\laragon\www\WEBSIOT\scss\bootstrap\utilities\_borders.scss --> ecommerce.nivor.my.id /var/www/smartcity.sija/WEBSIOT/scss/bootstrap/utilities _borders.scss
2024.04.04 11:58 B C:\laragon\www\WEBSIOT\scss\bootstrap\utilities\_clearfix.scss --> ecommerce.nivor.my.id /var/www/smartcity.sija/WEBSIOT/scss/bootstrap/utilities _clearfix.scss
2024.04.04 11:58 B C:\laragon\www\WEBSIOT\scss\bootstrap\utilities\_display.scss --> ecommerce.nivor.my.id /var/www/smartcity.sija/WEBSIOT/scss/bootstrap/utilities _display.scss
2024.04.04 11:58 B C:\laragon\www\WEBSIOT\scss\bootstrap\utilities\_embed.scss --> ecommerce.nivor.my.id /var/www/smartcity.sija/WEBSIOT/scss/bootstrap/utilities _embed.scss
2024.04.04 11:58 B C:\laragon\www\WEBSIOT\scss\bootstrap\utilities\_flex.scss --> ecommerce.nivor.my.id /var/www/smartcity.sija/WEBSIOT/scss/bootstrap/utilities _flex.scss
2024.04.04 11:58 B C:\laragon\www\WEBSIOT\scss\bootstrap\utilities\_float.scss --> ecommerce.nivor.my.id /var/www/smartcity.sija/WEBSIOT/scss/bootstrap/utilities _float.scss
2024.04.04 11:58 B C:\laragon\www\WEBSIOT\scss\bootstrap\utilities\_position.scss --> ecommerce.nivor.my.id /var/www/smartcity.sija/WEBSIOT/scss/bootstrap/utilities _position.scss
2024.04.04 11:59 B C:\laragon\www\WEBSIOT\scss\bootstrap\utilities\_screenreaders.scss --> ecommerce.nivor.my.id /var/www/smartcity.sija/WEBSIOT/scss/bootstrap/utilities _screenreaders.scss
2024.04.04 11:59 B C:\laragon\www\WEBSIOT\scss\bootstrap\utilities\_shadows.scss --> ecommerce.nivor.my.id /var/www/smartcity.sija/WEBSIOT/scss/bootstrap/utilities _shadows.scss
2024.04.04 11:59 B C:\laragon\www\WEBSIOT\scss\bootstrap\utilities\_sizing.scss --> ecommerce.nivor.my.id /var/www/smartcity.sija/WEBSIOT/scss/bootstrap/utilities _sizing.scss
2024.04.04 11:59 B C:\laragon\www\WEBSIOT\scss\bootstrap\utilities\_spacing.scss --> ecommerce.nivor.my.id /var/www/smartcity.sija/WEBSIOT/scss/bootstrap/utilities _spacing.scss
2024.04.04 11:59 B C:\laragon\www\WEBSIOT\scss\bootstrap\utilities\_text.scss --> ecommerce.nivor.my.id /var/www/smartcity.sija/WEBSIOT/scss/bootstrap/utilities _text.scss
2024.04.04 11:59 B C:\laragon\www\WEBSIOT\scss\bootstrap\utilities\_visibility.scss --> ecommerce.nivor.my.id /var/www/smartcity.sija/WEBSIOT/scss/bootstrap/utilities _visibility.scss
2024.04.04 11:59 B C:\laragon\www\WEBSIOT\scss\bootstrap\utilities\WS_FTP.LOG --> ecommerce.nivor.my.id /var/www/smartcity.sija/WEBSIOT/scss/bootstrap/utilities WS_FTP.LOG
2024.04.05 09:20 B C:\laragon\www\WEBSIOT\scss\bootstrap\utilities\_align.scss --> ecommerce.nivor.my.id /var/www/smartcity.sija/WEBSIOT/scss/bootstrap/utilities _align.scss
2024.04.05 09:20 B C:\laragon\www\WEBSIOT\scss\bootstrap\utilities\_background.scss --> ecommerce.nivor.my.id /var/www/smartcity.sija/WEBSIOT/scss/bootstrap/utilities _background.scss
2024.04.05 09:20 B C:\laragon\www\WEBSIOT\scss\bootstrap\utilities\_borders.scss --> ecommerce.nivor.my.id /var/www/smartcity.sija/WEBSIOT/scss/bootstrap/utilities _borders.scss
2024.04.05 09:20 B C:\laragon\www\WEBSIOT\scss\bootstrap\utilities\_clearfix.scss --> ecommerce.nivor.my.id /var/www/smartcity.sija/WEBSIOT/scss/bootstrap/utilities _clearfix.scss
2024.04.05 09:20 B C:\laragon\www\WEBSIOT\scss\bootstrap\utilities\_display.scss --> ecommerce.nivor.my.id /var/www/smartcity.sija/WEBSIOT/scss/bootstrap/utilities _display.scss
2024.04.05 09:20 B C:\laragon\www\WEBSIOT\scss\bootstrap\utilities\_embed.scss --> ecommerce.nivor.my.id /var/www/smartcity.sija/WEBSIOT/scss/bootstrap/utilities _embed.scss
2024.04.05 09:20 B C:\laragon\www\WEBSIOT\scss\bootstrap\utilities\_flex.scss --> ecommerce.nivor.my.id /var/www/smartcity.sija/WEBSIOT/scss/bootstrap/utilities _flex.scss
2024.04.05 09:20 B C:\laragon\www\WEBSIOT\scss\bootstrap\utilities\_float.scss --> ecommerce.nivor.my.id /var/www/smartcity.sija/WEBSIOT/scss/bootstrap/utilities _float.scss
2024.04.05 09:20 B C:\laragon\www\WEBSIOT\scss\bootstrap\utilities\_position.scss --> ecommerce.nivor.my.id /var/www/smartcity.sija/WEBSIOT/scss/bootstrap/utilities _position.scss
2024.04.05 09:20 B C:\laragon\www\WEBSIOT\scss\bootstrap\utilities\_screenreaders.scss --> ecommerce.nivor.my.id /var/www/smartcity.sija/WEBSIOT/scss/bootstrap/utilities _screenreaders.scss
2024.04.05 09:20 B C:\laragon\www\WEBSIOT\scss\bootstrap\utilities\_shadows.scss --> ecommerce.nivor.my.id /var/www/smartcity.sija/WEBSIOT/scss/bootstrap/utilities _shadows.scss
2024.04.05 09:20 B C:\laragon\www\WEBSIOT\scss\bootstrap\utilities\_sizing.scss --> ecommerce.nivor.my.id /var/www/smartcity.sija/WEBSIOT/scss/bootstrap/utilities _sizing.scss
2024.04.05 09:20 B C:\laragon\www\WEBSIOT\scss\bootstrap\utilities\_spacing.scss --> ecommerce.nivor.my.id /var/www/smartcity.sija/WEBSIOT/scss/bootstrap/utilities _spacing.scss
2024.04.05 09:20 B C:\laragon\www\WEBSIOT\scss\bootstrap\utilities\_text.scss --> ecommerce.nivor.my.id /var/www/smartcity.sija/WEBSIOT/scss/bootstrap/utilities _text.scss
2024.04.05 09:20 B C:\laragon\www\WEBSIOT\scss\bootstrap\utilities\_visibility.scss --> ecommerce.nivor.my.id /var/www/smartcity.sija/WEBSIOT/scss/bootstrap/utilities _visibility.scss
2024.04.05 09:20 B C:\laragon\www\WEBSIOT\scss\bootstrap\utilities\WS_FTP.LOG --> ecommerce.nivor.my.id /var/www/smartcity.sija/WEBSIOT/scss/bootstrap/utilities WS_FTP.LOG
2024.04.05 09:29 B C:\laragon\www\WEBSIOT\scss\bootstrap\utilities\_align.scss --> ecommerce.nivor.my.id /var/www/smartcity.sija/scss/bootstrap/utilities _align.scss
2024.04.05 09:29 B C:\laragon\www\WEBSIOT\scss\bootstrap\utilities\_background.scss --> ecommerce.nivor.my.id /var/www/smartcity.sija/scss/bootstrap/utilities _background.scss
2024.04.05 09:29 B C:\laragon\www\WEBSIOT\scss\bootstrap\utilities\_borders.scss --> ecommerce.nivor.my.id /var/www/smartcity.sija/scss/bootstrap/utilities _borders.scss
2024.04.05 09:29 B C:\laragon\www\WEBSIOT\scss\bootstrap\utilities\_clearfix.scss --> ecommerce.nivor.my.id /var/www/smartcity.sija/scss/bootstrap/utilities _clearfix.scss
2024.04.05 09:29 B C:\laragon\www\WEBSIOT\scss\bootstrap\utilities\_display.scss --> ecommerce.nivor.my.id /var/www/smartcity.sija/scss/bootstrap/utilities _display.scss
2024.04.05 09:29 B C:\laragon\www\WEBSIOT\scss\bootstrap\utilities\_embed.scss --> ecommerce.nivor.my.id /var/www/smartcity.sija/scss/bootstrap/utilities _embed.scss
2024.04.05 09:29 B C:\laragon\www\WEBSIOT\scss\bootstrap\utilities\_flex.scss --> ecommerce.nivor.my.id /var/www/smartcity.sija/scss/bootstrap/utilities _flex.scss
2024.04.05 09:29 B C:\laragon\www\WEBSIOT\scss\bootstrap\utilities\_float.scss --> ecommerce.nivor.my.id /var/www/smartcity.sija/scss/bootstrap/utilities _float.scss
2024.04.05 09:29 B C:\laragon\www\WEBSIOT\scss\bootstrap\utilities\_position.scss --> ecommerce.nivor.my.id /var/www/smartcity.sija/scss/bootstrap/utilities _position.scss
2024.04.05 09:29 B C:\laragon\www\WEBSIOT\scss\bootstrap\utilities\_screenreaders.scss --> ecommerce.nivor.my.id /var/www/smartcity.sija/scss/bootstrap/utilities _screenreaders.scss
2024.04.05 09:29 B C:\laragon\www\WEBSIOT\scss\bootstrap\utilities\_shadows.scss --> ecommerce.nivor.my.id /var/www/smartcity.sija/scss/bootstrap/utilities _shadows.scss
2024.04.05 09:29 B C:\laragon\www\WEBSIOT\scss\bootstrap\utilities\_sizing.scss --> ecommerce.nivor.my.id /var/www/smartcity.sija/scss/bootstrap/utilities _sizing.scss
2024.04.05 09:29 B C:\laragon\www\WEBSIOT\scss\bootstrap\utilities\_spacing.scss --> ecommerce.nivor.my.id /var/www/smartcity.sija/scss/bootstrap/utilities _spacing.scss
2024.04.05 09:29 B C:\laragon\www\WEBSIOT\scss\bootstrap\utilities\_text.scss --> ecommerce.nivor.my.id /var/www/smartcity.sija/scss/bootstrap/utilities _text.scss
2024.04.05 09:29 B C:\laragon\www\WEBSIOT\scss\bootstrap\utilities\_visibility.scss --> ecommerce.nivor.my.id /var/www/smartcity.sija/scss/bootstrap/utilities _visibility.scss
2024.04.05 09:29 B C:\laragon\www\WEBSIOT\scss\bootstrap\utilities\WS_FTP.LOG --> ecommerce.nivor.my.id /var/www/smartcity.sija/scss/bootstrap/utilities WS_FTP.LOG
2024.04.07 17:14 B C:\laragon\www\WEBSIOT\scss\bootstrap\utilities\_align.scss --> ecommerce.nivor.my.id /var/www/smartcity.sija/scss/bootstrap/utilities _align.scss
2024.04.07 17:14 B C:\laragon\www\WEBSIOT\scss\bootstrap\utilities\_background.scss --> ecommerce.nivor.my.id /var/www/smartcity.sija/scss/bootstrap/utilities _background.scss
2024.04.07 17:14 B C:\laragon\www\WEBSIOT\scss\bootstrap\utilities\_borders.scss --> ecommerce.nivor.my.id /var/www/smartcity.sija/scss/bootstrap/utilities _borders.scss
2024.04.07 17:14 B C:\laragon\www\WEBSIOT\scss\bootstrap\utilities\_clearfix.scss --> ecommerce.nivor.my.id /var/www/smartcity.sija/scss/bootstrap/utilities _clearfix.scss
2024.04.07 17:14 B C:\laragon\www\WEBSIOT\scss\bootstrap\utilities\_display.scss --> ecommerce.nivor.my.id /var/www/smartcity.sija/scss/bootstrap/utilities _display.scss
2024.04.07 17:14 B C:\laragon\www\WEBSIOT\scss\bootstrap\utilities\_embed.scss --> ecommerce.nivor.my.id /var/www/smartcity.sija/scss/bootstrap/utilities _embed.scss
2024.04.07 17:14 B C:\laragon\www\WEBSIOT\scss\bootstrap\utilities\_flex.scss --> ecommerce.nivor.my.id /var/www/smartcity.sija/scss/bootstrap/utilities _flex.scss
2024.04.07 17:14 B C:\laragon\www\WEBSIOT\scss\bootstrap\utilities\_float.scss --> ecommerce.nivor.my.id /var/www/smartcity.sija/scss/bootstrap/utilities _float.scss
2024.04.07 17:14 B C:\laragon\www\WEBSIOT\scss\bootstrap\utilities\_position.scss --> ecommerce.nivor.my.id /var/www/smartcity.sija/scss/bootstrap/utilities _position.scss
2024.04.07 17:14 B C:\laragon\www\WEBSIOT\scss\bootstrap\utilities\_screenreaders.scss --> ecommerce.nivor.my.id /var/www/smartcity.sija/scss/bootstrap/utilities _screenreaders.scss
2024.04.07 17:14 B C:\laragon\www\WEBSIOT\scss\bootstrap\utilities\_shadows.scss --> ecommerce.nivor.my.id /var/www/smartcity.sija/scss/bootstrap/utilities _shadows.scss
2024.04.07 17:14 B C:\laragon\www\WEBSIOT\scss\bootstrap\utilities\_sizing.scss --> ecommerce.nivor.my.id /var/www/smartcity.sija/scss/bootstrap/utilities _sizing.scss
2024.04.07 17:14 B C:\laragon\www\WEBSIOT\scss\bootstrap\utilities\_spacing.scss --> ecommerce.nivor.my.id /var/www/smartcity.sija/scss/bootstrap/utilities _spacing.scss
2024.04.07 17:14 B C:\laragon\www\WEBSIOT\scss\bootstrap\utilities\_text.scss --> ecommerce.nivor.my.id /var/www/smartcity.sija/scss/bootstrap/utilities _text.scss
2024.04.07 17:14 B C:\laragon\www\WEBSIOT\scss\bootstrap\utilities\_visibility.scss --> ecommerce.nivor.my.id /var/www/smartcity.sija/scss/bootstrap/utilities _visibility.scss
2024.04.07 17:14 B C:\laragon\www\WEBSIOT\scss\bootstrap\utilities\WS_FTP.LOG --> ecommerce.nivor.my.id /var/www/smartcity.sija/scss/bootstrap/utilities WS_FTP.LOG
2024.04.18 07:19 B C:\laragon\www\WEBSIOT\scss\bootstrap\utilities\_align.scss --> ecommerce.nivor.my.id /var/www/smartcity.sija/scss/bootstrap/utilities _align.scss
2024.04.18 07:19 B C:\laragon\www\WEBSIOT\scss\bootstrap\utilities\_background.scss --> ecommerce.nivor.my.id /var/www/smartcity.sija/scss/bootstrap/utilities _background.scss
2024.04.18 07:19 B C:\laragon\www\WEBSIOT\scss\bootstrap\utilities\_borders.scss --> ecommerce.nivor.my.id /var/www/smartcity.sija/scss/bootstrap/utilities _borders.scss
2024.04.18 07:19 B C:\laragon\www\WEBSIOT\scss\bootstrap\utilities\_clearfix.scss --> ecommerce.nivor.my.id /var/www/smartcity.sija/scss/bootstrap/utilities _clearfix.scss
2024.04.18 07:19 B C:\laragon\www\WEBSIOT\scss\bootstrap\utilities\_display.scss --> ecommerce.nivor.my.id /var/www/smartcity.sija/scss/bootstrap/utilities _display.scss
2024.04.18 07:19 B C:\laragon\www\WEBSIOT\scss\bootstrap\utilities\_embed.scss --> ecommerce.nivor.my.id /var/www/smartcity.sija/scss/bootstrap/utilities _embed.scss
2024.04.18 07:19 B C:\laragon\www\WEBSIOT\scss\bootstrap\utilities\_flex.scss --> ecommerce.nivor.my.id /var/www/smartcity.sija/scss/bootstrap/utilities _flex.scss
2024.04.18 07:19 B C:\laragon\www\WEBSIOT\scss\bootstrap\utilities\_float.scss --> ecommerce.nivor.my.id /var/www/smartcity.sija/scss/bootstrap/utilities _float.scss
2024.04.18 07:19 B C:\laragon\www\WEBSIOT\scss\bootstrap\utilities\_position.scss --> ecommerce.nivor.my.id /var/www/smartcity.sija/scss/bootstrap/utilities _position.scss
2024.04.18 07:19 B C:\laragon\www\WEBSIOT\scss\bootstrap\utilities\_screenreaders.scss --> ecommerce.nivor.my.id /var/www/smartcity.sija/scss/bootstrap/utilities _screenreaders.scss
2024.04.18 07:19 B C:\laragon\www\WEBSIOT\scss\bootstrap\utilities\_shadows.scss --> ecommerce.nivor.my.id /var/www/smartcity.sija/scss/bootstrap/utilities _shadows.scss
2024.04.18 07:19 B C:\laragon\www\WEBSIOT\scss\bootstrap\utilities\_sizing.scss --> ecommerce.nivor.my.id /var/www/smartcity.sija/scss/bootstrap/utilities _sizing.scss
2024.04.18 07:19 B C:\laragon\www\WEBSIOT\scss\bootstrap\utilities\_spacing.scss --> ecommerce.nivor.my.id /var/www/smartcity.sija/scss/bootstrap/utilities _spacing.scss
2024.04.18 07:19 B C:\laragon\www\WEBSIOT\scss\bootstrap\utilities\_text.scss --> ecommerce.nivor.my.id /var/www/smartcity.sija/scss/bootstrap/utilities _text.scss
2024.04.18 07:19 B C:\laragon\www\WEBSIOT\scss\bootstrap\utilities\_visibility.scss --> ecommerce.nivor.my.id /var/www/smartcity.sija/scss/bootstrap/utilities _visibility.scss
2024.04.18 07:19 B C:\laragon\www\WEBSIOT\scss\bootstrap\utilities\WS_FTP.LOG --> ecommerce.nivor.my.id /var/www/smartcity.sija/scss/bootstrap/utilities WS_FTP.LOG
2024.04.18 10:11 B C:\laragon\www\WEBSIOT admin\scss\bootstrap\utilities\_align.scss --> ecommerce.nivor.my.id /var/www/smartcity.sija/WEBSIOT_ADMIN/scss/bootstrap/utilities _align.scss
2024.04.18 10:11 B C:\laragon\www\WEBSIOT admin\scss\bootstrap\utilities\_background.scss --> ecommerce.nivor.my.id /var/www/smartcity.sija/WEBSIOT_ADMIN/scss/bootstrap/utilities _background.scss
2024.04.18 10:11 B C:\laragon\www\WEBSIOT admin\scss\bootstrap\utilities\_borders.scss --> ecommerce.nivor.my.id /var/www/smartcity.sija/WEBSIOT_ADMIN/scss/bootstrap/utilities _borders.scss
2024.04.18 10:11 B C:\laragon\www\WEBSIOT admin\scss\bootstrap\utilities\_clearfix.scss --> ecommerce.nivor.my.id /var/www/smartcity.sija/WEBSIOT_ADMIN/scss/bootstrap/utilities _clearfix.scss
2024.04.18 10:11 B C:\laragon\www\WEBSIOT admin\scss\bootstrap\utilities\_display.scss --> ecommerce.nivor.my.id /var/www/smartcity.sija/WEBSIOT_ADMIN/scss/bootstrap/utilities _display.scss
2024.04.18 10:11 B C:\laragon\www\WEBSIOT admin\scss\bootstrap\utilities\_embed.scss --> ecommerce.nivor.my.id /var/www/smartcity.sija/WEBSIOT_ADMIN/scss/bootstrap/utilities _embed.scss
2024.04.18 10:11 B C:\laragon\www\WEBSIOT admin\scss\bootstrap\utilities\_flex.scss --> ecommerce.nivor.my.id /var/www/smartcity.sija/WEBSIOT_ADMIN/scss/bootstrap/utilities _flex.scss
2024.04.18 10:11 B C:\laragon\www\WEBSIOT admin\scss\bootstrap\utilities\_float.scss --> ecommerce.nivor.my.id /var/www/smartcity.sija/WEBSIOT_ADMIN/scss/bootstrap/utilities _float.scss
2024.04.18 10:11 B C:\laragon\www\WEBSIOT admin\scss\bootstrap\utilities\_position.scss --> ecommerce.nivor.my.id /var/www/smartcity.sija/WEBSIOT_ADMIN/scss/bootstrap/utilities _position.scss
2024.04.18 10:11 B C:\laragon\www\WEBSIOT admin\scss\bootstrap\utilities\_screenreaders.scss --> ecommerce.nivor.my.id /var/www/smartcity.sija/WEBSIOT_ADMIN/scss/bootstrap/utilities _screenreaders.scss
2024.04.18 10:11 B C:\laragon\www\WEBSIOT admin\scss\bootstrap\utilities\_shadows.scss --> ecommerce.nivor.my.id /var/www/smartcity.sija/WEBSIOT_ADMIN/scss/bootstrap/utilities _shadows.scss
2024.04.18 10:11 B C:\laragon\www\WEBSIOT admin\scss\bootstrap\utilities\_sizing.scss --> ecommerce.nivor.my.id /var/www/smartcity.sija/WEBSIOT_ADMIN/scss/bootstrap/utilities _sizing.scss
2024.04.18 10:11 B C:\laragon\www\WEBSIOT admin\scss\bootstrap\utilities\_spacing.scss --> ecommerce.nivor.my.id /var/www/smartcity.sija/WEBSIOT_ADMIN/scss/bootstrap/utilities _spacing.scss
2024.04.18 10:11 B C:\laragon\www\WEBSIOT admin\scss\bootstrap\utilities\_text.scss --> ecommerce.nivor.my.id /var/www/smartcity.sija/WEBSIOT_ADMIN/scss/bootstrap/utilities _text.scss
2024.04.18 10:11 B C:\laragon\www\WEBSIOT admin\scss\bootstrap\utilities\_visibility.scss --> ecommerce.nivor.my.id /var/www/smartcity.sija/WEBSIOT_ADMIN/scss/bootstrap/utilities _visibility.scss
2024.05.17 13:13 B C:\laragon\www\WEBSIOT_ADMIN\scss\bootstrap\utilities\WS_FTP.LOG <-- Caevan /var/www/smartcity.sija/WEBSIOT_ADMIN/scss/bootstrap/utilities WS_FTP.LOG
