2024.03.27 13:46 B C:\PROJECT 2024\Project\fonts\flaticon\font\_flaticon.scss --> ecommerce.nivor.my.id /var/www/smartcity.sija/Project/fonts/flaticon/font _flaticon.scss
2024.03.27 13:46 B C:\PROJECT 2024\Project\fonts\flaticon\font\flaticon.css --> ecommerce.nivor.my.id /var/www/smartcity.sija/Project/fonts/flaticon/font flaticon.css
2024.03.27 13:46 B C:\PROJECT 2024\Project\fonts\flaticon\font\Flaticon.eot --> ecommerce.nivor.my.id /var/www/smartcity.sija/Project/fonts/flaticon/font Flaticon.eot
2024.03.27 13:46 B C:\PROJECT 2024\Project\fonts\flaticon\font\flaticon.html --> ecommerce.nivor.my.id /var/www/smartcity.sija/Project/fonts/flaticon/font flaticon.html
2024.03.27 13:46 B C:\PROJECT 2024\Project\fonts\flaticon\font\Flaticon.svg --> ecommerce.nivor.my.id /var/www/smartcity.sija/Project/fonts/flaticon/font Flaticon.svg
2024.03.27 13:46 B C:\PROJECT 2024\Project\fonts\flaticon\font\Flaticon.ttf --> ecommerce.nivor.my.id /var/www/smartcity.sija/Project/fonts/flaticon/font Flaticon.ttf
2024.03.27 13:46 B C:\PROJECT 2024\Project\fonts\flaticon\font\Flaticon.woff --> ecommerce.nivor.my.id /var/www/smartcity.sija/Project/fonts/flaticon/font Flaticon.woff
2024.03.27 16:41 B C:\Project\fonts\flaticon\font\WS_FTP.LOG <-- Ipswitch /var/www/smartcity.sija/Project/fonts/flaticon/font WS_FTP.LOG
2024.03.30 16:16 B C:\laragon\www\WEBSIOT\fonts\flaticon\font\_flaticon.scss --> ecommerce.nivor.my.id /home/caevan/wordpress/WEBSIOT/fonts/flaticon/font _flaticon.scss
2024.03.30 16:16 B C:\laragon\www\WEBSIOT\fonts\flaticon\font\flaticon.css --> ecommerce.nivor.my.id /home/caevan/wordpress/WEBSIOT/fonts/flaticon/font flaticon.css
2024.03.30 16:16 B C:\laragon\www\WEBSIOT\fonts\flaticon\font\Flaticon.eot --> ecommerce.nivor.my.id /home/caevan/wordpress/WEBSIOT/fonts/flaticon/font Flaticon.eot
2024.03.30 16:16 B C:\laragon\www\WEBSIOT\fonts\flaticon\font\flaticon.html --> ecommerce.nivor.my.id /home/caevan/wordpress/WEBSIOT/fonts/flaticon/font flaticon.html
2024.03.30 16:16 B C:\laragon\www\WEBSIOT\fonts\flaticon\font\Flaticon.svg --> ecommerce.nivor.my.id /home/caevan/wordpress/WEBSIOT/fonts/flaticon/font Flaticon.svg
2024.03.30 16:16 B C:\laragon\www\WEBSIOT\fonts\flaticon\font\Flaticon.ttf --> ecommerce.nivor.my.id /home/caevan/wordpress/WEBSIOT/fonts/flaticon/font Flaticon.ttf
2024.03.30 16:17 B C:\laragon\www\WEBSIOT\fonts\flaticon\font\Flaticon.woff --> ecommerce.nivor.my.id /home/caevan/wordpress/WEBSIOT/fonts/flaticon/font Flaticon.woff
2024.03.30 16:17 B C:\laragon\www\WEBSIOT\fonts\flaticon\font\WS_FTP.LOG --> ecommerce.nivor.my.id /home/caevan/wordpress/WEBSIOT/fonts/flaticon/font WS_FTP.LOG
2024.04.03 08:40 B C:\laragon\www\WEBSIOT\fonts\flaticon\font\_flaticon.scss --> ecommerce.nivor.my.id /var/www/smartcity.sija/WEBSIOT/fonts/flaticon/font _flaticon.scss
2024.04.03 08:40 B C:\laragon\www\WEBSIOT\fonts\flaticon\font\flaticon.css --> ecommerce.nivor.my.id /var/www/smartcity.sija/WEBSIOT/fonts/flaticon/font flaticon.css
2024.04.03 08:40 B C:\laragon\www\WEBSIOT\fonts\flaticon\font\Flaticon.eot --> ecommerce.nivor.my.id /var/www/smartcity.sija/WEBSIOT/fonts/flaticon/font Flaticon.eot
2024.04.03 08:40 B C:\laragon\www\WEBSIOT\fonts\flaticon\font\flaticon.html --> ecommerce.nivor.my.id /var/www/smartcity.sija/WEBSIOT/fonts/flaticon/font flaticon.html
2024.04.03 08:40 B C:\laragon\www\WEBSIOT\fonts\flaticon\font\Flaticon.svg --> ecommerce.nivor.my.id /var/www/smartcity.sija/WEBSIOT/fonts/flaticon/font Flaticon.svg
2024.04.03 08:40 B C:\laragon\www\WEBSIOT\fonts\flaticon\font\Flaticon.ttf --> ecommerce.nivor.my.id /var/www/smartcity.sija/WEBSIOT/fonts/flaticon/font Flaticon.ttf
2024.04.03 08:40 B C:\laragon\www\WEBSIOT\fonts\flaticon\font\Flaticon.woff --> ecommerce.nivor.my.id /var/www/smartcity.sija/WEBSIOT/fonts/flaticon/font Flaticon.woff
2024.04.03 08:41 B C:\laragon\www\WEBSIOT\fonts\flaticon\font\WS_FTP.LOG --> ecommerce.nivor.my.id /var/www/smartcity.sija/WEBSIOT/fonts/flaticon/font WS_FTP.LOG
2024.04.03 09:09 B C:\laragon\www\WEBSIOT\fonts\flaticon\font\_flaticon.scss --> ecommerce.nivor.my.id /var/www/smartcity.sija/fonts/flaticon/font _flaticon.scss
2024.04.03 09:09 B C:\laragon\www\WEBSIOT\fonts\flaticon\font\flaticon.css --> ecommerce.nivor.my.id /var/www/smartcity.sija/fonts/flaticon/font flaticon.css
2024.04.03 09:09 B C:\laragon\www\WEBSIOT\fonts\flaticon\font\Flaticon.eot --> ecommerce.nivor.my.id /var/www/smartcity.sija/fonts/flaticon/font Flaticon.eot
2024.04.03 09:09 B C:\laragon\www\WEBSIOT\fonts\flaticon\font\flaticon.html --> ecommerce.nivor.my.id /var/www/smartcity.sija/fonts/flaticon/font flaticon.html
2024.04.03 09:09 B C:\laragon\www\WEBSIOT\fonts\flaticon\font\Flaticon.svg --> ecommerce.nivor.my.id /var/www/smartcity.sija/fonts/flaticon/font Flaticon.svg
2024.04.03 09:09 B C:\laragon\www\WEBSIOT\fonts\flaticon\font\Flaticon.ttf --> ecommerce.nivor.my.id /var/www/smartcity.sija/fonts/flaticon/font Flaticon.ttf
2024.04.03 09:09 B C:\laragon\www\WEBSIOT\fonts\flaticon\font\Flaticon.woff --> ecommerce.nivor.my.id /var/www/smartcity.sija/fonts/flaticon/font Flaticon.woff
2024.04.03 09:09 B C:\laragon\www\WEBSIOT\fonts\flaticon\font\WS_FTP.LOG --> ecommerce.nivor.my.id /var/www/smartcity.sija/fonts/flaticon/font WS_FTP.LOG
2024.04.04 08:21 B C:\laragon\www\WEBSIOT\fonts\flaticon\font\_flaticon.scss --> ecommerce.nivor.my.id /var/www/smartcity.sija/fonts/flaticon/font _flaticon.scss
2024.04.04 08:21 B C:\laragon\www\WEBSIOT\fonts\flaticon\font\flaticon.css --> ecommerce.nivor.my.id /var/www/smartcity.sija/fonts/flaticon/font flaticon.css
2024.04.04 08:21 B C:\laragon\www\WEBSIOT\fonts\flaticon\font\Flaticon.eot --> ecommerce.nivor.my.id /var/www/smartcity.sija/fonts/flaticon/font Flaticon.eot
2024.04.04 08:21 B C:\laragon\www\WEBSIOT\fonts\flaticon\font\flaticon.html --> ecommerce.nivor.my.id /var/www/smartcity.sija/fonts/flaticon/font flaticon.html
2024.04.04 08:21 B C:\laragon\www\WEBSIOT\fonts\flaticon\font\Flaticon.svg --> ecommerce.nivor.my.id /var/www/smartcity.sija/fonts/flaticon/font Flaticon.svg
2024.04.04 08:21 B C:\laragon\www\WEBSIOT\fonts\flaticon\font\Flaticon.ttf --> ecommerce.nivor.my.id /var/www/smartcity.sija/fonts/flaticon/font Flaticon.ttf
2024.04.04 08:21 B C:\laragon\www\WEBSIOT\fonts\flaticon\font\Flaticon.woff --> ecommerce.nivor.my.id /var/www/smartcity.sija/fonts/flaticon/font Flaticon.woff
2024.04.04 08:21 B C:\laragon\www\WEBSIOT\fonts\flaticon\font\WS_FTP.LOG --> ecommerce.nivor.my.id /var/www/smartcity.sija/fonts/flaticon/font WS_FTP.LOG
2024.04.04 11:55 B C:\laragon\www\WEBSIOT\fonts\flaticon\font\_flaticon.scss --> ecommerce.nivor.my.id /var/www/smartcity.sija/WEBSIOT/fonts/flaticon/font _flaticon.scss
2024.04.04 11:55 B C:\laragon\www\WEBSIOT\fonts\flaticon\font\flaticon.css --> ecommerce.nivor.my.id /var/www/smartcity.sija/WEBSIOT/fonts/flaticon/font flaticon.css
2024.04.04 11:55 B C:\laragon\www\WEBSIOT\fonts\flaticon\font\Flaticon.eot --> ecommerce.nivor.my.id /var/www/smartcity.sija/WEBSIOT/fonts/flaticon/font Flaticon.eot
2024.04.04 11:55 B C:\laragon\www\WEBSIOT\fonts\flaticon\font\flaticon.html --> ecommerce.nivor.my.id /var/www/smartcity.sija/WEBSIOT/fonts/flaticon/font flaticon.html
2024.04.04 11:55 B C:\laragon\www\WEBSIOT\fonts\flaticon\font\Flaticon.svg --> ecommerce.nivor.my.id /var/www/smartcity.sija/WEBSIOT/fonts/flaticon/font Flaticon.svg
2024.04.04 11:55 B C:\laragon\www\WEBSIOT\fonts\flaticon\font\Flaticon.ttf --> ecommerce.nivor.my.id /var/www/smartcity.sija/WEBSIOT/fonts/flaticon/font Flaticon.ttf
2024.04.04 11:55 B C:\laragon\www\WEBSIOT\fonts\flaticon\font\Flaticon.woff --> ecommerce.nivor.my.id /var/www/smartcity.sija/WEBSIOT/fonts/flaticon/font Flaticon.woff
2024.04.04 11:55 B C:\laragon\www\WEBSIOT\fonts\flaticon\font\WS_FTP.LOG --> ecommerce.nivor.my.id /var/www/smartcity.sija/WEBSIOT/fonts/flaticon/font WS_FTP.LOG
2024.04.05 09:18 B C:\laragon\www\WEBSIOT\fonts\flaticon\font\_flaticon.scss --> ecommerce.nivor.my.id /var/www/smartcity.sija/WEBSIOT/fonts/flaticon/font _flaticon.scss
2024.04.05 09:18 B C:\laragon\www\WEBSIOT\fonts\flaticon\font\flaticon.css --> ecommerce.nivor.my.id /var/www/smartcity.sija/WEBSIOT/fonts/flaticon/font flaticon.css
2024.04.05 09:18 B C:\laragon\www\WEBSIOT\fonts\flaticon\font\Flaticon.eot --> ecommerce.nivor.my.id /var/www/smartcity.sija/WEBSIOT/fonts/flaticon/font Flaticon.eot
2024.04.05 09:18 B C:\laragon\www\WEBSIOT\fonts\flaticon\font\flaticon.html --> ecommerce.nivor.my.id /var/www/smartcity.sija/WEBSIOT/fonts/flaticon/font flaticon.html
2024.04.05 09:18 B C:\laragon\www\WEBSIOT\fonts\flaticon\font\Flaticon.svg --> ecommerce.nivor.my.id /var/www/smartcity.sija/WEBSIOT/fonts/flaticon/font Flaticon.svg
2024.04.05 09:18 B C:\laragon\www\WEBSIOT\fonts\flaticon\font\Flaticon.ttf --> ecommerce.nivor.my.id /var/www/smartcity.sija/WEBSIOT/fonts/flaticon/font Flaticon.ttf
2024.04.05 09:18 B C:\laragon\www\WEBSIOT\fonts\flaticon\font\Flaticon.woff --> ecommerce.nivor.my.id /var/www/smartcity.sija/WEBSIOT/fonts/flaticon/font Flaticon.woff
2024.04.05 09:18 B C:\laragon\www\WEBSIOT\fonts\flaticon\font\WS_FTP.LOG --> ecommerce.nivor.my.id /var/www/smartcity.sija/WEBSIOT/fonts/flaticon/font WS_FTP.LOG
2024.04.05 09:27 B C:\laragon\www\WEBSIOT\fonts\flaticon\font\_flaticon.scss --> ecommerce.nivor.my.id /var/www/smartcity.sija/fonts/flaticon/font _flaticon.scss
2024.04.05 09:27 B C:\laragon\www\WEBSIOT\fonts\flaticon\font\flaticon.css --> ecommerce.nivor.my.id /var/www/smartcity.sija/fonts/flaticon/font flaticon.css
2024.04.05 09:27 B C:\laragon\www\WEBSIOT\fonts\flaticon\font\Flaticon.eot --> ecommerce.nivor.my.id /var/www/smartcity.sija/fonts/flaticon/font Flaticon.eot
2024.04.05 09:27 B C:\laragon\www\WEBSIOT\fonts\flaticon\font\flaticon.html --> ecommerce.nivor.my.id /var/www/smartcity.sija/fonts/flaticon/font flaticon.html
2024.04.05 09:27 B C:\laragon\www\WEBSIOT\fonts\flaticon\font\Flaticon.svg --> ecommerce.nivor.my.id /var/www/smartcity.sija/fonts/flaticon/font Flaticon.svg
2024.04.05 09:27 B C:\laragon\www\WEBSIOT\fonts\flaticon\font\Flaticon.ttf --> ecommerce.nivor.my.id /var/www/smartcity.sija/fonts/flaticon/font Flaticon.ttf
2024.04.05 09:27 B C:\laragon\www\WEBSIOT\fonts\flaticon\font\Flaticon.woff --> ecommerce.nivor.my.id /var/www/smartcity.sija/fonts/flaticon/font Flaticon.woff
2024.04.05 09:27 B C:\laragon\www\WEBSIOT\fonts\flaticon\font\WS_FTP.LOG --> ecommerce.nivor.my.id /var/www/smartcity.sija/fonts/flaticon/font WS_FTP.LOG
2024.04.07 17:12 B C:\laragon\www\WEBSIOT\fonts\flaticon\font\_flaticon.scss --> ecommerce.nivor.my.id /var/www/smartcity.sija/fonts/flaticon/font _flaticon.scss
2024.04.07 17:12 B C:\laragon\www\WEBSIOT\fonts\flaticon\font\flaticon.css --> ecommerce.nivor.my.id /var/www/smartcity.sija/fonts/flaticon/font flaticon.css
2024.04.07 17:12 B C:\laragon\www\WEBSIOT\fonts\flaticon\font\Flaticon.eot --> ecommerce.nivor.my.id /var/www/smartcity.sija/fonts/flaticon/font Flaticon.eot
2024.04.07 17:12 B C:\laragon\www\WEBSIOT\fonts\flaticon\font\flaticon.html --> ecommerce.nivor.my.id /var/www/smartcity.sija/fonts/flaticon/font flaticon.html
2024.04.07 17:12 B C:\laragon\www\WEBSIOT\fonts\flaticon\font\Flaticon.svg --> ecommerce.nivor.my.id /var/www/smartcity.sija/fonts/flaticon/font Flaticon.svg
2024.04.07 17:12 B C:\laragon\www\WEBSIOT\fonts\flaticon\font\Flaticon.ttf --> ecommerce.nivor.my.id /var/www/smartcity.sija/fonts/flaticon/font Flaticon.ttf
2024.04.07 17:12 B C:\laragon\www\WEBSIOT\fonts\flaticon\font\Flaticon.woff --> ecommerce.nivor.my.id /var/www/smartcity.sija/fonts/flaticon/font Flaticon.woff
2024.04.07 17:12 B C:\laragon\www\WEBSIOT\fonts\flaticon\font\WS_FTP.LOG --> ecommerce.nivor.my.id /var/www/smartcity.sija/fonts/flaticon/font WS_FTP.LOG
2024.04.18 07:16 B C:\laragon\www\WEBSIOT\fonts\flaticon\font\_flaticon.scss --> ecommerce.nivor.my.id /var/www/smartcity.sija/fonts/flaticon/font _flaticon.scss
2024.04.18 07:16 B C:\laragon\www\WEBSIOT\fonts\flaticon\font\flaticon.css --> ecommerce.nivor.my.id /var/www/smartcity.sija/fonts/flaticon/font flaticon.css
2024.04.18 07:16 B C:\laragon\www\WEBSIOT\fonts\flaticon\font\Flaticon.eot --> ecommerce.nivor.my.id /var/www/smartcity.sija/fonts/flaticon/font Flaticon.eot
2024.04.18 07:16 B C:\laragon\www\WEBSIOT\fonts\flaticon\font\flaticon.html --> ecommerce.nivor.my.id /var/www/smartcity.sija/fonts/flaticon/font flaticon.html
2024.04.18 07:16 B C:\laragon\www\WEBSIOT\fonts\flaticon\font\Flaticon.svg --> ecommerce.nivor.my.id /var/www/smartcity.sija/fonts/flaticon/font Flaticon.svg
2024.04.18 07:16 B C:\laragon\www\WEBSIOT\fonts\flaticon\font\Flaticon.ttf --> ecommerce.nivor.my.id /var/www/smartcity.sija/fonts/flaticon/font Flaticon.ttf
2024.04.18 07:16 B C:\laragon\www\WEBSIOT\fonts\flaticon\font\Flaticon.woff --> ecommerce.nivor.my.id /var/www/smartcity.sija/fonts/flaticon/font Flaticon.woff
2024.04.18 07:16 B C:\laragon\www\WEBSIOT\fonts\flaticon\font\WS_FTP.LOG --> ecommerce.nivor.my.id /var/www/smartcity.sija/fonts/flaticon/font WS_FTP.LOG
2024.04.18 10:09 B C:\laragon\www\WEBSIOT admin\fonts\flaticon\font\_flaticon.scss --> ecommerce.nivor.my.id /var/www/smartcity.sija/WEBSIOT_ADMIN/fonts/flaticon/font _flaticon.scss
2024.04.18 10:09 B C:\laragon\www\WEBSIOT admin\fonts\flaticon\font\flaticon.css --> ecommerce.nivor.my.id /var/www/smartcity.sija/WEBSIOT_ADMIN/fonts/flaticon/font flaticon.css
2024.04.18 10:09 B C:\laragon\www\WEBSIOT admin\fonts\flaticon\font\Flaticon.eot --> ecommerce.nivor.my.id /var/www/smartcity.sija/WEBSIOT_ADMIN/fonts/flaticon/font Flaticon.eot
2024.04.18 10:09 B C:\laragon\www\WEBSIOT admin\fonts\flaticon\font\flaticon.html --> ecommerce.nivor.my.id /var/www/smartcity.sija/WEBSIOT_ADMIN/fonts/flaticon/font flaticon.html
2024.04.18 10:09 B C:\laragon\www\WEBSIOT admin\fonts\flaticon\font\Flaticon.svg --> ecommerce.nivor.my.id /var/www/smartcity.sija/WEBSIOT_ADMIN/fonts/flaticon/font Flaticon.svg
2024.04.18 10:09 B C:\laragon\www\WEBSIOT admin\fonts\flaticon\font\Flaticon.ttf --> ecommerce.nivor.my.id /var/www/smartcity.sija/WEBSIOT_ADMIN/fonts/flaticon/font Flaticon.ttf
2024.04.18 10:09 B C:\laragon\www\WEBSIOT admin\fonts\flaticon\font\Flaticon.woff --> ecommerce.nivor.my.id /var/www/smartcity.sija/WEBSIOT_ADMIN/fonts/flaticon/font Flaticon.woff
2024.05.17 13:12 B C:\laragon\www\WEBSIOT_ADMIN\fonts\flaticon\font\WS_FTP.LOG <-- Caevan /var/www/smartcity.sija/WEBSIOT_ADMIN/fonts/flaticon/font WS_FTP.LOG
