2024.03.27 13:46 B C:\PROJECT 2024\Project\images\.DS_Store --> ecommerce.nivor.my.id /var/www/smartcity.sija/Project/images .DS_Store
2024.03.27 13:46 B C:\PROJECT 2024\Project\images\about.jpg --> ecommerce.nivor.my.id /var/www/smartcity.sija/Project/images about.jpg
2024.03.27 13:46 B C:\PROJECT 2024\Project\images\abt1.jpg --> ecommerce.nivor.my.id /var/www/smartcity.sija/Project/images abt1.jpg
2024.03.27 13:46 B C:\PROJECT 2024\Project\images\bck1.png --> ecommerce.nivor.my.id /var/www/smartcity.sija/Project/images bck1.png
2024.03.27 13:46 B C:\PROJECT 2024\Project\images\bckk1.jpg --> ecommerce.nivor.my.id /var/www/smartcity.sija/Project/images bckk1.jpg
2024.03.27 13:46 B C:\PROJECT 2024\Project\images\bg_1.jpg --> ecommerce.nivor.my.id /var/www/smartcity.sija/Project/images bg_1.jpg
2024.03.27 13:46 B C:\PROJECT 2024\Project\images\bg_2.jpg --> ecommerce.nivor.my.id /var/www/smartcity.sija/Project/images bg_2.jpg
2024.03.27 13:46 B C:\PROJECT 2024\Project\images\bgg.png --> ecommerce.nivor.my.id /var/www/smartcity.sija/Project/images bgg.png
2024.03.27 13:46 B C:\PROJECT 2024\Project\images\blg1.jpeg --> ecommerce.nivor.my.id /var/www/smartcity.sija/Project/images blg1.jpeg
2024.03.27 13:46 B C:\PROJECT 2024\Project\images\blg2.jpeg --> ecommerce.nivor.my.id /var/www/smartcity.sija/Project/images blg2.jpeg
2024.03.27 13:46 B C:\PROJECT 2024\Project\images\blg3.jpeg --> ecommerce.nivor.my.id /var/www/smartcity.sija/Project/images blg3.jpeg
2024.03.27 13:46 B C:\PROJECT 2024\Project\images\dashboard_full_2.png --> ecommerce.nivor.my.id /var/www/smartcity.sija/Project/images dashboard_full_2.png
2024.03.27 13:46 B C:\PROJECT 2024\Project\images\dashboard_full_3.png --> ecommerce.nivor.my.id /var/www/smartcity.sija/Project/images dashboard_full_3.png
2024.03.27 13:46 B C:\PROJECT 2024\Project\images\hm1.png --> ecommerce.nivor.my.id /var/www/smartcity.sija/Project/images hm1.png
2024.03.27 13:46 B C:\PROJECT 2024\Project\images\image_1.jpg --> ecommerce.nivor.my.id /var/www/smartcity.sija/Project/images image_1.jpg
2024.03.27 13:46 B C:\PROJECT 2024\Project\images\image_2.jpg --> ecommerce.nivor.my.id /var/www/smartcity.sija/Project/images image_2.jpg
2024.03.27 13:46 B C:\PROJECT 2024\Project\images\image_3.jpg --> ecommerce.nivor.my.id /var/www/smartcity.sija/Project/images image_3.jpg
2024.03.27 13:46 B C:\PROJECT 2024\Project\images\image_4.jpg --> ecommerce.nivor.my.id /var/www/smartcity.sija/Project/images image_4.jpg
2024.03.27 13:47 B C:\PROJECT 2024\Project\images\image_5.jpg --> ecommerce.nivor.my.id /var/www/smartcity.sija/Project/images image_5.jpg
2024.03.27 13:47 B C:\PROJECT 2024\Project\images\image_6.jpg --> ecommerce.nivor.my.id /var/www/smartcity.sija/Project/images image_6.jpg
2024.03.27 13:47 B C:\PROJECT 2024\Project\images\ind1.jpg --> ecommerce.nivor.my.id /var/www/smartcity.sija/Project/images ind1.jpg
2024.03.27 13:47 B C:\PROJECT 2024\Project\images\kk1.jpg --> ecommerce.nivor.my.id /var/www/smartcity.sija/Project/images kk1.jpg
2024.03.27 13:47 B C:\PROJECT 2024\Project\images\loc.png --> ecommerce.nivor.my.id /var/www/smartcity.sija/Project/images loc.png
2024.03.27 13:47 B C:\PROJECT 2024\Project\images\Logo SIJA (1).PNG --> ecommerce.nivor.my.id /var/www/smartcity.sija/Project/images Logo SIJA (1).PNG
2024.03.27 13:47 B C:\PROJECT 2024\Project\images\Logo SIJA (2).PNG --> ecommerce.nivor.my.id /var/www/smartcity.sija/Project/images Logo SIJA (2).PNG
2024.03.27 13:47 B C:\PROJECT 2024\Project\images\person2.jpeg --> ecommerce.nivor.my.id /var/www/smartcity.sija/Project/images person2.jpeg
2024.03.27 13:47 B C:\PROJECT 2024\Project\images\person3.JPG --> ecommerce.nivor.my.id /var/www/smartcity.sija/Project/images person3.JPG
2024.03.27 13:47 B C:\PROJECT 2024\Project\images\person5.JPG --> ecommerce.nivor.my.id /var/www/smartcity.sija/Project/images person5.JPG
2024.03.27 13:47 B C:\PROJECT 2024\Project\images\work-1.jpg --> ecommerce.nivor.my.id /var/www/smartcity.sija/Project/images work-1.jpg
2024.03.27 13:47 B C:\PROJECT 2024\Project\images\work-2.jpg --> ecommerce.nivor.my.id /var/www/smartcity.sija/Project/images work-2.jpg
2024.03.27 13:47 B C:\PROJECT 2024\Project\images\work-3.jpg --> ecommerce.nivor.my.id /var/www/smartcity.sija/Project/images work-3.jpg
2024.03.27 13:47 B C:\PROJECT 2024\Project\images\work-4.jpg --> ecommerce.nivor.my.id /var/www/smartcity.sija/Project/images work-4.jpg
2024.03.27 13:47 B C:\PROJECT 2024\Project\images\work-5.jpg --> ecommerce.nivor.my.id /var/www/smartcity.sija/Project/images work-5.jpg
2024.03.27 13:47 B C:\PROJECT 2024\Project\images\work-6.jpg --> ecommerce.nivor.my.id /var/www/smartcity.sija/Project/images work-6.jpg
2024.03.27 16:26 B C:\PROJECT 2024\Project\images\.DS_Store --> ecommerce.nivor.my.id /var/www/smartcity.sija/Project/images .DS_Store
2024.03.27 16:26 B C:\PROJECT 2024\Project\images\abt1.jpg --> ecommerce.nivor.my.id /var/www/smartcity.sija/Project/images abt1.jpg
2024.03.27 16:26 B C:\PROJECT 2024\Project\images\bck1.png --> ecommerce.nivor.my.id /var/www/smartcity.sija/Project/images bck1.png
2024.03.27 16:26 B C:\PROJECT 2024\Project\images\blg1.jpeg --> ecommerce.nivor.my.id /var/www/smartcity.sija/Project/images blg1.jpeg
2024.03.27 16:26 B C:\PROJECT 2024\Project\images\blg2.jpeg --> ecommerce.nivor.my.id /var/www/smartcity.sija/Project/images blg2.jpeg
2024.03.27 16:26 B C:\PROJECT 2024\Project\images\blg3.jpeg --> ecommerce.nivor.my.id /var/www/smartcity.sija/Project/images blg3.jpeg
2024.03.27 16:26 B C:\PROJECT 2024\Project\images\hm1.png --> ecommerce.nivor.my.id /var/www/smartcity.sija/Project/images hm1.png
2024.03.27 16:26 B C:\PROJECT 2024\Project\images\ind1.jpg --> ecommerce.nivor.my.id /var/www/smartcity.sija/Project/images ind1.jpg
2024.03.27 16:26 B C:\PROJECT 2024\Project\images\kk1.jpg --> ecommerce.nivor.my.id /var/www/smartcity.sija/Project/images kk1.jpg
2024.03.27 16:26 B C:\PROJECT 2024\Project\images\person2.jpeg --> ecommerce.nivor.my.id /var/www/smartcity.sija/Project/images person2.jpeg
2024.03.27 16:26 B C:\PROJECT 2024\Project\images\person3.JPG --> ecommerce.nivor.my.id /var/www/smartcity.sija/Project/images person3.JPG
2024.03.27 16:26 B C:\PROJECT 2024\Project\images\person5.JPG --> ecommerce.nivor.my.id /var/www/smartcity.sija/Project/images person5.JPG
2024.03.27 16:42 B C:\Project\images\WS_FTP.LOG <-- Ipswitch /var/www/smartcity.sija/Project/images WS_FTP.LOG
2024.03.30 16:17 B C:\laragon\www\WEBSIOT\images\about.jpg --> ecommerce.nivor.my.id /home/caevan/wordpress/WEBSIOT/images about.jpg
2024.03.30 16:17 B C:\laragon\www\WEBSIOT\images\abt1.jpg --> ecommerce.nivor.my.id /home/caevan/wordpress/WEBSIOT/images abt1.jpg
2024.03.30 16:17 B C:\laragon\www\WEBSIOT\images\bck1.png --> ecommerce.nivor.my.id /home/caevan/wordpress/WEBSIOT/images bck1.png
2024.03.30 16:17 B C:\laragon\www\WEBSIOT\images\bckk1.jpg --> ecommerce.nivor.my.id /home/caevan/wordpress/WEBSIOT/images bckk1.jpg
2024.03.30 16:17 B C:\laragon\www\WEBSIOT\images\bg_1.jpg --> ecommerce.nivor.my.id /home/caevan/wordpress/WEBSIOT/images bg_1.jpg
2024.03.30 16:17 B C:\laragon\www\WEBSIOT\images\bg_2.jpg --> ecommerce.nivor.my.id /home/caevan/wordpress/WEBSIOT/images bg_2.jpg
2024.03.30 16:17 B C:\laragon\www\WEBSIOT\images\bgg.png --> ecommerce.nivor.my.id /home/caevan/wordpress/WEBSIOT/images bgg.png
2024.03.30 16:17 B C:\laragon\www\WEBSIOT\images\blg1.jpeg --> ecommerce.nivor.my.id /home/caevan/wordpress/WEBSIOT/images blg1.jpeg
2024.03.30 16:17 B C:\laragon\www\WEBSIOT\images\blg2.jpeg --> ecommerce.nivor.my.id /home/caevan/wordpress/WEBSIOT/images blg2.jpeg
2024.03.30 16:17 B C:\laragon\www\WEBSIOT\images\blg3.jpeg --> ecommerce.nivor.my.id /home/caevan/wordpress/WEBSIOT/images blg3.jpeg
2024.03.30 16:17 B C:\laragon\www\WEBSIOT\images\dashboard_full_2.png --> ecommerce.nivor.my.id /home/caevan/wordpress/WEBSIOT/images dashboard_full_2.png
2024.03.30 16:18 B C:\laragon\www\WEBSIOT\images\dashboard_full_3.png --> ecommerce.nivor.my.id /home/caevan/wordpress/WEBSIOT/images dashboard_full_3.png
2024.03.30 16:18 B C:\laragon\www\WEBSIOT\images\hm1.png --> ecommerce.nivor.my.id /home/caevan/wordpress/WEBSIOT/images hm1.png
2024.03.30 16:18 B C:\laragon\www\WEBSIOT\images\image_1.jpg --> ecommerce.nivor.my.id /home/caevan/wordpress/WEBSIOT/images image_1.jpg
2024.03.30 16:18 B C:\laragon\www\WEBSIOT\images\image_2.jpg --> ecommerce.nivor.my.id /home/caevan/wordpress/WEBSIOT/images image_2.jpg
2024.03.30 16:18 B C:\laragon\www\WEBSIOT\images\image_3.jpg --> ecommerce.nivor.my.id /home/caevan/wordpress/WEBSIOT/images image_3.jpg
2024.03.30 16:18 B C:\laragon\www\WEBSIOT\images\image_4.jpg --> ecommerce.nivor.my.id /home/caevan/wordpress/WEBSIOT/images image_4.jpg
2024.03.30 16:18 B C:\laragon\www\WEBSIOT\images\image_5.jpg --> ecommerce.nivor.my.id /home/caevan/wordpress/WEBSIOT/images image_5.jpg
2024.03.30 16:18 B C:\laragon\www\WEBSIOT\images\image_6.jpg --> ecommerce.nivor.my.id /home/caevan/wordpress/WEBSIOT/images image_6.jpg
2024.03.30 16:18 B C:\laragon\www\WEBSIOT\images\ind1.jpg --> ecommerce.nivor.my.id /home/caevan/wordpress/WEBSIOT/images ind1.jpg
2024.03.30 16:18 B C:\laragon\www\WEBSIOT\images\kk1.jpg --> ecommerce.nivor.my.id /home/caevan/wordpress/WEBSIOT/images kk1.jpg
2024.03.30 16:18 B C:\laragon\www\WEBSIOT\images\laptop.jpg --> ecommerce.nivor.my.id /home/caevan/wordpress/WEBSIOT/images laptop.jpg
2024.03.30 16:18 B C:\laragon\www\WEBSIOT\images\loc.png --> ecommerce.nivor.my.id /home/caevan/wordpress/WEBSIOT/images loc.png
2024.03.30 16:18 B C:\laragon\www\WEBSIOT\images\Logo SIJA (1).PNG --> ecommerce.nivor.my.id /home/caevan/wordpress/WEBSIOT/images Logo SIJA (1).PNG
2024.03.30 16:18 B C:\laragon\www\WEBSIOT\images\Logo SIJA (2).PNG --> ecommerce.nivor.my.id /home/caevan/wordpress/WEBSIOT/images Logo SIJA (2).PNG
2024.03.30 16:18 B C:\laragon\www\WEBSIOT\images\person2.jpeg --> ecommerce.nivor.my.id /home/caevan/wordpress/WEBSIOT/images person2.jpeg
2024.03.30 16:18 B C:\laragon\www\WEBSIOT\images\person3.JPG --> ecommerce.nivor.my.id /home/caevan/wordpress/WEBSIOT/images person3.JPG
2024.03.30 16:18 B C:\laragon\www\WEBSIOT\images\person5.JPG --> ecommerce.nivor.my.id /home/caevan/wordpress/WEBSIOT/images person5.JPG
2024.03.30 16:18 B C:\laragon\www\WEBSIOT\images\sesar.jpeg --> ecommerce.nivor.my.id /home/caevan/wordpress/WEBSIOT/images sesar.jpeg
2024.03.30 16:18 B C:\laragon\www\WEBSIOT\images\work-1.jpg --> ecommerce.nivor.my.id /home/caevan/wordpress/WEBSIOT/images work-1.jpg
2024.03.30 16:18 B C:\laragon\www\WEBSIOT\images\work-2.jpg --> ecommerce.nivor.my.id /home/caevan/wordpress/WEBSIOT/images work-2.jpg
2024.03.30 16:18 B C:\laragon\www\WEBSIOT\images\work-3.jpg --> ecommerce.nivor.my.id /home/caevan/wordpress/WEBSIOT/images work-3.jpg
2024.03.30 16:18 B C:\laragon\www\WEBSIOT\images\work-4.jpg --> ecommerce.nivor.my.id /home/caevan/wordpress/WEBSIOT/images work-4.jpg
2024.03.30 16:18 B C:\laragon\www\WEBSIOT\images\work-5.jpg --> ecommerce.nivor.my.id /home/caevan/wordpress/WEBSIOT/images work-5.jpg
2024.03.30 16:18 B C:\laragon\www\WEBSIOT\images\work-6.jpg --> ecommerce.nivor.my.id /home/caevan/wordpress/WEBSIOT/images work-6.jpg
2024.03.30 16:18 B C:\laragon\www\WEBSIOT\images\WS_FTP.LOG --> ecommerce.nivor.my.id /home/caevan/wordpress/WEBSIOT/images WS_FTP.LOG
2024.04.03 08:43 B C:\laragon\www\WEBSIOT\images\about.jpg --> ecommerce.nivor.my.id /var/www/smartcity.sija/WEBSIOT/images about.jpg
2024.04.03 08:43 B C:\laragon\www\WEBSIOT\images\abt1.jpg --> ecommerce.nivor.my.id /var/www/smartcity.sija/WEBSIOT/images abt1.jpg
2024.04.03 08:43 B C:\laragon\www\WEBSIOT\images\apple-touch-icon.png --> ecommerce.nivor.my.id /var/www/smartcity.sija/WEBSIOT/images apple-touch-icon.png
2024.04.03 08:43 B C:\laragon\www\WEBSIOT\images\bck1.png --> ecommerce.nivor.my.id /var/www/smartcity.sija/WEBSIOT/images bck1.png
2024.04.03 08:43 B C:\laragon\www\WEBSIOT\images\bckk1.jpg --> ecommerce.nivor.my.id /var/www/smartcity.sija/WEBSIOT/images bckk1.jpg
2024.04.03 08:43 B C:\laragon\www\WEBSIOT\images\bg_1.jpg --> ecommerce.nivor.my.id /var/www/smartcity.sija/WEBSIOT/images bg_1.jpg
2024.04.03 08:43 B C:\laragon\www\WEBSIOT\images\bg_2.jpg --> ecommerce.nivor.my.id /var/www/smartcity.sija/WEBSIOT/images bg_2.jpg
2024.04.03 08:43 B C:\laragon\www\WEBSIOT\images\bgg.png --> ecommerce.nivor.my.id /var/www/smartcity.sija/WEBSIOT/images bgg.png
2024.04.03 08:43 B C:\laragon\www\WEBSIOT\images\blg1.jpeg --> ecommerce.nivor.my.id /var/www/smartcity.sija/WEBSIOT/images blg1.jpeg
2024.04.03 08:43 B C:\laragon\www\WEBSIOT\images\blg2.jpeg --> ecommerce.nivor.my.id /var/www/smartcity.sija/WEBSIOT/images blg2.jpeg
2024.04.03 08:43 B C:\laragon\www\WEBSIOT\images\blg3.jpeg --> ecommerce.nivor.my.id /var/www/smartcity.sija/WEBSIOT/images blg3.jpeg
2024.04.03 08:43 B C:\laragon\www\WEBSIOT\images\cta-bg.jpg --> ecommerce.nivor.my.id /var/www/smartcity.sija/WEBSIOT/images cta-bg.jpg
2024.04.03 08:43 B C:\laragon\www\WEBSIOT\images\dashboard_full_2.png --> ecommerce.nivor.my.id /var/www/smartcity.sija/WEBSIOT/images dashboard_full_2.png
2024.04.03 08:43 B C:\laragon\www\WEBSIOT\images\dashboard_full_3.png --> ecommerce.nivor.my.id /var/www/smartcity.sija/WEBSIOT/images dashboard_full_3.png
2024.04.03 08:43 B C:\laragon\www\WEBSIOT\images\Logo SIJA (2).PNG --> ecommerce.nivor.my.id /var/www/smartcity.sija/WEBSIOT/images Logo SIJA (2).PNG
2024.04.03 08:43 B C:\laragon\www\WEBSIOT\images\hero-img.png --> ecommerce.nivor.my.id /var/www/smartcity.sija/WEBSIOT/images hero-img.png
2024.04.03 08:43 B C:\laragon\www\WEBSIOT\images\hm1.png --> ecommerce.nivor.my.id /var/www/smartcity.sija/WEBSIOT/images hm1.png
2024.04.03 08:43 B C:\laragon\www\WEBSIOT\images\image_1.jpg --> ecommerce.nivor.my.id /var/www/smartcity.sija/WEBSIOT/images image_1.jpg
2024.04.03 08:43 B C:\laragon\www\WEBSIOT\images\image_2.jpg --> ecommerce.nivor.my.id /var/www/smartcity.sija/WEBSIOT/images image_2.jpg
2024.04.03 08:43 B C:\laragon\www\WEBSIOT\images\image_3.jpg --> ecommerce.nivor.my.id /var/www/smartcity.sija/WEBSIOT/images image_3.jpg
2024.04.03 08:43 B C:\laragon\www\WEBSIOT\images\image_4.jpg --> ecommerce.nivor.my.id /var/www/smartcity.sija/WEBSIOT/images image_4.jpg
2024.04.03 08:43 B C:\laragon\www\WEBSIOT\images\image_5.jpg --> ecommerce.nivor.my.id /var/www/smartcity.sija/WEBSIOT/images image_5.jpg
2024.04.03 08:43 B C:\laragon\www\WEBSIOT\images\image_6.jpg --> ecommerce.nivor.my.id /var/www/smartcity.sija/WEBSIOT/images image_6.jpg
2024.04.03 08:43 B C:\laragon\www\WEBSIOT\images\ind1.jpg --> ecommerce.nivor.my.id /var/www/smartcity.sija/WEBSIOT/images ind1.jpg
2024.04.03 08:44 B C:\laragon\www\WEBSIOT\images\kk1.jpg --> ecommerce.nivor.my.id /var/www/smartcity.sija/WEBSIOT/images kk1.jpg
2024.04.03 08:44 B C:\laragon\www\WEBSIOT\images\laptop.jpg --> ecommerce.nivor.my.id /var/www/smartcity.sija/WEBSIOT/images laptop.jpg
2024.04.03 08:44 B C:\laragon\www\WEBSIOT\images\loc.png --> ecommerce.nivor.my.id /var/www/smartcity.sija/WEBSIOT/images loc.png
2024.04.03 08:44 B C:\laragon\www\WEBSIOT\images\Logo Sija (1).PNG --> ecommerce.nivor.my.id /var/www/smartcity.sija/WEBSIOT/images Logo Sija (1).PNG
2024.04.03 08:44 B C:\laragon\www\WEBSIOT\images\Logo Sija (2).PNG --> ecommerce.nivor.my.id /var/www/smartcity.sija/WEBSIOT/images Logo Sija (2).PNG
2024.04.03 08:44 B C:\laragon\www\WEBSIOT\images\person2.jpeg --> ecommerce.nivor.my.id /var/www/smartcity.sija/WEBSIOT/images person2.jpeg
2024.04.03 08:44 B C:\laragon\www\WEBSIOT\images\person3.JPG --> ecommerce.nivor.my.id /var/www/smartcity.sija/WEBSIOT/images person3.JPG
2024.04.03 08:44 B C:\laragon\www\WEBSIOT\images\person5.JPG --> ecommerce.nivor.my.id /var/www/smartcity.sija/WEBSIOT/images person5.JPG
2024.04.03 08:44 B C:\laragon\www\WEBSIOT\images\sesar.jpeg --> ecommerce.nivor.my.id /var/www/smartcity.sija/WEBSIOT/images sesar.jpeg
2024.04.03 08:44 B C:\laragon\www\WEBSIOT\images\skills.png --> ecommerce.nivor.my.id /var/www/smartcity.sija/WEBSIOT/images skills.png
2024.04.03 08:44 B C:\laragon\www\WEBSIOT\images\smartcity.png --> ecommerce.nivor.my.id /var/www/smartcity.sija/WEBSIOT/images smartcity.png
2024.04.03 08:44 B C:\laragon\www\WEBSIOT\images\smarthome.png --> ecommerce.nivor.my.id /var/www/smartcity.sija/WEBSIOT/images smarthome.png
2024.04.03 08:44 B C:\laragon\www\WEBSIOT\images\why-us.png --> ecommerce.nivor.my.id /var/www/smartcity.sija/WEBSIOT/images why-us.png
2024.04.03 08:44 B C:\laragon\www\WEBSIOT\images\work-1.jpg --> ecommerce.nivor.my.id /var/www/smartcity.sija/WEBSIOT/images work-1.jpg
2024.04.03 08:44 B C:\laragon\www\WEBSIOT\images\work-2.jpg --> ecommerce.nivor.my.id /var/www/smartcity.sija/WEBSIOT/images work-2.jpg
2024.04.03 08:44 B C:\laragon\www\WEBSIOT\images\work-3.jpg --> ecommerce.nivor.my.id /var/www/smartcity.sija/WEBSIOT/images work-3.jpg
2024.04.03 08:44 B C:\laragon\www\WEBSIOT\images\work-4.jpg --> ecommerce.nivor.my.id /var/www/smartcity.sija/WEBSIOT/images work-4.jpg
2024.04.03 08:44 B C:\laragon\www\WEBSIOT\images\work-5.jpg --> ecommerce.nivor.my.id /var/www/smartcity.sija/WEBSIOT/images work-5.jpg
2024.04.03 08:44 B C:\laragon\www\WEBSIOT\images\work-6.jpg --> ecommerce.nivor.my.id /var/www/smartcity.sija/WEBSIOT/images work-6.jpg
2024.04.03 08:44 B C:\laragon\www\WEBSIOT\images\WS_FTP.LOG --> ecommerce.nivor.my.id /var/www/smartcity.sija/WEBSIOT/images WS_FTP.LOG
2024.04.03 09:10 B C:\laragon\www\WEBSIOT\images\about.jpg --> ecommerce.nivor.my.id /var/www/smartcity.sija/images about.jpg
2024.04.03 09:10 B C:\laragon\www\WEBSIOT\images\abt1.jpg --> ecommerce.nivor.my.id /var/www/smartcity.sija/images abt1.jpg
2024.04.03 09:10 B C:\laragon\www\WEBSIOT\images\apple-touch-icon.png --> ecommerce.nivor.my.id /var/www/smartcity.sija/images apple-touch-icon.png
2024.04.03 09:10 B C:\laragon\www\WEBSIOT\images\bck1.png --> ecommerce.nivor.my.id /var/www/smartcity.sija/images bck1.png
2024.04.03 09:10 B C:\laragon\www\WEBSIOT\images\bckk1.jpg --> ecommerce.nivor.my.id /var/www/smartcity.sija/images bckk1.jpg
2024.04.03 09:10 B C:\laragon\www\WEBSIOT\images\bg_1.jpg --> ecommerce.nivor.my.id /var/www/smartcity.sija/images bg_1.jpg
2024.04.03 09:10 B C:\laragon\www\WEBSIOT\images\bg_2.jpg --> ecommerce.nivor.my.id /var/www/smartcity.sija/images bg_2.jpg
2024.04.03 09:10 B C:\laragon\www\WEBSIOT\images\bgg.png --> ecommerce.nivor.my.id /var/www/smartcity.sija/images bgg.png
2024.04.03 09:10 B C:\laragon\www\WEBSIOT\images\blg1.jpeg --> ecommerce.nivor.my.id /var/www/smartcity.sija/images blg1.jpeg
2024.04.03 09:10 B C:\laragon\www\WEBSIOT\images\blg2.jpeg --> ecommerce.nivor.my.id /var/www/smartcity.sija/images blg2.jpeg
2024.04.03 09:10 B C:\laragon\www\WEBSIOT\images\blg3.jpeg --> ecommerce.nivor.my.id /var/www/smartcity.sija/images blg3.jpeg
2024.04.03 09:10 B C:\laragon\www\WEBSIOT\images\cta-bg.jpg --> ecommerce.nivor.my.id /var/www/smartcity.sija/images cta-bg.jpg
2024.04.03 09:10 B C:\laragon\www\WEBSIOT\images\dashboard_full_2.png --> ecommerce.nivor.my.id /var/www/smartcity.sija/images dashboard_full_2.png
2024.04.03 09:10 B C:\laragon\www\WEBSIOT\images\dashboard_full_3.png --> ecommerce.nivor.my.id /var/www/smartcity.sija/images dashboard_full_3.png
2024.04.03 09:10 B C:\laragon\www\WEBSIOT\images\Logo SIJA (2).PNG --> ecommerce.nivor.my.id /var/www/smartcity.sija/images Logo SIJA (2).PNG
2024.04.03 09:10 B C:\laragon\www\WEBSIOT\images\hero-img.png --> ecommerce.nivor.my.id /var/www/smartcity.sija/images hero-img.png
2024.04.03 09:10 B C:\laragon\www\WEBSIOT\images\hm1.png --> ecommerce.nivor.my.id /var/www/smartcity.sija/images hm1.png
2024.04.03 09:10 B C:\laragon\www\WEBSIOT\images\image_1.jpg --> ecommerce.nivor.my.id /var/www/smartcity.sija/images image_1.jpg
2024.04.03 09:11 B C:\laragon\www\WEBSIOT\images\image_2.jpg --> ecommerce.nivor.my.id /var/www/smartcity.sija/images image_2.jpg
2024.04.03 09:11 B C:\laragon\www\WEBSIOT\images\image_3.jpg --> ecommerce.nivor.my.id /var/www/smartcity.sija/images image_3.jpg
2024.04.03 09:11 B C:\laragon\www\WEBSIOT\images\image_4.jpg --> ecommerce.nivor.my.id /var/www/smartcity.sija/images image_4.jpg
2024.04.03 09:11 B C:\laragon\www\WEBSIOT\images\image_5.jpg --> ecommerce.nivor.my.id /var/www/smartcity.sija/images image_5.jpg
2024.04.03 09:11 B C:\laragon\www\WEBSIOT\images\image_6.jpg --> ecommerce.nivor.my.id /var/www/smartcity.sija/images image_6.jpg
2024.04.03 09:11 B C:\laragon\www\WEBSIOT\images\ind1.jpg --> ecommerce.nivor.my.id /var/www/smartcity.sija/images ind1.jpg
2024.04.03 09:11 B C:\laragon\www\WEBSIOT\images\kk1.jpg --> ecommerce.nivor.my.id /var/www/smartcity.sija/images kk1.jpg
2024.04.03 09:11 B C:\laragon\www\WEBSIOT\images\laptop.jpg --> ecommerce.nivor.my.id /var/www/smartcity.sija/images laptop.jpg
2024.04.03 09:11 B C:\laragon\www\WEBSIOT\images\loc.png --> ecommerce.nivor.my.id /var/www/smartcity.sija/images loc.png
2024.04.03 09:11 B C:\laragon\www\WEBSIOT\images\Logo Sija (1).PNG --> ecommerce.nivor.my.id /var/www/smartcity.sija/images Logo Sija (1).PNG
2024.04.03 09:11 B C:\laragon\www\WEBSIOT\images\Logo Sija (2).PNG --> ecommerce.nivor.my.id /var/www/smartcity.sija/images Logo Sija (2).PNG
2024.04.03 09:11 B C:\laragon\www\WEBSIOT\images\person2.jpeg --> ecommerce.nivor.my.id /var/www/smartcity.sija/images person2.jpeg
2024.04.03 09:11 B C:\laragon\www\WEBSIOT\images\person3.JPG --> ecommerce.nivor.my.id /var/www/smartcity.sija/images person3.JPG
2024.04.03 09:11 B C:\laragon\www\WEBSIOT\images\person5.JPG --> ecommerce.nivor.my.id /var/www/smartcity.sija/images person5.JPG
2024.04.03 09:11 B C:\laragon\www\WEBSIOT\images\sesar.jpeg --> ecommerce.nivor.my.id /var/www/smartcity.sija/images sesar.jpeg
2024.04.03 09:11 B C:\laragon\www\WEBSIOT\images\skills.png --> ecommerce.nivor.my.id /var/www/smartcity.sija/images skills.png
2024.04.03 09:11 B C:\laragon\www\WEBSIOT\images\smartcity.png --> ecommerce.nivor.my.id /var/www/smartcity.sija/images smartcity.png
2024.04.03 09:11 B C:\laragon\www\WEBSIOT\images\smarthome.png --> ecommerce.nivor.my.id /var/www/smartcity.sija/images smarthome.png
2024.04.03 09:11 B C:\laragon\www\WEBSIOT\images\why-us.png --> ecommerce.nivor.my.id /var/www/smartcity.sija/images why-us.png
2024.04.03 09:11 B C:\laragon\www\WEBSIOT\images\work-1.jpg --> ecommerce.nivor.my.id /var/www/smartcity.sija/images work-1.jpg
2024.04.03 09:11 B C:\laragon\www\WEBSIOT\images\work-2.jpg --> ecommerce.nivor.my.id /var/www/smartcity.sija/images work-2.jpg
2024.04.03 09:11 B C:\laragon\www\WEBSIOT\images\work-3.jpg --> ecommerce.nivor.my.id /var/www/smartcity.sija/images work-3.jpg
2024.04.03 09:11 B C:\laragon\www\WEBSIOT\images\work-4.jpg --> ecommerce.nivor.my.id /var/www/smartcity.sija/images work-4.jpg
2024.04.03 09:11 B C:\laragon\www\WEBSIOT\images\work-5.jpg --> ecommerce.nivor.my.id /var/www/smartcity.sija/images work-5.jpg
2024.04.03 09:11 B C:\laragon\www\WEBSIOT\images\work-6.jpg --> ecommerce.nivor.my.id /var/www/smartcity.sija/images work-6.jpg
2024.04.03 09:11 B C:\laragon\www\WEBSIOT\images\WS_FTP.LOG --> ecommerce.nivor.my.id /var/www/smartcity.sija/images WS_FTP.LOG
2024.04.04 08:22 B C:\laragon\www\WEBSIOT\images\about.jpg --> ecommerce.nivor.my.id /var/www/smartcity.sija/images about.jpg
2024.04.04 08:22 B C:\laragon\www\WEBSIOT\images\abt1.jpg --> ecommerce.nivor.my.id /var/www/smartcity.sija/images abt1.jpg
2024.04.04 08:22 B C:\laragon\www\WEBSIOT\images\apple-touch-icon.png --> ecommerce.nivor.my.id /var/www/smartcity.sija/images apple-touch-icon.png
2024.04.04 08:22 B C:\laragon\www\WEBSIOT\images\bck1.png --> ecommerce.nivor.my.id /var/www/smartcity.sija/images bck1.png
2024.04.04 08:22 B C:\laragon\www\WEBSIOT\images\bckk1.jpg --> ecommerce.nivor.my.id /var/www/smartcity.sija/images bckk1.jpg
2024.04.04 08:22 B C:\laragon\www\WEBSIOT\images\bg_1.jpg --> ecommerce.nivor.my.id /var/www/smartcity.sija/images bg_1.jpg
2024.04.04 08:22 B C:\laragon\www\WEBSIOT\images\bg_2.jpg --> ecommerce.nivor.my.id /var/www/smartcity.sija/images bg_2.jpg
2024.04.04 08:22 B C:\laragon\www\WEBSIOT\images\bgg.png --> ecommerce.nivor.my.id /var/www/smartcity.sija/images bgg.png
2024.04.04 08:22 B C:\laragon\www\WEBSIOT\images\blg1.jpeg --> ecommerce.nivor.my.id /var/www/smartcity.sija/images blg1.jpeg
2024.04.04 08:22 B C:\laragon\www\WEBSIOT\images\blg2.jpeg --> ecommerce.nivor.my.id /var/www/smartcity.sija/images blg2.jpeg
2024.04.04 08:22 B C:\laragon\www\WEBSIOT\images\blg3.jpeg --> ecommerce.nivor.my.id /var/www/smartcity.sija/images blg3.jpeg
2024.04.04 08:22 B C:\laragon\www\WEBSIOT\images\cta-bg.jpg --> ecommerce.nivor.my.id /var/www/smartcity.sija/images cta-bg.jpg
2024.04.04 08:23 B C:\laragon\www\WEBSIOT\images\dashboard_full_2.png --> ecommerce.nivor.my.id /var/www/smartcity.sija/images dashboard_full_2.png
2024.04.04 08:23 B C:\laragon\www\WEBSIOT\images\dashboard_full_3.png --> ecommerce.nivor.my.id /var/www/smartcity.sija/images dashboard_full_3.png
2024.04.04 08:23 B C:\laragon\www\WEBSIOT\images\Logo SIJA (2).PNG --> ecommerce.nivor.my.id /var/www/smartcity.sija/images Logo SIJA (2).PNG
2024.04.04 08:23 B C:\laragon\www\WEBSIOT\images\hero-img.png --> ecommerce.nivor.my.id /var/www/smartcity.sija/images hero-img.png
2024.04.04 08:23 B C:\laragon\www\WEBSIOT\images\hm1.png --> ecommerce.nivor.my.id /var/www/smartcity.sija/images hm1.png
2024.04.04 08:23 B C:\laragon\www\WEBSIOT\images\image_1.jpg --> ecommerce.nivor.my.id /var/www/smartcity.sija/images image_1.jpg
2024.04.04 08:23 B C:\laragon\www\WEBSIOT\images\image_2.jpg --> ecommerce.nivor.my.id /var/www/smartcity.sija/images image_2.jpg
2024.04.04 08:23 B C:\laragon\www\WEBSIOT\images\image_3.jpg --> ecommerce.nivor.my.id /var/www/smartcity.sija/images image_3.jpg
2024.04.04 08:23 B C:\laragon\www\WEBSIOT\images\image_4.jpg --> ecommerce.nivor.my.id /var/www/smartcity.sija/images image_4.jpg
2024.04.04 08:23 B C:\laragon\www\WEBSIOT\images\image_5.jpg --> ecommerce.nivor.my.id /var/www/smartcity.sija/images image_5.jpg
2024.04.04 08:23 B C:\laragon\www\WEBSIOT\images\image_6.jpg --> ecommerce.nivor.my.id /var/www/smartcity.sija/images image_6.jpg
2024.04.04 08:23 B C:\laragon\www\WEBSIOT\images\ind1.jpg --> ecommerce.nivor.my.id /var/www/smartcity.sija/images ind1.jpg
2024.04.04 08:23 B C:\laragon\www\WEBSIOT\images\kk1.jpg --> ecommerce.nivor.my.id /var/www/smartcity.sija/images kk1.jpg
2024.04.04 08:23 B C:\laragon\www\WEBSIOT\images\laptop.jpg --> ecommerce.nivor.my.id /var/www/smartcity.sija/images laptop.jpg
2024.04.04 08:23 B C:\laragon\www\WEBSIOT\images\loc.png --> ecommerce.nivor.my.id /var/www/smartcity.sija/images loc.png
2024.04.04 08:23 B C:\laragon\www\WEBSIOT\images\Logo Sija (1).PNG --> ecommerce.nivor.my.id /var/www/smartcity.sija/images Logo Sija (1).PNG
2024.04.04 08:23 B C:\laragon\www\WEBSIOT\images\Logo Sija (2).PNG --> ecommerce.nivor.my.id /var/www/smartcity.sija/images Logo Sija (2).PNG
2024.04.04 08:23 B C:\laragon\www\WEBSIOT\images\person2.jpeg --> ecommerce.nivor.my.id /var/www/smartcity.sija/images person2.jpeg
2024.04.04 08:23 B C:\laragon\www\WEBSIOT\images\person3.JPG --> ecommerce.nivor.my.id /var/www/smartcity.sija/images person3.JPG
2024.04.04 08:23 B C:\laragon\www\WEBSIOT\images\person5.JPG --> ecommerce.nivor.my.id /var/www/smartcity.sija/images person5.JPG
2024.04.04 08:23 B C:\laragon\www\WEBSIOT\images\sesar.jpeg --> ecommerce.nivor.my.id /var/www/smartcity.sija/images sesar.jpeg
2024.04.04 08:23 B C:\laragon\www\WEBSIOT\images\skills.png --> ecommerce.nivor.my.id /var/www/smartcity.sija/images skills.png
2024.04.04 08:23 B C:\laragon\www\WEBSIOT\images\smartcity.png --> ecommerce.nivor.my.id /var/www/smartcity.sija/images smartcity.png
2024.04.04 08:23 B C:\laragon\www\WEBSIOT\images\smarthome.png --> ecommerce.nivor.my.id /var/www/smartcity.sija/images smarthome.png
2024.04.04 08:23 B C:\laragon\www\WEBSIOT\images\why-us.png --> ecommerce.nivor.my.id /var/www/smartcity.sija/images why-us.png
2024.04.04 08:23 B C:\laragon\www\WEBSIOT\images\work-1.jpg --> ecommerce.nivor.my.id /var/www/smartcity.sija/images work-1.jpg
2024.04.04 08:23 B C:\laragon\www\WEBSIOT\images\work-2.jpg --> ecommerce.nivor.my.id /var/www/smartcity.sija/images work-2.jpg
2024.04.04 08:23 B C:\laragon\www\WEBSIOT\images\work-3.jpg --> ecommerce.nivor.my.id /var/www/smartcity.sija/images work-3.jpg
2024.04.04 08:23 B C:\laragon\www\WEBSIOT\images\work-4.jpg --> ecommerce.nivor.my.id /var/www/smartcity.sija/images work-4.jpg
2024.04.04 08:23 B C:\laragon\www\WEBSIOT\images\work-5.jpg --> ecommerce.nivor.my.id /var/www/smartcity.sija/images work-5.jpg
2024.04.04 08:23 B C:\laragon\www\WEBSIOT\images\work-6.jpg --> ecommerce.nivor.my.id /var/www/smartcity.sija/images work-6.jpg
2024.04.04 08:23 B C:\laragon\www\WEBSIOT\images\WS_FTP.LOG --> ecommerce.nivor.my.id /var/www/smartcity.sija/images WS_FTP.LOG
2024.04.04 11:57 B C:\laragon\www\WEBSIOT\images\4.png --> ecommerce.nivor.my.id /var/www/smartcity.sija/WEBSIOT/images 4.png
2024.04.04 11:57 B C:\laragon\www\WEBSIOT\images\about.jpg --> ecommerce.nivor.my.id /var/www/smartcity.sija/WEBSIOT/images about.jpg
2024.04.04 11:57 B C:\laragon\www\WEBSIOT\images\abt1.jpg --> ecommerce.nivor.my.id /var/www/smartcity.sija/WEBSIOT/images abt1.jpg
2024.04.04 11:57 B C:\laragon\www\WEBSIOT\images\apple-touch-icon.png --> ecommerce.nivor.my.id /var/www/smartcity.sija/WEBSIOT/images apple-touch-icon.png
2024.04.04 11:57 B C:\laragon\www\WEBSIOT\images\bck1.png --> ecommerce.nivor.my.id /var/www/smartcity.sija/WEBSIOT/images bck1.png
2024.04.04 11:57 B C:\laragon\www\WEBSIOT\images\bckk1.jpg --> ecommerce.nivor.my.id /var/www/smartcity.sija/WEBSIOT/images bckk1.jpg
2024.04.04 11:57 B C:\laragon\www\WEBSIOT\images\bg_1.jpg --> ecommerce.nivor.my.id /var/www/smartcity.sija/WEBSIOT/images bg_1.jpg
2024.04.04 11:57 B C:\laragon\www\WEBSIOT\images\bg_2.jpg --> ecommerce.nivor.my.id /var/www/smartcity.sija/WEBSIOT/images bg_2.jpg
2024.04.04 11:57 B C:\laragon\www\WEBSIOT\images\bgg.png --> ecommerce.nivor.my.id /var/www/smartcity.sija/WEBSIOT/images bgg.png
2024.04.04 11:57 B C:\laragon\www\WEBSIOT\images\blg1.jpeg --> ecommerce.nivor.my.id /var/www/smartcity.sija/WEBSIOT/images blg1.jpeg
2024.04.04 11:57 B C:\laragon\www\WEBSIOT\images\blg2.jpeg --> ecommerce.nivor.my.id /var/www/smartcity.sija/WEBSIOT/images blg2.jpeg
2024.04.04 11:57 B C:\laragon\www\WEBSIOT\images\blg3.jpeg --> ecommerce.nivor.my.id /var/www/smartcity.sija/WEBSIOT/images blg3.jpeg
2024.04.04 11:57 B C:\laragon\www\WEBSIOT\images\cta-bg.jpg --> ecommerce.nivor.my.id /var/www/smartcity.sija/WEBSIOT/images cta-bg.jpg
2024.04.04 11:57 B C:\laragon\www\WEBSIOT\images\dashboard_full_2.png --> ecommerce.nivor.my.id /var/www/smartcity.sija/WEBSIOT/images dashboard_full_2.png
2024.04.04 11:57 B C:\laragon\www\WEBSIOT\images\dashboard_full_3.png --> ecommerce.nivor.my.id /var/www/smartcity.sija/WEBSIOT/images dashboard_full_3.png
2024.04.04 11:57 B C:\laragon\www\WEBSIOT\images\favicon.png --> ecommerce.nivor.my.id /var/www/smartcity.sija/WEBSIOT/images favicon.png
2024.04.04 11:57 B C:\laragon\www\WEBSIOT\images\hero-img.png --> ecommerce.nivor.my.id /var/www/smartcity.sija/WEBSIOT/images hero-img.png
2024.04.04 11:57 B C:\laragon\www\WEBSIOT\images\hm1.png --> ecommerce.nivor.my.id /var/www/smartcity.sija/WEBSIOT/images hm1.png
2024.04.04 11:57 B C:\laragon\www\WEBSIOT\images\image_1.jpg --> ecommerce.nivor.my.id /var/www/smartcity.sija/WEBSIOT/images image_1.jpg
2024.04.04 11:57 B C:\laragon\www\WEBSIOT\images\image_2.jpg --> ecommerce.nivor.my.id /var/www/smartcity.sija/WEBSIOT/images image_2.jpg
2024.04.04 11:57 B C:\laragon\www\WEBSIOT\images\image_3.jpg --> ecommerce.nivor.my.id /var/www/smartcity.sija/WEBSIOT/images image_3.jpg
2024.04.04 11:57 B C:\laragon\www\WEBSIOT\images\image_4.jpg --> ecommerce.nivor.my.id /var/www/smartcity.sija/WEBSIOT/images image_4.jpg
2024.04.04 11:57 B C:\laragon\www\WEBSIOT\images\image_5.jpg --> ecommerce.nivor.my.id /var/www/smartcity.sija/WEBSIOT/images image_5.jpg
2024.04.04 11:57 B C:\laragon\www\WEBSIOT\images\image_6.jpg --> ecommerce.nivor.my.id /var/www/smartcity.sija/WEBSIOT/images image_6.jpg
2024.04.04 11:57 B C:\laragon\www\WEBSIOT\images\ind1.jpg --> ecommerce.nivor.my.id /var/www/smartcity.sija/WEBSIOT/images ind1.jpg
2024.04.04 11:57 B C:\laragon\www\WEBSIOT\images\kk1.jpg --> ecommerce.nivor.my.id /var/www/smartcity.sija/WEBSIOT/images kk1.jpg
2024.04.04 11:57 B C:\laragon\www\WEBSIOT\images\laptop.jpg --> ecommerce.nivor.my.id /var/www/smartcity.sija/WEBSIOT/images laptop.jpg
2024.04.04 11:57 B C:\laragon\www\WEBSIOT\images\loc.png --> ecommerce.nivor.my.id /var/www/smartcity.sija/WEBSIOT/images loc.png
2024.04.04 11:57 B C:\laragon\www\WEBSIOT\images\Logo Sija (1).PNG --> ecommerce.nivor.my.id /var/www/smartcity.sija/WEBSIOT/images Logo Sija (1).PNG
2024.04.04 11:57 B C:\laragon\www\WEBSIOT\images\Logo Sija (2).PNG --> ecommerce.nivor.my.id /var/www/smartcity.sija/WEBSIOT/images Logo Sija (2).PNG
2024.04.04 11:57 B C:\laragon\www\WEBSIOT\images\person2.jpeg --> ecommerce.nivor.my.id /var/www/smartcity.sija/WEBSIOT/images person2.jpeg
2024.04.04 11:58 B C:\laragon\www\WEBSIOT\images\person3.JPG --> ecommerce.nivor.my.id /var/www/smartcity.sija/WEBSIOT/images person3.JPG
2024.04.04 11:58 B C:\laragon\www\WEBSIOT\images\person5.JPG --> ecommerce.nivor.my.id /var/www/smartcity.sija/WEBSIOT/images person5.JPG
2024.04.04 11:58 B C:\laragon\www\WEBSIOT\images\sesar.jpeg --> ecommerce.nivor.my.id /var/www/smartcity.sija/WEBSIOT/images sesar.jpeg
2024.04.04 11:58 B C:\laragon\www\WEBSIOT\images\skills.png --> ecommerce.nivor.my.id /var/www/smartcity.sija/WEBSIOT/images skills.png
2024.04.04 11:58 B C:\laragon\www\WEBSIOT\images\smartcity.png --> ecommerce.nivor.my.id /var/www/smartcity.sija/WEBSIOT/images smartcity.png
2024.04.04 11:58 B C:\laragon\www\WEBSIOT\images\smarthome.png --> ecommerce.nivor.my.id /var/www/smartcity.sija/WEBSIOT/images smarthome.png
2024.04.04 11:58 B C:\laragon\www\WEBSIOT\images\why-us.png --> ecommerce.nivor.my.id /var/www/smartcity.sija/WEBSIOT/images why-us.png
2024.04.04 11:58 B C:\laragon\www\WEBSIOT\images\work-1.jpg --> ecommerce.nivor.my.id /var/www/smartcity.sija/WEBSIOT/images work-1.jpg
2024.04.04 11:58 B C:\laragon\www\WEBSIOT\images\work-2.jpg --> ecommerce.nivor.my.id /var/www/smartcity.sija/WEBSIOT/images work-2.jpg
2024.04.04 11:58 B C:\laragon\www\WEBSIOT\images\work-3.jpg --> ecommerce.nivor.my.id /var/www/smartcity.sija/WEBSIOT/images work-3.jpg
2024.04.04 11:58 B C:\laragon\www\WEBSIOT\images\work-4.jpg --> ecommerce.nivor.my.id /var/www/smartcity.sija/WEBSIOT/images work-4.jpg
2024.04.04 11:58 B C:\laragon\www\WEBSIOT\images\work-5.jpg --> ecommerce.nivor.my.id /var/www/smartcity.sija/WEBSIOT/images work-5.jpg
2024.04.04 11:58 B C:\laragon\www\WEBSIOT\images\work-6.jpg --> ecommerce.nivor.my.id /var/www/smartcity.sija/WEBSIOT/images work-6.jpg
2024.04.04 11:58 B C:\laragon\www\WEBSIOT\images\WS_FTP.LOG --> ecommerce.nivor.my.id /var/www/smartcity.sija/WEBSIOT/images WS_FTP.LOG
2024.04.05 09:19 B C:\laragon\www\WEBSIOT\images\4.png --> ecommerce.nivor.my.id /var/www/smartcity.sija/WEBSIOT/images 4.png
2024.04.05 09:19 B C:\laragon\www\WEBSIOT\images\about.jpg --> ecommerce.nivor.my.id /var/www/smartcity.sija/WEBSIOT/images about.jpg
2024.04.05 09:19 B C:\laragon\www\WEBSIOT\images\abt1.jpg --> ecommerce.nivor.my.id /var/www/smartcity.sija/WEBSIOT/images abt1.jpg
2024.04.05 09:19 B C:\laragon\www\WEBSIOT\images\apple-touch-icon.png --> ecommerce.nivor.my.id /var/www/smartcity.sija/WEBSIOT/images apple-touch-icon.png
2024.04.05 09:19 B C:\laragon\www\WEBSIOT\images\bck1.png --> ecommerce.nivor.my.id /var/www/smartcity.sija/WEBSIOT/images bck1.png
2024.04.05 09:19 B C:\laragon\www\WEBSIOT\images\bckk1.jpg --> ecommerce.nivor.my.id /var/www/smartcity.sija/WEBSIOT/images bckk1.jpg
2024.04.05 09:19 B C:\laragon\www\WEBSIOT\images\bg_1.jpg --> ecommerce.nivor.my.id /var/www/smartcity.sija/WEBSIOT/images bg_1.jpg
2024.04.05 09:19 B C:\laragon\www\WEBSIOT\images\bg_2.jpg --> ecommerce.nivor.my.id /var/www/smartcity.sija/WEBSIOT/images bg_2.jpg
2024.04.05 09:19 B C:\laragon\www\WEBSIOT\images\bgg.png --> ecommerce.nivor.my.id /var/www/smartcity.sija/WEBSIOT/images bgg.png
2024.04.05 09:19 B C:\laragon\www\WEBSIOT\images\blg1.jpeg --> ecommerce.nivor.my.id /var/www/smartcity.sija/WEBSIOT/images blg1.jpeg
2024.04.05 09:19 B C:\laragon\www\WEBSIOT\images\blg2.jpeg --> ecommerce.nivor.my.id /var/www/smartcity.sija/WEBSIOT/images blg2.jpeg
2024.04.05 09:19 B C:\laragon\www\WEBSIOT\images\blg3.jpeg --> ecommerce.nivor.my.id /var/www/smartcity.sija/WEBSIOT/images blg3.jpeg
2024.04.05 09:19 B C:\laragon\www\WEBSIOT\images\cta-bg.jpg --> ecommerce.nivor.my.id /var/www/smartcity.sija/WEBSIOT/images cta-bg.jpg
2024.04.05 09:19 B C:\laragon\www\WEBSIOT\images\dashboard_full_2.png --> ecommerce.nivor.my.id /var/www/smartcity.sija/WEBSIOT/images dashboard_full_2.png
2024.04.05 09:19 B C:\laragon\www\WEBSIOT\images\dashboard_full_3.png --> ecommerce.nivor.my.id /var/www/smartcity.sija/WEBSIOT/images dashboard_full_3.png
2024.04.05 09:19 B C:\laragon\www\WEBSIOT\images\favicon.png --> ecommerce.nivor.my.id /var/www/smartcity.sija/WEBSIOT/images favicon.png
2024.04.05 09:19 B C:\laragon\www\WEBSIOT\images\hero-img.png --> ecommerce.nivor.my.id /var/www/smartcity.sija/WEBSIOT/images hero-img.png
2024.04.05 09:19 B C:\laragon\www\WEBSIOT\images\hm1.png --> ecommerce.nivor.my.id /var/www/smartcity.sija/WEBSIOT/images hm1.png
2024.04.05 09:19 B C:\laragon\www\WEBSIOT\images\image_1.jpg --> ecommerce.nivor.my.id /var/www/smartcity.sija/WEBSIOT/images image_1.jpg
2024.04.05 09:19 B C:\laragon\www\WEBSIOT\images\image_2.jpg --> ecommerce.nivor.my.id /var/www/smartcity.sija/WEBSIOT/images image_2.jpg
2024.04.05 09:19 B C:\laragon\www\WEBSIOT\images\image_3.jpg --> ecommerce.nivor.my.id /var/www/smartcity.sija/WEBSIOT/images image_3.jpg
2024.04.05 09:19 B C:\laragon\www\WEBSIOT\images\image_4.jpg --> ecommerce.nivor.my.id /var/www/smartcity.sija/WEBSIOT/images image_4.jpg
2024.04.05 09:19 B C:\laragon\www\WEBSIOT\images\image_5.jpg --> ecommerce.nivor.my.id /var/www/smartcity.sija/WEBSIOT/images image_5.jpg
2024.04.05 09:19 B C:\laragon\www\WEBSIOT\images\image_6.jpg --> ecommerce.nivor.my.id /var/www/smartcity.sija/WEBSIOT/images image_6.jpg
2024.04.05 09:19 B C:\laragon\www\WEBSIOT\images\ind1.jpg --> ecommerce.nivor.my.id /var/www/smartcity.sija/WEBSIOT/images ind1.jpg
2024.04.05 09:19 B C:\laragon\www\WEBSIOT\images\kk1.jpg --> ecommerce.nivor.my.id /var/www/smartcity.sija/WEBSIOT/images kk1.jpg
2024.04.05 09:19 B C:\laragon\www\WEBSIOT\images\laptop.jpg --> ecommerce.nivor.my.id /var/www/smartcity.sija/WEBSIOT/images laptop.jpg
2024.04.05 09:19 B C:\laragon\www\WEBSIOT\images\loc.png --> ecommerce.nivor.my.id /var/www/smartcity.sija/WEBSIOT/images loc.png
2024.04.05 09:19 B C:\laragon\www\WEBSIOT\images\Logo Sija (1).PNG --> ecommerce.nivor.my.id /var/www/smartcity.sija/WEBSIOT/images Logo Sija (1).PNG
2024.04.05 09:19 B C:\laragon\www\WEBSIOT\images\Logo Sija (2).PNG --> ecommerce.nivor.my.id /var/www/smartcity.sija/WEBSIOT/images Logo Sija (2).PNG
2024.04.05 09:19 B C:\laragon\www\WEBSIOT\images\person2.jpeg --> ecommerce.nivor.my.id /var/www/smartcity.sija/WEBSIOT/images person2.jpeg
2024.04.05 09:19 B C:\laragon\www\WEBSIOT\images\person3.JPG --> ecommerce.nivor.my.id /var/www/smartcity.sija/WEBSIOT/images person3.JPG
2024.04.05 09:20 B C:\laragon\www\WEBSIOT\images\person5.JPG --> ecommerce.nivor.my.id /var/www/smartcity.sija/WEBSIOT/images person5.JPG
2024.04.05 09:20 B C:\laragon\www\WEBSIOT\images\sesar.jpeg --> ecommerce.nivor.my.id /var/www/smartcity.sija/WEBSIOT/images sesar.jpeg
2024.04.05 09:20 B C:\laragon\www\WEBSIOT\images\skills.png --> ecommerce.nivor.my.id /var/www/smartcity.sija/WEBSIOT/images skills.png
2024.04.05 09:20 B C:\laragon\www\WEBSIOT\images\smartcity.png --> ecommerce.nivor.my.id /var/www/smartcity.sija/WEBSIOT/images smartcity.png
2024.04.05 09:20 B C:\laragon\www\WEBSIOT\images\smarthome.png --> ecommerce.nivor.my.id /var/www/smartcity.sija/WEBSIOT/images smarthome.png
2024.04.05 09:20 B C:\laragon\www\WEBSIOT\images\Suhu.png --> ecommerce.nivor.my.id /var/www/smartcity.sija/WEBSIOT/images Suhu.png
2024.04.05 09:20 B C:\laragon\www\WEBSIOT\images\why-us.png --> ecommerce.nivor.my.id /var/www/smartcity.sija/WEBSIOT/images why-us.png
2024.04.05 09:20 B C:\laragon\www\WEBSIOT\images\work-1.jpg --> ecommerce.nivor.my.id /var/www/smartcity.sija/WEBSIOT/images work-1.jpg
2024.04.05 09:20 B C:\laragon\www\WEBSIOT\images\work-2.jpg --> ecommerce.nivor.my.id /var/www/smartcity.sija/WEBSIOT/images work-2.jpg
2024.04.05 09:20 B C:\laragon\www\WEBSIOT\images\work-3.jpg --> ecommerce.nivor.my.id /var/www/smartcity.sija/WEBSIOT/images work-3.jpg
2024.04.05 09:20 B C:\laragon\www\WEBSIOT\images\work-4.jpg --> ecommerce.nivor.my.id /var/www/smartcity.sija/WEBSIOT/images work-4.jpg
2024.04.05 09:20 B C:\laragon\www\WEBSIOT\images\work-5.jpg --> ecommerce.nivor.my.id /var/www/smartcity.sija/WEBSIOT/images work-5.jpg
2024.04.05 09:20 B C:\laragon\www\WEBSIOT\images\work-6.jpg --> ecommerce.nivor.my.id /var/www/smartcity.sija/WEBSIOT/images work-6.jpg
2024.04.05 09:20 B C:\laragon\www\WEBSIOT\images\WS_FTP.LOG --> ecommerce.nivor.my.id /var/www/smartcity.sija/WEBSIOT/images WS_FTP.LOG
2024.04.05 09:28 B C:\laragon\www\WEBSIOT\images\4.png --> ecommerce.nivor.my.id /var/www/smartcity.sija/images 4.png
2024.04.05 09:28 B C:\laragon\www\WEBSIOT\images\about.jpg --> ecommerce.nivor.my.id /var/www/smartcity.sija/images about.jpg
2024.04.05 09:28 B C:\laragon\www\WEBSIOT\images\abt1.jpg --> ecommerce.nivor.my.id /var/www/smartcity.sija/images abt1.jpg
2024.04.05 09:28 B C:\laragon\www\WEBSIOT\images\apple-touch-icon.png --> ecommerce.nivor.my.id /var/www/smartcity.sija/images apple-touch-icon.png
2024.04.05 09:28 B C:\laragon\www\WEBSIOT\images\bck1.png --> ecommerce.nivor.my.id /var/www/smartcity.sija/images bck1.png
2024.04.05 09:28 B C:\laragon\www\WEBSIOT\images\bckk1.jpg --> ecommerce.nivor.my.id /var/www/smartcity.sija/images bckk1.jpg
2024.04.05 09:28 B C:\laragon\www\WEBSIOT\images\bg_1.jpg --> ecommerce.nivor.my.id /var/www/smartcity.sija/images bg_1.jpg
2024.04.05 09:28 B C:\laragon\www\WEBSIOT\images\bg_2.jpg --> ecommerce.nivor.my.id /var/www/smartcity.sija/images bg_2.jpg
2024.04.05 09:28 B C:\laragon\www\WEBSIOT\images\bgg.png --> ecommerce.nivor.my.id /var/www/smartcity.sija/images bgg.png
2024.04.05 09:28 B C:\laragon\www\WEBSIOT\images\blg1.jpeg --> ecommerce.nivor.my.id /var/www/smartcity.sija/images blg1.jpeg
2024.04.05 09:28 B C:\laragon\www\WEBSIOT\images\blg2.jpeg --> ecommerce.nivor.my.id /var/www/smartcity.sija/images blg2.jpeg
2024.04.05 09:28 B C:\laragon\www\WEBSIOT\images\blg3.jpeg --> ecommerce.nivor.my.id /var/www/smartcity.sija/images blg3.jpeg
2024.04.05 09:28 B C:\laragon\www\WEBSIOT\images\cta-bg.jpg --> ecommerce.nivor.my.id /var/www/smartcity.sija/images cta-bg.jpg
2024.04.05 09:28 B C:\laragon\www\WEBSIOT\images\dashboard_full_2.png --> ecommerce.nivor.my.id /var/www/smartcity.sija/images dashboard_full_2.png
2024.04.05 09:28 B C:\laragon\www\WEBSIOT\images\dashboard_full_3.png --> ecommerce.nivor.my.id /var/www/smartcity.sija/images dashboard_full_3.png
2024.04.05 09:28 B C:\laragon\www\WEBSIOT\images\favicon.png --> ecommerce.nivor.my.id /var/www/smartcity.sija/images favicon.png
2024.04.05 09:28 B C:\laragon\www\WEBSIOT\images\hero-img.png --> ecommerce.nivor.my.id /var/www/smartcity.sija/images hero-img.png
2024.04.05 09:28 B C:\laragon\www\WEBSIOT\images\hm1.png --> ecommerce.nivor.my.id /var/www/smartcity.sija/images hm1.png
2024.04.05 09:28 B C:\laragon\www\WEBSIOT\images\image_1.jpg --> ecommerce.nivor.my.id /var/www/smartcity.sija/images image_1.jpg
2024.04.05 09:28 B C:\laragon\www\WEBSIOT\images\image_2.jpg --> ecommerce.nivor.my.id /var/www/smartcity.sija/images image_2.jpg
2024.04.05 09:28 B C:\laragon\www\WEBSIOT\images\image_3.jpg --> ecommerce.nivor.my.id /var/www/smartcity.sija/images image_3.jpg
2024.04.05 09:28 B C:\laragon\www\WEBSIOT\images\image_4.jpg --> ecommerce.nivor.my.id /var/www/smartcity.sija/images image_4.jpg
2024.04.05 09:28 B C:\laragon\www\WEBSIOT\images\image_5.jpg --> ecommerce.nivor.my.id /var/www/smartcity.sija/images image_5.jpg
2024.04.05 09:28 B C:\laragon\www\WEBSIOT\images\image_6.jpg --> ecommerce.nivor.my.id /var/www/smartcity.sija/images image_6.jpg
2024.04.05 09:28 B C:\laragon\www\WEBSIOT\images\ind1.jpg --> ecommerce.nivor.my.id /var/www/smartcity.sija/images ind1.jpg
2024.04.05 09:29 B C:\laragon\www\WEBSIOT\images\kk1.jpg --> ecommerce.nivor.my.id /var/www/smartcity.sija/images kk1.jpg
2024.04.05 09:29 B C:\laragon\www\WEBSIOT\images\laptop.jpg --> ecommerce.nivor.my.id /var/www/smartcity.sija/images laptop.jpg
2024.04.05 09:29 B C:\laragon\www\WEBSIOT\images\loc.png --> ecommerce.nivor.my.id /var/www/smartcity.sija/images loc.png
2024.04.05 09:29 B C:\laragon\www\WEBSIOT\images\Logo Sija (1).PNG --> ecommerce.nivor.my.id /var/www/smartcity.sija/images Logo Sija (1).PNG
2024.04.05 09:29 B C:\laragon\www\WEBSIOT\images\Logo Sija (2).PNG --> ecommerce.nivor.my.id /var/www/smartcity.sija/images Logo Sija (2).PNG
2024.04.05 09:29 B C:\laragon\www\WEBSIOT\images\person2.jpeg --> ecommerce.nivor.my.id /var/www/smartcity.sija/images person2.jpeg
2024.04.05 09:29 B C:\laragon\www\WEBSIOT\images\person3.JPG --> ecommerce.nivor.my.id /var/www/smartcity.sija/images person3.JPG
2024.04.05 09:29 B C:\laragon\www\WEBSIOT\images\person5.JPG --> ecommerce.nivor.my.id /var/www/smartcity.sija/images person5.JPG
2024.04.05 09:29 B C:\laragon\www\WEBSIOT\images\sesar.jpeg --> ecommerce.nivor.my.id /var/www/smartcity.sija/images sesar.jpeg
2024.04.05 09:29 B C:\laragon\www\WEBSIOT\images\skills.png --> ecommerce.nivor.my.id /var/www/smartcity.sija/images skills.png
2024.04.05 09:29 B C:\laragon\www\WEBSIOT\images\smartcity.png --> ecommerce.nivor.my.id /var/www/smartcity.sija/images smartcity.png
2024.04.05 09:29 B C:\laragon\www\WEBSIOT\images\smarthome.png --> ecommerce.nivor.my.id /var/www/smartcity.sija/images smarthome.png
2024.04.05 09:29 B C:\laragon\www\WEBSIOT\images\Suhu.png --> ecommerce.nivor.my.id /var/www/smartcity.sija/images Suhu.png
2024.04.05 09:29 B C:\laragon\www\WEBSIOT\images\why-us.png --> ecommerce.nivor.my.id /var/www/smartcity.sija/images why-us.png
2024.04.05 09:29 B C:\laragon\www\WEBSIOT\images\work-1.jpg --> ecommerce.nivor.my.id /var/www/smartcity.sija/images work-1.jpg
2024.04.05 09:29 B C:\laragon\www\WEBSIOT\images\work-2.jpg --> ecommerce.nivor.my.id /var/www/smartcity.sija/images work-2.jpg
2024.04.05 09:29 B C:\laragon\www\WEBSIOT\images\work-3.jpg --> ecommerce.nivor.my.id /var/www/smartcity.sija/images work-3.jpg
2024.04.05 09:29 B C:\laragon\www\WEBSIOT\images\work-4.jpg --> ecommerce.nivor.my.id /var/www/smartcity.sija/images work-4.jpg
2024.04.05 09:29 B C:\laragon\www\WEBSIOT\images\work-5.jpg --> ecommerce.nivor.my.id /var/www/smartcity.sija/images work-5.jpg
2024.04.05 09:29 B C:\laragon\www\WEBSIOT\images\work-6.jpg --> ecommerce.nivor.my.id /var/www/smartcity.sija/images work-6.jpg
2024.04.05 09:29 B C:\laragon\www\WEBSIOT\images\WS_FTP.LOG --> ecommerce.nivor.my.id /var/www/smartcity.sija/images WS_FTP.LOG
2024.04.07 17:13 B C:\laragon\www\WEBSIOT\images\4.png --> ecommerce.nivor.my.id /var/www/smartcity.sija/images 4.png
2024.04.07 17:13 B C:\laragon\www\WEBSIOT\images\about.jpg --> ecommerce.nivor.my.id /var/www/smartcity.sija/images about.jpg
2024.04.07 17:13 B C:\laragon\www\WEBSIOT\images\abt1.jpg --> ecommerce.nivor.my.id /var/www/smartcity.sija/images abt1.jpg
2024.04.07 17:13 B C:\laragon\www\WEBSIOT\images\apple-touch-icon.png --> ecommerce.nivor.my.id /var/www/smartcity.sija/images apple-touch-icon.png
2024.04.07 17:13 B C:\laragon\www\WEBSIOT\images\bck1.png --> ecommerce.nivor.my.id /var/www/smartcity.sija/images bck1.png
2024.04.07 17:13 B C:\laragon\www\WEBSIOT\images\bckk1.jpg --> ecommerce.nivor.my.id /var/www/smartcity.sija/images bckk1.jpg
2024.04.07 17:13 B C:\laragon\www\WEBSIOT\images\bg_1.jpg --> ecommerce.nivor.my.id /var/www/smartcity.sija/images bg_1.jpg
2024.04.07 17:13 B C:\laragon\www\WEBSIOT\images\bg_2.jpg --> ecommerce.nivor.my.id /var/www/smartcity.sija/images bg_2.jpg
2024.04.07 17:13 B C:\laragon\www\WEBSIOT\images\bgg.png --> ecommerce.nivor.my.id /var/www/smartcity.sija/images bgg.png
2024.04.07 17:13 B C:\laragon\www\WEBSIOT\images\blg1.jpeg --> ecommerce.nivor.my.id /var/www/smartcity.sija/images blg1.jpeg
2024.04.07 17:13 B C:\laragon\www\WEBSIOT\images\blg2.jpeg --> ecommerce.nivor.my.id /var/www/smartcity.sija/images blg2.jpeg
2024.04.07 17:13 B C:\laragon\www\WEBSIOT\images\blg3.jpeg --> ecommerce.nivor.my.id /var/www/smartcity.sija/images blg3.jpeg
2024.04.07 17:13 B C:\laragon\www\WEBSIOT\images\cta-bg.jpg --> ecommerce.nivor.my.id /var/www/smartcity.sija/images cta-bg.jpg
2024.04.07 17:13 B C:\laragon\www\WEBSIOT\images\dashboard_full_2.png --> ecommerce.nivor.my.id /var/www/smartcity.sija/images dashboard_full_2.png
2024.04.07 17:13 B C:\laragon\www\WEBSIOT\images\dashboard_full_3.png --> ecommerce.nivor.my.id /var/www/smartcity.sija/images dashboard_full_3.png
2024.04.07 17:13 B C:\laragon\www\WEBSIOT\images\favicon.png --> ecommerce.nivor.my.id /var/www/smartcity.sija/images favicon.png
2024.04.07 17:13 B C:\laragon\www\WEBSIOT\images\hero-img.png --> ecommerce.nivor.my.id /var/www/smartcity.sija/images hero-img.png
2024.04.07 17:13 B C:\laragon\www\WEBSIOT\images\hm1.png --> ecommerce.nivor.my.id /var/www/smartcity.sija/images hm1.png
2024.04.07 17:13 B C:\laragon\www\WEBSIOT\images\image_1.jpg --> ecommerce.nivor.my.id /var/www/smartcity.sija/images image_1.jpg
2024.04.07 17:13 B C:\laragon\www\WEBSIOT\images\image_2.jpg --> ecommerce.nivor.my.id /var/www/smartcity.sija/images image_2.jpg
2024.04.07 17:13 B C:\laragon\www\WEBSIOT\images\image_3.jpg --> ecommerce.nivor.my.id /var/www/smartcity.sija/images image_3.jpg
2024.04.07 17:13 B C:\laragon\www\WEBSIOT\images\image_4.jpg --> ecommerce.nivor.my.id /var/www/smartcity.sija/images image_4.jpg
2024.04.07 17:13 B C:\laragon\www\WEBSIOT\images\image_5.jpg --> ecommerce.nivor.my.id /var/www/smartcity.sija/images image_5.jpg
2024.04.07 17:13 B C:\laragon\www\WEBSIOT\images\image_6.jpg --> ecommerce.nivor.my.id /var/www/smartcity.sija/images image_6.jpg
2024.04.07 17:13 B C:\laragon\www\WEBSIOT\images\ind1.jpg --> ecommerce.nivor.my.id /var/www/smartcity.sija/images ind1.jpg
2024.04.07 17:13 B C:\laragon\www\WEBSIOT\images\kk1.jpg --> ecommerce.nivor.my.id /var/www/smartcity.sija/images kk1.jpg
2024.04.07 17:13 B C:\laragon\www\WEBSIOT\images\laptop.jpg --> ecommerce.nivor.my.id /var/www/smartcity.sija/images laptop.jpg
2024.04.07 17:13 B C:\laragon\www\WEBSIOT\images\loc.png --> ecommerce.nivor.my.id /var/www/smartcity.sija/images loc.png
2024.04.07 17:13 B C:\laragon\www\WEBSIOT\images\Logo Sija (1).PNG --> ecommerce.nivor.my.id /var/www/smartcity.sija/images Logo Sija (1).PNG
2024.04.07 17:13 B C:\laragon\www\WEBSIOT\images\Logo Sija (2).PNG --> ecommerce.nivor.my.id /var/www/smartcity.sija/images Logo Sija (2).PNG
2024.04.07 17:13 B C:\laragon\www\WEBSIOT\images\person2.jpeg --> ecommerce.nivor.my.id /var/www/smartcity.sija/images person2.jpeg
2024.04.07 17:13 B C:\laragon\www\WEBSIOT\images\person3.JPG --> ecommerce.nivor.my.id /var/www/smartcity.sija/images person3.JPG
2024.04.07 17:13 B C:\laragon\www\WEBSIOT\images\person5.JPG --> ecommerce.nivor.my.id /var/www/smartcity.sija/images person5.JPG
2024.04.07 17:13 B C:\laragon\www\WEBSIOT\images\sesar.jpeg --> ecommerce.nivor.my.id /var/www/smartcity.sija/images sesar.jpeg
2024.04.07 17:13 B C:\laragon\www\WEBSIOT\images\skills.png --> ecommerce.nivor.my.id /var/www/smartcity.sija/images skills.png
2024.04.07 17:13 B C:\laragon\www\WEBSIOT\images\smartcity.png --> ecommerce.nivor.my.id /var/www/smartcity.sija/images smartcity.png
2024.04.07 17:13 B C:\laragon\www\WEBSIOT\images\smarthome.png --> ecommerce.nivor.my.id /var/www/smartcity.sija/images smarthome.png
2024.04.07 17:13 B C:\laragon\www\WEBSIOT\images\Suhu.png --> ecommerce.nivor.my.id /var/www/smartcity.sija/images Suhu.png
2024.04.07 17:13 B C:\laragon\www\WEBSIOT\images\why-us.png --> ecommerce.nivor.my.id /var/www/smartcity.sija/images why-us.png
2024.04.07 17:13 B C:\laragon\www\WEBSIOT\images\work-1.jpg --> ecommerce.nivor.my.id /var/www/smartcity.sija/images work-1.jpg
2024.04.07 17:13 B C:\laragon\www\WEBSIOT\images\work-2.jpg --> ecommerce.nivor.my.id /var/www/smartcity.sija/images work-2.jpg
2024.04.07 17:13 B C:\laragon\www\WEBSIOT\images\work-3.jpg --> ecommerce.nivor.my.id /var/www/smartcity.sija/images work-3.jpg
2024.04.07 17:13 B C:\laragon\www\WEBSIOT\images\work-4.jpg --> ecommerce.nivor.my.id /var/www/smartcity.sija/images work-4.jpg
2024.04.07 17:13 B C:\laragon\www\WEBSIOT\images\work-5.jpg --> ecommerce.nivor.my.id /var/www/smartcity.sija/images work-5.jpg
2024.04.07 17:13 B C:\laragon\www\WEBSIOT\images\work-6.jpg --> ecommerce.nivor.my.id /var/www/smartcity.sija/images work-6.jpg
2024.04.07 17:13 B C:\laragon\www\WEBSIOT\images\WS_FTP.LOG --> ecommerce.nivor.my.id /var/www/smartcity.sija/images WS_FTP.LOG
2024.04.18 07:18 B C:\laragon\www\WEBSIOT\images\4.png --> ecommerce.nivor.my.id /var/www/smartcity.sija/images 4.png
2024.04.18 07:18 B C:\laragon\www\WEBSIOT\images\about.jpg --> ecommerce.nivor.my.id /var/www/smartcity.sija/images about.jpg
2024.04.18 07:18 B C:\laragon\www\WEBSIOT\images\abt1.jpg --> ecommerce.nivor.my.id /var/www/smartcity.sija/images abt1.jpg
2024.04.18 07:18 B C:\laragon\www\WEBSIOT\images\apple-touch-icon.png --> ecommerce.nivor.my.id /var/www/smartcity.sija/images apple-touch-icon.png
2024.04.18 07:18 B C:\laragon\www\WEBSIOT\images\bck1.png --> ecommerce.nivor.my.id /var/www/smartcity.sija/images bck1.png
2024.04.18 07:18 B C:\laragon\www\WEBSIOT\images\bckk1.jpg --> ecommerce.nivor.my.id /var/www/smartcity.sija/images bckk1.jpg
2024.04.18 07:18 B C:\laragon\www\WEBSIOT\images\bg_1.jpg --> ecommerce.nivor.my.id /var/www/smartcity.sija/images bg_1.jpg
2024.04.18 07:18 B C:\laragon\www\WEBSIOT\images\bg_2.jpg --> ecommerce.nivor.my.id /var/www/smartcity.sija/images bg_2.jpg
2024.04.18 07:18 B C:\laragon\www\WEBSIOT\images\bgg.png --> ecommerce.nivor.my.id /var/www/smartcity.sija/images bgg.png
2024.04.18 07:18 B C:\laragon\www\WEBSIOT\images\blg1.jpeg --> ecommerce.nivor.my.id /var/www/smartcity.sija/images blg1.jpeg
2024.04.18 07:18 B C:\laragon\www\WEBSIOT\images\blg2.jpeg --> ecommerce.nivor.my.id /var/www/smartcity.sija/images blg2.jpeg
2024.04.18 07:18 B C:\laragon\www\WEBSIOT\images\blg3.jpeg --> ecommerce.nivor.my.id /var/www/smartcity.sija/images blg3.jpeg
2024.04.18 07:18 B C:\laragon\www\WEBSIOT\images\cta-bg.jpg --> ecommerce.nivor.my.id /var/www/smartcity.sija/images cta-bg.jpg
2024.04.18 07:18 B C:\laragon\www\WEBSIOT\images\dashboard_full_2.png --> ecommerce.nivor.my.id /var/www/smartcity.sija/images dashboard_full_2.png
2024.04.18 07:18 B C:\laragon\www\WEBSIOT\images\dashboard_full_3.png --> ecommerce.nivor.my.id /var/www/smartcity.sija/images dashboard_full_3.png
2024.04.18 07:18 B C:\laragon\www\WEBSIOT\images\favicon.png --> ecommerce.nivor.my.id /var/www/smartcity.sija/images favicon.png
2024.04.18 07:18 B C:\laragon\www\WEBSIOT\images\hero-img.png --> ecommerce.nivor.my.id /var/www/smartcity.sija/images hero-img.png
2024.04.18 07:18 B C:\laragon\www\WEBSIOT\images\hm1.png --> ecommerce.nivor.my.id /var/www/smartcity.sija/images hm1.png
2024.04.18 07:18 B C:\laragon\www\WEBSIOT\images\image_1.jpg --> ecommerce.nivor.my.id /var/www/smartcity.sija/images image_1.jpg
2024.04.18 07:18 B C:\laragon\www\WEBSIOT\images\image_2.jpg --> ecommerce.nivor.my.id /var/www/smartcity.sija/images image_2.jpg
2024.04.18 07:18 B C:\laragon\www\WEBSIOT\images\image_3.jpg --> ecommerce.nivor.my.id /var/www/smartcity.sija/images image_3.jpg
2024.04.18 07:18 B C:\laragon\www\WEBSIOT\images\image_4.jpg --> ecommerce.nivor.my.id /var/www/smartcity.sija/images image_4.jpg
2024.04.18 07:18 B C:\laragon\www\WEBSIOT\images\image_5.jpg --> ecommerce.nivor.my.id /var/www/smartcity.sija/images image_5.jpg
2024.04.18 07:18 B C:\laragon\www\WEBSIOT\images\image_6.jpg --> ecommerce.nivor.my.id /var/www/smartcity.sija/images image_6.jpg
2024.04.18 07:18 B C:\laragon\www\WEBSIOT\images\ind1.jpg --> ecommerce.nivor.my.id /var/www/smartcity.sija/images ind1.jpg
2024.04.18 07:18 B C:\laragon\www\WEBSIOT\images\kk1.jpg --> ecommerce.nivor.my.id /var/www/smartcity.sija/images kk1.jpg
2024.04.18 07:18 B C:\laragon\www\WEBSIOT\images\laptop.jpg --> ecommerce.nivor.my.id /var/www/smartcity.sija/images laptop.jpg
2024.04.18 07:18 B C:\laragon\www\WEBSIOT\images\loc.png --> ecommerce.nivor.my.id /var/www/smartcity.sija/images loc.png
2024.04.18 07:18 B C:\laragon\www\WEBSIOT\images\Logo Sija (1).PNG --> ecommerce.nivor.my.id /var/www/smartcity.sija/images Logo Sija (1).PNG
2024.04.18 07:18 B C:\laragon\www\WEBSIOT\images\Logo Sija (2).PNG --> ecommerce.nivor.my.id /var/www/smartcity.sija/images Logo Sija (2).PNG
2024.04.18 07:18 B C:\laragon\www\WEBSIOT\images\person2.jpeg --> ecommerce.nivor.my.id /var/www/smartcity.sija/images person2.jpeg
2024.04.18 07:19 B C:\laragon\www\WEBSIOT\images\person3.JPG --> ecommerce.nivor.my.id /var/www/smartcity.sija/images person3.JPG
2024.04.18 07:19 B C:\laragon\www\WEBSIOT\images\person5.JPG --> ecommerce.nivor.my.id /var/www/smartcity.sija/images person5.JPG
2024.04.18 07:19 B C:\laragon\www\WEBSIOT\images\sesar.jpeg --> ecommerce.nivor.my.id /var/www/smartcity.sija/images sesar.jpeg
2024.04.18 07:19 B C:\laragon\www\WEBSIOT\images\skills.png --> ecommerce.nivor.my.id /var/www/smartcity.sija/images skills.png
2024.04.18 07:19 B C:\laragon\www\WEBSIOT\images\smartcity.png --> ecommerce.nivor.my.id /var/www/smartcity.sija/images smartcity.png
2024.04.18 07:19 B C:\laragon\www\WEBSIOT\images\smarthome.png --> ecommerce.nivor.my.id /var/www/smartcity.sija/images smarthome.png
2024.04.18 07:19 B C:\laragon\www\WEBSIOT\images\Suhu.png --> ecommerce.nivor.my.id /var/www/smartcity.sija/images Suhu.png
2024.04.18 07:19 B C:\laragon\www\WEBSIOT\images\why-us.png --> ecommerce.nivor.my.id /var/www/smartcity.sija/images why-us.png
2024.04.18 07:19 B C:\laragon\www\WEBSIOT\images\work-1.jpg --> ecommerce.nivor.my.id /var/www/smartcity.sija/images work-1.jpg
2024.04.18 07:19 B C:\laragon\www\WEBSIOT\images\work-2.jpg --> ecommerce.nivor.my.id /var/www/smartcity.sija/images work-2.jpg
2024.04.18 07:19 B C:\laragon\www\WEBSIOT\images\work-3.jpg --> ecommerce.nivor.my.id /var/www/smartcity.sija/images work-3.jpg
2024.04.18 07:19 B C:\laragon\www\WEBSIOT\images\work-4.jpg --> ecommerce.nivor.my.id /var/www/smartcity.sija/images work-4.jpg
2024.04.18 07:19 B C:\laragon\www\WEBSIOT\images\work-5.jpg --> ecommerce.nivor.my.id /var/www/smartcity.sija/images work-5.jpg
2024.04.18 07:19 B C:\laragon\www\WEBSIOT\images\work-6.jpg --> ecommerce.nivor.my.id /var/www/smartcity.sija/images work-6.jpg
2024.04.18 07:19 B C:\laragon\www\WEBSIOT\images\WS_FTP.LOG --> ecommerce.nivor.my.id /var/www/smartcity.sija/images WS_FTP.LOG
2024.04.18 10:10 B C:\laragon\www\WEBSIOT admin\images\4.png --> ecommerce.nivor.my.id /var/www/smartcity.sija/WEBSIOT_ADMIN/images 4.png
2024.04.18 10:10 B C:\laragon\www\WEBSIOT admin\images\about.jpg --> ecommerce.nivor.my.id /var/www/smartcity.sija/WEBSIOT_ADMIN/images about.jpg
2024.04.18 10:10 B C:\laragon\www\WEBSIOT admin\images\abt1.jpg --> ecommerce.nivor.my.id /var/www/smartcity.sija/WEBSIOT_ADMIN/images abt1.jpg
2024.04.18 10:10 B C:\laragon\www\WEBSIOT admin\images\apple-touch-icon.png --> ecommerce.nivor.my.id /var/www/smartcity.sija/WEBSIOT_ADMIN/images apple-touch-icon.png
2024.04.18 10:10 B C:\laragon\www\WEBSIOT admin\images\bck1.png --> ecommerce.nivor.my.id /var/www/smartcity.sija/WEBSIOT_ADMIN/images bck1.png
2024.04.18 10:10 B C:\laragon\www\WEBSIOT admin\images\bckk1.jpg --> ecommerce.nivor.my.id /var/www/smartcity.sija/WEBSIOT_ADMIN/images bckk1.jpg
2024.04.18 10:10 B C:\laragon\www\WEBSIOT admin\images\bg_1.jpg --> ecommerce.nivor.my.id /var/www/smartcity.sija/WEBSIOT_ADMIN/images bg_1.jpg
2024.04.18 10:10 B C:\laragon\www\WEBSIOT admin\images\bg_2.jpg --> ecommerce.nivor.my.id /var/www/smartcity.sija/WEBSIOT_ADMIN/images bg_2.jpg
2024.04.18 10:10 B C:\laragon\www\WEBSIOT admin\images\bgg.png --> ecommerce.nivor.my.id /var/www/smartcity.sija/WEBSIOT_ADMIN/images bgg.png
2024.04.18 10:10 B C:\laragon\www\WEBSIOT admin\images\blg1.jpeg --> ecommerce.nivor.my.id /var/www/smartcity.sija/WEBSIOT_ADMIN/images blg1.jpeg
2024.04.18 10:10 B C:\laragon\www\WEBSIOT admin\images\blg2.jpeg --> ecommerce.nivor.my.id /var/www/smartcity.sija/WEBSIOT_ADMIN/images blg2.jpeg
2024.04.18 10:10 B C:\laragon\www\WEBSIOT admin\images\blg3.jpeg --> ecommerce.nivor.my.id /var/www/smartcity.sija/WEBSIOT_ADMIN/images blg3.jpeg
2024.04.18 10:10 B C:\laragon\www\WEBSIOT admin\images\cta-bg.jpg --> ecommerce.nivor.my.id /var/www/smartcity.sija/WEBSIOT_ADMIN/images cta-bg.jpg
2024.04.18 10:10 B C:\laragon\www\WEBSIOT admin\images\dashboard_full_2.png --> ecommerce.nivor.my.id /var/www/smartcity.sija/WEBSIOT_ADMIN/images dashboard_full_2.png
2024.04.18 10:11 B C:\laragon\www\WEBSIOT admin\images\dashboard_full_3.png --> ecommerce.nivor.my.id /var/www/smartcity.sija/WEBSIOT_ADMIN/images dashboard_full_3.png
2024.04.18 10:11 B C:\laragon\www\WEBSIOT admin\images\favicon.png --> ecommerce.nivor.my.id /var/www/smartcity.sija/WEBSIOT_ADMIN/images favicon.png
2024.04.18 10:11 B C:\laragon\www\WEBSIOT admin\images\hero-img.png --> ecommerce.nivor.my.id /var/www/smartcity.sija/WEBSIOT_ADMIN/images hero-img.png
2024.04.18 10:11 B C:\laragon\www\WEBSIOT admin\images\hm1.png --> ecommerce.nivor.my.id /var/www/smartcity.sija/WEBSIOT_ADMIN/images hm1.png
2024.04.18 10:11 B C:\laragon\www\WEBSIOT admin\images\image_1.jpg --> ecommerce.nivor.my.id /var/www/smartcity.sija/WEBSIOT_ADMIN/images image_1.jpg
2024.04.18 10:11 B C:\laragon\www\WEBSIOT admin\images\image_2.jpg --> ecommerce.nivor.my.id /var/www/smartcity.sija/WEBSIOT_ADMIN/images image_2.jpg
2024.04.18 10:11 B C:\laragon\www\WEBSIOT admin\images\image_3.jpg --> ecommerce.nivor.my.id /var/www/smartcity.sija/WEBSIOT_ADMIN/images image_3.jpg
2024.04.18 10:11 B C:\laragon\www\WEBSIOT admin\images\image_4.jpg --> ecommerce.nivor.my.id /var/www/smartcity.sija/WEBSIOT_ADMIN/images image_4.jpg
2024.04.18 10:11 B C:\laragon\www\WEBSIOT admin\images\image_5.jpg --> ecommerce.nivor.my.id /var/www/smartcity.sija/WEBSIOT_ADMIN/images image_5.jpg
2024.04.18 10:11 B C:\laragon\www\WEBSIOT admin\images\image_6.jpg --> ecommerce.nivor.my.id /var/www/smartcity.sija/WEBSIOT_ADMIN/images image_6.jpg
2024.04.18 10:11 B C:\laragon\www\WEBSIOT admin\images\ind1.jpg --> ecommerce.nivor.my.id /var/www/smartcity.sija/WEBSIOT_ADMIN/images ind1.jpg
2024.04.18 10:11 B C:\laragon\www\WEBSIOT admin\images\kk1.jpg --> ecommerce.nivor.my.id /var/www/smartcity.sija/WEBSIOT_ADMIN/images kk1.jpg
2024.04.18 10:11 B C:\laragon\www\WEBSIOT admin\images\laptop.jpg --> ecommerce.nivor.my.id /var/www/smartcity.sija/WEBSIOT_ADMIN/images laptop.jpg
2024.04.18 10:11 B C:\laragon\www\WEBSIOT admin\images\loc.png --> ecommerce.nivor.my.id /var/www/smartcity.sija/WEBSIOT_ADMIN/images loc.png
2024.04.18 10:11 B C:\laragon\www\WEBSIOT admin\images\Logo Sija (1).PNG --> ecommerce.nivor.my.id /var/www/smartcity.sija/WEBSIOT_ADMIN/images Logo Sija (1).PNG
2024.04.18 10:11 B C:\laragon\www\WEBSIOT admin\images\Logo Sija (2).PNG --> ecommerce.nivor.my.id /var/www/smartcity.sija/WEBSIOT_ADMIN/images Logo Sija (2).PNG
2024.04.18 10:11 B C:\laragon\www\WEBSIOT admin\images\person2.jpeg --> ecommerce.nivor.my.id /var/www/smartcity.sija/WEBSIOT_ADMIN/images person2.jpeg
2024.04.18 10:11 B C:\laragon\www\WEBSIOT admin\images\person3.JPG --> ecommerce.nivor.my.id /var/www/smartcity.sija/WEBSIOT_ADMIN/images person3.JPG
2024.04.18 10:11 B C:\laragon\www\WEBSIOT admin\images\person5.JPG --> ecommerce.nivor.my.id /var/www/smartcity.sija/WEBSIOT_ADMIN/images person5.JPG
2024.04.18 10:11 B C:\laragon\www\WEBSIOT admin\images\sesar.jpeg --> ecommerce.nivor.my.id /var/www/smartcity.sija/WEBSIOT_ADMIN/images sesar.jpeg
2024.04.18 10:11 B C:\laragon\www\WEBSIOT admin\images\skills.png --> ecommerce.nivor.my.id /var/www/smartcity.sija/WEBSIOT_ADMIN/images skills.png
2024.04.18 10:11 B C:\laragon\www\WEBSIOT admin\images\smartcity.png --> ecommerce.nivor.my.id /var/www/smartcity.sija/WEBSIOT_ADMIN/images smartcity.png
2024.04.18 10:11 B C:\laragon\www\WEBSIOT admin\images\smarthome.png --> ecommerce.nivor.my.id /var/www/smartcity.sija/WEBSIOT_ADMIN/images smarthome.png
2024.04.18 10:11 B C:\laragon\www\WEBSIOT admin\images\Suhu.png --> ecommerce.nivor.my.id /var/www/smartcity.sija/WEBSIOT_ADMIN/images Suhu.png
2024.04.18 10:11 B C:\laragon\www\WEBSIOT admin\images\why-us.png --> ecommerce.nivor.my.id /var/www/smartcity.sija/WEBSIOT_ADMIN/images why-us.png
2024.04.18 10:11 B C:\laragon\www\WEBSIOT admin\images\work-1.jpg --> ecommerce.nivor.my.id /var/www/smartcity.sija/WEBSIOT_ADMIN/images work-1.jpg
2024.04.18 10:11 B C:\laragon\www\WEBSIOT admin\images\work-2.jpg --> ecommerce.nivor.my.id /var/www/smartcity.sija/WEBSIOT_ADMIN/images work-2.jpg
2024.04.18 10:11 B C:\laragon\www\WEBSIOT admin\images\work-3.jpg --> ecommerce.nivor.my.id /var/www/smartcity.sija/WEBSIOT_ADMIN/images work-3.jpg
2024.04.18 10:11 B C:\laragon\www\WEBSIOT admin\images\work-4.jpg --> ecommerce.nivor.my.id /var/www/smartcity.sija/WEBSIOT_ADMIN/images work-4.jpg
2024.04.18 10:11 B C:\laragon\www\WEBSIOT admin\images\work-5.jpg --> ecommerce.nivor.my.id /var/www/smartcity.sija/WEBSIOT_ADMIN/images work-5.jpg
2024.04.18 10:11 B C:\laragon\www\WEBSIOT admin\images\work-6.jpg --> ecommerce.nivor.my.id /var/www/smartcity.sija/WEBSIOT_ADMIN/images work-6.jpg
2024.05.17 13:12 B C:\laragon\www\WEBSIOT_ADMIN\images\WS_FTP.LOG <-- Caevan /var/www/smartcity.sija/WEBSIOT_ADMIN/images WS_FTP.LOG
