2024.03.27 13:46 B C:\PROJECT 2024\Project\fonts\ionicons\css\_ionicons.scss --> ecommerce.nivor.my.id /var/www/smartcity.sija/Project/fonts/ionicons/css _ionicons.scss
2024.03.27 13:46 B C:\PROJECT 2024\Project\fonts\ionicons\css\ionicons.min.css --> ecommerce.nivor.my.id /var/www/smartcity.sija/Project/fonts/ionicons/css ionicons.min.css
2024.03.27 16:41 B C:\Project\fonts\ionicons\css\WS_FTP.LOG <-- Ipswitch /var/www/smartcity.sija/Project/fonts/ionicons/css WS_FTP.LOG
2024.03.30 16:17 B C:\laragon\www\WEBSIOT\fonts\ionicons\css\_ionicons.scss --> ecommerce.nivor.my.id /home/caevan/wordpress/WEBSIOT/fonts/ionicons/css _ionicons.scss
2024.03.30 16:17 B C:\laragon\www\WEBSIOT\fonts\ionicons\css\ionicons.min.css --> ecommerce.nivor.my.id /home/caevan/wordpress/WEBSIOT/fonts/ionicons/css ionicons.min.css
2024.03.30 16:17 B C:\laragon\www\WEBSIOT\fonts\ionicons\css\WS_FTP.LOG --> ecommerce.nivor.my.id /home/caevan/wordpress/WEBSIOT/fonts/ionicons/css WS_FTP.LOG
2024.04.03 08:41 B C:\laragon\www\WEBSIOT\fonts\ionicons\css\_ionicons.scss --> ecommerce.nivor.my.id /var/www/smartcity.sija/WEBSIOT/fonts/ionicons/css _ionicons.scss
2024.04.03 08:41 B C:\laragon\www\WEBSIOT\fonts\ionicons\css\ionicons.min.css --> ecommerce.nivor.my.id /var/www/smartcity.sija/WEBSIOT/fonts/ionicons/css ionicons.min.css
2024.04.03 08:41 B C:\laragon\www\WEBSIOT\fonts\ionicons\css\WS_FTP.LOG --> ecommerce.nivor.my.id /var/www/smartcity.sija/WEBSIOT/fonts/ionicons/css WS_FTP.LOG
2024.04.03 09:09 B C:\laragon\www\WEBSIOT\fonts\ionicons\css\_ionicons.scss --> ecommerce.nivor.my.id /var/www/smartcity.sija/fonts/ionicons/css _ionicons.scss
2024.04.03 09:09 B C:\laragon\www\WEBSIOT\fonts\ionicons\css\ionicons.min.css --> ecommerce.nivor.my.id /var/www/smartcity.sija/fonts/ionicons/css ionicons.min.css
2024.04.03 09:09 B C:\laragon\www\WEBSIOT\fonts\ionicons\css\WS_FTP.LOG --> ecommerce.nivor.my.id /var/www/smartcity.sija/fonts/ionicons/css WS_FTP.LOG
2024.04.04 08:22 B C:\laragon\www\WEBSIOT\fonts\ionicons\css\_ionicons.scss --> ecommerce.nivor.my.id /var/www/smartcity.sija/fonts/ionicons/css _ionicons.scss
2024.04.04 08:22 B C:\laragon\www\WEBSIOT\fonts\ionicons\css\ionicons.min.css --> ecommerce.nivor.my.id /var/www/smartcity.sija/fonts/ionicons/css ionicons.min.css
2024.04.04 08:22 B C:\laragon\www\WEBSIOT\fonts\ionicons\css\WS_FTP.LOG --> ecommerce.nivor.my.id /var/www/smartcity.sija/fonts/ionicons/css WS_FTP.LOG
2024.04.04 11:56 B C:\laragon\www\WEBSIOT\fonts\ionicons\css\_ionicons.scss --> ecommerce.nivor.my.id /var/www/smartcity.sija/WEBSIOT/fonts/ionicons/css _ionicons.scss
2024.04.04 11:56 B C:\laragon\www\WEBSIOT\fonts\ionicons\css\ionicons.min.css --> ecommerce.nivor.my.id /var/www/smartcity.sija/WEBSIOT/fonts/ionicons/css ionicons.min.css
2024.04.04 11:56 B C:\laragon\www\WEBSIOT\fonts\ionicons\css\WS_FTP.LOG --> ecommerce.nivor.my.id /var/www/smartcity.sija/WEBSIOT/fonts/ionicons/css WS_FTP.LOG
2024.04.05 09:18 B C:\laragon\www\WEBSIOT\fonts\ionicons\css\_ionicons.scss --> ecommerce.nivor.my.id /var/www/smartcity.sija/WEBSIOT/fonts/ionicons/css _ionicons.scss
2024.04.05 09:18 B C:\laragon\www\WEBSIOT\fonts\ionicons\css\ionicons.min.css --> ecommerce.nivor.my.id /var/www/smartcity.sija/WEBSIOT/fonts/ionicons/css ionicons.min.css
2024.04.05 09:18 B C:\laragon\www\WEBSIOT\fonts\ionicons\css\WS_FTP.LOG --> ecommerce.nivor.my.id /var/www/smartcity.sija/WEBSIOT/fonts/ionicons/css WS_FTP.LOG
2024.04.05 09:27 B C:\laragon\www\WEBSIOT\fonts\ionicons\css\_ionicons.scss --> ecommerce.nivor.my.id /var/www/smartcity.sija/fonts/ionicons/css _ionicons.scss
2024.04.05 09:27 B C:\laragon\www\WEBSIOT\fonts\ionicons\css\ionicons.min.css --> ecommerce.nivor.my.id /var/www/smartcity.sija/fonts/ionicons/css ionicons.min.css
2024.04.05 09:27 B C:\laragon\www\WEBSIOT\fonts\ionicons\css\WS_FTP.LOG --> ecommerce.nivor.my.id /var/www/smartcity.sija/fonts/ionicons/css WS_FTP.LOG
2024.04.07 17:12 B C:\laragon\www\WEBSIOT\fonts\ionicons\css\_ionicons.scss --> ecommerce.nivor.my.id /var/www/smartcity.sija/fonts/ionicons/css _ionicons.scss
2024.04.07 17:12 B C:\laragon\www\WEBSIOT\fonts\ionicons\css\ionicons.min.css --> ecommerce.nivor.my.id /var/www/smartcity.sija/fonts/ionicons/css ionicons.min.css
2024.04.07 17:12 B C:\laragon\www\WEBSIOT\fonts\ionicons\css\WS_FTP.LOG --> ecommerce.nivor.my.id /var/www/smartcity.sija/fonts/ionicons/css WS_FTP.LOG
2024.04.18 07:17 B C:\laragon\www\WEBSIOT\fonts\ionicons\css\_ionicons.scss --> ecommerce.nivor.my.id /var/www/smartcity.sija/fonts/ionicons/css _ionicons.scss
2024.04.18 07:17 B C:\laragon\www\WEBSIOT\fonts\ionicons\css\ionicons.min.css --> ecommerce.nivor.my.id /var/www/smartcity.sija/fonts/ionicons/css ionicons.min.css
2024.04.18 07:17 B C:\laragon\www\WEBSIOT\fonts\ionicons\css\WS_FTP.LOG --> ecommerce.nivor.my.id /var/www/smartcity.sija/fonts/ionicons/css WS_FTP.LOG
2024.04.18 10:09 B C:\laragon\www\WEBSIOT admin\fonts\ionicons\css\_ionicons.scss --> ecommerce.nivor.my.id /var/www/smartcity.sija/WEBSIOT_ADMIN/fonts/ionicons/css _ionicons.scss
2024.04.18 10:09 B C:\laragon\www\WEBSIOT admin\fonts\ionicons\css\ionicons.min.css --> ecommerce.nivor.my.id /var/www/smartcity.sija/WEBSIOT_ADMIN/fonts/ionicons/css ionicons.min.css
2024.05.17 13:12 B C:\laragon\www\WEBSIOT_ADMIN\fonts\ionicons\css\WS_FTP.LOG <-- Caevan /var/www/smartcity.sija/WEBSIOT_ADMIN/fonts/ionicons/css WS_FTP.LOG
