2024.03.27 13:47 B C:\PROJECT 2024\Project\scss\bootstrap\_alert.scss --> ecommerce.nivor.my.id /var/www/smartcity.sija/Project/scss/bootstrap _alert.scss
2024.03.27 13:47 B C:\PROJECT 2024\Project\scss\bootstrap\_badge.scss --> ecommerce.nivor.my.id /var/www/smartcity.sija/Project/scss/bootstrap _badge.scss
2024.03.27 13:47 B C:\PROJECT 2024\Project\scss\bootstrap\_breadcrumb.scss --> ecommerce.nivor.my.id /var/www/smartcity.sija/Project/scss/bootstrap _breadcrumb.scss
2024.03.27 13:47 B C:\PROJECT 2024\Project\scss\bootstrap\_button-group.scss --> ecommerce.nivor.my.id /var/www/smartcity.sija/Project/scss/bootstrap _button-group.scss
2024.03.27 13:47 B C:\PROJECT 2024\Project\scss\bootstrap\_buttons.scss --> ecommerce.nivor.my.id /var/www/smartcity.sija/Project/scss/bootstrap _buttons.scss
2024.03.27 13:47 B C:\PROJECT 2024\Project\scss\bootstrap\_card.scss --> ecommerce.nivor.my.id /var/www/smartcity.sija/Project/scss/bootstrap _card.scss
2024.03.27 13:47 B C:\PROJECT 2024\Project\scss\bootstrap\_carousel.scss --> ecommerce.nivor.my.id /var/www/smartcity.sija/Project/scss/bootstrap _carousel.scss
2024.03.27 13:47 B C:\PROJECT 2024\Project\scss\bootstrap\_close.scss --> ecommerce.nivor.my.id /var/www/smartcity.sija/Project/scss/bootstrap _close.scss
2024.03.27 13:47 B C:\PROJECT 2024\Project\scss\bootstrap\_code.scss --> ecommerce.nivor.my.id /var/www/smartcity.sija/Project/scss/bootstrap _code.scss
2024.03.27 13:47 B C:\PROJECT 2024\Project\scss\bootstrap\_custom-forms.scss --> ecommerce.nivor.my.id /var/www/smartcity.sija/Project/scss/bootstrap _custom-forms.scss
2024.03.27 13:47 B C:\PROJECT 2024\Project\scss\bootstrap\_dropdown.scss --> ecommerce.nivor.my.id /var/www/smartcity.sija/Project/scss/bootstrap _dropdown.scss
2024.03.27 13:47 B C:\PROJECT 2024\Project\scss\bootstrap\_forms.scss --> ecommerce.nivor.my.id /var/www/smartcity.sija/Project/scss/bootstrap _forms.scss
2024.03.27 13:47 B C:\PROJECT 2024\Project\scss\bootstrap\_functions.scss --> ecommerce.nivor.my.id /var/www/smartcity.sija/Project/scss/bootstrap _functions.scss
2024.03.27 13:47 B C:\PROJECT 2024\Project\scss\bootstrap\_grid.scss --> ecommerce.nivor.my.id /var/www/smartcity.sija/Project/scss/bootstrap _grid.scss
2024.03.27 13:47 B C:\PROJECT 2024\Project\scss\bootstrap\_images.scss --> ecommerce.nivor.my.id /var/www/smartcity.sija/Project/scss/bootstrap _images.scss
2024.03.27 13:47 B C:\PROJECT 2024\Project\scss\bootstrap\_input-group.scss --> ecommerce.nivor.my.id /var/www/smartcity.sija/Project/scss/bootstrap _input-group.scss
2024.03.27 13:47 B C:\PROJECT 2024\Project\scss\bootstrap\_jumbotron.scss --> ecommerce.nivor.my.id /var/www/smartcity.sija/Project/scss/bootstrap _jumbotron.scss
2024.03.27 13:47 B C:\PROJECT 2024\Project\scss\bootstrap\_list-group.scss --> ecommerce.nivor.my.id /var/www/smartcity.sija/Project/scss/bootstrap _list-group.scss
2024.03.27 13:47 B C:\PROJECT 2024\Project\scss\bootstrap\_media.scss --> ecommerce.nivor.my.id /var/www/smartcity.sija/Project/scss/bootstrap _media.scss
2024.03.27 13:47 B C:\PROJECT 2024\Project\scss\bootstrap\_mixins.scss --> ecommerce.nivor.my.id /var/www/smartcity.sija/Project/scss/bootstrap _mixins.scss
2024.03.27 13:47 B C:\PROJECT 2024\Project\scss\bootstrap\_modal.scss --> ecommerce.nivor.my.id /var/www/smartcity.sija/Project/scss/bootstrap _modal.scss
2024.03.27 13:47 B C:\PROJECT 2024\Project\scss\bootstrap\_nav.scss --> ecommerce.nivor.my.id /var/www/smartcity.sija/Project/scss/bootstrap _nav.scss
2024.03.27 13:47 B C:\PROJECT 2024\Project\scss\bootstrap\_navbar.scss --> ecommerce.nivor.my.id /var/www/smartcity.sija/Project/scss/bootstrap _navbar.scss
2024.03.27 13:47 B C:\PROJECT 2024\Project\scss\bootstrap\_pagination.scss --> ecommerce.nivor.my.id /var/www/smartcity.sija/Project/scss/bootstrap _pagination.scss
2024.03.27 13:47 B C:\PROJECT 2024\Project\scss\bootstrap\_popover.scss --> ecommerce.nivor.my.id /var/www/smartcity.sija/Project/scss/bootstrap _popover.scss
2024.03.27 13:47 B C:\PROJECT 2024\Project\scss\bootstrap\_print.scss --> ecommerce.nivor.my.id /var/www/smartcity.sija/Project/scss/bootstrap _print.scss
2024.03.27 13:47 B C:\PROJECT 2024\Project\scss\bootstrap\_progress.scss --> ecommerce.nivor.my.id /var/www/smartcity.sija/Project/scss/bootstrap _progress.scss
2024.03.27 13:47 B C:\PROJECT 2024\Project\scss\bootstrap\_reboot.scss --> ecommerce.nivor.my.id /var/www/smartcity.sija/Project/scss/bootstrap _reboot.scss
2024.03.27 13:47 B C:\PROJECT 2024\Project\scss\bootstrap\_root.scss --> ecommerce.nivor.my.id /var/www/smartcity.sija/Project/scss/bootstrap _root.scss
2024.03.27 13:47 B C:\PROJECT 2024\Project\scss\bootstrap\_tables.scss --> ecommerce.nivor.my.id /var/www/smartcity.sija/Project/scss/bootstrap _tables.scss
2024.03.27 13:47 B C:\PROJECT 2024\Project\scss\bootstrap\_tooltip.scss --> ecommerce.nivor.my.id /var/www/smartcity.sija/Project/scss/bootstrap _tooltip.scss
2024.03.27 13:47 B C:\PROJECT 2024\Project\scss\bootstrap\_transitions.scss --> ecommerce.nivor.my.id /var/www/smartcity.sija/Project/scss/bootstrap _transitions.scss
2024.03.27 13:47 B C:\PROJECT 2024\Project\scss\bootstrap\_type.scss --> ecommerce.nivor.my.id /var/www/smartcity.sija/Project/scss/bootstrap _type.scss
2024.03.27 13:47 B C:\PROJECT 2024\Project\scss\bootstrap\_utilities.scss --> ecommerce.nivor.my.id /var/www/smartcity.sija/Project/scss/bootstrap _utilities.scss
2024.03.27 13:47 B C:\PROJECT 2024\Project\scss\bootstrap\_variables.scss --> ecommerce.nivor.my.id /var/www/smartcity.sija/Project/scss/bootstrap _variables.scss
2024.03.27 13:47 B C:\PROJECT 2024\Project\scss\bootstrap\bootstrap-grid.scss --> ecommerce.nivor.my.id /var/www/smartcity.sija/Project/scss/bootstrap bootstrap-grid.scss
2024.03.27 13:47 B C:\PROJECT 2024\Project\scss\bootstrap\bootstrap-reboot.scss --> ecommerce.nivor.my.id /var/www/smartcity.sija/Project/scss/bootstrap bootstrap-reboot.scss
2024.03.27 13:47 B C:\PROJECT 2024\Project\scss\bootstrap\bootstrap.scss --> ecommerce.nivor.my.id /var/www/smartcity.sija/Project/scss/bootstrap bootstrap.scss
2024.03.27 16:43 B C:\Project\scss\bootstrap\WS_FTP.LOG <-- Ipswitch /var/www/smartcity.sija/Project/scss/bootstrap WS_FTP.LOG
2024.03.30 16:19 B C:\laragon\www\WEBSIOT\scss\bootstrap\_alert.scss --> ecommerce.nivor.my.id /home/caevan/wordpress/WEBSIOT/scss/bootstrap _alert.scss
2024.03.30 16:19 B C:\laragon\www\WEBSIOT\scss\bootstrap\_badge.scss --> ecommerce.nivor.my.id /home/caevan/wordpress/WEBSIOT/scss/bootstrap _badge.scss
2024.03.30 16:19 B C:\laragon\www\WEBSIOT\scss\bootstrap\_breadcrumb.scss --> ecommerce.nivor.my.id /home/caevan/wordpress/WEBSIOT/scss/bootstrap _breadcrumb.scss
2024.03.30 16:19 B C:\laragon\www\WEBSIOT\scss\bootstrap\_button-group.scss --> ecommerce.nivor.my.id /home/caevan/wordpress/WEBSIOT/scss/bootstrap _button-group.scss
2024.03.30 16:19 B C:\laragon\www\WEBSIOT\scss\bootstrap\_buttons.scss --> ecommerce.nivor.my.id /home/caevan/wordpress/WEBSIOT/scss/bootstrap _buttons.scss
2024.03.30 16:19 B C:\laragon\www\WEBSIOT\scss\bootstrap\_card.scss --> ecommerce.nivor.my.id /home/caevan/wordpress/WEBSIOT/scss/bootstrap _card.scss
2024.03.30 16:19 B C:\laragon\www\WEBSIOT\scss\bootstrap\_carousel.scss --> ecommerce.nivor.my.id /home/caevan/wordpress/WEBSIOT/scss/bootstrap _carousel.scss
2024.03.30 16:19 B C:\laragon\www\WEBSIOT\scss\bootstrap\_close.scss --> ecommerce.nivor.my.id /home/caevan/wordpress/WEBSIOT/scss/bootstrap _close.scss
2024.03.30 16:19 B C:\laragon\www\WEBSIOT\scss\bootstrap\_code.scss --> ecommerce.nivor.my.id /home/caevan/wordpress/WEBSIOT/scss/bootstrap _code.scss
2024.03.30 16:19 B C:\laragon\www\WEBSIOT\scss\bootstrap\_custom-forms.scss --> ecommerce.nivor.my.id /home/caevan/wordpress/WEBSIOT/scss/bootstrap _custom-forms.scss
2024.03.30 16:19 B C:\laragon\www\WEBSIOT\scss\bootstrap\_dropdown.scss --> ecommerce.nivor.my.id /home/caevan/wordpress/WEBSIOT/scss/bootstrap _dropdown.scss
2024.03.30 16:19 B C:\laragon\www\WEBSIOT\scss\bootstrap\_forms.scss --> ecommerce.nivor.my.id /home/caevan/wordpress/WEBSIOT/scss/bootstrap _forms.scss
2024.03.30 16:19 B C:\laragon\www\WEBSIOT\scss\bootstrap\_functions.scss --> ecommerce.nivor.my.id /home/caevan/wordpress/WEBSIOT/scss/bootstrap _functions.scss
2024.03.30 16:19 B C:\laragon\www\WEBSIOT\scss\bootstrap\_grid.scss --> ecommerce.nivor.my.id /home/caevan/wordpress/WEBSIOT/scss/bootstrap _grid.scss
2024.03.30 16:19 B C:\laragon\www\WEBSIOT\scss\bootstrap\_images.scss --> ecommerce.nivor.my.id /home/caevan/wordpress/WEBSIOT/scss/bootstrap _images.scss
2024.03.30 16:19 B C:\laragon\www\WEBSIOT\scss\bootstrap\_input-group.scss --> ecommerce.nivor.my.id /home/caevan/wordpress/WEBSIOT/scss/bootstrap _input-group.scss
2024.03.30 16:19 B C:\laragon\www\WEBSIOT\scss\bootstrap\_jumbotron.scss --> ecommerce.nivor.my.id /home/caevan/wordpress/WEBSIOT/scss/bootstrap _jumbotron.scss
2024.03.30 16:19 B C:\laragon\www\WEBSIOT\scss\bootstrap\_list-group.scss --> ecommerce.nivor.my.id /home/caevan/wordpress/WEBSIOT/scss/bootstrap _list-group.scss
2024.03.30 16:19 B C:\laragon\www\WEBSIOT\scss\bootstrap\_media.scss --> ecommerce.nivor.my.id /home/caevan/wordpress/WEBSIOT/scss/bootstrap _media.scss
2024.03.30 16:19 B C:\laragon\www\WEBSIOT\scss\bootstrap\_mixins.scss --> ecommerce.nivor.my.id /home/caevan/wordpress/WEBSIOT/scss/bootstrap _mixins.scss
2024.03.30 16:19 B C:\laragon\www\WEBSIOT\scss\bootstrap\_modal.scss --> ecommerce.nivor.my.id /home/caevan/wordpress/WEBSIOT/scss/bootstrap _modal.scss
2024.03.30 16:19 B C:\laragon\www\WEBSIOT\scss\bootstrap\_nav.scss --> ecommerce.nivor.my.id /home/caevan/wordpress/WEBSIOT/scss/bootstrap _nav.scss
2024.03.30 16:19 B C:\laragon\www\WEBSIOT\scss\bootstrap\_navbar.scss --> ecommerce.nivor.my.id /home/caevan/wordpress/WEBSIOT/scss/bootstrap _navbar.scss
2024.03.30 16:19 B C:\laragon\www\WEBSIOT\scss\bootstrap\_pagination.scss --> ecommerce.nivor.my.id /home/caevan/wordpress/WEBSIOT/scss/bootstrap _pagination.scss
2024.03.30 16:19 B C:\laragon\www\WEBSIOT\scss\bootstrap\_popover.scss --> ecommerce.nivor.my.id /home/caevan/wordpress/WEBSIOT/scss/bootstrap _popover.scss
2024.03.30 16:19 B C:\laragon\www\WEBSIOT\scss\bootstrap\_print.scss --> ecommerce.nivor.my.id /home/caevan/wordpress/WEBSIOT/scss/bootstrap _print.scss
2024.03.30 16:19 B C:\laragon\www\WEBSIOT\scss\bootstrap\_progress.scss --> ecommerce.nivor.my.id /home/caevan/wordpress/WEBSIOT/scss/bootstrap _progress.scss
2024.03.30 16:19 B C:\laragon\www\WEBSIOT\scss\bootstrap\_reboot.scss --> ecommerce.nivor.my.id /home/caevan/wordpress/WEBSIOT/scss/bootstrap _reboot.scss
2024.03.30 16:19 B C:\laragon\www\WEBSIOT\scss\bootstrap\_root.scss --> ecommerce.nivor.my.id /home/caevan/wordpress/WEBSIOT/scss/bootstrap _root.scss
2024.03.30 16:19 B C:\laragon\www\WEBSIOT\scss\bootstrap\_tables.scss --> ecommerce.nivor.my.id /home/caevan/wordpress/WEBSIOT/scss/bootstrap _tables.scss
2024.03.30 16:19 B C:\laragon\www\WEBSIOT\scss\bootstrap\_tooltip.scss --> ecommerce.nivor.my.id /home/caevan/wordpress/WEBSIOT/scss/bootstrap _tooltip.scss
2024.03.30 16:19 B C:\laragon\www\WEBSIOT\scss\bootstrap\_transitions.scss --> ecommerce.nivor.my.id /home/caevan/wordpress/WEBSIOT/scss/bootstrap _transitions.scss
2024.03.30 16:19 B C:\laragon\www\WEBSIOT\scss\bootstrap\_type.scss --> ecommerce.nivor.my.id /home/caevan/wordpress/WEBSIOT/scss/bootstrap _type.scss
2024.03.30 16:19 B C:\laragon\www\WEBSIOT\scss\bootstrap\_utilities.scss --> ecommerce.nivor.my.id /home/caevan/wordpress/WEBSIOT/scss/bootstrap _utilities.scss
2024.03.30 16:19 B C:\laragon\www\WEBSIOT\scss\bootstrap\_variables.scss --> ecommerce.nivor.my.id /home/caevan/wordpress/WEBSIOT/scss/bootstrap _variables.scss
2024.03.30 16:19 B C:\laragon\www\WEBSIOT\scss\bootstrap\bootstrap-grid.scss --> ecommerce.nivor.my.id /home/caevan/wordpress/WEBSIOT/scss/bootstrap bootstrap-grid.scss
2024.03.30 16:19 B C:\laragon\www\WEBSIOT\scss\bootstrap\bootstrap-reboot.scss --> ecommerce.nivor.my.id /home/caevan/wordpress/WEBSIOT/scss/bootstrap bootstrap-reboot.scss
2024.03.30 16:19 B C:\laragon\www\WEBSIOT\scss\bootstrap\bootstrap.scss --> ecommerce.nivor.my.id /home/caevan/wordpress/WEBSIOT/scss/bootstrap bootstrap.scss
2024.03.30 16:19 B C:\laragon\www\WEBSIOT\scss\bootstrap\WS_FTP.LOG --> ecommerce.nivor.my.id /home/caevan/wordpress/WEBSIOT/scss/bootstrap WS_FTP.LOG
2024.04.03 08:45 B C:\laragon\www\WEBSIOT\scss\bootstrap\_alert.scss --> ecommerce.nivor.my.id /var/www/smartcity.sija/WEBSIOT/scss/bootstrap _alert.scss
2024.04.03 08:45 B C:\laragon\www\WEBSIOT\scss\bootstrap\_badge.scss --> ecommerce.nivor.my.id /var/www/smartcity.sija/WEBSIOT/scss/bootstrap _badge.scss
2024.04.03 08:45 B C:\laragon\www\WEBSIOT\scss\bootstrap\_breadcrumb.scss --> ecommerce.nivor.my.id /var/www/smartcity.sija/WEBSIOT/scss/bootstrap _breadcrumb.scss
2024.04.03 08:45 B C:\laragon\www\WEBSIOT\scss\bootstrap\_button-group.scss --> ecommerce.nivor.my.id /var/www/smartcity.sija/WEBSIOT/scss/bootstrap _button-group.scss
2024.04.03 08:45 B C:\laragon\www\WEBSIOT\scss\bootstrap\_buttons.scss --> ecommerce.nivor.my.id /var/www/smartcity.sija/WEBSIOT/scss/bootstrap _buttons.scss
2024.04.03 08:45 B C:\laragon\www\WEBSIOT\scss\bootstrap\_card.scss --> ecommerce.nivor.my.id /var/www/smartcity.sija/WEBSIOT/scss/bootstrap _card.scss
2024.04.03 08:45 B C:\laragon\www\WEBSIOT\scss\bootstrap\_carousel.scss --> ecommerce.nivor.my.id /var/www/smartcity.sija/WEBSIOT/scss/bootstrap _carousel.scss
2024.04.03 08:45 B C:\laragon\www\WEBSIOT\scss\bootstrap\_close.scss --> ecommerce.nivor.my.id /var/www/smartcity.sija/WEBSIOT/scss/bootstrap _close.scss
2024.04.03 08:45 B C:\laragon\www\WEBSIOT\scss\bootstrap\_code.scss --> ecommerce.nivor.my.id /var/www/smartcity.sija/WEBSIOT/scss/bootstrap _code.scss
2024.04.03 08:45 B C:\laragon\www\WEBSIOT\scss\bootstrap\_custom-forms.scss --> ecommerce.nivor.my.id /var/www/smartcity.sija/WEBSIOT/scss/bootstrap _custom-forms.scss
2024.04.03 08:45 B C:\laragon\www\WEBSIOT\scss\bootstrap\_dropdown.scss --> ecommerce.nivor.my.id /var/www/smartcity.sija/WEBSIOT/scss/bootstrap _dropdown.scss
2024.04.03 08:45 B C:\laragon\www\WEBSIOT\scss\bootstrap\_forms.scss --> ecommerce.nivor.my.id /var/www/smartcity.sija/WEBSIOT/scss/bootstrap _forms.scss
2024.04.03 08:45 B C:\laragon\www\WEBSIOT\scss\bootstrap\_functions.scss --> ecommerce.nivor.my.id /var/www/smartcity.sija/WEBSIOT/scss/bootstrap _functions.scss
2024.04.03 08:45 B C:\laragon\www\WEBSIOT\scss\bootstrap\_grid.scss --> ecommerce.nivor.my.id /var/www/smartcity.sija/WEBSIOT/scss/bootstrap _grid.scss
2024.04.03 08:45 B C:\laragon\www\WEBSIOT\scss\bootstrap\_images.scss --> ecommerce.nivor.my.id /var/www/smartcity.sija/WEBSIOT/scss/bootstrap _images.scss
2024.04.03 08:45 B C:\laragon\www\WEBSIOT\scss\bootstrap\_input-group.scss --> ecommerce.nivor.my.id /var/www/smartcity.sija/WEBSIOT/scss/bootstrap _input-group.scss
2024.04.03 08:45 B C:\laragon\www\WEBSIOT\scss\bootstrap\_jumbotron.scss --> ecommerce.nivor.my.id /var/www/smartcity.sija/WEBSIOT/scss/bootstrap _jumbotron.scss
2024.04.03 08:45 B C:\laragon\www\WEBSIOT\scss\bootstrap\_list-group.scss --> ecommerce.nivor.my.id /var/www/smartcity.sija/WEBSIOT/scss/bootstrap _list-group.scss
2024.04.03 08:45 B C:\laragon\www\WEBSIOT\scss\bootstrap\_media.scss --> ecommerce.nivor.my.id /var/www/smartcity.sija/WEBSIOT/scss/bootstrap _media.scss
2024.04.03 08:45 B C:\laragon\www\WEBSIOT\scss\bootstrap\_mixins.scss --> ecommerce.nivor.my.id /var/www/smartcity.sija/WEBSIOT/scss/bootstrap _mixins.scss
2024.04.03 08:45 B C:\laragon\www\WEBSIOT\scss\bootstrap\_modal.scss --> ecommerce.nivor.my.id /var/www/smartcity.sija/WEBSIOT/scss/bootstrap _modal.scss
2024.04.03 08:45 B C:\laragon\www\WEBSIOT\scss\bootstrap\_nav.scss --> ecommerce.nivor.my.id /var/www/smartcity.sija/WEBSIOT/scss/bootstrap _nav.scss
2024.04.03 08:45 B C:\laragon\www\WEBSIOT\scss\bootstrap\_navbar.scss --> ecommerce.nivor.my.id /var/www/smartcity.sija/WEBSIOT/scss/bootstrap _navbar.scss
2024.04.03 08:45 B C:\laragon\www\WEBSIOT\scss\bootstrap\_pagination.scss --> ecommerce.nivor.my.id /var/www/smartcity.sija/WEBSIOT/scss/bootstrap _pagination.scss
2024.04.03 08:45 B C:\laragon\www\WEBSIOT\scss\bootstrap\_popover.scss --> ecommerce.nivor.my.id /var/www/smartcity.sija/WEBSIOT/scss/bootstrap _popover.scss
2024.04.03 08:45 B C:\laragon\www\WEBSIOT\scss\bootstrap\_print.scss --> ecommerce.nivor.my.id /var/www/smartcity.sija/WEBSIOT/scss/bootstrap _print.scss
2024.04.03 08:45 B C:\laragon\www\WEBSIOT\scss\bootstrap\_progress.scss --> ecommerce.nivor.my.id /var/www/smartcity.sija/WEBSIOT/scss/bootstrap _progress.scss
2024.04.03 08:45 B C:\laragon\www\WEBSIOT\scss\bootstrap\_reboot.scss --> ecommerce.nivor.my.id /var/www/smartcity.sija/WEBSIOT/scss/bootstrap _reboot.scss
2024.04.03 08:45 B C:\laragon\www\WEBSIOT\scss\bootstrap\_root.scss --> ecommerce.nivor.my.id /var/www/smartcity.sija/WEBSIOT/scss/bootstrap _root.scss
2024.04.03 08:45 B C:\laragon\www\WEBSIOT\scss\bootstrap\_tables.scss --> ecommerce.nivor.my.id /var/www/smartcity.sija/WEBSIOT/scss/bootstrap _tables.scss
2024.04.03 08:45 B C:\laragon\www\WEBSIOT\scss\bootstrap\_tooltip.scss --> ecommerce.nivor.my.id /var/www/smartcity.sija/WEBSIOT/scss/bootstrap _tooltip.scss
2024.04.03 08:45 B C:\laragon\www\WEBSIOT\scss\bootstrap\_transitions.scss --> ecommerce.nivor.my.id /var/www/smartcity.sija/WEBSIOT/scss/bootstrap _transitions.scss
2024.04.03 08:46 B C:\laragon\www\WEBSIOT\scss\bootstrap\_type.scss --> ecommerce.nivor.my.id /var/www/smartcity.sija/WEBSIOT/scss/bootstrap _type.scss
2024.04.03 08:46 B C:\laragon\www\WEBSIOT\scss\bootstrap\_utilities.scss --> ecommerce.nivor.my.id /var/www/smartcity.sija/WEBSIOT/scss/bootstrap _utilities.scss
2024.04.03 08:46 B C:\laragon\www\WEBSIOT\scss\bootstrap\_variables.scss --> ecommerce.nivor.my.id /var/www/smartcity.sija/WEBSIOT/scss/bootstrap _variables.scss
2024.04.03 08:46 B C:\laragon\www\WEBSIOT\scss\bootstrap\bootstrap-grid.scss --> ecommerce.nivor.my.id /var/www/smartcity.sija/WEBSIOT/scss/bootstrap bootstrap-grid.scss
2024.04.03 08:46 B C:\laragon\www\WEBSIOT\scss\bootstrap\bootstrap-reboot.scss --> ecommerce.nivor.my.id /var/www/smartcity.sija/WEBSIOT/scss/bootstrap bootstrap-reboot.scss
2024.04.03 08:46 B C:\laragon\www\WEBSIOT\scss\bootstrap\bootstrap.scss --> ecommerce.nivor.my.id /var/www/smartcity.sija/WEBSIOT/scss/bootstrap bootstrap.scss
2024.04.03 08:46 B C:\laragon\www\WEBSIOT\scss\bootstrap\WS_FTP.LOG --> ecommerce.nivor.my.id /var/www/smartcity.sija/WEBSIOT/scss/bootstrap WS_FTP.LOG
2024.04.03 09:11 B C:\laragon\www\WEBSIOT\scss\bootstrap\_alert.scss --> ecommerce.nivor.my.id /var/www/smartcity.sija/scss/bootstrap _alert.scss
2024.04.03 09:11 B C:\laragon\www\WEBSIOT\scss\bootstrap\_badge.scss --> ecommerce.nivor.my.id /var/www/smartcity.sija/scss/bootstrap _badge.scss
2024.04.03 09:11 B C:\laragon\www\WEBSIOT\scss\bootstrap\_breadcrumb.scss --> ecommerce.nivor.my.id /var/www/smartcity.sija/scss/bootstrap _breadcrumb.scss
2024.04.03 09:11 B C:\laragon\www\WEBSIOT\scss\bootstrap\_button-group.scss --> ecommerce.nivor.my.id /var/www/smartcity.sija/scss/bootstrap _button-group.scss
2024.04.03 09:11 B C:\laragon\www\WEBSIOT\scss\bootstrap\_buttons.scss --> ecommerce.nivor.my.id /var/www/smartcity.sija/scss/bootstrap _buttons.scss
2024.04.03 09:11 B C:\laragon\www\WEBSIOT\scss\bootstrap\_card.scss --> ecommerce.nivor.my.id /var/www/smartcity.sija/scss/bootstrap _card.scss
2024.04.03 09:11 B C:\laragon\www\WEBSIOT\scss\bootstrap\_carousel.scss --> ecommerce.nivor.my.id /var/www/smartcity.sija/scss/bootstrap _carousel.scss
2024.04.03 09:11 B C:\laragon\www\WEBSIOT\scss\bootstrap\_close.scss --> ecommerce.nivor.my.id /var/www/smartcity.sija/scss/bootstrap _close.scss
2024.04.03 09:11 B C:\laragon\www\WEBSIOT\scss\bootstrap\_code.scss --> ecommerce.nivor.my.id /var/www/smartcity.sija/scss/bootstrap _code.scss
2024.04.03 09:11 B C:\laragon\www\WEBSIOT\scss\bootstrap\_custom-forms.scss --> ecommerce.nivor.my.id /var/www/smartcity.sija/scss/bootstrap _custom-forms.scss
2024.04.03 09:11 B C:\laragon\www\WEBSIOT\scss\bootstrap\_dropdown.scss --> ecommerce.nivor.my.id /var/www/smartcity.sija/scss/bootstrap _dropdown.scss
2024.04.03 09:11 B C:\laragon\www\WEBSIOT\scss\bootstrap\_forms.scss --> ecommerce.nivor.my.id /var/www/smartcity.sija/scss/bootstrap _forms.scss
2024.04.03 09:11 B C:\laragon\www\WEBSIOT\scss\bootstrap\_functions.scss --> ecommerce.nivor.my.id /var/www/smartcity.sija/scss/bootstrap _functions.scss
2024.04.03 09:11 B C:\laragon\www\WEBSIOT\scss\bootstrap\_grid.scss --> ecommerce.nivor.my.id /var/www/smartcity.sija/scss/bootstrap _grid.scss
2024.04.03 09:11 B C:\laragon\www\WEBSIOT\scss\bootstrap\_images.scss --> ecommerce.nivor.my.id /var/www/smartcity.sija/scss/bootstrap _images.scss
2024.04.03 09:11 B C:\laragon\www\WEBSIOT\scss\bootstrap\_input-group.scss --> ecommerce.nivor.my.id /var/www/smartcity.sija/scss/bootstrap _input-group.scss
2024.04.03 09:11 B C:\laragon\www\WEBSIOT\scss\bootstrap\_jumbotron.scss --> ecommerce.nivor.my.id /var/www/smartcity.sija/scss/bootstrap _jumbotron.scss
2024.04.03 09:11 B C:\laragon\www\WEBSIOT\scss\bootstrap\_list-group.scss --> ecommerce.nivor.my.id /var/www/smartcity.sija/scss/bootstrap _list-group.scss
2024.04.03 09:11 B C:\laragon\www\WEBSIOT\scss\bootstrap\_media.scss --> ecommerce.nivor.my.id /var/www/smartcity.sija/scss/bootstrap _media.scss
2024.04.03 09:11 B C:\laragon\www\WEBSIOT\scss\bootstrap\_mixins.scss --> ecommerce.nivor.my.id /var/www/smartcity.sija/scss/bootstrap _mixins.scss
2024.04.03 09:11 B C:\laragon\www\WEBSIOT\scss\bootstrap\_modal.scss --> ecommerce.nivor.my.id /var/www/smartcity.sija/scss/bootstrap _modal.scss
2024.04.03 09:11 B C:\laragon\www\WEBSIOT\scss\bootstrap\_nav.scss --> ecommerce.nivor.my.id /var/www/smartcity.sija/scss/bootstrap _nav.scss
2024.04.03 09:12 B C:\laragon\www\WEBSIOT\scss\bootstrap\_navbar.scss --> ecommerce.nivor.my.id /var/www/smartcity.sija/scss/bootstrap _navbar.scss
2024.04.03 09:12 B C:\laragon\www\WEBSIOT\scss\bootstrap\_pagination.scss --> ecommerce.nivor.my.id /var/www/smartcity.sija/scss/bootstrap _pagination.scss
2024.04.03 09:12 B C:\laragon\www\WEBSIOT\scss\bootstrap\_popover.scss --> ecommerce.nivor.my.id /var/www/smartcity.sija/scss/bootstrap _popover.scss
2024.04.03 09:12 B C:\laragon\www\WEBSIOT\scss\bootstrap\_print.scss --> ecommerce.nivor.my.id /var/www/smartcity.sija/scss/bootstrap _print.scss
2024.04.03 09:12 B C:\laragon\www\WEBSIOT\scss\bootstrap\_progress.scss --> ecommerce.nivor.my.id /var/www/smartcity.sija/scss/bootstrap _progress.scss
2024.04.03 09:12 B C:\laragon\www\WEBSIOT\scss\bootstrap\_reboot.scss --> ecommerce.nivor.my.id /var/www/smartcity.sija/scss/bootstrap _reboot.scss
2024.04.03 09:12 B C:\laragon\www\WEBSIOT\scss\bootstrap\_root.scss --> ecommerce.nivor.my.id /var/www/smartcity.sija/scss/bootstrap _root.scss
2024.04.03 09:12 B C:\laragon\www\WEBSIOT\scss\bootstrap\_tables.scss --> ecommerce.nivor.my.id /var/www/smartcity.sija/scss/bootstrap _tables.scss
2024.04.03 09:12 B C:\laragon\www\WEBSIOT\scss\bootstrap\_tooltip.scss --> ecommerce.nivor.my.id /var/www/smartcity.sija/scss/bootstrap _tooltip.scss
2024.04.03 09:12 B C:\laragon\www\WEBSIOT\scss\bootstrap\_transitions.scss --> ecommerce.nivor.my.id /var/www/smartcity.sija/scss/bootstrap _transitions.scss
2024.04.03 09:12 B C:\laragon\www\WEBSIOT\scss\bootstrap\_type.scss --> ecommerce.nivor.my.id /var/www/smartcity.sija/scss/bootstrap _type.scss
2024.04.03 09:12 B C:\laragon\www\WEBSIOT\scss\bootstrap\_utilities.scss --> ecommerce.nivor.my.id /var/www/smartcity.sija/scss/bootstrap _utilities.scss
2024.04.03 09:12 B C:\laragon\www\WEBSIOT\scss\bootstrap\_variables.scss --> ecommerce.nivor.my.id /var/www/smartcity.sija/scss/bootstrap _variables.scss
2024.04.03 09:12 B C:\laragon\www\WEBSIOT\scss\bootstrap\bootstrap-grid.scss --> ecommerce.nivor.my.id /var/www/smartcity.sija/scss/bootstrap bootstrap-grid.scss
2024.04.03 09:12 B C:\laragon\www\WEBSIOT\scss\bootstrap\bootstrap-reboot.scss --> ecommerce.nivor.my.id /var/www/smartcity.sija/scss/bootstrap bootstrap-reboot.scss
2024.04.03 09:12 B C:\laragon\www\WEBSIOT\scss\bootstrap\bootstrap.scss --> ecommerce.nivor.my.id /var/www/smartcity.sija/scss/bootstrap bootstrap.scss
2024.04.03 09:12 B C:\laragon\www\WEBSIOT\scss\bootstrap\WS_FTP.LOG --> ecommerce.nivor.my.id /var/www/smartcity.sija/scss/bootstrap WS_FTP.LOG
2024.04.04 08:24 B C:\laragon\www\WEBSIOT\scss\bootstrap\_alert.scss --> ecommerce.nivor.my.id /var/www/smartcity.sija/scss/bootstrap _alert.scss
2024.04.04 08:24 B C:\laragon\www\WEBSIOT\scss\bootstrap\_badge.scss --> ecommerce.nivor.my.id /var/www/smartcity.sija/scss/bootstrap _badge.scss
2024.04.04 08:24 B C:\laragon\www\WEBSIOT\scss\bootstrap\_breadcrumb.scss --> ecommerce.nivor.my.id /var/www/smartcity.sija/scss/bootstrap _breadcrumb.scss
2024.04.04 08:24 B C:\laragon\www\WEBSIOT\scss\bootstrap\_button-group.scss --> ecommerce.nivor.my.id /var/www/smartcity.sija/scss/bootstrap _button-group.scss
2024.04.04 08:24 B C:\laragon\www\WEBSIOT\scss\bootstrap\_buttons.scss --> ecommerce.nivor.my.id /var/www/smartcity.sija/scss/bootstrap _buttons.scss
2024.04.04 08:24 B C:\laragon\www\WEBSIOT\scss\bootstrap\_card.scss --> ecommerce.nivor.my.id /var/www/smartcity.sija/scss/bootstrap _card.scss
2024.04.04 08:24 B C:\laragon\www\WEBSIOT\scss\bootstrap\_carousel.scss --> ecommerce.nivor.my.id /var/www/smartcity.sija/scss/bootstrap _carousel.scss
2024.04.04 08:24 B C:\laragon\www\WEBSIOT\scss\bootstrap\_close.scss --> ecommerce.nivor.my.id /var/www/smartcity.sija/scss/bootstrap _close.scss
2024.04.04 08:24 B C:\laragon\www\WEBSIOT\scss\bootstrap\_code.scss --> ecommerce.nivor.my.id /var/www/smartcity.sija/scss/bootstrap _code.scss
2024.04.04 08:24 B C:\laragon\www\WEBSIOT\scss\bootstrap\_custom-forms.scss --> ecommerce.nivor.my.id /var/www/smartcity.sija/scss/bootstrap _custom-forms.scss
2024.04.04 08:24 B C:\laragon\www\WEBSIOT\scss\bootstrap\_dropdown.scss --> ecommerce.nivor.my.id /var/www/smartcity.sija/scss/bootstrap _dropdown.scss
2024.04.04 08:24 B C:\laragon\www\WEBSIOT\scss\bootstrap\_forms.scss --> ecommerce.nivor.my.id /var/www/smartcity.sija/scss/bootstrap _forms.scss
2024.04.04 08:24 B C:\laragon\www\WEBSIOT\scss\bootstrap\_functions.scss --> ecommerce.nivor.my.id /var/www/smartcity.sija/scss/bootstrap _functions.scss
2024.04.04 08:24 B C:\laragon\www\WEBSIOT\scss\bootstrap\_grid.scss --> ecommerce.nivor.my.id /var/www/smartcity.sija/scss/bootstrap _grid.scss
2024.04.04 08:24 B C:\laragon\www\WEBSIOT\scss\bootstrap\_images.scss --> ecommerce.nivor.my.id /var/www/smartcity.sija/scss/bootstrap _images.scss
2024.04.04 08:24 B C:\laragon\www\WEBSIOT\scss\bootstrap\_input-group.scss --> ecommerce.nivor.my.id /var/www/smartcity.sija/scss/bootstrap _input-group.scss
2024.04.04 08:24 B C:\laragon\www\WEBSIOT\scss\bootstrap\_jumbotron.scss --> ecommerce.nivor.my.id /var/www/smartcity.sija/scss/bootstrap _jumbotron.scss
2024.04.04 08:24 B C:\laragon\www\WEBSIOT\scss\bootstrap\_list-group.scss --> ecommerce.nivor.my.id /var/www/smartcity.sija/scss/bootstrap _list-group.scss
2024.04.04 08:24 B C:\laragon\www\WEBSIOT\scss\bootstrap\_media.scss --> ecommerce.nivor.my.id /var/www/smartcity.sija/scss/bootstrap _media.scss
2024.04.04 08:24 B C:\laragon\www\WEBSIOT\scss\bootstrap\_mixins.scss --> ecommerce.nivor.my.id /var/www/smartcity.sija/scss/bootstrap _mixins.scss
2024.04.04 08:24 B C:\laragon\www\WEBSIOT\scss\bootstrap\_modal.scss --> ecommerce.nivor.my.id /var/www/smartcity.sija/scss/bootstrap _modal.scss
2024.04.04 08:24 B C:\laragon\www\WEBSIOT\scss\bootstrap\_nav.scss --> ecommerce.nivor.my.id /var/www/smartcity.sija/scss/bootstrap _nav.scss
2024.04.04 08:24 B C:\laragon\www\WEBSIOT\scss\bootstrap\_navbar.scss --> ecommerce.nivor.my.id /var/www/smartcity.sija/scss/bootstrap _navbar.scss
2024.04.04 08:24 B C:\laragon\www\WEBSIOT\scss\bootstrap\_pagination.scss --> ecommerce.nivor.my.id /var/www/smartcity.sija/scss/bootstrap _pagination.scss
2024.04.04 08:24 B C:\laragon\www\WEBSIOT\scss\bootstrap\_popover.scss --> ecommerce.nivor.my.id /var/www/smartcity.sija/scss/bootstrap _popover.scss
2024.04.04 08:24 B C:\laragon\www\WEBSIOT\scss\bootstrap\_print.scss --> ecommerce.nivor.my.id /var/www/smartcity.sija/scss/bootstrap _print.scss
2024.04.04 08:24 B C:\laragon\www\WEBSIOT\scss\bootstrap\_progress.scss --> ecommerce.nivor.my.id /var/www/smartcity.sija/scss/bootstrap _progress.scss
2024.04.04 08:24 B C:\laragon\www\WEBSIOT\scss\bootstrap\_reboot.scss --> ecommerce.nivor.my.id /var/www/smartcity.sija/scss/bootstrap _reboot.scss
2024.04.04 08:24 B C:\laragon\www\WEBSIOT\scss\bootstrap\_root.scss --> ecommerce.nivor.my.id /var/www/smartcity.sija/scss/bootstrap _root.scss
2024.04.04 08:25 B C:\laragon\www\WEBSIOT\scss\bootstrap\_tables.scss --> ecommerce.nivor.my.id /var/www/smartcity.sija/scss/bootstrap _tables.scss
2024.04.04 08:25 B C:\laragon\www\WEBSIOT\scss\bootstrap\_tooltip.scss --> ecommerce.nivor.my.id /var/www/smartcity.sija/scss/bootstrap _tooltip.scss
2024.04.04 08:25 B C:\laragon\www\WEBSIOT\scss\bootstrap\_transitions.scss --> ecommerce.nivor.my.id /var/www/smartcity.sija/scss/bootstrap _transitions.scss
2024.04.04 08:25 B C:\laragon\www\WEBSIOT\scss\bootstrap\_type.scss --> ecommerce.nivor.my.id /var/www/smartcity.sija/scss/bootstrap _type.scss
2024.04.04 08:25 B C:\laragon\www\WEBSIOT\scss\bootstrap\_utilities.scss --> ecommerce.nivor.my.id /var/www/smartcity.sija/scss/bootstrap _utilities.scss
2024.04.04 08:25 B C:\laragon\www\WEBSIOT\scss\bootstrap\_variables.scss --> ecommerce.nivor.my.id /var/www/smartcity.sija/scss/bootstrap _variables.scss
2024.04.04 08:25 B C:\laragon\www\WEBSIOT\scss\bootstrap\bootstrap-grid.scss --> ecommerce.nivor.my.id /var/www/smartcity.sija/scss/bootstrap bootstrap-grid.scss
2024.04.04 08:25 B C:\laragon\www\WEBSIOT\scss\bootstrap\bootstrap-reboot.scss --> ecommerce.nivor.my.id /var/www/smartcity.sija/scss/bootstrap bootstrap-reboot.scss
2024.04.04 08:25 B C:\laragon\www\WEBSIOT\scss\bootstrap\bootstrap.scss --> ecommerce.nivor.my.id /var/www/smartcity.sija/scss/bootstrap bootstrap.scss
2024.04.04 08:25 B C:\laragon\www\WEBSIOT\scss\bootstrap\WS_FTP.LOG --> ecommerce.nivor.my.id /var/www/smartcity.sija/scss/bootstrap WS_FTP.LOG
2024.04.04 11:59 B C:\laragon\www\WEBSIOT\scss\bootstrap\_alert.scss --> ecommerce.nivor.my.id /var/www/smartcity.sija/WEBSIOT/scss/bootstrap _alert.scss
2024.04.04 11:59 B C:\laragon\www\WEBSIOT\scss\bootstrap\_badge.scss --> ecommerce.nivor.my.id /var/www/smartcity.sija/WEBSIOT/scss/bootstrap _badge.scss
2024.04.04 11:59 B C:\laragon\www\WEBSIOT\scss\bootstrap\_breadcrumb.scss --> ecommerce.nivor.my.id /var/www/smartcity.sija/WEBSIOT/scss/bootstrap _breadcrumb.scss
2024.04.04 11:59 B C:\laragon\www\WEBSIOT\scss\bootstrap\_button-group.scss --> ecommerce.nivor.my.id /var/www/smartcity.sija/WEBSIOT/scss/bootstrap _button-group.scss
2024.04.04 11:59 B C:\laragon\www\WEBSIOT\scss\bootstrap\_buttons.scss --> ecommerce.nivor.my.id /var/www/smartcity.sija/WEBSIOT/scss/bootstrap _buttons.scss
2024.04.04 11:59 B C:\laragon\www\WEBSIOT\scss\bootstrap\_card.scss --> ecommerce.nivor.my.id /var/www/smartcity.sija/WEBSIOT/scss/bootstrap _card.scss
2024.04.04 11:59 B C:\laragon\www\WEBSIOT\scss\bootstrap\_carousel.scss --> ecommerce.nivor.my.id /var/www/smartcity.sija/WEBSIOT/scss/bootstrap _carousel.scss
2024.04.04 11:59 B C:\laragon\www\WEBSIOT\scss\bootstrap\_close.scss --> ecommerce.nivor.my.id /var/www/smartcity.sija/WEBSIOT/scss/bootstrap _close.scss
2024.04.04 11:59 B C:\laragon\www\WEBSIOT\scss\bootstrap\_code.scss --> ecommerce.nivor.my.id /var/www/smartcity.sija/WEBSIOT/scss/bootstrap _code.scss
2024.04.04 11:59 B C:\laragon\www\WEBSIOT\scss\bootstrap\_custom-forms.scss --> ecommerce.nivor.my.id /var/www/smartcity.sija/WEBSIOT/scss/bootstrap _custom-forms.scss
2024.04.04 11:59 B C:\laragon\www\WEBSIOT\scss\bootstrap\_dropdown.scss --> ecommerce.nivor.my.id /var/www/smartcity.sija/WEBSIOT/scss/bootstrap _dropdown.scss
2024.04.04 11:59 B C:\laragon\www\WEBSIOT\scss\bootstrap\_forms.scss --> ecommerce.nivor.my.id /var/www/smartcity.sija/WEBSIOT/scss/bootstrap _forms.scss
2024.04.04 11:59 B C:\laragon\www\WEBSIOT\scss\bootstrap\_functions.scss --> ecommerce.nivor.my.id /var/www/smartcity.sija/WEBSIOT/scss/bootstrap _functions.scss
2024.04.04 11:59 B C:\laragon\www\WEBSIOT\scss\bootstrap\_grid.scss --> ecommerce.nivor.my.id /var/www/smartcity.sija/WEBSIOT/scss/bootstrap _grid.scss
2024.04.04 11:59 B C:\laragon\www\WEBSIOT\scss\bootstrap\_images.scss --> ecommerce.nivor.my.id /var/www/smartcity.sija/WEBSIOT/scss/bootstrap _images.scss
2024.04.04 11:59 B C:\laragon\www\WEBSIOT\scss\bootstrap\_input-group.scss --> ecommerce.nivor.my.id /var/www/smartcity.sija/WEBSIOT/scss/bootstrap _input-group.scss
2024.04.04 11:59 B C:\laragon\www\WEBSIOT\scss\bootstrap\_jumbotron.scss --> ecommerce.nivor.my.id /var/www/smartcity.sija/WEBSIOT/scss/bootstrap _jumbotron.scss
2024.04.04 11:59 B C:\laragon\www\WEBSIOT\scss\bootstrap\_list-group.scss --> ecommerce.nivor.my.id /var/www/smartcity.sija/WEBSIOT/scss/bootstrap _list-group.scss
2024.04.04 11:59 B C:\laragon\www\WEBSIOT\scss\bootstrap\_media.scss --> ecommerce.nivor.my.id /var/www/smartcity.sija/WEBSIOT/scss/bootstrap _media.scss
2024.04.04 11:59 B C:\laragon\www\WEBSIOT\scss\bootstrap\_mixins.scss --> ecommerce.nivor.my.id /var/www/smartcity.sija/WEBSIOT/scss/bootstrap _mixins.scss
2024.04.04 11:59 B C:\laragon\www\WEBSIOT\scss\bootstrap\_modal.scss --> ecommerce.nivor.my.id /var/www/smartcity.sija/WEBSIOT/scss/bootstrap _modal.scss
2024.04.04 11:59 B C:\laragon\www\WEBSIOT\scss\bootstrap\_nav.scss --> ecommerce.nivor.my.id /var/www/smartcity.sija/WEBSIOT/scss/bootstrap _nav.scss
2024.04.04 11:59 B C:\laragon\www\WEBSIOT\scss\bootstrap\_navbar.scss --> ecommerce.nivor.my.id /var/www/smartcity.sija/WEBSIOT/scss/bootstrap _navbar.scss
2024.04.04 11:59 B C:\laragon\www\WEBSIOT\scss\bootstrap\_pagination.scss --> ecommerce.nivor.my.id /var/www/smartcity.sija/WEBSIOT/scss/bootstrap _pagination.scss
2024.04.04 11:59 B C:\laragon\www\WEBSIOT\scss\bootstrap\_popover.scss --> ecommerce.nivor.my.id /var/www/smartcity.sija/WEBSIOT/scss/bootstrap _popover.scss
2024.04.04 11:59 B C:\laragon\www\WEBSIOT\scss\bootstrap\_print.scss --> ecommerce.nivor.my.id /var/www/smartcity.sija/WEBSIOT/scss/bootstrap _print.scss
2024.04.04 11:59 B C:\laragon\www\WEBSIOT\scss\bootstrap\_progress.scss --> ecommerce.nivor.my.id /var/www/smartcity.sija/WEBSIOT/scss/bootstrap _progress.scss
2024.04.04 11:59 B C:\laragon\www\WEBSIOT\scss\bootstrap\_reboot.scss --> ecommerce.nivor.my.id /var/www/smartcity.sija/WEBSIOT/scss/bootstrap _reboot.scss
2024.04.04 11:59 B C:\laragon\www\WEBSIOT\scss\bootstrap\_root.scss --> ecommerce.nivor.my.id /var/www/smartcity.sija/WEBSIOT/scss/bootstrap _root.scss
2024.04.04 11:59 B C:\laragon\www\WEBSIOT\scss\bootstrap\_tables.scss --> ecommerce.nivor.my.id /var/www/smartcity.sija/WEBSIOT/scss/bootstrap _tables.scss
2024.04.04 11:59 B C:\laragon\www\WEBSIOT\scss\bootstrap\_tooltip.scss --> ecommerce.nivor.my.id /var/www/smartcity.sija/WEBSIOT/scss/bootstrap _tooltip.scss
2024.04.04 11:59 B C:\laragon\www\WEBSIOT\scss\bootstrap\_transitions.scss --> ecommerce.nivor.my.id /var/www/smartcity.sija/WEBSIOT/scss/bootstrap _transitions.scss
2024.04.04 11:59 B C:\laragon\www\WEBSIOT\scss\bootstrap\_type.scss --> ecommerce.nivor.my.id /var/www/smartcity.sija/WEBSIOT/scss/bootstrap _type.scss
2024.04.04 11:59 B C:\laragon\www\WEBSIOT\scss\bootstrap\_utilities.scss --> ecommerce.nivor.my.id /var/www/smartcity.sija/WEBSIOT/scss/bootstrap _utilities.scss
2024.04.04 11:59 B C:\laragon\www\WEBSIOT\scss\bootstrap\_variables.scss --> ecommerce.nivor.my.id /var/www/smartcity.sija/WEBSIOT/scss/bootstrap _variables.scss
2024.04.04 11:59 B C:\laragon\www\WEBSIOT\scss\bootstrap\bootstrap-grid.scss --> ecommerce.nivor.my.id /var/www/smartcity.sija/WEBSIOT/scss/bootstrap bootstrap-grid.scss
2024.04.04 11:59 B C:\laragon\www\WEBSIOT\scss\bootstrap\bootstrap-reboot.scss --> ecommerce.nivor.my.id /var/www/smartcity.sija/WEBSIOT/scss/bootstrap bootstrap-reboot.scss
2024.04.04 11:59 B C:\laragon\www\WEBSIOT\scss\bootstrap\bootstrap.scss --> ecommerce.nivor.my.id /var/www/smartcity.sija/WEBSIOT/scss/bootstrap bootstrap.scss
2024.04.04 11:59 B C:\laragon\www\WEBSIOT\scss\bootstrap\WS_FTP.LOG --> ecommerce.nivor.my.id /var/www/smartcity.sija/WEBSIOT/scss/bootstrap WS_FTP.LOG
2024.04.05 09:20 B C:\laragon\www\WEBSIOT\scss\bootstrap\_alert.scss --> ecommerce.nivor.my.id /var/www/smartcity.sija/WEBSIOT/scss/bootstrap _alert.scss
2024.04.05 09:20 B C:\laragon\www\WEBSIOT\scss\bootstrap\_badge.scss --> ecommerce.nivor.my.id /var/www/smartcity.sija/WEBSIOT/scss/bootstrap _badge.scss
2024.04.05 09:20 B C:\laragon\www\WEBSIOT\scss\bootstrap\_breadcrumb.scss --> ecommerce.nivor.my.id /var/www/smartcity.sija/WEBSIOT/scss/bootstrap _breadcrumb.scss
2024.04.05 09:20 B C:\laragon\www\WEBSIOT\scss\bootstrap\_button-group.scss --> ecommerce.nivor.my.id /var/www/smartcity.sija/WEBSIOT/scss/bootstrap _button-group.scss
2024.04.05 09:20 B C:\laragon\www\WEBSIOT\scss\bootstrap\_buttons.scss --> ecommerce.nivor.my.id /var/www/smartcity.sija/WEBSIOT/scss/bootstrap _buttons.scss
2024.04.05 09:20 B C:\laragon\www\WEBSIOT\scss\bootstrap\_card.scss --> ecommerce.nivor.my.id /var/www/smartcity.sija/WEBSIOT/scss/bootstrap _card.scss
2024.04.05 09:20 B C:\laragon\www\WEBSIOT\scss\bootstrap\_carousel.scss --> ecommerce.nivor.my.id /var/www/smartcity.sija/WEBSIOT/scss/bootstrap _carousel.scss
2024.04.05 09:20 B C:\laragon\www\WEBSIOT\scss\bootstrap\_close.scss --> ecommerce.nivor.my.id /var/www/smartcity.sija/WEBSIOT/scss/bootstrap _close.scss
2024.04.05 09:20 B C:\laragon\www\WEBSIOT\scss\bootstrap\_code.scss --> ecommerce.nivor.my.id /var/www/smartcity.sija/WEBSIOT/scss/bootstrap _code.scss
2024.04.05 09:20 B C:\laragon\www\WEBSIOT\scss\bootstrap\_custom-forms.scss --> ecommerce.nivor.my.id /var/www/smartcity.sija/WEBSIOT/scss/bootstrap _custom-forms.scss
2024.04.05 09:20 B C:\laragon\www\WEBSIOT\scss\bootstrap\_dropdown.scss --> ecommerce.nivor.my.id /var/www/smartcity.sija/WEBSIOT/scss/bootstrap _dropdown.scss
2024.04.05 09:20 B C:\laragon\www\WEBSIOT\scss\bootstrap\_forms.scss --> ecommerce.nivor.my.id /var/www/smartcity.sija/WEBSIOT/scss/bootstrap _forms.scss
2024.04.05 09:20 B C:\laragon\www\WEBSIOT\scss\bootstrap\_functions.scss --> ecommerce.nivor.my.id /var/www/smartcity.sija/WEBSIOT/scss/bootstrap _functions.scss
2024.04.05 09:20 B C:\laragon\www\WEBSIOT\scss\bootstrap\_grid.scss --> ecommerce.nivor.my.id /var/www/smartcity.sija/WEBSIOT/scss/bootstrap _grid.scss
2024.04.05 09:20 B C:\laragon\www\WEBSIOT\scss\bootstrap\_images.scss --> ecommerce.nivor.my.id /var/www/smartcity.sija/WEBSIOT/scss/bootstrap _images.scss
2024.04.05 09:20 B C:\laragon\www\WEBSIOT\scss\bootstrap\_input-group.scss --> ecommerce.nivor.my.id /var/www/smartcity.sija/WEBSIOT/scss/bootstrap _input-group.scss
2024.04.05 09:20 B C:\laragon\www\WEBSIOT\scss\bootstrap\_jumbotron.scss --> ecommerce.nivor.my.id /var/www/smartcity.sija/WEBSIOT/scss/bootstrap _jumbotron.scss
2024.04.05 09:20 B C:\laragon\www\WEBSIOT\scss\bootstrap\_list-group.scss --> ecommerce.nivor.my.id /var/www/smartcity.sija/WEBSIOT/scss/bootstrap _list-group.scss
2024.04.05 09:20 B C:\laragon\www\WEBSIOT\scss\bootstrap\_media.scss --> ecommerce.nivor.my.id /var/www/smartcity.sija/WEBSIOT/scss/bootstrap _media.scss
2024.04.05 09:20 B C:\laragon\www\WEBSIOT\scss\bootstrap\_mixins.scss --> ecommerce.nivor.my.id /var/www/smartcity.sija/WEBSIOT/scss/bootstrap _mixins.scss
2024.04.05 09:20 B C:\laragon\www\WEBSIOT\scss\bootstrap\_modal.scss --> ecommerce.nivor.my.id /var/www/smartcity.sija/WEBSIOT/scss/bootstrap _modal.scss
2024.04.05 09:20 B C:\laragon\www\WEBSIOT\scss\bootstrap\_nav.scss --> ecommerce.nivor.my.id /var/www/smartcity.sija/WEBSIOT/scss/bootstrap _nav.scss
2024.04.05 09:20 B C:\laragon\www\WEBSIOT\scss\bootstrap\_navbar.scss --> ecommerce.nivor.my.id /var/www/smartcity.sija/WEBSIOT/scss/bootstrap _navbar.scss
2024.04.05 09:20 B C:\laragon\www\WEBSIOT\scss\bootstrap\_pagination.scss --> ecommerce.nivor.my.id /var/www/smartcity.sija/WEBSIOT/scss/bootstrap _pagination.scss
2024.04.05 09:20 B C:\laragon\www\WEBSIOT\scss\bootstrap\_popover.scss --> ecommerce.nivor.my.id /var/www/smartcity.sija/WEBSIOT/scss/bootstrap _popover.scss
2024.04.05 09:20 B C:\laragon\www\WEBSIOT\scss\bootstrap\_print.scss --> ecommerce.nivor.my.id /var/www/smartcity.sija/WEBSIOT/scss/bootstrap _print.scss
2024.04.05 09:20 B C:\laragon\www\WEBSIOT\scss\bootstrap\_progress.scss --> ecommerce.nivor.my.id /var/www/smartcity.sija/WEBSIOT/scss/bootstrap _progress.scss
2024.04.05 09:20 B C:\laragon\www\WEBSIOT\scss\bootstrap\_reboot.scss --> ecommerce.nivor.my.id /var/www/smartcity.sija/WEBSIOT/scss/bootstrap _reboot.scss
2024.04.05 09:20 B C:\laragon\www\WEBSIOT\scss\bootstrap\_root.scss --> ecommerce.nivor.my.id /var/www/smartcity.sija/WEBSIOT/scss/bootstrap _root.scss
2024.04.05 09:20 B C:\laragon\www\WEBSIOT\scss\bootstrap\_tables.scss --> ecommerce.nivor.my.id /var/www/smartcity.sija/WEBSIOT/scss/bootstrap _tables.scss
2024.04.05 09:20 B C:\laragon\www\WEBSIOT\scss\bootstrap\_tooltip.scss --> ecommerce.nivor.my.id /var/www/smartcity.sija/WEBSIOT/scss/bootstrap _tooltip.scss
2024.04.05 09:20 B C:\laragon\www\WEBSIOT\scss\bootstrap\_transitions.scss --> ecommerce.nivor.my.id /var/www/smartcity.sija/WEBSIOT/scss/bootstrap _transitions.scss
2024.04.05 09:20 B C:\laragon\www\WEBSIOT\scss\bootstrap\_type.scss --> ecommerce.nivor.my.id /var/www/smartcity.sija/WEBSIOT/scss/bootstrap _type.scss
2024.04.05 09:20 B C:\laragon\www\WEBSIOT\scss\bootstrap\_utilities.scss --> ecommerce.nivor.my.id /var/www/smartcity.sija/WEBSIOT/scss/bootstrap _utilities.scss
2024.04.05 09:20 B C:\laragon\www\WEBSIOT\scss\bootstrap\_variables.scss --> ecommerce.nivor.my.id /var/www/smartcity.sija/WEBSIOT/scss/bootstrap _variables.scss
2024.04.05 09:20 B C:\laragon\www\WEBSIOT\scss\bootstrap\bootstrap-grid.scss --> ecommerce.nivor.my.id /var/www/smartcity.sija/WEBSIOT/scss/bootstrap bootstrap-grid.scss
2024.04.05 09:20 B C:\laragon\www\WEBSIOT\scss\bootstrap\bootstrap-reboot.scss --> ecommerce.nivor.my.id /var/www/smartcity.sija/WEBSIOT/scss/bootstrap bootstrap-reboot.scss
2024.04.05 09:20 B C:\laragon\www\WEBSIOT\scss\bootstrap\bootstrap.scss --> ecommerce.nivor.my.id /var/www/smartcity.sija/WEBSIOT/scss/bootstrap bootstrap.scss
2024.04.05 09:20 B C:\laragon\www\WEBSIOT\scss\bootstrap\WS_FTP.LOG --> ecommerce.nivor.my.id /var/www/smartcity.sija/WEBSIOT/scss/bootstrap WS_FTP.LOG
2024.04.05 09:29 B C:\laragon\www\WEBSIOT\scss\bootstrap\_alert.scss --> ecommerce.nivor.my.id /var/www/smartcity.sija/scss/bootstrap _alert.scss
2024.04.05 09:29 B C:\laragon\www\WEBSIOT\scss\bootstrap\_badge.scss --> ecommerce.nivor.my.id /var/www/smartcity.sija/scss/bootstrap _badge.scss
2024.04.05 09:29 B C:\laragon\www\WEBSIOT\scss\bootstrap\_breadcrumb.scss --> ecommerce.nivor.my.id /var/www/smartcity.sija/scss/bootstrap _breadcrumb.scss
2024.04.05 09:29 B C:\laragon\www\WEBSIOT\scss\bootstrap\_button-group.scss --> ecommerce.nivor.my.id /var/www/smartcity.sija/scss/bootstrap _button-group.scss
2024.04.05 09:29 B C:\laragon\www\WEBSIOT\scss\bootstrap\_buttons.scss --> ecommerce.nivor.my.id /var/www/smartcity.sija/scss/bootstrap _buttons.scss
2024.04.05 09:29 B C:\laragon\www\WEBSIOT\scss\bootstrap\_card.scss --> ecommerce.nivor.my.id /var/www/smartcity.sija/scss/bootstrap _card.scss
2024.04.05 09:29 B C:\laragon\www\WEBSIOT\scss\bootstrap\_carousel.scss --> ecommerce.nivor.my.id /var/www/smartcity.sija/scss/bootstrap _carousel.scss
2024.04.05 09:29 B C:\laragon\www\WEBSIOT\scss\bootstrap\_close.scss --> ecommerce.nivor.my.id /var/www/smartcity.sija/scss/bootstrap _close.scss
2024.04.05 09:29 B C:\laragon\www\WEBSIOT\scss\bootstrap\_code.scss --> ecommerce.nivor.my.id /var/www/smartcity.sija/scss/bootstrap _code.scss
2024.04.05 09:29 B C:\laragon\www\WEBSIOT\scss\bootstrap\_custom-forms.scss --> ecommerce.nivor.my.id /var/www/smartcity.sija/scss/bootstrap _custom-forms.scss
2024.04.05 09:29 B C:\laragon\www\WEBSIOT\scss\bootstrap\_dropdown.scss --> ecommerce.nivor.my.id /var/www/smartcity.sija/scss/bootstrap _dropdown.scss
2024.04.05 09:29 B C:\laragon\www\WEBSIOT\scss\bootstrap\_forms.scss --> ecommerce.nivor.my.id /var/www/smartcity.sija/scss/bootstrap _forms.scss
2024.04.05 09:29 B C:\laragon\www\WEBSIOT\scss\bootstrap\_functions.scss --> ecommerce.nivor.my.id /var/www/smartcity.sija/scss/bootstrap _functions.scss
2024.04.05 09:29 B C:\laragon\www\WEBSIOT\scss\bootstrap\_grid.scss --> ecommerce.nivor.my.id /var/www/smartcity.sija/scss/bootstrap _grid.scss
2024.04.05 09:29 B C:\laragon\www\WEBSIOT\scss\bootstrap\_images.scss --> ecommerce.nivor.my.id /var/www/smartcity.sija/scss/bootstrap _images.scss
2024.04.05 09:29 B C:\laragon\www\WEBSIOT\scss\bootstrap\_input-group.scss --> ecommerce.nivor.my.id /var/www/smartcity.sija/scss/bootstrap _input-group.scss
2024.04.05 09:29 B C:\laragon\www\WEBSIOT\scss\bootstrap\_jumbotron.scss --> ecommerce.nivor.my.id /var/www/smartcity.sija/scss/bootstrap _jumbotron.scss
2024.04.05 09:29 B C:\laragon\www\WEBSIOT\scss\bootstrap\_list-group.scss --> ecommerce.nivor.my.id /var/www/smartcity.sija/scss/bootstrap _list-group.scss
2024.04.05 09:29 B C:\laragon\www\WEBSIOT\scss\bootstrap\_media.scss --> ecommerce.nivor.my.id /var/www/smartcity.sija/scss/bootstrap _media.scss
2024.04.05 09:29 B C:\laragon\www\WEBSIOT\scss\bootstrap\_mixins.scss --> ecommerce.nivor.my.id /var/www/smartcity.sija/scss/bootstrap _mixins.scss
2024.04.05 09:29 B C:\laragon\www\WEBSIOT\scss\bootstrap\_modal.scss --> ecommerce.nivor.my.id /var/www/smartcity.sija/scss/bootstrap _modal.scss
2024.04.05 09:30 B C:\laragon\www\WEBSIOT\scss\bootstrap\_nav.scss --> ecommerce.nivor.my.id /var/www/smartcity.sija/scss/bootstrap _nav.scss
2024.04.05 09:30 B C:\laragon\www\WEBSIOT\scss\bootstrap\_navbar.scss --> ecommerce.nivor.my.id /var/www/smartcity.sija/scss/bootstrap _navbar.scss
2024.04.05 09:30 B C:\laragon\www\WEBSIOT\scss\bootstrap\_pagination.scss --> ecommerce.nivor.my.id /var/www/smartcity.sija/scss/bootstrap _pagination.scss
2024.04.05 09:30 B C:\laragon\www\WEBSIOT\scss\bootstrap\_popover.scss --> ecommerce.nivor.my.id /var/www/smartcity.sija/scss/bootstrap _popover.scss
2024.04.05 09:30 B C:\laragon\www\WEBSIOT\scss\bootstrap\_print.scss --> ecommerce.nivor.my.id /var/www/smartcity.sija/scss/bootstrap _print.scss
2024.04.05 09:30 B C:\laragon\www\WEBSIOT\scss\bootstrap\_progress.scss --> ecommerce.nivor.my.id /var/www/smartcity.sija/scss/bootstrap _progress.scss
2024.04.05 09:30 B C:\laragon\www\WEBSIOT\scss\bootstrap\_reboot.scss --> ecommerce.nivor.my.id /var/www/smartcity.sija/scss/bootstrap _reboot.scss
2024.04.05 09:30 B C:\laragon\www\WEBSIOT\scss\bootstrap\_root.scss --> ecommerce.nivor.my.id /var/www/smartcity.sija/scss/bootstrap _root.scss
2024.04.05 09:30 B C:\laragon\www\WEBSIOT\scss\bootstrap\_tables.scss --> ecommerce.nivor.my.id /var/www/smartcity.sija/scss/bootstrap _tables.scss
2024.04.05 09:30 B C:\laragon\www\WEBSIOT\scss\bootstrap\_tooltip.scss --> ecommerce.nivor.my.id /var/www/smartcity.sija/scss/bootstrap _tooltip.scss
2024.04.05 09:30 B C:\laragon\www\WEBSIOT\scss\bootstrap\_transitions.scss --> ecommerce.nivor.my.id /var/www/smartcity.sija/scss/bootstrap _transitions.scss
2024.04.05 09:30 B C:\laragon\www\WEBSIOT\scss\bootstrap\_type.scss --> ecommerce.nivor.my.id /var/www/smartcity.sija/scss/bootstrap _type.scss
2024.04.05 09:30 B C:\laragon\www\WEBSIOT\scss\bootstrap\_utilities.scss --> ecommerce.nivor.my.id /var/www/smartcity.sija/scss/bootstrap _utilities.scss
2024.04.05 09:30 B C:\laragon\www\WEBSIOT\scss\bootstrap\_variables.scss --> ecommerce.nivor.my.id /var/www/smartcity.sija/scss/bootstrap _variables.scss
2024.04.05 09:30 B C:\laragon\www\WEBSIOT\scss\bootstrap\bootstrap-grid.scss --> ecommerce.nivor.my.id /var/www/smartcity.sija/scss/bootstrap bootstrap-grid.scss
2024.04.05 09:30 B C:\laragon\www\WEBSIOT\scss\bootstrap\bootstrap-reboot.scss --> ecommerce.nivor.my.id /var/www/smartcity.sija/scss/bootstrap bootstrap-reboot.scss
2024.04.05 09:30 B C:\laragon\www\WEBSIOT\scss\bootstrap\bootstrap.scss --> ecommerce.nivor.my.id /var/www/smartcity.sija/scss/bootstrap bootstrap.scss
2024.04.05 09:30 B C:\laragon\www\WEBSIOT\scss\bootstrap\WS_FTP.LOG --> ecommerce.nivor.my.id /var/www/smartcity.sija/scss/bootstrap WS_FTP.LOG
2024.04.07 17:14 B C:\laragon\www\WEBSIOT\scss\bootstrap\_alert.scss --> ecommerce.nivor.my.id /var/www/smartcity.sija/scss/bootstrap _alert.scss
2024.04.07 17:14 B C:\laragon\www\WEBSIOT\scss\bootstrap\_badge.scss --> ecommerce.nivor.my.id /var/www/smartcity.sija/scss/bootstrap _badge.scss
2024.04.07 17:14 B C:\laragon\www\WEBSIOT\scss\bootstrap\_breadcrumb.scss --> ecommerce.nivor.my.id /var/www/smartcity.sija/scss/bootstrap _breadcrumb.scss
2024.04.07 17:14 B C:\laragon\www\WEBSIOT\scss\bootstrap\_button-group.scss --> ecommerce.nivor.my.id /var/www/smartcity.sija/scss/bootstrap _button-group.scss
2024.04.07 17:14 B C:\laragon\www\WEBSIOT\scss\bootstrap\_buttons.scss --> ecommerce.nivor.my.id /var/www/smartcity.sija/scss/bootstrap _buttons.scss
2024.04.07 17:14 B C:\laragon\www\WEBSIOT\scss\bootstrap\_card.scss --> ecommerce.nivor.my.id /var/www/smartcity.sija/scss/bootstrap _card.scss
2024.04.07 17:14 B C:\laragon\www\WEBSIOT\scss\bootstrap\_carousel.scss --> ecommerce.nivor.my.id /var/www/smartcity.sija/scss/bootstrap _carousel.scss
2024.04.07 17:14 B C:\laragon\www\WEBSIOT\scss\bootstrap\_close.scss --> ecommerce.nivor.my.id /var/www/smartcity.sija/scss/bootstrap _close.scss
2024.04.07 17:14 B C:\laragon\www\WEBSIOT\scss\bootstrap\_code.scss --> ecommerce.nivor.my.id /var/www/smartcity.sija/scss/bootstrap _code.scss
2024.04.07 17:14 B C:\laragon\www\WEBSIOT\scss\bootstrap\_custom-forms.scss --> ecommerce.nivor.my.id /var/www/smartcity.sija/scss/bootstrap _custom-forms.scss
2024.04.07 17:14 B C:\laragon\www\WEBSIOT\scss\bootstrap\_dropdown.scss --> ecommerce.nivor.my.id /var/www/smartcity.sija/scss/bootstrap _dropdown.scss
2024.04.07 17:14 B C:\laragon\www\WEBSIOT\scss\bootstrap\_forms.scss --> ecommerce.nivor.my.id /var/www/smartcity.sija/scss/bootstrap _forms.scss
2024.04.07 17:14 B C:\laragon\www\WEBSIOT\scss\bootstrap\_functions.scss --> ecommerce.nivor.my.id /var/www/smartcity.sija/scss/bootstrap _functions.scss
2024.04.07 17:14 B C:\laragon\www\WEBSIOT\scss\bootstrap\_grid.scss --> ecommerce.nivor.my.id /var/www/smartcity.sija/scss/bootstrap _grid.scss
2024.04.07 17:14 B C:\laragon\www\WEBSIOT\scss\bootstrap\_images.scss --> ecommerce.nivor.my.id /var/www/smartcity.sija/scss/bootstrap _images.scss
2024.04.07 17:14 B C:\laragon\www\WEBSIOT\scss\bootstrap\_input-group.scss --> ecommerce.nivor.my.id /var/www/smartcity.sija/scss/bootstrap _input-group.scss
2024.04.07 17:14 B C:\laragon\www\WEBSIOT\scss\bootstrap\_jumbotron.scss --> ecommerce.nivor.my.id /var/www/smartcity.sija/scss/bootstrap _jumbotron.scss
2024.04.07 17:14 B C:\laragon\www\WEBSIOT\scss\bootstrap\_list-group.scss --> ecommerce.nivor.my.id /var/www/smartcity.sija/scss/bootstrap _list-group.scss
2024.04.07 17:14 B C:\laragon\www\WEBSIOT\scss\bootstrap\_media.scss --> ecommerce.nivor.my.id /var/www/smartcity.sija/scss/bootstrap _media.scss
2024.04.07 17:14 B C:\laragon\www\WEBSIOT\scss\bootstrap\_mixins.scss --> ecommerce.nivor.my.id /var/www/smartcity.sija/scss/bootstrap _mixins.scss
2024.04.07 17:14 B C:\laragon\www\WEBSIOT\scss\bootstrap\_modal.scss --> ecommerce.nivor.my.id /var/www/smartcity.sija/scss/bootstrap _modal.scss
2024.04.07 17:14 B C:\laragon\www\WEBSIOT\scss\bootstrap\_nav.scss --> ecommerce.nivor.my.id /var/www/smartcity.sija/scss/bootstrap _nav.scss
2024.04.07 17:14 B C:\laragon\www\WEBSIOT\scss\bootstrap\_navbar.scss --> ecommerce.nivor.my.id /var/www/smartcity.sija/scss/bootstrap _navbar.scss
2024.04.07 17:14 B C:\laragon\www\WEBSIOT\scss\bootstrap\_pagination.scss --> ecommerce.nivor.my.id /var/www/smartcity.sija/scss/bootstrap _pagination.scss
2024.04.07 17:14 B C:\laragon\www\WEBSIOT\scss\bootstrap\_popover.scss --> ecommerce.nivor.my.id /var/www/smartcity.sija/scss/bootstrap _popover.scss
2024.04.07 17:14 B C:\laragon\www\WEBSIOT\scss\bootstrap\_print.scss --> ecommerce.nivor.my.id /var/www/smartcity.sija/scss/bootstrap _print.scss
2024.04.07 17:14 B C:\laragon\www\WEBSIOT\scss\bootstrap\_progress.scss --> ecommerce.nivor.my.id /var/www/smartcity.sija/scss/bootstrap _progress.scss
2024.04.07 17:14 B C:\laragon\www\WEBSIOT\scss\bootstrap\_reboot.scss --> ecommerce.nivor.my.id /var/www/smartcity.sija/scss/bootstrap _reboot.scss
2024.04.07 17:14 B C:\laragon\www\WEBSIOT\scss\bootstrap\_root.scss --> ecommerce.nivor.my.id /var/www/smartcity.sija/scss/bootstrap _root.scss
2024.04.07 17:14 B C:\laragon\www\WEBSIOT\scss\bootstrap\_tables.scss --> ecommerce.nivor.my.id /var/www/smartcity.sija/scss/bootstrap _tables.scss
2024.04.07 17:14 B C:\laragon\www\WEBSIOT\scss\bootstrap\_tooltip.scss --> ecommerce.nivor.my.id /var/www/smartcity.sija/scss/bootstrap _tooltip.scss
2024.04.07 17:14 B C:\laragon\www\WEBSIOT\scss\bootstrap\_transitions.scss --> ecommerce.nivor.my.id /var/www/smartcity.sija/scss/bootstrap _transitions.scss
2024.04.07 17:14 B C:\laragon\www\WEBSIOT\scss\bootstrap\_type.scss --> ecommerce.nivor.my.id /var/www/smartcity.sija/scss/bootstrap _type.scss
2024.04.07 17:14 B C:\laragon\www\WEBSIOT\scss\bootstrap\_utilities.scss --> ecommerce.nivor.my.id /var/www/smartcity.sija/scss/bootstrap _utilities.scss
2024.04.07 17:14 B C:\laragon\www\WEBSIOT\scss\bootstrap\_variables.scss --> ecommerce.nivor.my.id /var/www/smartcity.sija/scss/bootstrap _variables.scss
2024.04.07 17:14 B C:\laragon\www\WEBSIOT\scss\bootstrap\bootstrap-grid.scss --> ecommerce.nivor.my.id /var/www/smartcity.sija/scss/bootstrap bootstrap-grid.scss
2024.04.07 17:14 B C:\laragon\www\WEBSIOT\scss\bootstrap\bootstrap-reboot.scss --> ecommerce.nivor.my.id /var/www/smartcity.sija/scss/bootstrap bootstrap-reboot.scss
2024.04.07 17:14 B C:\laragon\www\WEBSIOT\scss\bootstrap\bootstrap.scss --> ecommerce.nivor.my.id /var/www/smartcity.sija/scss/bootstrap bootstrap.scss
2024.04.07 17:14 B C:\laragon\www\WEBSIOT\scss\bootstrap\WS_FTP.LOG --> ecommerce.nivor.my.id /var/www/smartcity.sija/scss/bootstrap WS_FTP.LOG
2024.04.18 07:20 B C:\laragon\www\WEBSIOT\scss\bootstrap\_alert.scss --> ecommerce.nivor.my.id /var/www/smartcity.sija/scss/bootstrap _alert.scss
2024.04.18 07:20 B C:\laragon\www\WEBSIOT\scss\bootstrap\_badge.scss --> ecommerce.nivor.my.id /var/www/smartcity.sija/scss/bootstrap _badge.scss
2024.04.18 07:20 B C:\laragon\www\WEBSIOT\scss\bootstrap\_breadcrumb.scss --> ecommerce.nivor.my.id /var/www/smartcity.sija/scss/bootstrap _breadcrumb.scss
2024.04.18 07:20 B C:\laragon\www\WEBSIOT\scss\bootstrap\_button-group.scss --> ecommerce.nivor.my.id /var/www/smartcity.sija/scss/bootstrap _button-group.scss
2024.04.18 07:20 B C:\laragon\www\WEBSIOT\scss\bootstrap\_buttons.scss --> ecommerce.nivor.my.id /var/www/smartcity.sija/scss/bootstrap _buttons.scss
2024.04.18 07:20 B C:\laragon\www\WEBSIOT\scss\bootstrap\_card.scss --> ecommerce.nivor.my.id /var/www/smartcity.sija/scss/bootstrap _card.scss
2024.04.18 07:20 B C:\laragon\www\WEBSIOT\scss\bootstrap\_carousel.scss --> ecommerce.nivor.my.id /var/www/smartcity.sija/scss/bootstrap _carousel.scss
2024.04.18 07:20 B C:\laragon\www\WEBSIOT\scss\bootstrap\_close.scss --> ecommerce.nivor.my.id /var/www/smartcity.sija/scss/bootstrap _close.scss
2024.04.18 07:20 B C:\laragon\www\WEBSIOT\scss\bootstrap\_code.scss --> ecommerce.nivor.my.id /var/www/smartcity.sija/scss/bootstrap _code.scss
2024.04.18 07:20 B C:\laragon\www\WEBSIOT\scss\bootstrap\_custom-forms.scss --> ecommerce.nivor.my.id /var/www/smartcity.sija/scss/bootstrap _custom-forms.scss
2024.04.18 07:20 B C:\laragon\www\WEBSIOT\scss\bootstrap\_dropdown.scss --> ecommerce.nivor.my.id /var/www/smartcity.sija/scss/bootstrap _dropdown.scss
2024.04.18 07:20 B C:\laragon\www\WEBSIOT\scss\bootstrap\_forms.scss --> ecommerce.nivor.my.id /var/www/smartcity.sija/scss/bootstrap _forms.scss
2024.04.18 07:20 B C:\laragon\www\WEBSIOT\scss\bootstrap\_functions.scss --> ecommerce.nivor.my.id /var/www/smartcity.sija/scss/bootstrap _functions.scss
2024.04.18 07:20 B C:\laragon\www\WEBSIOT\scss\bootstrap\_grid.scss --> ecommerce.nivor.my.id /var/www/smartcity.sija/scss/bootstrap _grid.scss
2024.04.18 07:20 B C:\laragon\www\WEBSIOT\scss\bootstrap\_images.scss --> ecommerce.nivor.my.id /var/www/smartcity.sija/scss/bootstrap _images.scss
2024.04.18 07:20 B C:\laragon\www\WEBSIOT\scss\bootstrap\_input-group.scss --> ecommerce.nivor.my.id /var/www/smartcity.sija/scss/bootstrap _input-group.scss
2024.04.18 07:20 B C:\laragon\www\WEBSIOT\scss\bootstrap\_jumbotron.scss --> ecommerce.nivor.my.id /var/www/smartcity.sija/scss/bootstrap _jumbotron.scss
2024.04.18 07:20 B C:\laragon\www\WEBSIOT\scss\bootstrap\_list-group.scss --> ecommerce.nivor.my.id /var/www/smartcity.sija/scss/bootstrap _list-group.scss
2024.04.18 07:20 B C:\laragon\www\WEBSIOT\scss\bootstrap\_media.scss --> ecommerce.nivor.my.id /var/www/smartcity.sija/scss/bootstrap _media.scss
2024.04.18 07:20 B C:\laragon\www\WEBSIOT\scss\bootstrap\_mixins.scss --> ecommerce.nivor.my.id /var/www/smartcity.sija/scss/bootstrap _mixins.scss
2024.04.18 07:20 B C:\laragon\www\WEBSIOT\scss\bootstrap\_modal.scss --> ecommerce.nivor.my.id /var/www/smartcity.sija/scss/bootstrap _modal.scss
2024.04.18 07:20 B C:\laragon\www\WEBSIOT\scss\bootstrap\_nav.scss --> ecommerce.nivor.my.id /var/www/smartcity.sija/scss/bootstrap _nav.scss
2024.04.18 07:20 B C:\laragon\www\WEBSIOT\scss\bootstrap\_navbar.scss --> ecommerce.nivor.my.id /var/www/smartcity.sija/scss/bootstrap _navbar.scss
2024.04.18 07:20 B C:\laragon\www\WEBSIOT\scss\bootstrap\_pagination.scss --> ecommerce.nivor.my.id /var/www/smartcity.sija/scss/bootstrap _pagination.scss
2024.04.18 07:20 B C:\laragon\www\WEBSIOT\scss\bootstrap\_popover.scss --> ecommerce.nivor.my.id /var/www/smartcity.sija/scss/bootstrap _popover.scss
2024.04.18 07:20 B C:\laragon\www\WEBSIOT\scss\bootstrap\_print.scss --> ecommerce.nivor.my.id /var/www/smartcity.sija/scss/bootstrap _print.scss
2024.04.18 07:20 B C:\laragon\www\WEBSIOT\scss\bootstrap\_progress.scss --> ecommerce.nivor.my.id /var/www/smartcity.sija/scss/bootstrap _progress.scss
2024.04.18 07:20 B C:\laragon\www\WEBSIOT\scss\bootstrap\_reboot.scss --> ecommerce.nivor.my.id /var/www/smartcity.sija/scss/bootstrap _reboot.scss
2024.04.18 07:20 B C:\laragon\www\WEBSIOT\scss\bootstrap\_root.scss --> ecommerce.nivor.my.id /var/www/smartcity.sija/scss/bootstrap _root.scss
2024.04.18 07:20 B C:\laragon\www\WEBSIOT\scss\bootstrap\_tables.scss --> ecommerce.nivor.my.id /var/www/smartcity.sija/scss/bootstrap _tables.scss
2024.04.18 07:20 B C:\laragon\www\WEBSIOT\scss\bootstrap\_tooltip.scss --> ecommerce.nivor.my.id /var/www/smartcity.sija/scss/bootstrap _tooltip.scss
2024.04.18 07:20 B C:\laragon\www\WEBSIOT\scss\bootstrap\_transitions.scss --> ecommerce.nivor.my.id /var/www/smartcity.sija/scss/bootstrap _transitions.scss
2024.04.18 07:20 B C:\laragon\www\WEBSIOT\scss\bootstrap\_type.scss --> ecommerce.nivor.my.id /var/www/smartcity.sija/scss/bootstrap _type.scss
2024.04.18 07:20 B C:\laragon\www\WEBSIOT\scss\bootstrap\_utilities.scss --> ecommerce.nivor.my.id /var/www/smartcity.sija/scss/bootstrap _utilities.scss
2024.04.18 07:20 B C:\laragon\www\WEBSIOT\scss\bootstrap\_variables.scss --> ecommerce.nivor.my.id /var/www/smartcity.sija/scss/bootstrap _variables.scss
2024.04.18 07:20 B C:\laragon\www\WEBSIOT\scss\bootstrap\bootstrap-grid.scss --> ecommerce.nivor.my.id /var/www/smartcity.sija/scss/bootstrap bootstrap-grid.scss
2024.04.18 07:20 B C:\laragon\www\WEBSIOT\scss\bootstrap\bootstrap-reboot.scss --> ecommerce.nivor.my.id /var/www/smartcity.sija/scss/bootstrap bootstrap-reboot.scss
2024.04.18 07:20 B C:\laragon\www\WEBSIOT\scss\bootstrap\bootstrap.scss --> ecommerce.nivor.my.id /var/www/smartcity.sija/scss/bootstrap bootstrap.scss
2024.04.18 07:20 B C:\laragon\www\WEBSIOT\scss\bootstrap\WS_FTP.LOG --> ecommerce.nivor.my.id /var/www/smartcity.sija/scss/bootstrap WS_FTP.LOG
2024.04.18 10:11 B C:\laragon\www\WEBSIOT admin\scss\bootstrap\_alert.scss --> ecommerce.nivor.my.id /var/www/smartcity.sija/WEBSIOT_ADMIN/scss/bootstrap _alert.scss
2024.04.18 10:11 B C:\laragon\www\WEBSIOT admin\scss\bootstrap\_badge.scss --> ecommerce.nivor.my.id /var/www/smartcity.sija/WEBSIOT_ADMIN/scss/bootstrap _badge.scss
2024.04.18 10:11 B C:\laragon\www\WEBSIOT admin\scss\bootstrap\_breadcrumb.scss --> ecommerce.nivor.my.id /var/www/smartcity.sija/WEBSIOT_ADMIN/scss/bootstrap _breadcrumb.scss
2024.04.18 10:11 B C:\laragon\www\WEBSIOT admin\scss\bootstrap\_button-group.scss --> ecommerce.nivor.my.id /var/www/smartcity.sija/WEBSIOT_ADMIN/scss/bootstrap _button-group.scss
2024.04.18 10:11 B C:\laragon\www\WEBSIOT admin\scss\bootstrap\_buttons.scss --> ecommerce.nivor.my.id /var/www/smartcity.sija/WEBSIOT_ADMIN/scss/bootstrap _buttons.scss
2024.04.18 10:11 B C:\laragon\www\WEBSIOT admin\scss\bootstrap\_card.scss --> ecommerce.nivor.my.id /var/www/smartcity.sija/WEBSIOT_ADMIN/scss/bootstrap _card.scss
2024.04.18 10:11 B C:\laragon\www\WEBSIOT admin\scss\bootstrap\_carousel.scss --> ecommerce.nivor.my.id /var/www/smartcity.sija/WEBSIOT_ADMIN/scss/bootstrap _carousel.scss
2024.04.18 10:11 B C:\laragon\www\WEBSIOT admin\scss\bootstrap\_close.scss --> ecommerce.nivor.my.id /var/www/smartcity.sija/WEBSIOT_ADMIN/scss/bootstrap _close.scss
2024.04.18 10:11 B C:\laragon\www\WEBSIOT admin\scss\bootstrap\_code.scss --> ecommerce.nivor.my.id /var/www/smartcity.sija/WEBSIOT_ADMIN/scss/bootstrap _code.scss
2024.04.18 10:11 B C:\laragon\www\WEBSIOT admin\scss\bootstrap\_custom-forms.scss --> ecommerce.nivor.my.id /var/www/smartcity.sija/WEBSIOT_ADMIN/scss/bootstrap _custom-forms.scss
2024.04.18 10:11 B C:\laragon\www\WEBSIOT admin\scss\bootstrap\_dropdown.scss --> ecommerce.nivor.my.id /var/www/smartcity.sija/WEBSIOT_ADMIN/scss/bootstrap _dropdown.scss
2024.04.18 10:12 B C:\laragon\www\WEBSIOT admin\scss\bootstrap\_forms.scss --> ecommerce.nivor.my.id /var/www/smartcity.sija/WEBSIOT_ADMIN/scss/bootstrap _forms.scss
2024.04.18 10:12 B C:\laragon\www\WEBSIOT admin\scss\bootstrap\_functions.scss --> ecommerce.nivor.my.id /var/www/smartcity.sija/WEBSIOT_ADMIN/scss/bootstrap _functions.scss
2024.04.18 10:12 B C:\laragon\www\WEBSIOT admin\scss\bootstrap\_grid.scss --> ecommerce.nivor.my.id /var/www/smartcity.sija/WEBSIOT_ADMIN/scss/bootstrap _grid.scss
2024.04.18 10:12 B C:\laragon\www\WEBSIOT admin\scss\bootstrap\_images.scss --> ecommerce.nivor.my.id /var/www/smartcity.sija/WEBSIOT_ADMIN/scss/bootstrap _images.scss
2024.04.18 10:12 B C:\laragon\www\WEBSIOT admin\scss\bootstrap\_input-group.scss --> ecommerce.nivor.my.id /var/www/smartcity.sija/WEBSIOT_ADMIN/scss/bootstrap _input-group.scss
2024.04.18 10:12 B C:\laragon\www\WEBSIOT admin\scss\bootstrap\_jumbotron.scss --> ecommerce.nivor.my.id /var/www/smartcity.sija/WEBSIOT_ADMIN/scss/bootstrap _jumbotron.scss
2024.04.18 10:12 B C:\laragon\www\WEBSIOT admin\scss\bootstrap\_list-group.scss --> ecommerce.nivor.my.id /var/www/smartcity.sija/WEBSIOT_ADMIN/scss/bootstrap _list-group.scss
2024.04.18 10:12 B C:\laragon\www\WEBSIOT admin\scss\bootstrap\_media.scss --> ecommerce.nivor.my.id /var/www/smartcity.sija/WEBSIOT_ADMIN/scss/bootstrap _media.scss
2024.04.18 10:12 B C:\laragon\www\WEBSIOT admin\scss\bootstrap\_mixins.scss --> ecommerce.nivor.my.id /var/www/smartcity.sija/WEBSIOT_ADMIN/scss/bootstrap _mixins.scss
2024.04.18 10:12 B C:\laragon\www\WEBSIOT admin\scss\bootstrap\_modal.scss --> ecommerce.nivor.my.id /var/www/smartcity.sija/WEBSIOT_ADMIN/scss/bootstrap _modal.scss
2024.04.18 10:12 B C:\laragon\www\WEBSIOT admin\scss\bootstrap\_nav.scss --> ecommerce.nivor.my.id /var/www/smartcity.sija/WEBSIOT_ADMIN/scss/bootstrap _nav.scss
2024.04.18 10:12 B C:\laragon\www\WEBSIOT admin\scss\bootstrap\_navbar.scss --> ecommerce.nivor.my.id /var/www/smartcity.sija/WEBSIOT_ADMIN/scss/bootstrap _navbar.scss
2024.04.18 10:12 B C:\laragon\www\WEBSIOT admin\scss\bootstrap\_pagination.scss --> ecommerce.nivor.my.id /var/www/smartcity.sija/WEBSIOT_ADMIN/scss/bootstrap _pagination.scss
2024.04.18 10:12 B C:\laragon\www\WEBSIOT admin\scss\bootstrap\_popover.scss --> ecommerce.nivor.my.id /var/www/smartcity.sija/WEBSIOT_ADMIN/scss/bootstrap _popover.scss
2024.04.18 10:12 B C:\laragon\www\WEBSIOT admin\scss\bootstrap\_print.scss --> ecommerce.nivor.my.id /var/www/smartcity.sija/WEBSIOT_ADMIN/scss/bootstrap _print.scss
2024.04.18 10:12 B C:\laragon\www\WEBSIOT admin\scss\bootstrap\_progress.scss --> ecommerce.nivor.my.id /var/www/smartcity.sija/WEBSIOT_ADMIN/scss/bootstrap _progress.scss
2024.04.18 10:12 B C:\laragon\www\WEBSIOT admin\scss\bootstrap\_reboot.scss --> ecommerce.nivor.my.id /var/www/smartcity.sija/WEBSIOT_ADMIN/scss/bootstrap _reboot.scss
2024.04.18 10:12 B C:\laragon\www\WEBSIOT admin\scss\bootstrap\_root.scss --> ecommerce.nivor.my.id /var/www/smartcity.sija/WEBSIOT_ADMIN/scss/bootstrap _root.scss
2024.04.18 10:12 B C:\laragon\www\WEBSIOT admin\scss\bootstrap\_tables.scss --> ecommerce.nivor.my.id /var/www/smartcity.sija/WEBSIOT_ADMIN/scss/bootstrap _tables.scss
2024.04.18 10:12 B C:\laragon\www\WEBSIOT admin\scss\bootstrap\_tooltip.scss --> ecommerce.nivor.my.id /var/www/smartcity.sija/WEBSIOT_ADMIN/scss/bootstrap _tooltip.scss
2024.04.18 10:12 B C:\laragon\www\WEBSIOT admin\scss\bootstrap\_transitions.scss --> ecommerce.nivor.my.id /var/www/smartcity.sija/WEBSIOT_ADMIN/scss/bootstrap _transitions.scss
2024.04.18 10:12 B C:\laragon\www\WEBSIOT admin\scss\bootstrap\_type.scss --> ecommerce.nivor.my.id /var/www/smartcity.sija/WEBSIOT_ADMIN/scss/bootstrap _type.scss
2024.04.18 10:12 B C:\laragon\www\WEBSIOT admin\scss\bootstrap\_utilities.scss --> ecommerce.nivor.my.id /var/www/smartcity.sija/WEBSIOT_ADMIN/scss/bootstrap _utilities.scss
2024.04.18 10:12 B C:\laragon\www\WEBSIOT admin\scss\bootstrap\_variables.scss --> ecommerce.nivor.my.id /var/www/smartcity.sija/WEBSIOT_ADMIN/scss/bootstrap _variables.scss
2024.04.18 10:12 B C:\laragon\www\WEBSIOT admin\scss\bootstrap\bootstrap-grid.scss --> ecommerce.nivor.my.id /var/www/smartcity.sija/WEBSIOT_ADMIN/scss/bootstrap bootstrap-grid.scss
2024.04.18 10:12 B C:\laragon\www\WEBSIOT admin\scss\bootstrap\bootstrap-reboot.scss --> ecommerce.nivor.my.id /var/www/smartcity.sija/WEBSIOT_ADMIN/scss/bootstrap bootstrap-reboot.scss
2024.04.18 10:12 B C:\laragon\www\WEBSIOT admin\scss\bootstrap\bootstrap.scss --> ecommerce.nivor.my.id /var/www/smartcity.sija/WEBSIOT_ADMIN/scss/bootstrap bootstrap.scss
2024.05.17 13:13 B C:\laragon\www\WEBSIOT_ADMIN\scss\bootstrap\WS_FTP.LOG <-- Caevan /var/www/smartcity.sija/WEBSIOT_ADMIN/scss/bootstrap WS_FTP.LOG
