2024.03.27 13:46 B C:\PROJECT 2024\Project\fonts\open-iconic\open-iconic.eot --> ecommerce.nivor.my.id /var/www/smartcity.sija/Project/fonts/open-iconic open-iconic.eot
2024.03.27 13:46 B C:\PROJECT 2024\Project\fonts\open-iconic\open-iconic.otf --> ecommerce.nivor.my.id /var/www/smartcity.sija/Project/fonts/open-iconic open-iconic.otf
2024.03.27 13:46 B C:\PROJECT 2024\Project\fonts\open-iconic\open-iconic.svg --> ecommerce.nivor.my.id /var/www/smartcity.sija/Project/fonts/open-iconic open-iconic.svg
2024.03.27 13:46 B C:\PROJECT 2024\Project\fonts\open-iconic\open-iconic.ttf --> ecommerce.nivor.my.id /var/www/smartcity.sija/Project/fonts/open-iconic open-iconic.ttf
2024.03.27 13:46 B C:\PROJECT 2024\Project\fonts\open-iconic\open-iconic.woff --> ecommerce.nivor.my.id /var/www/smartcity.sija/Project/fonts/open-iconic open-iconic.woff
2024.03.27 16:41 B C:\Project\fonts\open-iconic\WS_FTP.LOG <-- Ipswitch /var/www/smartcity.sija/Project/fonts/open-iconic WS_FTP.LOG
2024.03.30 16:17 B C:\laragon\www\WEBSIOT\fonts\open-iconic\open-iconic.eot --> ecommerce.nivor.my.id /home/caevan/wordpress/WEBSIOT/fonts/open-iconic open-iconic.eot
2024.03.30 16:17 B C:\laragon\www\WEBSIOT\fonts\open-iconic\open-iconic.otf --> ecommerce.nivor.my.id /home/caevan/wordpress/WEBSIOT/fonts/open-iconic open-iconic.otf
2024.03.30 16:17 B C:\laragon\www\WEBSIOT\fonts\open-iconic\open-iconic.svg --> ecommerce.nivor.my.id /home/caevan/wordpress/WEBSIOT/fonts/open-iconic open-iconic.svg
2024.03.30 16:17 B C:\laragon\www\WEBSIOT\fonts\open-iconic\open-iconic.ttf --> ecommerce.nivor.my.id /home/caevan/wordpress/WEBSIOT/fonts/open-iconic open-iconic.ttf
2024.03.30 16:17 B C:\laragon\www\WEBSIOT\fonts\open-iconic\open-iconic.woff --> ecommerce.nivor.my.id /home/caevan/wordpress/WEBSIOT/fonts/open-iconic open-iconic.woff
2024.03.30 16:17 B C:\laragon\www\WEBSIOT\fonts\open-iconic\WS_FTP.LOG --> ecommerce.nivor.my.id /home/caevan/wordpress/WEBSIOT/fonts/open-iconic WS_FTP.LOG
2024.04.03 08:42 B C:\laragon\www\WEBSIOT\fonts\open-iconic\open-iconic.eot --> ecommerce.nivor.my.id /var/www/smartcity.sija/WEBSIOT/fonts/open-iconic open-iconic.eot
2024.04.03 08:42 B C:\laragon\www\WEBSIOT\fonts\open-iconic\open-iconic.otf --> ecommerce.nivor.my.id /var/www/smartcity.sija/WEBSIOT/fonts/open-iconic open-iconic.otf
2024.04.03 08:42 B C:\laragon\www\WEBSIOT\fonts\open-iconic\open-iconic.svg --> ecommerce.nivor.my.id /var/www/smartcity.sija/WEBSIOT/fonts/open-iconic open-iconic.svg
2024.04.03 08:42 B C:\laragon\www\WEBSIOT\fonts\open-iconic\open-iconic.ttf --> ecommerce.nivor.my.id /var/www/smartcity.sija/WEBSIOT/fonts/open-iconic open-iconic.ttf
2024.04.03 08:42 B C:\laragon\www\WEBSIOT\fonts\open-iconic\open-iconic.woff --> ecommerce.nivor.my.id /var/www/smartcity.sija/WEBSIOT/fonts/open-iconic open-iconic.woff
2024.04.03 08:42 B C:\laragon\www\WEBSIOT\fonts\open-iconic\WS_FTP.LOG --> ecommerce.nivor.my.id /var/www/smartcity.sija/WEBSIOT/fonts/open-iconic WS_FTP.LOG
2024.04.03 09:10 B C:\laragon\www\WEBSIOT\fonts\open-iconic\open-iconic.eot --> ecommerce.nivor.my.id /var/www/smartcity.sija/fonts/open-iconic open-iconic.eot
2024.04.03 09:10 B C:\laragon\www\WEBSIOT\fonts\open-iconic\open-iconic.otf --> ecommerce.nivor.my.id /var/www/smartcity.sija/fonts/open-iconic open-iconic.otf
2024.04.03 09:10 B C:\laragon\www\WEBSIOT\fonts\open-iconic\open-iconic.svg --> ecommerce.nivor.my.id /var/www/smartcity.sija/fonts/open-iconic open-iconic.svg
2024.04.03 09:10 B C:\laragon\www\WEBSIOT\fonts\open-iconic\open-iconic.ttf --> ecommerce.nivor.my.id /var/www/smartcity.sija/fonts/open-iconic open-iconic.ttf
2024.04.03 09:10 B C:\laragon\www\WEBSIOT\fonts\open-iconic\open-iconic.woff --> ecommerce.nivor.my.id /var/www/smartcity.sija/fonts/open-iconic open-iconic.woff
2024.04.03 09:10 B C:\laragon\www\WEBSIOT\fonts\open-iconic\WS_FTP.LOG --> ecommerce.nivor.my.id /var/www/smartcity.sija/fonts/open-iconic WS_FTP.LOG
2024.04.04 08:22 B C:\laragon\www\WEBSIOT\fonts\open-iconic\open-iconic.eot --> ecommerce.nivor.my.id /var/www/smartcity.sija/fonts/open-iconic open-iconic.eot
2024.04.04 08:22 B C:\laragon\www\WEBSIOT\fonts\open-iconic\open-iconic.otf --> ecommerce.nivor.my.id /var/www/smartcity.sija/fonts/open-iconic open-iconic.otf
2024.04.04 08:22 B C:\laragon\www\WEBSIOT\fonts\open-iconic\open-iconic.svg --> ecommerce.nivor.my.id /var/www/smartcity.sija/fonts/open-iconic open-iconic.svg
2024.04.04 08:22 B C:\laragon\www\WEBSIOT\fonts\open-iconic\open-iconic.ttf --> ecommerce.nivor.my.id /var/www/smartcity.sija/fonts/open-iconic open-iconic.ttf
2024.04.04 08:22 B C:\laragon\www\WEBSIOT\fonts\open-iconic\open-iconic.woff --> ecommerce.nivor.my.id /var/www/smartcity.sija/fonts/open-iconic open-iconic.woff
2024.04.04 08:22 B C:\laragon\www\WEBSIOT\fonts\open-iconic\WS_FTP.LOG --> ecommerce.nivor.my.id /var/www/smartcity.sija/fonts/open-iconic WS_FTP.LOG
2024.04.04 11:56 B C:\laragon\www\WEBSIOT\fonts\open-iconic\open-iconic.eot --> ecommerce.nivor.my.id /var/www/smartcity.sija/WEBSIOT/fonts/open-iconic open-iconic.eot
2024.04.04 11:56 B C:\laragon\www\WEBSIOT\fonts\open-iconic\open-iconic.otf --> ecommerce.nivor.my.id /var/www/smartcity.sija/WEBSIOT/fonts/open-iconic open-iconic.otf
2024.04.04 11:56 B C:\laragon\www\WEBSIOT\fonts\open-iconic\open-iconic.svg --> ecommerce.nivor.my.id /var/www/smartcity.sija/WEBSIOT/fonts/open-iconic open-iconic.svg
2024.04.04 11:56 B C:\laragon\www\WEBSIOT\fonts\open-iconic\open-iconic.ttf --> ecommerce.nivor.my.id /var/www/smartcity.sija/WEBSIOT/fonts/open-iconic open-iconic.ttf
2024.04.04 11:56 B C:\laragon\www\WEBSIOT\fonts\open-iconic\open-iconic.woff --> ecommerce.nivor.my.id /var/www/smartcity.sija/WEBSIOT/fonts/open-iconic open-iconic.woff
2024.04.04 11:56 B C:\laragon\www\WEBSIOT\fonts\open-iconic\WS_FTP.LOG --> ecommerce.nivor.my.id /var/www/smartcity.sija/WEBSIOT/fonts/open-iconic WS_FTP.LOG
2024.04.05 09:18 B C:\laragon\www\WEBSIOT\fonts\open-iconic\open-iconic.eot --> ecommerce.nivor.my.id /var/www/smartcity.sija/WEBSIOT/fonts/open-iconic open-iconic.eot
2024.04.05 09:18 B C:\laragon\www\WEBSIOT\fonts\open-iconic\open-iconic.otf --> ecommerce.nivor.my.id /var/www/smartcity.sija/WEBSIOT/fonts/open-iconic open-iconic.otf
2024.04.05 09:18 B C:\laragon\www\WEBSIOT\fonts\open-iconic\open-iconic.svg --> ecommerce.nivor.my.id /var/www/smartcity.sija/WEBSIOT/fonts/open-iconic open-iconic.svg
2024.04.05 09:18 B C:\laragon\www\WEBSIOT\fonts\open-iconic\open-iconic.ttf --> ecommerce.nivor.my.id /var/www/smartcity.sija/WEBSIOT/fonts/open-iconic open-iconic.ttf
2024.04.05 09:18 B C:\laragon\www\WEBSIOT\fonts\open-iconic\open-iconic.woff --> ecommerce.nivor.my.id /var/www/smartcity.sija/WEBSIOT/fonts/open-iconic open-iconic.woff
2024.04.05 09:18 B C:\laragon\www\WEBSIOT\fonts\open-iconic\WS_FTP.LOG --> ecommerce.nivor.my.id /var/www/smartcity.sija/WEBSIOT/fonts/open-iconic WS_FTP.LOG
2024.04.05 09:27 B C:\laragon\www\WEBSIOT\fonts\open-iconic\open-iconic.eot --> ecommerce.nivor.my.id /var/www/smartcity.sija/fonts/open-iconic open-iconic.eot
2024.04.05 09:27 B C:\laragon\www\WEBSIOT\fonts\open-iconic\open-iconic.otf --> ecommerce.nivor.my.id /var/www/smartcity.sija/fonts/open-iconic open-iconic.otf
2024.04.05 09:27 B C:\laragon\www\WEBSIOT\fonts\open-iconic\open-iconic.svg --> ecommerce.nivor.my.id /var/www/smartcity.sija/fonts/open-iconic open-iconic.svg
2024.04.05 09:27 B C:\laragon\www\WEBSIOT\fonts\open-iconic\open-iconic.ttf --> ecommerce.nivor.my.id /var/www/smartcity.sija/fonts/open-iconic open-iconic.ttf
2024.04.05 09:27 B C:\laragon\www\WEBSIOT\fonts\open-iconic\open-iconic.woff --> ecommerce.nivor.my.id /var/www/smartcity.sija/fonts/open-iconic open-iconic.woff
2024.04.05 09:27 B C:\laragon\www\WEBSIOT\fonts\open-iconic\WS_FTP.LOG --> ecommerce.nivor.my.id /var/www/smartcity.sija/fonts/open-iconic WS_FTP.LOG
2024.04.07 17:12 B C:\laragon\www\WEBSIOT\fonts\open-iconic\open-iconic.eot --> ecommerce.nivor.my.id /var/www/smartcity.sija/fonts/open-iconic open-iconic.eot
2024.04.07 17:12 B C:\laragon\www\WEBSIOT\fonts\open-iconic\open-iconic.otf --> ecommerce.nivor.my.id /var/www/smartcity.sija/fonts/open-iconic open-iconic.otf
2024.04.07 17:12 B C:\laragon\www\WEBSIOT\fonts\open-iconic\open-iconic.svg --> ecommerce.nivor.my.id /var/www/smartcity.sija/fonts/open-iconic open-iconic.svg
2024.04.07 17:12 B C:\laragon\www\WEBSIOT\fonts\open-iconic\open-iconic.ttf --> ecommerce.nivor.my.id /var/www/smartcity.sija/fonts/open-iconic open-iconic.ttf
2024.04.07 17:12 B C:\laragon\www\WEBSIOT\fonts\open-iconic\open-iconic.woff --> ecommerce.nivor.my.id /var/www/smartcity.sija/fonts/open-iconic open-iconic.woff
2024.04.07 17:12 B C:\laragon\www\WEBSIOT\fonts\open-iconic\WS_FTP.LOG --> ecommerce.nivor.my.id /var/www/smartcity.sija/fonts/open-iconic WS_FTP.LOG
2024.04.18 07:17 B C:\laragon\www\WEBSIOT\fonts\open-iconic\open-iconic.eot --> ecommerce.nivor.my.id /var/www/smartcity.sija/fonts/open-iconic open-iconic.eot
2024.04.18 07:17 B C:\laragon\www\WEBSIOT\fonts\open-iconic\open-iconic.otf --> ecommerce.nivor.my.id /var/www/smartcity.sija/fonts/open-iconic open-iconic.otf
2024.04.18 07:17 B C:\laragon\www\WEBSIOT\fonts\open-iconic\open-iconic.svg --> ecommerce.nivor.my.id /var/www/smartcity.sija/fonts/open-iconic open-iconic.svg
2024.04.18 07:17 B C:\laragon\www\WEBSIOT\fonts\open-iconic\open-iconic.ttf --> ecommerce.nivor.my.id /var/www/smartcity.sija/fonts/open-iconic open-iconic.ttf
2024.04.18 07:17 B C:\laragon\www\WEBSIOT\fonts\open-iconic\open-iconic.woff --> ecommerce.nivor.my.id /var/www/smartcity.sija/fonts/open-iconic open-iconic.woff
2024.04.18 07:17 B C:\laragon\www\WEBSIOT\fonts\open-iconic\WS_FTP.LOG --> ecommerce.nivor.my.id /var/www/smartcity.sija/fonts/open-iconic WS_FTP.LOG
2024.04.18 10:10 B C:\laragon\www\WEBSIOT admin\fonts\open-iconic\open-iconic.eot --> ecommerce.nivor.my.id /var/www/smartcity.sija/WEBSIOT_ADMIN/fonts/open-iconic open-iconic.eot
2024.04.18 10:10 B C:\laragon\www\WEBSIOT admin\fonts\open-iconic\open-iconic.otf --> ecommerce.nivor.my.id /var/www/smartcity.sija/WEBSIOT_ADMIN/fonts/open-iconic open-iconic.otf
2024.04.18 10:10 B C:\laragon\www\WEBSIOT admin\fonts\open-iconic\open-iconic.svg --> ecommerce.nivor.my.id /var/www/smartcity.sija/WEBSIOT_ADMIN/fonts/open-iconic open-iconic.svg
2024.04.18 10:10 B C:\laragon\www\WEBSIOT admin\fonts\open-iconic\open-iconic.ttf --> ecommerce.nivor.my.id /var/www/smartcity.sija/WEBSIOT_ADMIN/fonts/open-iconic open-iconic.ttf
2024.04.18 10:10 B C:\laragon\www\WEBSIOT admin\fonts\open-iconic\open-iconic.woff --> ecommerce.nivor.my.id /var/www/smartcity.sija/WEBSIOT_ADMIN/fonts/open-iconic open-iconic.woff
2024.05.17 13:12 B C:\laragon\www\WEBSIOT_ADMIN\fonts\open-iconic\WS_FTP.LOG <-- Caevan /var/www/smartcity.sija/WEBSIOT_ADMIN/fonts/open-iconic WS_FTP.LOG
